ARM GAS  C:\Users\23671\AppData\Local\Temp\ccwbE4Eq.s 			page 1


   1              		.cpu cortex-m7
   2              		.arch armv7e-m
   3              		.fpu fpv5-d16
   4              		.eabi_attribute 28, 1
   5              		.eabi_attribute 20, 1
   6              		.eabi_attribute 21, 1
   7              		.eabi_attribute 23, 3
   8              		.eabi_attribute 24, 1
   9              		.eabi_attribute 25, 1
  10              		.eabi_attribute 26, 1
  11              		.eabi_attribute 30, 6
  12              		.eabi_attribute 34, 1
  13              		.eabi_attribute 18, 4
  14              		.file	"AHRS_middleware.c"
  15              		.text
  16              	.Ltext0:
  17              		.cfi_sections	.debug_frame
  18              		.file 1 "Algorithm/AHRS_middleware.c"
  19              		.section	.text.AHRS_get_height,"ax",%progbits
  20              		.align	1
  21              		.global	AHRS_get_height
  22              		.syntax unified
  23              		.thumb
  24              		.thumb_func
  26              	AHRS_get_height:
  27              	.LFB144:
   1:Algorithm/AHRS_middleware.c **** /**
   2:Algorithm/AHRS_middleware.c ****   ****************************(C) COPYRIGHT 2019 DJI****************************
   3:Algorithm/AHRS_middleware.c ****   * @file       AHRS_MiddleWare.c/h
   4:Algorithm/AHRS_middleware.c ****   * @brief      姿态解算中间层，为姿态解算提供相关函数
   5:Algorithm/AHRS_middleware.c ****   * @note
   6:Algorithm/AHRS_middleware.c ****   * @history
   7:Algorithm/AHRS_middleware.c ****   *  Version    Date            Author          Modification
   8:Algorithm/AHRS_middleware.c ****   *  V1.0.0     Dec-26-2018     RM              1. 完成
   9:Algorithm/AHRS_middleware.c ****   *
  10:Algorithm/AHRS_middleware.c ****   @verbatim
  11:Algorithm/AHRS_middleware.c ****   ==============================================================================
  12:Algorithm/AHRS_middleware.c **** 
  13:Algorithm/AHRS_middleware.c ****   ==============================================================================
  14:Algorithm/AHRS_middleware.c ****   @endverbatim
  15:Algorithm/AHRS_middleware.c ****   ****************************(C) COPYRIGHT 2019 DJI****************************
  16:Algorithm/AHRS_middleware.c ****   */
  17:Algorithm/AHRS_middleware.c **** 
  18:Algorithm/AHRS_middleware.c ****   
  19:Algorithm/AHRS_middleware.c **** #include "AHRS.h"
  20:Algorithm/AHRS_middleware.c **** 
  21:Algorithm/AHRS_middleware.c **** #include "math.h"
  22:Algorithm/AHRS_middleware.c **** #include "main.h"
  23:Algorithm/AHRS_middleware.c **** /**
  24:Algorithm/AHRS_middleware.c ****  * @brief          用于获取当前高度
  25:Algorithm/AHRS_middleware.c ****  * @author         RM
  26:Algorithm/AHRS_middleware.c ****  * @param[in]      高度的指针，fp32
  27:Algorithm/AHRS_middleware.c ****  * @retval         返回空
  28:Algorithm/AHRS_middleware.c ****  */
  29:Algorithm/AHRS_middleware.c **** 
  30:Algorithm/AHRS_middleware.c **** void AHRS_get_height(fp32* high)
  31:Algorithm/AHRS_middleware.c **** {
ARM GAS  C:\Users\23671\AppData\Local\Temp\ccwbE4Eq.s 			page 2


  28              		.loc 1 31 1
  29              		.cfi_startproc
  30              		@ args = 0, pretend = 0, frame = 8
  31              		@ frame_needed = 1, uses_anonymous_args = 0
  32              		@ link register save eliminated.
  33 0000 80B4     		push	{r7}
  34              	.LCFI0:
  35              		.cfi_def_cfa_offset 4
  36              		.cfi_offset 7, -4
  37 0002 83B0     		sub	sp, sp, #12
  38              	.LCFI1:
  39              		.cfi_def_cfa_offset 16
  40 0004 00AF     		add	r7, sp, #0
  41              	.LCFI2:
  42              		.cfi_def_cfa_register 7
  43 0006 7860     		str	r0, [r7, #4]
  32:Algorithm/AHRS_middleware.c ****     if (high != NULL)
  44              		.loc 1 32 8
  45 0008 7B68     		ldr	r3, [r7, #4]
  46 000a 002B     		cmp	r3, #0
  47 000c 03D0     		beq	.L3
  33:Algorithm/AHRS_middleware.c ****     {
  34:Algorithm/AHRS_middleware.c ****         *high = 0.0f;
  48              		.loc 1 34 15
  49 000e 7B68     		ldr	r3, [r7, #4]
  50 0010 4FF00002 		mov	r2, #0
  51 0014 1A60     		str	r2, [r3]	@ float
  52              	.L3:
  35:Algorithm/AHRS_middleware.c ****     }
  36:Algorithm/AHRS_middleware.c **** }
  53              		.loc 1 36 1
  54 0016 00BF     		nop
  55 0018 0C37     		adds	r7, r7, #12
  56              	.LCFI3:
  57              		.cfi_def_cfa_offset 4
  58 001a BD46     		mov	sp, r7
  59              	.LCFI4:
  60              		.cfi_def_cfa_register 13
  61              		@ sp needed
  62 001c 5DF8047B 		ldr	r7, [sp], #4
  63              	.LCFI5:
  64              		.cfi_restore 7
  65              		.cfi_def_cfa_offset 0
  66 0020 7047     		bx	lr
  67              		.cfi_endproc
  68              	.LFE144:
  70              		.section	.text.AHRS_get_latitude,"ax",%progbits
  71              		.align	1
  72              		.global	AHRS_get_latitude
  73              		.syntax unified
  74              		.thumb
  75              		.thumb_func
  77              	AHRS_get_latitude:
  78              	.LFB145:
  37:Algorithm/AHRS_middleware.c **** 
  38:Algorithm/AHRS_middleware.c **** /**
  39:Algorithm/AHRS_middleware.c ****  * @brief          用于获取当前纬度
ARM GAS  C:\Users\23671\AppData\Local\Temp\ccwbE4Eq.s 			page 3


  40:Algorithm/AHRS_middleware.c ****  * @author         RM
  41:Algorithm/AHRS_middleware.c ****  * @param[in]      纬度的指针，fp32
  42:Algorithm/AHRS_middleware.c ****  * @retval         返回空
  43:Algorithm/AHRS_middleware.c ****  */
  44:Algorithm/AHRS_middleware.c **** 
  45:Algorithm/AHRS_middleware.c **** void AHRS_get_latitude(fp32* latitude)
  46:Algorithm/AHRS_middleware.c **** {
  79              		.loc 1 46 1
  80              		.cfi_startproc
  81              		@ args = 0, pretend = 0, frame = 8
  82              		@ frame_needed = 1, uses_anonymous_args = 0
  83              		@ link register save eliminated.
  84 0000 80B4     		push	{r7}
  85              	.LCFI6:
  86              		.cfi_def_cfa_offset 4
  87              		.cfi_offset 7, -4
  88 0002 83B0     		sub	sp, sp, #12
  89              	.LCFI7:
  90              		.cfi_def_cfa_offset 16
  91 0004 00AF     		add	r7, sp, #0
  92              	.LCFI8:
  93              		.cfi_def_cfa_register 7
  94 0006 7860     		str	r0, [r7, #4]
  47:Algorithm/AHRS_middleware.c ****     if (latitude != NULL)
  95              		.loc 1 47 8
  96 0008 7B68     		ldr	r3, [r7, #4]
  97 000a 002B     		cmp	r3, #0
  98 000c 02D0     		beq	.L6
  48:Algorithm/AHRS_middleware.c ****     {
  49:Algorithm/AHRS_middleware.c ****         *latitude = 22.0f;
  99              		.loc 1 49 19
 100 000e 7B68     		ldr	r3, [r7, #4]
 101 0010 034A     		ldr	r2, .L7
 102 0012 1A60     		str	r2, [r3]	@ float
 103              	.L6:
  50:Algorithm/AHRS_middleware.c ****     }
  51:Algorithm/AHRS_middleware.c **** }
 104              		.loc 1 51 1
 105 0014 00BF     		nop
 106 0016 0C37     		adds	r7, r7, #12
 107              	.LCFI9:
 108              		.cfi_def_cfa_offset 4
 109 0018 BD46     		mov	sp, r7
 110              	.LCFI10:
 111              		.cfi_def_cfa_register 13
 112              		@ sp needed
 113 001a 5DF8047B 		ldr	r7, [sp], #4
 114              	.LCFI11:
 115              		.cfi_restore 7
 116              		.cfi_def_cfa_offset 0
 117 001e 7047     		bx	lr
 118              	.L8:
 119              		.align	2
 120              	.L7:
 121 0020 0000B041 		.word	1102053376
 122              		.cfi_endproc
 123              	.LFE145:
ARM GAS  C:\Users\23671\AppData\Local\Temp\ccwbE4Eq.s 			page 4


 125              		.section	.text.AHRS_invSqrt,"ax",%progbits
 126              		.align	1
 127              		.global	AHRS_invSqrt
 128              		.syntax unified
 129              		.thumb
 130              		.thumb_func
 132              	AHRS_invSqrt:
 133              	.LFB146:
  52:Algorithm/AHRS_middleware.c **** 
  53:Algorithm/AHRS_middleware.c **** /**
  54:Algorithm/AHRS_middleware.c ****  * @brief          快速开方函数，
  55:Algorithm/AHRS_middleware.c ****  * @author         RM
  56:Algorithm/AHRS_middleware.c ****  * @param[in]      输入需要开方的浮点数，fp32
  57:Algorithm/AHRS_middleware.c ****  * @retval         返回1/sqrt 开方后的倒数
  58:Algorithm/AHRS_middleware.c ****  */
  59:Algorithm/AHRS_middleware.c **** 
  60:Algorithm/AHRS_middleware.c **** fp32 AHRS_invSqrt(fp32 num)
  61:Algorithm/AHRS_middleware.c **** {
 134              		.loc 1 61 1
 135              		.cfi_startproc
 136              		@ args = 0, pretend = 0, frame = 8
 137              		@ frame_needed = 1, uses_anonymous_args = 0
 138 0000 80B5     		push	{r7, lr}
 139              	.LCFI12:
 140              		.cfi_def_cfa_offset 8
 141              		.cfi_offset 7, -8
 142              		.cfi_offset 14, -4
 143 0002 82B0     		sub	sp, sp, #8
 144              	.LCFI13:
 145              		.cfi_def_cfa_offset 16
 146 0004 00AF     		add	r7, sp, #0
 147              	.LCFI14:
 148              		.cfi_def_cfa_register 7
 149 0006 87ED010A 		vstr.32	s0, [r7, #4]
  62:Algorithm/AHRS_middleware.c ****     return 1/sqrtf(num);
 150              		.loc 1 62 14
 151 000a 97ED010A 		vldr.32	s0, [r7, #4]
 152 000e FFF7FEFF 		bl	sqrtf
 153 0012 F0EE407A 		vmov.f32	s15, s0
 154              		.loc 1 62 13 discriminator 1
 155 0016 B7EE007A 		vmov.f32	s14, #1.0e+0
 156 001a C7EE276A 		vdiv.f32	s13, s14, s15
 157 001e F0EE667A 		vmov.f32	s15, s13
  63:Algorithm/AHRS_middleware.c **** 
  64:Algorithm/AHRS_middleware.c **** //    fp32 halfnum = 0.5f * num;
  65:Algorithm/AHRS_middleware.c **** //    fp32 y = num;
  66:Algorithm/AHRS_middleware.c **** //    long i = *(long*)&y;
  67:Algorithm/AHRS_middleware.c **** //    i = 0x5f3759df - (i >> 1);
  68:Algorithm/AHRS_middleware.c **** //    y = *(fp32*)&i;
  69:Algorithm/AHRS_middleware.c **** //    y = y * (1.5f - (halfnum * y * y));
  70:Algorithm/AHRS_middleware.c **** //    y = y * (1.5f - (halfnum * y * y));
  71:Algorithm/AHRS_middleware.c **** //    return y;
  72:Algorithm/AHRS_middleware.c **** }
 158              		.loc 1 72 1
 159 0022 B0EE670A 		vmov.f32	s0, s15
 160 0026 0837     		adds	r7, r7, #8
 161              	.LCFI15:
ARM GAS  C:\Users\23671\AppData\Local\Temp\ccwbE4Eq.s 			page 5


 162              		.cfi_def_cfa_offset 8
 163 0028 BD46     		mov	sp, r7
 164              	.LCFI16:
 165              		.cfi_def_cfa_register 13
 166              		@ sp needed
 167 002a 80BD     		pop	{r7, pc}
 168              		.cfi_endproc
 169              	.LFE146:
 171              		.section	.text.AHRS_sinf,"ax",%progbits
 172              		.align	1
 173              		.global	AHRS_sinf
 174              		.syntax unified
 175              		.thumb
 176              		.thumb_func
 178              	AHRS_sinf:
 179              	.LFB147:
  73:Algorithm/AHRS_middleware.c **** 
  74:Algorithm/AHRS_middleware.c **** /**
  75:Algorithm/AHRS_middleware.c ****  * @brief          sin函数
  76:Algorithm/AHRS_middleware.c ****  * @author         RM
  77:Algorithm/AHRS_middleware.c ****  * @param[in]      角度 单位 rad
  78:Algorithm/AHRS_middleware.c ****  * @retval         返回对应角度的sin值
  79:Algorithm/AHRS_middleware.c ****  */
  80:Algorithm/AHRS_middleware.c **** 
  81:Algorithm/AHRS_middleware.c **** fp32 AHRS_sinf(fp32 angle)
  82:Algorithm/AHRS_middleware.c **** {
 180              		.loc 1 82 1
 181              		.cfi_startproc
 182              		@ args = 0, pretend = 0, frame = 8
 183              		@ frame_needed = 1, uses_anonymous_args = 0
 184 0000 80B5     		push	{r7, lr}
 185              	.LCFI17:
 186              		.cfi_def_cfa_offset 8
 187              		.cfi_offset 7, -8
 188              		.cfi_offset 14, -4
 189 0002 82B0     		sub	sp, sp, #8
 190              	.LCFI18:
 191              		.cfi_def_cfa_offset 16
 192 0004 00AF     		add	r7, sp, #0
 193              	.LCFI19:
 194              		.cfi_def_cfa_register 7
 195 0006 87ED010A 		vstr.32	s0, [r7, #4]
  83:Algorithm/AHRS_middleware.c ****     return sin(angle);
 196              		.loc 1 83 12
 197 000a D7ED017A 		vldr.32	s15, [r7, #4]
 198 000e B7EEE77A 		vcvt.f64.f32	d7, s15
 199 0012 B0EE470B 		vmov.f64	d0, d7
 200 0016 FFF7FEFF 		bl	sin
 201 001a B0EE407B 		vmov.f64	d7, d0
 202              		.loc 1 83 12 is_stmt 0 discriminator 1
 203 001e F7EEC77B 		vcvt.f32.f64	s15, d7
  84:Algorithm/AHRS_middleware.c **** }
 204              		.loc 1 84 1 is_stmt 1
 205 0022 B0EE670A 		vmov.f32	s0, s15
 206 0026 0837     		adds	r7, r7, #8
 207              	.LCFI20:
 208              		.cfi_def_cfa_offset 8
ARM GAS  C:\Users\23671\AppData\Local\Temp\ccwbE4Eq.s 			page 6


 209 0028 BD46     		mov	sp, r7
 210              	.LCFI21:
 211              		.cfi_def_cfa_register 13
 212              		@ sp needed
 213 002a 80BD     		pop	{r7, pc}
 214              		.cfi_endproc
 215              	.LFE147:
 217              		.section	.text.AHRS_cosf,"ax",%progbits
 218              		.align	1
 219              		.global	AHRS_cosf
 220              		.syntax unified
 221              		.thumb
 222              		.thumb_func
 224              	AHRS_cosf:
 225              	.LFB148:
  85:Algorithm/AHRS_middleware.c **** /**
  86:Algorithm/AHRS_middleware.c ****  * @brief          cos函数
  87:Algorithm/AHRS_middleware.c ****  * @author         RM
  88:Algorithm/AHRS_middleware.c ****  * @param[in]      角度 单位 rad
  89:Algorithm/AHRS_middleware.c ****  * @retval         返回对应角度的cos值
  90:Algorithm/AHRS_middleware.c ****  */
  91:Algorithm/AHRS_middleware.c **** 
  92:Algorithm/AHRS_middleware.c **** fp32 AHRS_cosf(fp32 angle)
  93:Algorithm/AHRS_middleware.c **** {
 226              		.loc 1 93 1
 227              		.cfi_startproc
 228              		@ args = 0, pretend = 0, frame = 8
 229              		@ frame_needed = 1, uses_anonymous_args = 0
 230 0000 80B5     		push	{r7, lr}
 231              	.LCFI22:
 232              		.cfi_def_cfa_offset 8
 233              		.cfi_offset 7, -8
 234              		.cfi_offset 14, -4
 235 0002 82B0     		sub	sp, sp, #8
 236              	.LCFI23:
 237              		.cfi_def_cfa_offset 16
 238 0004 00AF     		add	r7, sp, #0
 239              	.LCFI24:
 240              		.cfi_def_cfa_register 7
 241 0006 87ED010A 		vstr.32	s0, [r7, #4]
  94:Algorithm/AHRS_middleware.c ****     return cos(angle);
 242              		.loc 1 94 12
 243 000a D7ED017A 		vldr.32	s15, [r7, #4]
 244 000e B7EEE77A 		vcvt.f64.f32	d7, s15
 245 0012 B0EE470B 		vmov.f64	d0, d7
 246 0016 FFF7FEFF 		bl	cos
 247 001a B0EE407B 		vmov.f64	d7, d0
 248              		.loc 1 94 12 is_stmt 0 discriminator 1
 249 001e F7EEC77B 		vcvt.f32.f64	s15, d7
  95:Algorithm/AHRS_middleware.c **** }
 250              		.loc 1 95 1 is_stmt 1
 251 0022 B0EE670A 		vmov.f32	s0, s15
 252 0026 0837     		adds	r7, r7, #8
 253              	.LCFI25:
 254              		.cfi_def_cfa_offset 8
 255 0028 BD46     		mov	sp, r7
 256              	.LCFI26:
ARM GAS  C:\Users\23671\AppData\Local\Temp\ccwbE4Eq.s 			page 7


 257              		.cfi_def_cfa_register 13
 258              		@ sp needed
 259 002a 80BD     		pop	{r7, pc}
 260              		.cfi_endproc
 261              	.LFE148:
 263              		.section	.text.AHRS_tanf,"ax",%progbits
 264              		.align	1
 265              		.global	AHRS_tanf
 266              		.syntax unified
 267              		.thumb
 268              		.thumb_func
 270              	AHRS_tanf:
 271              	.LFB149:
  96:Algorithm/AHRS_middleware.c **** 
  97:Algorithm/AHRS_middleware.c **** /**
  98:Algorithm/AHRS_middleware.c ****  * @brief          tan函数
  99:Algorithm/AHRS_middleware.c ****  * @author         RM
 100:Algorithm/AHRS_middleware.c ****  * @param[in]      角度 单位 rad
 101:Algorithm/AHRS_middleware.c ****  * @retval         返回对应角度的tan值
 102:Algorithm/AHRS_middleware.c ****  */
 103:Algorithm/AHRS_middleware.c **** 
 104:Algorithm/AHRS_middleware.c **** fp32 AHRS_tanf(fp32 angle)
 105:Algorithm/AHRS_middleware.c **** {
 272              		.loc 1 105 1
 273              		.cfi_startproc
 274              		@ args = 0, pretend = 0, frame = 8
 275              		@ frame_needed = 1, uses_anonymous_args = 0
 276 0000 80B5     		push	{r7, lr}
 277              	.LCFI27:
 278              		.cfi_def_cfa_offset 8
 279              		.cfi_offset 7, -8
 280              		.cfi_offset 14, -4
 281 0002 82B0     		sub	sp, sp, #8
 282              	.LCFI28:
 283              		.cfi_def_cfa_offset 16
 284 0004 00AF     		add	r7, sp, #0
 285              	.LCFI29:
 286              		.cfi_def_cfa_register 7
 287 0006 87ED010A 		vstr.32	s0, [r7, #4]
 106:Algorithm/AHRS_middleware.c ****     return tanf(angle);
 288              		.loc 1 106 12
 289 000a 97ED010A 		vldr.32	s0, [r7, #4]
 290 000e FFF7FEFF 		bl	tanf
 291 0012 F0EE407A 		vmov.f32	s15, s0
 107:Algorithm/AHRS_middleware.c **** }
 292              		.loc 1 107 1
 293 0016 B0EE670A 		vmov.f32	s0, s15
 294 001a 0837     		adds	r7, r7, #8
 295              	.LCFI30:
 296              		.cfi_def_cfa_offset 8
 297 001c BD46     		mov	sp, r7
 298              	.LCFI31:
 299              		.cfi_def_cfa_register 13
 300              		@ sp needed
 301 001e 80BD     		pop	{r7, pc}
 302              		.cfi_endproc
 303              	.LFE149:
ARM GAS  C:\Users\23671\AppData\Local\Temp\ccwbE4Eq.s 			page 8


 305              		.section	.text.AHRS_asinf,"ax",%progbits
 306              		.align	1
 307              		.global	AHRS_asinf
 308              		.syntax unified
 309              		.thumb
 310              		.thumb_func
 312              	AHRS_asinf:
 313              	.LFB150:
 108:Algorithm/AHRS_middleware.c **** /**
 109:Algorithm/AHRS_middleware.c ****  * @brief          用于32位浮点数的反三角函数 asin函数
 110:Algorithm/AHRS_middleware.c ****  * @author         RM
 111:Algorithm/AHRS_middleware.c ****  * @param[in]      输入sin值，最大1.0f，最小-1.0f
 112:Algorithm/AHRS_middleware.c ****  * @retval         返回角度 单位弧度
 113:Algorithm/AHRS_middleware.c ****  */
 114:Algorithm/AHRS_middleware.c **** 
 115:Algorithm/AHRS_middleware.c **** fp32 AHRS_asinf(fp32 sin)
 116:Algorithm/AHRS_middleware.c **** {
 314              		.loc 1 116 1
 315              		.cfi_startproc
 316              		@ args = 0, pretend = 0, frame = 8
 317              		@ frame_needed = 1, uses_anonymous_args = 0
 318 0000 80B5     		push	{r7, lr}
 319              	.LCFI32:
 320              		.cfi_def_cfa_offset 8
 321              		.cfi_offset 7, -8
 322              		.cfi_offset 14, -4
 323 0002 82B0     		sub	sp, sp, #8
 324              	.LCFI33:
 325              		.cfi_def_cfa_offset 16
 326 0004 00AF     		add	r7, sp, #0
 327              	.LCFI34:
 328              		.cfi_def_cfa_register 7
 329 0006 87ED010A 		vstr.32	s0, [r7, #4]
 117:Algorithm/AHRS_middleware.c **** 
 118:Algorithm/AHRS_middleware.c ****     return asinf(sin);
 330              		.loc 1 118 12
 331 000a 97ED010A 		vldr.32	s0, [r7, #4]
 332 000e FFF7FEFF 		bl	asinf
 333 0012 F0EE407A 		vmov.f32	s15, s0
 119:Algorithm/AHRS_middleware.c **** }
 334              		.loc 1 119 1
 335 0016 B0EE670A 		vmov.f32	s0, s15
 336 001a 0837     		adds	r7, r7, #8
 337              	.LCFI35:
 338              		.cfi_def_cfa_offset 8
 339 001c BD46     		mov	sp, r7
 340              	.LCFI36:
 341              		.cfi_def_cfa_register 13
 342              		@ sp needed
 343 001e 80BD     		pop	{r7, pc}
 344              		.cfi_endproc
 345              	.LFE150:
 347              		.section	.text.AHRS_acosf,"ax",%progbits
 348              		.align	1
 349              		.global	AHRS_acosf
 350              		.syntax unified
 351              		.thumb
ARM GAS  C:\Users\23671\AppData\Local\Temp\ccwbE4Eq.s 			page 9


 352              		.thumb_func
 354              	AHRS_acosf:
 355              	.LFB151:
 120:Algorithm/AHRS_middleware.c **** 
 121:Algorithm/AHRS_middleware.c **** /**
 122:Algorithm/AHRS_middleware.c ****  * @brief          反三角函数acos函数
 123:Algorithm/AHRS_middleware.c ****  * @author         RM
 124:Algorithm/AHRS_middleware.c ****  * @param[in]      输入cos值，最大1.0f，最小-1.0f
 125:Algorithm/AHRS_middleware.c ****  * @retval         返回对应的角度 单位弧度
 126:Algorithm/AHRS_middleware.c ****  */
 127:Algorithm/AHRS_middleware.c **** 
 128:Algorithm/AHRS_middleware.c **** fp32 AHRS_acosf(fp32 cos)
 129:Algorithm/AHRS_middleware.c **** {
 356              		.loc 1 129 1
 357              		.cfi_startproc
 358              		@ args = 0, pretend = 0, frame = 8
 359              		@ frame_needed = 1, uses_anonymous_args = 0
 360 0000 80B5     		push	{r7, lr}
 361              	.LCFI37:
 362              		.cfi_def_cfa_offset 8
 363              		.cfi_offset 7, -8
 364              		.cfi_offset 14, -4
 365 0002 82B0     		sub	sp, sp, #8
 366              	.LCFI38:
 367              		.cfi_def_cfa_offset 16
 368 0004 00AF     		add	r7, sp, #0
 369              	.LCFI39:
 370              		.cfi_def_cfa_register 7
 371 0006 87ED010A 		vstr.32	s0, [r7, #4]
 130:Algorithm/AHRS_middleware.c **** 
 131:Algorithm/AHRS_middleware.c ****     return acosf(cos);
 372              		.loc 1 131 12
 373 000a 97ED010A 		vldr.32	s0, [r7, #4]
 374 000e FFF7FEFF 		bl	acosf
 375 0012 F0EE407A 		vmov.f32	s15, s0
 132:Algorithm/AHRS_middleware.c **** }
 376              		.loc 1 132 1
 377 0016 B0EE670A 		vmov.f32	s0, s15
 378 001a 0837     		adds	r7, r7, #8
 379              	.LCFI40:
 380              		.cfi_def_cfa_offset 8
 381 001c BD46     		mov	sp, r7
 382              	.LCFI41:
 383              		.cfi_def_cfa_register 13
 384              		@ sp needed
 385 001e 80BD     		pop	{r7, pc}
 386              		.cfi_endproc
 387              	.LFE151:
 389              		.section	.text.AHRS_atan2f,"ax",%progbits
 390              		.align	1
 391              		.global	AHRS_atan2f
 392              		.syntax unified
 393              		.thumb
 394              		.thumb_func
 396              	AHRS_atan2f:
 397              	.LFB152:
 133:Algorithm/AHRS_middleware.c **** 
ARM GAS  C:\Users\23671\AppData\Local\Temp\ccwbE4Eq.s 			page 10


 134:Algorithm/AHRS_middleware.c **** /**
 135:Algorithm/AHRS_middleware.c ****  * @brief          反三角函数atan函数
 136:Algorithm/AHRS_middleware.c ****  * @author         RM
 137:Algorithm/AHRS_middleware.c ****  * @param[in]      输入tan值中的y值 最大正无穷，最小负无穷
 138:Algorithm/AHRS_middleware.c ****  * @param[in]      输入tan值中的x值 最大正无穷，最小负无穷
 139:Algorithm/AHRS_middleware.c ****  * @retval         返回对应的角度 单位弧度
 140:Algorithm/AHRS_middleware.c ****  */
 141:Algorithm/AHRS_middleware.c **** 
 142:Algorithm/AHRS_middleware.c **** fp32 AHRS_atan2f(fp32 y, fp32 x)
 143:Algorithm/AHRS_middleware.c **** {
 398              		.loc 1 143 1
 399              		.cfi_startproc
 400              		@ args = 0, pretend = 0, frame = 8
 401              		@ frame_needed = 1, uses_anonymous_args = 0
 402 0000 80B5     		push	{r7, lr}
 403              	.LCFI42:
 404              		.cfi_def_cfa_offset 8
 405              		.cfi_offset 7, -8
 406              		.cfi_offset 14, -4
 407 0002 82B0     		sub	sp, sp, #8
 408              	.LCFI43:
 409              		.cfi_def_cfa_offset 16
 410 0004 00AF     		add	r7, sp, #0
 411              	.LCFI44:
 412              		.cfi_def_cfa_register 7
 413 0006 87ED010A 		vstr.32	s0, [r7, #4]
 414 000a C7ED000A 		vstr.32	s1, [r7]
 144:Algorithm/AHRS_middleware.c ****     return atan2f(y, x);
 415              		.loc 1 144 12
 416 000e D7ED000A 		vldr.32	s1, [r7]
 417 0012 97ED010A 		vldr.32	s0, [r7, #4]
 418 0016 FFF7FEFF 		bl	atan2f
 419 001a F0EE407A 		vmov.f32	s15, s0
 145:Algorithm/AHRS_middleware.c **** }
 420              		.loc 1 145 1
 421 001e B0EE670A 		vmov.f32	s0, s15
 422 0022 0837     		adds	r7, r7, #8
 423              	.LCFI45:
 424              		.cfi_def_cfa_offset 8
 425 0024 BD46     		mov	sp, r7
 426              	.LCFI46:
 427              		.cfi_def_cfa_register 13
 428              		@ sp needed
 429 0026 80BD     		pop	{r7, pc}
 430              		.cfi_endproc
 431              	.LFE152:
 433              		.text
 434              	.Letext0:
 435              		.file 2 "D:/MSYS2/mingw64/arm-none-eabi/include/math.h"
 436              		.file 3 "Core/Inc/struct_typedef.h"
ARM GAS  C:\Users\23671\AppData\Local\Temp\ccwbE4Eq.s 			page 11


DEFINED SYMBOLS
                            *ABS*:00000000 AHRS_middleware.c
C:\Users\23671\AppData\Local\Temp\ccwbE4Eq.s:20     .text.AHRS_get_height:00000000 $t
C:\Users\23671\AppData\Local\Temp\ccwbE4Eq.s:26     .text.AHRS_get_height:00000000 AHRS_get_height
C:\Users\23671\AppData\Local\Temp\ccwbE4Eq.s:71     .text.AHRS_get_latitude:00000000 $t
C:\Users\23671\AppData\Local\Temp\ccwbE4Eq.s:77     .text.AHRS_get_latitude:00000000 AHRS_get_latitude
C:\Users\23671\AppData\Local\Temp\ccwbE4Eq.s:121    .text.AHRS_get_latitude:00000020 $d
C:\Users\23671\AppData\Local\Temp\ccwbE4Eq.s:126    .text.AHRS_invSqrt:00000000 $t
C:\Users\23671\AppData\Local\Temp\ccwbE4Eq.s:132    .text.AHRS_invSqrt:00000000 AHRS_invSqrt
C:\Users\23671\AppData\Local\Temp\ccwbE4Eq.s:172    .text.AHRS_sinf:00000000 $t
C:\Users\23671\AppData\Local\Temp\ccwbE4Eq.s:178    .text.AHRS_sinf:00000000 AHRS_sinf
C:\Users\23671\AppData\Local\Temp\ccwbE4Eq.s:218    .text.AHRS_cosf:00000000 $t
C:\Users\23671\AppData\Local\Temp\ccwbE4Eq.s:224    .text.AHRS_cosf:00000000 AHRS_cosf
C:\Users\23671\AppData\Local\Temp\ccwbE4Eq.s:264    .text.AHRS_tanf:00000000 $t
C:\Users\23671\AppData\Local\Temp\ccwbE4Eq.s:270    .text.AHRS_tanf:00000000 AHRS_tanf
C:\Users\23671\AppData\Local\Temp\ccwbE4Eq.s:306    .text.AHRS_asinf:00000000 $t
C:\Users\23671\AppData\Local\Temp\ccwbE4Eq.s:312    .text.AHRS_asinf:00000000 AHRS_asinf
C:\Users\23671\AppData\Local\Temp\ccwbE4Eq.s:348    .text.AHRS_acosf:00000000 $t
C:\Users\23671\AppData\Local\Temp\ccwbE4Eq.s:354    .text.AHRS_acosf:00000000 AHRS_acosf
C:\Users\23671\AppData\Local\Temp\ccwbE4Eq.s:390    .text.AHRS_atan2f:00000000 $t
C:\Users\23671\AppData\Local\Temp\ccwbE4Eq.s:396    .text.AHRS_atan2f:00000000 AHRS_atan2f

UNDEFINED SYMBOLS
sqrtf
sin
cos
tanf
asinf
acosf
atan2f
