ARM GAS  C:\Users\23671\AppData\Local\Temp\ccY2qcSa.s 			page 1


   1              		.cpu cortex-m7
   2              		.arch armv7e-m
   3              		.fpu fpv5-d16
   4              		.eabi_attribute 28, 1
   5              		.eabi_attribute 20, 1
   6              		.eabi_attribute 21, 1
   7              		.eabi_attribute 23, 3
   8              		.eabi_attribute 24, 1
   9              		.eabi_attribute 25, 1
  10              		.eabi_attribute 26, 1
  11              		.eabi_attribute 30, 6
  12              		.eabi_attribute 34, 1
  13              		.eabi_attribute 18, 4
  14              		.file	"CAN_receive_send.c"
  15              		.text
  16              	.Ltext0:
  17              		.cfi_sections	.debug_frame
  18              		.file 1 "User/BSP/CAN_receive_send.c"
  19              		.global	RxHeader1
  20              		.section	.bss.RxHeader1,"aw",%nobits
  21              		.align	2
  24              	RxHeader1:
  25 0000 00000000 		.space	40
  25      00000000 
  25      00000000 
  25      00000000 
  25      00000000 
  26              		.global	g_Can1RxData
  27              		.section	.bss.g_Can1RxData,"aw",%nobits
  28              		.align	2
  31              	g_Can1RxData:
  32 0000 00000000 		.space	64
  32      00000000 
  32      00000000 
  32      00000000 
  32      00000000 
  33              		.global	daibaoshan
  34              		.section	.bss.daibaoshan,"aw",%nobits
  35              		.align	2
  38              	daibaoshan:
  39 0000 00000000 		.space	12
  39      00000000 
  39      00000000 
  40              		.global	motor_data
  41              		.section	.bss.motor_data,"aw",%nobits
  42              		.align	3
  45              	motor_data:
  46 0000 00000000 		.space	1848
  46      00000000 
  46      00000000 
  46      00000000 
  46      00000000 
  47              		.global	Flag_damiao
  48              		.section	.bss.Flag_damiao,"aw",%nobits
  49              		.align	2
  52              	Flag_damiao:
  53 0000 00000000 		.space	24
ARM GAS  C:\Users\23671\AppData\Local\Temp\ccY2qcSa.s 			page 2


  53      00000000 
  53      00000000 
  53      00000000 
  53      00000000 
  54              		.global	Pre_Flag_damiao
  55              		.section	.bss.Pre_Flag_damiao,"aw",%nobits
  56              		.align	2
  59              	Pre_Flag_damiao:
  60 0000 00000000 		.space	24
  60      00000000 
  60      00000000 
  60      00000000 
  60      00000000 
  61              		.section	.text.can_init,"ax",%progbits
  62              		.align	1
  63              		.global	can_init
  64              		.syntax unified
  65              		.thumb
  66              		.thumb_func
  68              	can_init:
  69              	.LFB144:
   1:User/BSP/CAN_receive_send.c **** /**
   2:User/BSP/CAN_receive_send.c ****  * @file CAN_receive_send.c
   3:User/BSP/CAN_receive_send.c ****  * @author Siri (lixirui2017@outlook.com)
   4:User/BSP/CAN_receive_send.c ****  * @brief can bsp层发送与接受
   5:User/BSP/CAN_receive_send.c ****  * @version 0.1
   6:User/BSP/CAN_receive_send.c ****  * @date 2024-10-19
   7:User/BSP/CAN_receive_send.c ****  *
   8:User/BSP/CAN_receive_send.c ****  * @copyright Copyright (c) 2024
   9:User/BSP/CAN_receive_send.c ****  *
  10:User/BSP/CAN_receive_send.c ****  */
  11:User/BSP/CAN_receive_send.c **** // #include "cover_headerfile_h.h"
  12:User/BSP/CAN_receive_send.c **** #include "can_receive_send.h"
  13:User/BSP/CAN_receive_send.c **** #include "motor.h"
  14:User/BSP/CAN_receive_send.c **** #include "supercup.h"
  15:User/BSP/CAN_receive_send.c **** #include "dm4310_drv.h"
  16:User/BSP/CAN_receive_send.c **** #include "string.h"
  17:User/BSP/CAN_receive_send.c **** /**/
  18:User/BSP/CAN_receive_send.c **** FDCAN_RxHeaderTypeDef RxHeader1;
  19:User/BSP/CAN_receive_send.c **** uint8_t g_Can1RxData[64];
  20:User/BSP/CAN_receive_send.c **** float daibaoshan[3];
  21:User/BSP/CAN_receive_send.c **** motor_measure_t motor_data[33];
  22:User/BSP/CAN_receive_send.c **** uint32_t Flag_damiao[6] ={ 0};
  23:User/BSP/CAN_receive_send.c **** //前一时刻的电机接收flag
  24:User/BSP/CAN_receive_send.c **** uint32_t Pre_Flag_damiao [6] ={ 0};
  25:User/BSP/CAN_receive_send.c **** /**/
  26:User/BSP/CAN_receive_send.c **** // CAN寄存器及控制器
  27:User/BSP/CAN_receive_send.c **** extern FDCAN_HandleTypeDef hfdcan1;
  28:User/BSP/CAN_receive_send.c **** extern FDCAN_HandleTypeDef hfdcan2;
  29:User/BSP/CAN_receive_send.c **** extern FDCAN_HandleTypeDef hfdcan3; // 定义原型在fdcan.c文件
  30:User/BSP/CAN_receive_send.c **** 
  31:User/BSP/CAN_receive_send.c **** /**
  32:User/BSP/CAN_receive_send.c ****  * @brief 初始化can,包含过滤器配置与使能
  33:User/BSP/CAN_receive_send.c ****  *
  34:User/BSP/CAN_receive_send.c ****  */
  35:User/BSP/CAN_receive_send.c **** void can_init(void)
  36:User/BSP/CAN_receive_send.c **** {
ARM GAS  C:\Users\23671\AppData\Local\Temp\ccY2qcSa.s 			page 3


  70              		.loc 1 36 1
  71              		.cfi_startproc
  72              		@ args = 0, pretend = 0, frame = 32
  73              		@ frame_needed = 1, uses_anonymous_args = 0
  74 0000 80B5     		push	{r7, lr}
  75              	.LCFI0:
  76              		.cfi_def_cfa_offset 8
  77              		.cfi_offset 7, -8
  78              		.cfi_offset 14, -4
  79 0002 8AB0     		sub	sp, sp, #40
  80              	.LCFI1:
  81              		.cfi_def_cfa_offset 48
  82 0004 02AF     		add	r7, sp, #8
  83              	.LCFI2:
  84              		.cfi_def_cfa 7, 40
  37:User/BSP/CAN_receive_send.c ****   FDCAN_FilterTypeDef fdcan_filter;
  38:User/BSP/CAN_receive_send.c **** 
  39:User/BSP/CAN_receive_send.c ****   fdcan_filter.IdType = FDCAN_STANDARD_ID;             // 过滤标准ID
  85              		.loc 1 39 23
  86 0006 0023     		movs	r3, #0
  87 0008 3B60     		str	r3, [r7]
  40:User/BSP/CAN_receive_send.c ****   fdcan_filter.FilterIndex = 0;                        // 滤波器索引
  88              		.loc 1 40 28
  89 000a 0023     		movs	r3, #0
  90 000c 7B60     		str	r3, [r7, #4]
  41:User/BSP/CAN_receive_send.c ****   fdcan_filter.FilterType = FDCAN_FILTER_MASK;         // 掩码模式
  91              		.loc 1 41 27
  92 000e 0223     		movs	r3, #2
  93 0010 BB60     		str	r3, [r7, #8]
  42:User/BSP/CAN_receive_send.c ****   fdcan_filter.FilterConfig = FDCAN_FILTER_TO_RXFIFO0; // 过滤器0关联到FIFO0
  94              		.loc 1 42 29
  95 0012 0123     		movs	r3, #1
  96 0014 FB60     		str	r3, [r7, #12]
  43:User/BSP/CAN_receive_send.c ****   fdcan_filter.FilterID1 = 0x00000000;                 // 不去过滤任何ID
  97              		.loc 1 43 26
  98 0016 0023     		movs	r3, #0
  99 0018 3B61     		str	r3, [r7, #16]
  44:User/BSP/CAN_receive_send.c ****   fdcan_filter.FilterID2 = 0x00000000;                 // 同上
 100              		.loc 1 44 26
 101 001a 0023     		movs	r3, #0
 102 001c 7B61     		str	r3, [r7, #20]
  45:User/BSP/CAN_receive_send.c **** 
  46:User/BSP/CAN_receive_send.c ****   HAL_FDCAN_ConfigFilter(&hfdcan1, &fdcan_filter); // 将上述配置到CAN1
 103              		.loc 1 46 3
 104 001e 3B46     		mov	r3, r7
 105 0020 1946     		mov	r1, r3
 106 0022 2048     		ldr	r0, .L2
 107 0024 FFF7FEFF 		bl	HAL_FDCAN_ConfigFilter
  47:User/BSP/CAN_receive_send.c ****   HAL_FDCAN_ConfigGlobalFilter(&hfdcan1, FDCAN_REJECT, FDCAN_REJECT, FDCAN_FILTER_REMOTE, FDCAN_FIL
 108              		.loc 1 47 3
 109 0028 0023     		movs	r3, #0
 110 002a 0093     		str	r3, [sp]
 111 002c 0023     		movs	r3, #0
 112 002e 0222     		movs	r2, #2
 113 0030 0221     		movs	r1, #2
 114 0032 1C48     		ldr	r0, .L2
 115 0034 FFF7FEFF 		bl	HAL_FDCAN_ConfigGlobalFilter
ARM GAS  C:\Users\23671\AppData\Local\Temp\ccY2qcSa.s 			page 4


  48:User/BSP/CAN_receive_send.c ****   HAL_FDCAN_ActivateNotification(&hfdcan1, FDCAN_IT_RX_FIFO0_NEW_MESSAGE, 0);
 116              		.loc 1 48 3
 117 0038 0022     		movs	r2, #0
 118 003a 0121     		movs	r1, #1
 119 003c 1948     		ldr	r0, .L2
 120 003e FFF7FEFF 		bl	HAL_FDCAN_ActivateNotification
  49:User/BSP/CAN_receive_send.c ****   HAL_FDCAN_Start(&hfdcan1);
 121              		.loc 1 49 3
 122 0042 1848     		ldr	r0, .L2
 123 0044 FFF7FEFF 		bl	HAL_FDCAN_Start
  50:User/BSP/CAN_receive_send.c **** 
  51:User/BSP/CAN_receive_send.c ****   HAL_FDCAN_ConfigFilter(&hfdcan2, &fdcan_filter);
 124              		.loc 1 51 3
 125 0048 3B46     		mov	r3, r7
 126 004a 1946     		mov	r1, r3
 127 004c 1648     		ldr	r0, .L2+4
 128 004e FFF7FEFF 		bl	HAL_FDCAN_ConfigFilter
  52:User/BSP/CAN_receive_send.c ****   HAL_FDCAN_ConfigGlobalFilter(&hfdcan2, FDCAN_REJECT, FDCAN_REJECT, FDCAN_FILTER_REMOTE, FDCAN_FIL
 129              		.loc 1 52 3
 130 0052 0023     		movs	r3, #0
 131 0054 0093     		str	r3, [sp]
 132 0056 0023     		movs	r3, #0
 133 0058 0222     		movs	r2, #2
 134 005a 0221     		movs	r1, #2
 135 005c 1248     		ldr	r0, .L2+4
 136 005e FFF7FEFF 		bl	HAL_FDCAN_ConfigGlobalFilter
  53:User/BSP/CAN_receive_send.c ****   HAL_FDCAN_ActivateNotification(&hfdcan2, FDCAN_IT_RX_FIFO0_NEW_MESSAGE, 0);
 137              		.loc 1 53 3
 138 0062 0022     		movs	r2, #0
 139 0064 0121     		movs	r1, #1
 140 0066 1048     		ldr	r0, .L2+4
 141 0068 FFF7FEFF 		bl	HAL_FDCAN_ActivateNotification
  54:User/BSP/CAN_receive_send.c ****   HAL_FDCAN_Start(&hfdcan2);
 142              		.loc 1 54 3
 143 006c 0E48     		ldr	r0, .L2+4
 144 006e FFF7FEFF 		bl	HAL_FDCAN_Start
  55:User/BSP/CAN_receive_send.c **** 
  56:User/BSP/CAN_receive_send.c ****   HAL_FDCAN_ConfigFilter(&hfdcan3, &fdcan_filter);
 145              		.loc 1 56 3
 146 0072 3B46     		mov	r3, r7
 147 0074 1946     		mov	r1, r3
 148 0076 0D48     		ldr	r0, .L2+8
 149 0078 FFF7FEFF 		bl	HAL_FDCAN_ConfigFilter
  57:User/BSP/CAN_receive_send.c ****   HAL_FDCAN_ConfigGlobalFilter(&hfdcan3, FDCAN_REJECT, FDCAN_REJECT, FDCAN_FILTER_REMOTE, FDCAN_FIL
 150              		.loc 1 57 3
 151 007c 0023     		movs	r3, #0
 152 007e 0093     		str	r3, [sp]
 153 0080 0023     		movs	r3, #0
 154 0082 0222     		movs	r2, #2
 155 0084 0221     		movs	r1, #2
 156 0086 0948     		ldr	r0, .L2+8
 157 0088 FFF7FEFF 		bl	HAL_FDCAN_ConfigGlobalFilter
  58:User/BSP/CAN_receive_send.c ****   HAL_FDCAN_ActivateNotification(&hfdcan3, FDCAN_IT_RX_FIFO0_NEW_MESSAGE, 0);
 158              		.loc 1 58 3
 159 008c 0022     		movs	r2, #0
 160 008e 0121     		movs	r1, #1
 161 0090 0648     		ldr	r0, .L2+8
ARM GAS  C:\Users\23671\AppData\Local\Temp\ccY2qcSa.s 			page 5


 162 0092 FFF7FEFF 		bl	HAL_FDCAN_ActivateNotification
  59:User/BSP/CAN_receive_send.c ****   HAL_FDCAN_Start(&hfdcan3);
 163              		.loc 1 59 3
 164 0096 0548     		ldr	r0, .L2+8
 165 0098 FFF7FEFF 		bl	HAL_FDCAN_Start
  60:User/BSP/CAN_receive_send.c **** }
 166              		.loc 1 60 1
 167 009c 00BF     		nop
 168 009e 2037     		adds	r7, r7, #32
 169              	.LCFI3:
 170              		.cfi_def_cfa_offset 8
 171 00a0 BD46     		mov	sp, r7
 172              	.LCFI4:
 173              		.cfi_def_cfa_register 13
 174              		@ sp needed
 175 00a2 80BD     		pop	{r7, pc}
 176              	.L3:
 177              		.align	2
 178              	.L2:
 179 00a4 00000000 		.word	hfdcan1
 180 00a8 00000000 		.word	hfdcan2
 181 00ac 00000000 		.word	hfdcan3
 182              		.cfi_endproc
 183              	.LFE144:
 185              		.section	.text.get_motor_measure,"ax",%progbits
 186              		.align	1
 187              		.global	get_motor_measure
 188              		.syntax unified
 189              		.thumb
 190              		.thumb_func
 192              	get_motor_measure:
 193              	.LFB145:
  61:User/BSP/CAN_receive_send.c **** //damiao
  62:User/BSP/CAN_receive_send.c **** void get_motor_measure(motor_measure_t *ptr, uint8_t data[])
  63:User/BSP/CAN_receive_send.c **** {
 194              		.loc 1 63 1
 195              		.cfi_startproc
 196              		@ args = 0, pretend = 0, frame = 8
 197              		@ frame_needed = 1, uses_anonymous_args = 0
 198              		@ link register save eliminated.
 199 0000 80B4     		push	{r7}
 200              	.LCFI5:
 201              		.cfi_def_cfa_offset 4
 202              		.cfi_offset 7, -4
 203 0002 83B0     		sub	sp, sp, #12
 204              	.LCFI6:
 205              		.cfi_def_cfa_offset 16
 206 0004 00AF     		add	r7, sp, #0
 207              	.LCFI7:
 208              		.cfi_def_cfa_register 7
 209 0006 7860     		str	r0, [r7, #4]
 210 0008 3960     		str	r1, [r7]
  64:User/BSP/CAN_receive_send.c ****   (ptr)->last_ecd = (ptr)->ecd;
 211              		.loc 1 64 26
 212 000a 7B68     		ldr	r3, [r7, #4]
 213 000c 5B88     		ldrh	r3, [r3, #2]
 214 000e 1AB2     		sxth	r2, r3
ARM GAS  C:\Users\23671\AppData\Local\Temp\ccY2qcSa.s 			page 6


 215              		.loc 1 64 19
 216 0010 7B68     		ldr	r3, [r7, #4]
 217 0012 5A81     		strh	r2, [r3, #10]	@ movhi
  65:User/BSP/CAN_receive_send.c ****   (ptr)->ecd = (uint16_t)((data)[0] << 8 | (data)[1]);
 218              		.loc 1 65 33
 219 0014 3B68     		ldr	r3, [r7]
 220 0016 1B78     		ldrb	r3, [r3]	@ zero_extendqisi2
 221              		.loc 1 65 42
 222 0018 1BB2     		sxth	r3, r3
 223 001a 1B02     		lsls	r3, r3, #8
 224 001c 1AB2     		sxth	r2, r3
 225              		.loc 1 65 50
 226 001e 3B68     		ldr	r3, [r7]
 227 0020 0133     		adds	r3, r3, #1
 228 0022 1B78     		ldrb	r3, [r3]	@ zero_extendqisi2
 229 0024 1BB2     		sxth	r3, r3
 230              		.loc 1 65 42
 231 0026 1343     		orrs	r3, r3, r2
 232 0028 1BB2     		sxth	r3, r3
 233              		.loc 1 65 16
 234 002a 9AB2     		uxth	r2, r3
 235              		.loc 1 65 14
 236 002c 7B68     		ldr	r3, [r7, #4]
 237 002e 5A80     		strh	r2, [r3, #2]	@ movhi
  66:User/BSP/CAN_receive_send.c ****   (ptr)->speed_rpm = (uint16_t)((data)[2] << 8 | (data)[3]);
 238              		.loc 1 66 39
 239 0030 3B68     		ldr	r3, [r7]
 240 0032 0233     		adds	r3, r3, #2
 241 0034 1B78     		ldrb	r3, [r3]	@ zero_extendqisi2
 242              		.loc 1 66 22
 243 0036 1BB2     		sxth	r3, r3
 244 0038 1B02     		lsls	r3, r3, #8
 245 003a 1AB2     		sxth	r2, r3
 246              		.loc 1 66 56
 247 003c 3B68     		ldr	r3, [r7]
 248 003e 0333     		adds	r3, r3, #3
 249 0040 1B78     		ldrb	r3, [r3]	@ zero_extendqisi2
 250 0042 1BB2     		sxth	r3, r3
 251              		.loc 1 66 48
 252 0044 1343     		orrs	r3, r3, r2
 253 0046 1AB2     		sxth	r2, r3
 254              		.loc 1 66 20
 255 0048 7B68     		ldr	r3, [r7, #4]
 256 004a 9A80     		strh	r2, [r3, #4]	@ movhi
  67:User/BSP/CAN_receive_send.c ****   (ptr)->given_current = (uint16_t)((data)[4] << 8 | (data)[5]);
 257              		.loc 1 67 43
 258 004c 3B68     		ldr	r3, [r7]
 259 004e 0433     		adds	r3, r3, #4
 260 0050 1B78     		ldrb	r3, [r3]	@ zero_extendqisi2
 261              		.loc 1 67 26
 262 0052 1BB2     		sxth	r3, r3
 263 0054 1B02     		lsls	r3, r3, #8
 264 0056 1AB2     		sxth	r2, r3
 265              		.loc 1 67 60
 266 0058 3B68     		ldr	r3, [r7]
 267 005a 0533     		adds	r3, r3, #5
 268 005c 1B78     		ldrb	r3, [r3]	@ zero_extendqisi2
ARM GAS  C:\Users\23671\AppData\Local\Temp\ccY2qcSa.s 			page 7


 269 005e 1BB2     		sxth	r3, r3
 270              		.loc 1 67 52
 271 0060 1343     		orrs	r3, r3, r2
 272 0062 1AB2     		sxth	r2, r3
 273              		.loc 1 67 24
 274 0064 7B68     		ldr	r3, [r7, #4]
 275 0066 DA80     		strh	r2, [r3, #6]	@ movhi
  68:User/BSP/CAN_receive_send.c ****   (ptr)->temperate = (data)[6];
 276              		.loc 1 68 20
 277 0068 3B68     		ldr	r3, [r7]
 278 006a 9A79     		ldrb	r2, [r3, #6]	@ zero_extendqisi2
 279 006c 7B68     		ldr	r3, [r7, #4]
 280 006e 1A72     		strb	r2, [r3, #8]
  69:User/BSP/CAN_receive_send.c **** }
 281              		.loc 1 69 1
 282 0070 00BF     		nop
 283 0072 0C37     		adds	r7, r7, #12
 284              	.LCFI8:
 285              		.cfi_def_cfa_offset 4
 286 0074 BD46     		mov	sp, r7
 287              	.LCFI9:
 288              		.cfi_def_cfa_register 13
 289              		@ sp needed
 290 0076 5DF8047B 		ldr	r7, [sp], #4
 291              	.LCFI10:
 292              		.cfi_restore 7
 293              		.cfi_def_cfa_offset 0
 294 007a 7047     		bx	lr
 295              		.cfi_endproc
 296              	.LFE145:
 298              		.section	.text.canx_send_data,"ax",%progbits
 299              		.align	1
 300              		.global	canx_send_data
 301              		.syntax unified
 302              		.thumb
 303              		.thumb_func
 305              	canx_send_data:
 306              	.LFB146:
  70:User/BSP/CAN_receive_send.c **** 
  71:User/BSP/CAN_receive_send.c **** 
  72:User/BSP/CAN_receive_send.c **** /**
  73:User/BSP/CAN_receive_send.c **** ************************************************************************
  74:User/BSP/CAN_receive_send.c **** * @brief:      	fdcanx_send_data(FDCAN_HandleTypeDef *hfdcan, uint16_t id, uint8_t *data, uint32_t 
  75:User/BSP/CAN_receive_send.c **** * @param:       hfdcan：FDCAN句柄
  76:User/BSP/CAN_receive_send.c **** * @param:       id：CAN设备ID
  77:User/BSP/CAN_receive_send.c **** * @param:       data：发送的数据
  78:User/BSP/CAN_receive_send.c **** * @param:       len：发送的数据长度
  79:User/BSP/CAN_receive_send.c **** * @retval:     	void
  80:User/BSP/CAN_receive_send.c **** * @details:    	发送数据
  81:User/BSP/CAN_receive_send.c **** ************************************************************************
  82:User/BSP/CAN_receive_send.c **** **/
  83:User/BSP/CAN_receive_send.c **** //原来的没有用，所有改了
  84:User/BSP/CAN_receive_send.c **** uint8_t canx_send_data(FDCAN_HandleTypeDef *hcan, uint16_t id, uint8_t *data, uint32_t len)
  85:User/BSP/CAN_receive_send.c **** {
 307              		.loc 1 85 1
 308              		.cfi_startproc
 309              		@ args = 0, pretend = 0, frame = 56
ARM GAS  C:\Users\23671\AppData\Local\Temp\ccY2qcSa.s 			page 8


 310              		@ frame_needed = 1, uses_anonymous_args = 0
 311 0000 80B5     		push	{r7, lr}
 312              	.LCFI11:
 313              		.cfi_def_cfa_offset 8
 314              		.cfi_offset 7, -8
 315              		.cfi_offset 14, -4
 316 0002 8EB0     		sub	sp, sp, #56
 317              	.LCFI12:
 318              		.cfi_def_cfa_offset 64
 319 0004 00AF     		add	r7, sp, #0
 320              	.LCFI13:
 321              		.cfi_def_cfa_register 7
 322 0006 F860     		str	r0, [r7, #12]
 323 0008 7A60     		str	r2, [r7, #4]
 324 000a 3B60     		str	r3, [r7]
 325 000c 0B46     		mov	r3, r1	@ movhi
 326 000e 7B81     		strh	r3, [r7, #10]	@ movhi
  86:User/BSP/CAN_receive_send.c **** 	FDCAN_TxHeaderTypeDef TxHeader;
  87:User/BSP/CAN_receive_send.c **** 
  88:User/BSP/CAN_receive_send.c **** 	TxHeader.Identifier = id;                 // CAN ID
 327              		.loc 1 88 22
 328 0010 7B89     		ldrh	r3, [r7, #10]
 329 0012 7B61     		str	r3, [r7, #20]
  89:User/BSP/CAN_receive_send.c ****   TxHeader.IdType =  FDCAN_STANDARD_ID ;        
 330              		.loc 1 89 19
 331 0014 0023     		movs	r3, #0
 332 0016 BB61     		str	r3, [r7, #24]
  90:User/BSP/CAN_receive_send.c ****   TxHeader.TxFrameType = FDCAN_DATA_FRAME;  
 333              		.loc 1 90 24
 334 0018 0023     		movs	r3, #0
 335 001a FB61     		str	r3, [r7, #28]
  91:User/BSP/CAN_receive_send.c ****   if(len<=8)	
 336              		.loc 1 91 5
 337 001c 3B68     		ldr	r3, [r7]
 338 001e 082B     		cmp	r3, #8
 339 0020 02D8     		bhi	.L6
  92:User/BSP/CAN_receive_send.c **** 	{
  93:User/BSP/CAN_receive_send.c **** 	  TxHeader.DataLength =FDCAN_DLC_BYTES_8;     // 发送长度：8byte
 340              		.loc 1 93 24
 341 0022 0823     		movs	r3, #8
 342 0024 3B62     		str	r3, [r7, #32]
 343 0026 22E0     		b	.L7
 344              	.L6:
  94:User/BSP/CAN_receive_send.c **** 	}
  95:User/BSP/CAN_receive_send.c **** 	else  if(len==12)	
 345              		.loc 1 95 10
 346 0028 3B68     		ldr	r3, [r7]
 347 002a 0C2B     		cmp	r3, #12
 348 002c 02D1     		bne	.L8
  96:User/BSP/CAN_receive_send.c **** 	{
  97:User/BSP/CAN_receive_send.c **** 	   TxHeader.DataLength =FDCAN_DLC_BYTES_12;
 349              		.loc 1 97 25
 350 002e 0923     		movs	r3, #9
 351 0030 3B62     		str	r3, [r7, #32]
 352 0032 1CE0     		b	.L7
 353              	.L8:
  98:User/BSP/CAN_receive_send.c **** 	}
ARM GAS  C:\Users\23671\AppData\Local\Temp\ccY2qcSa.s 			page 9


  99:User/BSP/CAN_receive_send.c **** 	else  if(len==16)	
 354              		.loc 1 99 10
 355 0034 3B68     		ldr	r3, [r7]
 356 0036 102B     		cmp	r3, #16
 357 0038 02D1     		bne	.L9
 100:User/BSP/CAN_receive_send.c **** 	{
 101:User/BSP/CAN_receive_send.c **** 	  TxHeader.DataLength =FDCAN_DLC_BYTES_16;
 358              		.loc 1 101 24
 359 003a 0A23     		movs	r3, #10
 360 003c 3B62     		str	r3, [r7, #32]
 361 003e 16E0     		b	.L7
 362              	.L9:
 102:User/BSP/CAN_receive_send.c **** 	
 103:User/BSP/CAN_receive_send.c **** 	}
 104:User/BSP/CAN_receive_send.c ****   else  if(len==20)
 363              		.loc 1 104 11
 364 0040 3B68     		ldr	r3, [r7]
 365 0042 142B     		cmp	r3, #20
 366 0044 02D1     		bne	.L10
 105:User/BSP/CAN_receive_send.c **** 	{
 106:User/BSP/CAN_receive_send.c **** 		TxHeader.DataLength =FDCAN_DLC_BYTES_20;
 367              		.loc 1 106 23
 368 0046 0B23     		movs	r3, #11
 369 0048 3B62     		str	r3, [r7, #32]
 370 004a 10E0     		b	.L7
 371              	.L10:
 107:User/BSP/CAN_receive_send.c **** 	}		
 108:User/BSP/CAN_receive_send.c **** 	else  if(len==24)	
 372              		.loc 1 108 10
 373 004c 3B68     		ldr	r3, [r7]
 374 004e 182B     		cmp	r3, #24
 375 0050 02D1     		bne	.L11
 109:User/BSP/CAN_receive_send.c **** 	{
 110:User/BSP/CAN_receive_send.c **** 	 TxHeader.DataLength =FDCAN_DLC_BYTES_24;	
 376              		.loc 1 110 23
 377 0052 0C23     		movs	r3, #12
 378 0054 3B62     		str	r3, [r7, #32]
 379 0056 0AE0     		b	.L7
 380              	.L11:
 111:User/BSP/CAN_receive_send.c **** 	}else  if(len==48)
 381              		.loc 1 111 11
 382 0058 3B68     		ldr	r3, [r7]
 383 005a 302B     		cmp	r3, #48
 384 005c 02D1     		bne	.L12
 112:User/BSP/CAN_receive_send.c **** 	{
 113:User/BSP/CAN_receive_send.c **** 	 TxHeader.DataLength =FDCAN_DLC_BYTES_48;
 385              		.loc 1 113 23
 386 005e 0E23     		movs	r3, #14
 387 0060 3B62     		str	r3, [r7, #32]
 388 0062 04E0     		b	.L7
 389              	.L12:
 114:User/BSP/CAN_receive_send.c **** 	}else  if(len==64)
 390              		.loc 1 114 11
 391 0064 3B68     		ldr	r3, [r7]
 392 0066 402B     		cmp	r3, #64
 393 0068 01D1     		bne	.L7
 115:User/BSP/CAN_receive_send.c ****    {
ARM GAS  C:\Users\23671\AppData\Local\Temp\ccY2qcSa.s 			page 10


 116:User/BSP/CAN_receive_send.c **** 		 TxHeader.DataLength =FDCAN_DLC_BYTES_64;
 394              		.loc 1 116 24
 395 006a 0F23     		movs	r3, #15
 396 006c 3B62     		str	r3, [r7, #32]
 397              	.L7:
 117:User/BSP/CAN_receive_send.c **** 	 }
 118:User/BSP/CAN_receive_send.c **** 											
 119:User/BSP/CAN_receive_send.c **** 	TxHeader.ErrorStateIndicator =  FDCAN_ESI_ACTIVE;
 398              		.loc 1 119 31
 399 006e 0023     		movs	r3, #0
 400 0070 7B62     		str	r3, [r7, #36]
 120:User/BSP/CAN_receive_send.c ****   TxHeader.BitRateSwitch = FDCAN_BRS_OFF;//比特率切换关闭，不适用于经典CAN
 401              		.loc 1 120 26
 402 0072 0023     		movs	r3, #0
 403 0074 BB62     		str	r3, [r7, #40]
 121:User/BSP/CAN_receive_send.c ****   TxHeader.FDFormat =  FDCAN_CLASSIC_CAN;            // CANFD
 404              		.loc 1 121 21
 405 0076 0023     		movs	r3, #0
 406 0078 FB62     		str	r3, [r7, #44]
 122:User/BSP/CAN_receive_send.c ****   TxHeader.TxEventFifoControl =  FDCAN_NO_TX_EVENTS;  
 407              		.loc 1 122 31
 408 007a 0023     		movs	r3, #0
 409 007c 3B63     		str	r3, [r7, #48]
 123:User/BSP/CAN_receive_send.c ****   TxHeader.MessageMarker = 0x00;//消息标记
 410              		.loc 1 123 26
 411 007e 0023     		movs	r3, #0
 412 0080 7B63     		str	r3, [r7, #52]
 124:User/BSP/CAN_receive_send.c **** 
 125:User/BSP/CAN_receive_send.c ****    // 发送CAN指令
 126:User/BSP/CAN_receive_send.c ****   if(HAL_FDCAN_AddMessageToTxFifoQ(hcan, &TxHeader, data) != HAL_OK)
 413              		.loc 1 126 6
 414 0082 07F11403 		add	r3, r7, #20
 415 0086 7A68     		ldr	r2, [r7, #4]
 416 0088 1946     		mov	r1, r3
 417 008a F868     		ldr	r0, [r7, #12]
 418 008c FFF7FEFF 		bl	HAL_FDCAN_AddMessageToTxFifoQ
 419 0090 0346     		mov	r3, r0
 420              		.loc 1 126 5 discriminator 1
 421 0092 002B     		cmp	r3, #0
 422 0094 01D0     		beq	.L13
 127:User/BSP/CAN_receive_send.c ****   {
 128:User/BSP/CAN_receive_send.c ****         // 发送失败处理
 129:User/BSP/CAN_receive_send.c ****        Error_Handler();      
 423              		.loc 1 129 8
 424 0096 FFF7FEFF 		bl	Error_Handler
 425              	.L13:
 130:User/BSP/CAN_receive_send.c ****   }
 131:User/BSP/CAN_receive_send.c **** 	 return 0;
 426              		.loc 1 131 10
 427 009a 0023     		movs	r3, #0
 132:User/BSP/CAN_receive_send.c **** }
 428              		.loc 1 132 1
 429 009c 1846     		mov	r0, r3
 430 009e 3837     		adds	r7, r7, #56
 431              	.LCFI14:
 432              		.cfi_def_cfa_offset 8
 433 00a0 BD46     		mov	sp, r7
ARM GAS  C:\Users\23671\AppData\Local\Temp\ccY2qcSa.s 			page 11


 434              	.LCFI15:
 435              		.cfi_def_cfa_register 13
 436              		@ sp needed
 437 00a2 80BD     		pop	{r7, pc}
 438              		.cfi_endproc
 439              	.LFE146:
 441              		.global	a
 442              		.section	.bss.a,"aw",%nobits
 443              		.align	2
 446              	a:
 447 0000 00000000 		.space	4
 448              		.section	.text.fdcanx_receive,"ax",%progbits
 449              		.align	1
 450              		.global	fdcanx_receive
 451              		.syntax unified
 452              		.thumb
 453              		.thumb_func
 455              	fdcanx_receive:
 456              	.LFB147:
 133:User/BSP/CAN_receive_send.c **** 
 134:User/BSP/CAN_receive_send.c **** /**
 135:User/BSP/CAN_receive_send.c **** ************************************************************************
 136:User/BSP/CAN_receive_send.c **** * @brief:      	fdcanx_receive(FDCAN_HandleTypeDef *hfdcan, uint8_t *buf)
 137:User/BSP/CAN_receive_send.c **** * @param:       hfdcan：FDCAN句柄
 138:User/BSP/CAN_receive_send.c **** * @param:       buf：接收数据缓存
 139:User/BSP/CAN_receive_send.c **** * @retval:     	接收的数据长度
 140:User/BSP/CAN_receive_send.c **** * @details:    	接收数据
 141:User/BSP/CAN_receive_send.c **** ************************************************************************
 142:User/BSP/CAN_receive_send.c **** **/
 143:User/BSP/CAN_receive_send.c **** //因为源代码没用这个函数，所以直接全改了
 144:User/BSP/CAN_receive_send.c **** int a;
 145:User/BSP/CAN_receive_send.c **** uint8_t fdcanx_receive(FDCAN_HandleTypeDef *hfdcan,uint32_t RXFIFO,FDCAN_RxHeaderTypeDef *fdcan_RxH
 146:User/BSP/CAN_receive_send.c **** {	
 457              		.loc 1 146 1
 458              		.cfi_startproc
 459              		@ args = 0, pretend = 0, frame = 16
 460              		@ frame_needed = 1, uses_anonymous_args = 0
 461 0000 80B5     		push	{r7, lr}
 462              	.LCFI16:
 463              		.cfi_def_cfa_offset 8
 464              		.cfi_offset 7, -8
 465              		.cfi_offset 14, -4
 466 0002 84B0     		sub	sp, sp, #16
 467              	.LCFI17:
 468              		.cfi_def_cfa_offset 24
 469 0004 00AF     		add	r7, sp, #0
 470              	.LCFI18:
 471              		.cfi_def_cfa_register 7
 472 0006 F860     		str	r0, [r7, #12]
 473 0008 B960     		str	r1, [r7, #8]
 474 000a 7A60     		str	r2, [r7, #4]
 475 000c 3B60     		str	r3, [r7]
 147:User/BSP/CAN_receive_send.c ****   if(HAL_FDCAN_GetRxMessage(hfdcan,RXFIFO,fdcan_RxHeader,buf)!=HAL_OK)
 476              		.loc 1 147 6
 477 000e 3B68     		ldr	r3, [r7]
 478 0010 7A68     		ldr	r2, [r7, #4]
 479 0012 B968     		ldr	r1, [r7, #8]
ARM GAS  C:\Users\23671\AppData\Local\Temp\ccY2qcSa.s 			page 12


 480 0014 F868     		ldr	r0, [r7, #12]
 481 0016 FFF7FEFF 		bl	HAL_FDCAN_GetRxMessage
 482 001a 0346     		mov	r3, r0
 483              		.loc 1 147 5 discriminator 1
 484 001c 002B     		cmp	r3, #0
 485 001e 02D0     		beq	.L16
 148:User/BSP/CAN_receive_send.c **** 		a = 1;
 486              		.loc 1 148 5
 487 0020 054B     		ldr	r3, .L18
 488 0022 0122     		movs	r2, #1
 489 0024 1A60     		str	r2, [r3]
 490              	.L16:
 149:User/BSP/CAN_receive_send.c **** 		//return 0;//接收数据
 150:User/BSP/CAN_receive_send.c ****   return fdcan_RxHeader->DataLength>>16;	
 491              		.loc 1 150 24
 492 0026 7B68     		ldr	r3, [r7, #4]
 493 0028 DB68     		ldr	r3, [r3, #12]
 494              		.loc 1 150 36
 495 002a 1B0C     		lsrs	r3, r3, #16
 496 002c DBB2     		uxtb	r3, r3
 151:User/BSP/CAN_receive_send.c **** }
 497              		.loc 1 151 1
 498 002e 1846     		mov	r0, r3
 499 0030 1037     		adds	r7, r7, #16
 500              	.LCFI19:
 501              		.cfi_def_cfa_offset 8
 502 0032 BD46     		mov	sp, r7
 503              	.LCFI20:
 504              		.cfi_def_cfa_register 13
 505              		@ sp needed
 506 0034 80BD     		pop	{r7, pc}
 507              	.L19:
 508 0036 00BF     		.align	2
 509              	.L18:
 510 0038 00000000 		.word	a
 511              		.cfi_endproc
 512              	.LFE147:
 514              		.global	__aeabi_l2f
 515              		.global	__aeabi_f2lz
 516              		.section	.text.process_motor_data,"ax",%progbits
 517              		.align	1
 518              		.global	process_motor_data
 519              		.syntax unified
 520              		.thumb
 521              		.thumb_func
 523              	process_motor_data:
 524              	.LFB148:
 152:User/BSP/CAN_receive_send.c **** 
 153:User/BSP/CAN_receive_send.c **** /**
 154:User/BSP/CAN_receive_send.c ****  * @brief CAN接受回调函数
 155:User/BSP/CAN_receive_send.c ****  * 
 156:User/BSP/CAN_receive_send.c ****  * @param hfdcan 
 157:User/BSP/CAN_receive_send.c ****  * @param RxFifo0ITs 
 158:User/BSP/CAN_receive_send.c ****  */
 159:User/BSP/CAN_receive_send.c **** /*编码器累加计算*/
 160:User/BSP/CAN_receive_send.c **** void process_motor_data(motor_measure_t *motor_data)
 161:User/BSP/CAN_receive_send.c **** {
ARM GAS  C:\Users\23671\AppData\Local\Temp\ccY2qcSa.s 			page 13


 525              		.loc 1 161 1
 526              		.cfi_startproc
 527              		@ args = 0, pretend = 0, frame = 8
 528              		@ frame_needed = 1, uses_anonymous_args = 0
 529 0000 2DE9B043 		push	{r4, r5, r7, r8, r9, lr}
 530              	.LCFI21:
 531              		.cfi_def_cfa_offset 24
 532              		.cfi_offset 4, -24
 533              		.cfi_offset 5, -20
 534              		.cfi_offset 7, -16
 535              		.cfi_offset 8, -12
 536              		.cfi_offset 9, -8
 537              		.cfi_offset 14, -4
 538 0004 82B0     		sub	sp, sp, #8
 539              	.LCFI22:
 540              		.cfi_def_cfa_offset 32
 541 0006 00AF     		add	r7, sp, #0
 542              	.LCFI23:
 543              		.cfi_def_cfa_register 7
 544 0008 7860     		str	r0, [r7, #4]
 162:User/BSP/CAN_receive_send.c ****   // 计算总圈数
 163:User/BSP/CAN_receive_send.c ****   if (motor_data->last_ecd > 7000 && motor_data->ecd < 1000)
 545              		.loc 1 163 17
 546 000a 7B68     		ldr	r3, [r7, #4]
 547 000c B3F90A30 		ldrsh	r3, [r3, #10]
 548              		.loc 1 163 6
 549 0010 41F65832 		movw	r2, #7000
 550 0014 9342     		cmp	r3, r2
 551 0016 2CDD     		ble	.L21
 552              		.loc 1 163 48 discriminator 1
 553 0018 7B68     		ldr	r3, [r7, #4]
 554 001a 5B88     		ldrh	r3, [r3, #2]
 555              		.loc 1 163 35 discriminator 1
 556 001c B3F57A7F 		cmp	r3, #1000
 557 0020 27D2     		bcs	.L21
 164:User/BSP/CAN_receive_send.c ****     motor_data->ecd_cnt += ((ECD_MAX - motor_data->last_ecd) + motor_data->ecd);
 558              		.loc 1 164 15
 559 0022 7B68     		ldr	r3, [r7, #4]
 560 0024 D3E90423 		ldrd	r2, [r3, #16]
 561              		.loc 1 164 25
 562 0028 1046     		mov	r0, r2
 563 002a 1946     		mov	r1, r3
 564 002c FFF7FEFF 		bl	__aeabi_l2f
 565 0030 06EE900A 		vmov	s13, r0
 566              		.loc 1 164 50
 567 0034 7B68     		ldr	r3, [r7, #4]
 568 0036 B3F90A30 		ldrsh	r3, [r3, #10]
 569              		.loc 1 164 38
 570 003a 07EE903A 		vmov	s15, r3	@ int
 571 003e F8EEE77A 		vcvt.f32.s32	s15, s15
 572 0042 9FED337A 		vldr.32	s14, .L24
 573 0046 37EE677A 		vsub.f32	s14, s14, s15
 574              		.loc 1 164 74
 575 004a 7B68     		ldr	r3, [r7, #4]
 576 004c 5B88     		ldrh	r3, [r3, #2]
 577 004e 07EE903A 		vmov	s15, r3	@ int
 578              		.loc 1 164 62
ARM GAS  C:\Users\23671\AppData\Local\Temp\ccY2qcSa.s 			page 14


 579 0052 F8EEE77A 		vcvt.f32.s32	s15, s15
 580 0056 77EE277A 		vadd.f32	s15, s14, s15
 581              		.loc 1 164 25
 582 005a 76EEA77A 		vadd.f32	s15, s13, s15
 583 005e 17EE900A 		vmov	r0, s15
 584 0062 FFF7FEFF 		bl	__aeabi_f2lz
 585 0066 0246     		mov	r2, r0
 586 0068 0B46     		mov	r3, r1
 587 006a 7968     		ldr	r1, [r7, #4]
 588 006c C1E90423 		strd	r2, [r1, #16]
 589 0070 48E0     		b	.L22
 590              	.L21:
 165:User/BSP/CAN_receive_send.c ****   else if (motor_data->last_ecd < 1000 && motor_data->ecd > 7000)
 591              		.loc 1 165 22
 592 0072 7B68     		ldr	r3, [r7, #4]
 593 0074 B3F90A30 		ldrsh	r3, [r3, #10]
 594              		.loc 1 165 11
 595 0078 B3F57A7F 		cmp	r3, #1000
 596 007c 2DDA     		bge	.L23
 597              		.loc 1 165 53 discriminator 1
 598 007e 7B68     		ldr	r3, [r7, #4]
 599 0080 5B88     		ldrh	r3, [r3, #2]
 600              		.loc 1 165 40 discriminator 1
 601 0082 41F65832 		movw	r2, #7000
 602 0086 9342     		cmp	r3, r2
 603 0088 27D9     		bls	.L23
 166:User/BSP/CAN_receive_send.c ****     motor_data->ecd_cnt -= ((ECD_MAX - motor_data->ecd) + motor_data->last_ecd);
 604              		.loc 1 166 15
 605 008a 7B68     		ldr	r3, [r7, #4]
 606 008c D3E90423 		ldrd	r2, [r3, #16]
 607              		.loc 1 166 25
 608 0090 1046     		mov	r0, r2
 609 0092 1946     		mov	r1, r3
 610 0094 FFF7FEFF 		bl	__aeabi_l2f
 611 0098 06EE900A 		vmov	s13, r0
 612              		.loc 1 166 50
 613 009c 7B68     		ldr	r3, [r7, #4]
 614 009e 5B88     		ldrh	r3, [r3, #2]
 615 00a0 07EE903A 		vmov	s15, r3	@ int
 616              		.loc 1 166 38
 617 00a4 F8EEE77A 		vcvt.f32.s32	s15, s15
 618 00a8 9FED197A 		vldr.32	s14, .L24
 619 00ac 37EE677A 		vsub.f32	s14, s14, s15
 620              		.loc 1 166 69
 621 00b0 7B68     		ldr	r3, [r7, #4]
 622 00b2 B3F90A30 		ldrsh	r3, [r3, #10]
 623              		.loc 1 166 57
 624 00b6 07EE903A 		vmov	s15, r3	@ int
 625 00ba F8EEE77A 		vcvt.f32.s32	s15, s15
 626 00be 77EE277A 		vadd.f32	s15, s14, s15
 627              		.loc 1 166 25
 628 00c2 76EEE77A 		vsub.f32	s15, s13, s15
 629 00c6 17EE900A 		vmov	r0, s15
 630 00ca FFF7FEFF 		bl	__aeabi_f2lz
 631 00ce 0246     		mov	r2, r0
 632 00d0 0B46     		mov	r3, r1
 633 00d2 7968     		ldr	r1, [r7, #4]
ARM GAS  C:\Users\23671\AppData\Local\Temp\ccY2qcSa.s 			page 15


 634 00d4 C1E90423 		strd	r2, [r1, #16]
 635 00d8 14E0     		b	.L22
 636              	.L23:
 167:User/BSP/CAN_receive_send.c ****   else
 168:User/BSP/CAN_receive_send.c ****     motor_data->ecd_cnt += (motor_data->ecd - motor_data->last_ecd);
 637              		.loc 1 168 15
 638 00da 7B68     		ldr	r3, [r7, #4]
 639 00dc D3E90423 		ldrd	r2, [r3, #16]
 640              		.loc 1 168 39
 641 00e0 7968     		ldr	r1, [r7, #4]
 642 00e2 4988     		ldrh	r1, [r1, #2]
 643 00e4 0846     		mov	r0, r1
 644              		.loc 1 168 57
 645 00e6 7968     		ldr	r1, [r7, #4]
 646 00e8 B1F90A10 		ldrsh	r1, [r1, #10]
 647              		.loc 1 168 45
 648 00ec 411A     		subs	r1, r0, r1
 649 00ee C817     		asrs	r0, r1, #31
 650 00f0 0C46     		mov	r4, r1
 651 00f2 0546     		mov	r5, r0
 652              		.loc 1 168 25
 653 00f4 12EB0408 		adds	r8, r2, r4
 654 00f8 43EB0509 		adc	r9, r3, r5
 655 00fc 7B68     		ldr	r3, [r7, #4]
 656 00fe C3E90489 		strd	r8, [r3, #16]
 169:User/BSP/CAN_receive_send.c **** }
 657              		.loc 1 169 1
 658 0102 00BF     		nop
 659              	.L22:
 660 0104 00BF     		nop
 661 0106 0837     		adds	r7, r7, #8
 662              	.LCFI24:
 663              		.cfi_def_cfa_offset 24
 664 0108 BD46     		mov	sp, r7
 665              	.LCFI25:
 666              		.cfi_def_cfa_register 13
 667              		@ sp needed
 668 010a BDE8B083 		pop	{r4, r5, r7, r8, r9, pc}
 669              	.L25:
 670 010e 00BF     		.align	2
 671              	.L24:
 672 0110 00000046 		.word	1174405120
 673              		.cfi_endproc
 674              	.LFE148:
 676              		.section	.text.HAL_FDCAN_RxFifo0Callback,"ax",%progbits
 677              		.align	1
 678              		.global	HAL_FDCAN_RxFifo0Callback
 679              		.syntax unified
 680              		.thumb
 681              		.thumb_func
 683              	HAL_FDCAN_RxFifo0Callback:
 684              	.LFB149:
 170:User/BSP/CAN_receive_send.c **** 
 171:User/BSP/CAN_receive_send.c **** //can接收回调  
 172:User/BSP/CAN_receive_send.c **** void HAL_FDCAN_RxFifo0Callback(FDCAN_HandleTypeDef *hfdcan, uint32_t RxFifo0ITs)
 173:User/BSP/CAN_receive_send.c **** {
 685              		.loc 1 173 1
ARM GAS  C:\Users\23671\AppData\Local\Temp\ccY2qcSa.s 			page 16


 686              		.cfi_startproc
 687              		@ args = 0, pretend = 0, frame = 56
 688              		@ frame_needed = 1, uses_anonymous_args = 0
 689 0000 80B5     		push	{r7, lr}
 690              	.LCFI26:
 691              		.cfi_def_cfa_offset 8
 692              		.cfi_offset 7, -8
 693              		.cfi_offset 14, -4
 694 0002 8EB0     		sub	sp, sp, #56
 695              	.LCFI27:
 696              		.cfi_def_cfa_offset 64
 697 0004 00AF     		add	r7, sp, #0
 698              	.LCFI28:
 699              		.cfi_def_cfa_register 7
 700 0006 7860     		str	r0, [r7, #4]
 701 0008 3960     		str	r1, [r7]
 174:User/BSP/CAN_receive_send.c **** 
 175:User/BSP/CAN_receive_send.c ****   FDCAN_RxHeaderTypeDef rx_header; // CAN 数据指针
 176:User/BSP/CAN_receive_send.c ****   uint8_t rx_data[8];              // 获取到的数据
 177:User/BSP/CAN_receive_send.c **** 
 178:User/BSP/CAN_receive_send.c ****   if ((RxFifo0ITs & FDCAN_IT_RX_FIFO0_NEW_MESSAGE) != RESET)
 702              		.loc 1 178 19
 703 000a 3B68     		ldr	r3, [r7]
 704 000c 03F00103 		and	r3, r3, #1
 705              		.loc 1 178 6
 706 0010 002B     		cmp	r3, #0
 707 0012 00F0E481 		beq	.L51
 179:User/BSP/CAN_receive_send.c ****   {
 180:User/BSP/CAN_receive_send.c ****     HAL_FDCAN_GetRxMessage(hfdcan, FDCAN_RX_FIFO0, &rx_header, rx_data);
 708              		.loc 1 180 5
 709 0016 07F10803 		add	r3, r7, #8
 710 001a 07F11002 		add	r2, r7, #16
 711 001e 4021     		movs	r1, #64
 712 0020 7868     		ldr	r0, [r7, #4]
 713 0022 FFF7FEFF 		bl	HAL_FDCAN_GetRxMessage
 181:User/BSP/CAN_receive_send.c ****     //超电帧
 182:User/BSP/CAN_receive_send.c ****     if(rx_header.Identifier==Supercap_receive_id)
 714              		.loc 1 182 17
 715 0026 3B69     		ldr	r3, [r7, #16]
 716              		.loc 1 182 7
 717 0028 40F20732 		movw	r2, #775
 718 002c 9342     		cmp	r3, r2
 719 002e 05D1     		bne	.L28
 183:User/BSP/CAN_receive_send.c ****       Supercup_decode_candata(hfdcan,rx_data);
 720              		.loc 1 183 7
 721 0030 07F10803 		add	r3, r7, #8
 722 0034 1946     		mov	r1, r3
 723 0036 7868     		ldr	r0, [r7, #4]
 724 0038 FFF7FEFF 		bl	Supercup_decode_candata
 725              	.L28:
 184:User/BSP/CAN_receive_send.c ****     //电机帧
 185:User/BSP/CAN_receive_send.c ****     DJIMotor_decode_candata(hfdcan, rx_header.Identifier, rx_data);
 726              		.loc 1 185 5
 727 003c 3B69     		ldr	r3, [r7, #16]
 728 003e 07F10802 		add	r2, r7, #8
 729 0042 1946     		mov	r1, r3
 730 0044 7868     		ldr	r0, [r7, #4]
ARM GAS  C:\Users\23671\AppData\Local\Temp\ccY2qcSa.s 			page 17


 731 0046 FFF7FEFF 		bl	DJIMotor_decode_candata
 186:User/BSP/CAN_receive_send.c ****   
 187:User/BSP/CAN_receive_send.c **** //达妙
 188:User/BSP/CAN_receive_send.c ****         if(hfdcan->Instance == FDCAN1)
 732              		.loc 1 188 18
 733 004a 7B68     		ldr	r3, [r7, #4]
 734 004c 1B68     		ldr	r3, [r3]
 735              		.loc 1 188 11
 736 004e B34A     		ldr	r2, .L56
 737 0050 9342     		cmp	r3, r2
 738 0052 40F00281 		bne	.L29
 189:User/BSP/CAN_receive_send.c **** 		{			
 190:User/BSP/CAN_receive_send.c **** 			memset(g_Can1RxData, 0, sizeof(g_Can1RxData));
 739              		.loc 1 190 4
 740 0056 4022     		movs	r2, #64
 741 0058 0021     		movs	r1, #0
 742 005a B148     		ldr	r0, .L56+4
 743 005c FFF7FEFF 		bl	memset
 191:User/BSP/CAN_receive_send.c **** 			fdcanx_receive(hfdcan,FDCAN_RX_FIFO0,&RxHeader1,g_Can1RxData);
 744              		.loc 1 191 4
 745 0060 AF4B     		ldr	r3, .L56+4
 746 0062 B04A     		ldr	r2, .L56+8
 747 0064 4021     		movs	r1, #64
 748 0066 7868     		ldr	r0, [r7, #4]
 749 0068 FFF7FEFF 		bl	fdcanx_receive
 192:User/BSP/CAN_receive_send.c ****        	switch(RxHeader1.Identifier)
 750              		.loc 1 192 25
 751 006c AD4B     		ldr	r3, .L56+8
 752 006e 1B68     		ldr	r3, [r3]
 753              		.loc 1 192 9
 754 0070 012B     		cmp	r3, #1
 755 0072 21D0     		beq	.L30
 756 0074 002B     		cmp	r3, #0
 757 0076 00F0AF81 		beq	.L52
 758 007a B3F5027F 		cmp	r3, #520
 759 007e 80F0AB81 		bcs	.L52
 760 0082 B3F5007F 		cmp	r3, #512
 761 0086 40F2A781 		bls	.L52
 762 008a A3F20123 		subw	r3, r3, #513
 763 008e 062B     		cmp	r3, #6
 764 0090 00F2A281 		bhi	.L52
 765 0094 01A2     		adr	r2, .L33
 766 0096 52F823F0 		ldr	pc, [r2, r3, lsl #2]
 767 009a 00BF     		.p2align 2
 768              	.L33:
 769 009c C9000000 		.word	.L39+1
 770 00a0 0B010000 		.word	.L38+1
 771 00a4 43010000 		.word	.L37+1
 772 00a8 7B010000 		.word	.L36+1
 773 00ac B3010000 		.word	.L35+1
 774 00b0 EB010000 		.word	.L34+1
 775 00b4 23020000 		.word	.L32+1
 776              		.p2align 1
 777              	.L30:
 193:User/BSP/CAN_receive_send.c **** 				{
 194:User/BSP/CAN_receive_send.c **** 					case 1 :dm8009_fbdata(&arm_motor[Motor1], g_Can1RxData,RxHeader1.DataLength);break;
 778              		.loc 1 194 14
ARM GAS  C:\Users\23671\AppData\Local\Temp\ccY2qcSa.s 			page 18


 779 00b8 9A4B     		ldr	r3, .L56+8
 780 00ba DB68     		ldr	r3, [r3, #12]
 781 00bc 1A46     		mov	r2, r3
 782 00be 9849     		ldr	r1, .L56+4
 783 00c0 9948     		ldr	r0, .L56+12
 784 00c2 FFF7FEFF 		bl	dm8009_fbdata
 785              		.loc 1 194 83
 786 00c6 8AE1     		b	.L27
 787              	.L39:
 195:User/BSP/CAN_receive_send.c **** 					case CAN_ID1 :get_motor_measure(&motor_data[RxHeader1.Identifier - CAN_ID1], g_Can1RxData);
 788              		.loc 1 195 59
 789 00c8 964B     		ldr	r3, .L56+8
 790 00ca 1B68     		ldr	r3, [r3]
 791              		.loc 1 195 71
 792 00cc A3F20122 		subw	r2, r3, #513
 793              		.loc 1 195 20
 794 00d0 1346     		mov	r3, r2
 795 00d2 DB00     		lsls	r3, r3, #3
 796 00d4 9B1A     		subs	r3, r3, r2
 797 00d6 DB00     		lsls	r3, r3, #3
 798 00d8 944A     		ldr	r2, .L56+16
 799 00da 1344     		add	r3, r3, r2
 800 00dc 9049     		ldr	r1, .L56+4
 801 00de 1846     		mov	r0, r3
 802 00e0 FFF7FEFF 		bl	get_motor_measure
 196:User/BSP/CAN_receive_send.c **** 										process_motor_data(&motor_data[RxHeader1.Identifier - CAN_ID1]);Flag_damiao[1] += 1;break
 803              		.loc 1 196 51
 804 00e4 8F4B     		ldr	r3, .L56+8
 805 00e6 1B68     		ldr	r3, [r3]
 806              		.loc 1 196 63
 807 00e8 A3F20122 		subw	r2, r3, #513
 808              		.loc 1 196 11
 809 00ec 1346     		mov	r3, r2
 810 00ee DB00     		lsls	r3, r3, #3
 811 00f0 9B1A     		subs	r3, r3, r2
 812 00f2 DB00     		lsls	r3, r3, #3
 813 00f4 8D4A     		ldr	r2, .L56+16
 814 00f6 1344     		add	r3, r3, r2
 815 00f8 1846     		mov	r0, r3
 816 00fa FFF7FEFF 		bl	process_motor_data
 817              		.loc 1 196 86 discriminator 1
 818 00fe 8C4B     		ldr	r3, .L56+20
 819 0100 5B68     		ldr	r3, [r3, #4]
 820              		.loc 1 196 90 discriminator 1
 821 0102 0133     		adds	r3, r3, #1
 822 0104 8A4A     		ldr	r2, .L56+20
 823 0106 5360     		str	r3, [r2, #4]
 824              		.loc 1 196 95
 825 0108 69E1     		b	.L27
 826              	.L38:
 197:User/BSP/CAN_receive_send.c ****           case 0x202 :get_motor_measure(&motor_data[RxHeader1.Identifier - CAN_ID1], g_Can1RxData);
 827              		.loc 1 197 62
 828 010a 864B     		ldr	r3, .L56+8
 829 010c 1B68     		ldr	r3, [r3]
 830              		.loc 1 197 74
 831 010e A3F20122 		subw	r2, r3, #513
 832              		.loc 1 197 23
ARM GAS  C:\Users\23671\AppData\Local\Temp\ccY2qcSa.s 			page 19


 833 0112 1346     		mov	r3, r2
 834 0114 DB00     		lsls	r3, r3, #3
 835 0116 9B1A     		subs	r3, r3, r2
 836 0118 DB00     		lsls	r3, r3, #3
 837 011a 844A     		ldr	r2, .L56+16
 838 011c 1344     		add	r3, r3, r2
 839 011e 8049     		ldr	r1, .L56+4
 840 0120 1846     		mov	r0, r3
 841 0122 FFF7FEFF 		bl	get_motor_measure
 198:User/BSP/CAN_receive_send.c **** 						        process_motor_data(&motor_data[RxHeader1.Identifier - CAN_ID1]);break;
 842              		.loc 1 198 55
 843 0126 7F4B     		ldr	r3, .L56+8
 844 0128 1B68     		ldr	r3, [r3]
 845              		.loc 1 198 67
 846 012a A3F20122 		subw	r2, r3, #513
 847              		.loc 1 198 15
 848 012e 1346     		mov	r3, r2
 849 0130 DB00     		lsls	r3, r3, #3
 850 0132 9B1A     		subs	r3, r3, r2
 851 0134 DB00     		lsls	r3, r3, #3
 852 0136 7D4A     		ldr	r2, .L56+16
 853 0138 1344     		add	r3, r3, r2
 854 013a 1846     		mov	r0, r3
 855 013c FFF7FEFF 		bl	process_motor_data
 856              		.loc 1 198 79
 857 0140 4DE1     		b	.L27
 858              	.L37:
 199:User/BSP/CAN_receive_send.c ****           case 0x203 :get_motor_measure(&motor_data[RxHeader1.Identifier - CAN_ID1], g_Can1RxData);
 859              		.loc 1 199 62
 860 0142 784B     		ldr	r3, .L56+8
 861 0144 1B68     		ldr	r3, [r3]
 862              		.loc 1 199 74
 863 0146 A3F20122 		subw	r2, r3, #513
 864              		.loc 1 199 23
 865 014a 1346     		mov	r3, r2
 866 014c DB00     		lsls	r3, r3, #3
 867 014e 9B1A     		subs	r3, r3, r2
 868 0150 DB00     		lsls	r3, r3, #3
 869 0152 764A     		ldr	r2, .L56+16
 870 0154 1344     		add	r3, r3, r2
 871 0156 7249     		ldr	r1, .L56+4
 872 0158 1846     		mov	r0, r3
 873 015a FFF7FEFF 		bl	get_motor_measure
 200:User/BSP/CAN_receive_send.c **** 						        process_motor_data(&motor_data[RxHeader1.Identifier - CAN_ID1]);break;
 874              		.loc 1 200 55
 875 015e 714B     		ldr	r3, .L56+8
 876 0160 1B68     		ldr	r3, [r3]
 877              		.loc 1 200 67
 878 0162 A3F20122 		subw	r2, r3, #513
 879              		.loc 1 200 15
 880 0166 1346     		mov	r3, r2
 881 0168 DB00     		lsls	r3, r3, #3
 882 016a 9B1A     		subs	r3, r3, r2
 883 016c DB00     		lsls	r3, r3, #3
 884 016e 6F4A     		ldr	r2, .L56+16
 885 0170 1344     		add	r3, r3, r2
 886 0172 1846     		mov	r0, r3
ARM GAS  C:\Users\23671\AppData\Local\Temp\ccY2qcSa.s 			page 20


 887 0174 FFF7FEFF 		bl	process_motor_data
 888              		.loc 1 200 79
 889 0178 31E1     		b	.L27
 890              	.L36:
 201:User/BSP/CAN_receive_send.c ****           case 0x204 :get_motor_measure(&motor_data[RxHeader1.Identifier - CAN_ID1], g_Can1RxData);
 891              		.loc 1 201 62
 892 017a 6A4B     		ldr	r3, .L56+8
 893 017c 1B68     		ldr	r3, [r3]
 894              		.loc 1 201 74
 895 017e A3F20122 		subw	r2, r3, #513
 896              		.loc 1 201 23
 897 0182 1346     		mov	r3, r2
 898 0184 DB00     		lsls	r3, r3, #3
 899 0186 9B1A     		subs	r3, r3, r2
 900 0188 DB00     		lsls	r3, r3, #3
 901 018a 684A     		ldr	r2, .L56+16
 902 018c 1344     		add	r3, r3, r2
 903 018e 6449     		ldr	r1, .L56+4
 904 0190 1846     		mov	r0, r3
 905 0192 FFF7FEFF 		bl	get_motor_measure
 202:User/BSP/CAN_receive_send.c **** 						        process_motor_data(&motor_data[RxHeader1.Identifier - CAN_ID1]);break;
 906              		.loc 1 202 55
 907 0196 634B     		ldr	r3, .L56+8
 908 0198 1B68     		ldr	r3, [r3]
 909              		.loc 1 202 67
 910 019a A3F20122 		subw	r2, r3, #513
 911              		.loc 1 202 15
 912 019e 1346     		mov	r3, r2
 913 01a0 DB00     		lsls	r3, r3, #3
 914 01a2 9B1A     		subs	r3, r3, r2
 915 01a4 DB00     		lsls	r3, r3, #3
 916 01a6 614A     		ldr	r2, .L56+16
 917 01a8 1344     		add	r3, r3, r2
 918 01aa 1846     		mov	r0, r3
 919 01ac FFF7FEFF 		bl	process_motor_data
 920              		.loc 1 202 79
 921 01b0 15E1     		b	.L27
 922              	.L35:
 203:User/BSP/CAN_receive_send.c **** 	        case 0x205 :get_motor_measure(&motor_data[RxHeader1.Identifier - CAN_ID1], g_Can1RxData);
 923              		.loc 1 203 61
 924 01b2 5C4B     		ldr	r3, .L56+8
 925 01b4 1B68     		ldr	r3, [r3]
 926              		.loc 1 203 73
 927 01b6 A3F20122 		subw	r2, r3, #513
 928              		.loc 1 203 22
 929 01ba 1346     		mov	r3, r2
 930 01bc DB00     		lsls	r3, r3, #3
 931 01be 9B1A     		subs	r3, r3, r2
 932 01c0 DB00     		lsls	r3, r3, #3
 933 01c2 5A4A     		ldr	r2, .L56+16
 934 01c4 1344     		add	r3, r3, r2
 935 01c6 5649     		ldr	r1, .L56+4
 936 01c8 1846     		mov	r0, r3
 937 01ca FFF7FEFF 		bl	get_motor_measure
 204:User/BSP/CAN_receive_send.c **** 										process_motor_data(&motor_data[RxHeader1.Identifier - CAN_ID1]);break;
 938              		.loc 1 204 51
 939 01ce 554B     		ldr	r3, .L56+8
ARM GAS  C:\Users\23671\AppData\Local\Temp\ccY2qcSa.s 			page 21


 940 01d0 1B68     		ldr	r3, [r3]
 941              		.loc 1 204 63
 942 01d2 A3F20122 		subw	r2, r3, #513
 943              		.loc 1 204 11
 944 01d6 1346     		mov	r3, r2
 945 01d8 DB00     		lsls	r3, r3, #3
 946 01da 9B1A     		subs	r3, r3, r2
 947 01dc DB00     		lsls	r3, r3, #3
 948 01de 534A     		ldr	r2, .L56+16
 949 01e0 1344     		add	r3, r3, r2
 950 01e2 1846     		mov	r0, r3
 951 01e4 FFF7FEFF 		bl	process_motor_data
 952              		.loc 1 204 75
 953 01e8 F9E0     		b	.L27
 954              	.L34:
 205:User/BSP/CAN_receive_send.c **** 					 case 0x206 :get_motor_measure(&motor_data[RxHeader1.Identifier - CAN_ID1], g_Can1RxData);
 955              		.loc 1 205 58
 956 01ea 4E4B     		ldr	r3, .L56+8
 957 01ec 1B68     		ldr	r3, [r3]
 958              		.loc 1 205 70
 959 01ee A3F20122 		subw	r2, r3, #513
 960              		.loc 1 205 19
 961 01f2 1346     		mov	r3, r2
 962 01f4 DB00     		lsls	r3, r3, #3
 963 01f6 9B1A     		subs	r3, r3, r2
 964 01f8 DB00     		lsls	r3, r3, #3
 965 01fa 4C4A     		ldr	r2, .L56+16
 966 01fc 1344     		add	r3, r3, r2
 967 01fe 4849     		ldr	r1, .L56+4
 968 0200 1846     		mov	r0, r3
 969 0202 FFF7FEFF 		bl	get_motor_measure
 206:User/BSP/CAN_receive_send.c **** 										process_motor_data(&motor_data[RxHeader1.Identifier - CAN_ID1]);break;
 970              		.loc 1 206 51
 971 0206 474B     		ldr	r3, .L56+8
 972 0208 1B68     		ldr	r3, [r3]
 973              		.loc 1 206 63
 974 020a A3F20122 		subw	r2, r3, #513
 975              		.loc 1 206 11
 976 020e 1346     		mov	r3, r2
 977 0210 DB00     		lsls	r3, r3, #3
 978 0212 9B1A     		subs	r3, r3, r2
 979 0214 DB00     		lsls	r3, r3, #3
 980 0216 454A     		ldr	r2, .L56+16
 981 0218 1344     		add	r3, r3, r2
 982 021a 1846     		mov	r0, r3
 983 021c FFF7FEFF 		bl	process_motor_data
 984              		.loc 1 206 75
 985 0220 DDE0     		b	.L27
 986              	.L32:
 207:User/BSP/CAN_receive_send.c **** 					 case 0x207 :get_motor_measure(&motor_data[RxHeader1.Identifier - CAN_ID1], g_Can1RxData);
 987              		.loc 1 207 58
 988 0222 404B     		ldr	r3, .L56+8
 989 0224 1B68     		ldr	r3, [r3]
 990              		.loc 1 207 70
 991 0226 A3F20122 		subw	r2, r3, #513
 992              		.loc 1 207 19
 993 022a 1346     		mov	r3, r2
ARM GAS  C:\Users\23671\AppData\Local\Temp\ccY2qcSa.s 			page 22


 994 022c DB00     		lsls	r3, r3, #3
 995 022e 9B1A     		subs	r3, r3, r2
 996 0230 DB00     		lsls	r3, r3, #3
 997 0232 3E4A     		ldr	r2, .L56+16
 998 0234 1344     		add	r3, r3, r2
 999 0236 3A49     		ldr	r1, .L56+4
 1000 0238 1846     		mov	r0, r3
 1001 023a FFF7FEFF 		bl	get_motor_measure
 208:User/BSP/CAN_receive_send.c **** 										process_motor_data(&motor_data[RxHeader1.Identifier - CAN_ID1]);break;
 1002              		.loc 1 208 51
 1003 023e 394B     		ldr	r3, .L56+8
 1004 0240 1B68     		ldr	r3, [r3]
 1005              		.loc 1 208 63
 1006 0242 A3F20122 		subw	r2, r3, #513
 1007              		.loc 1 208 11
 1008 0246 1346     		mov	r3, r2
 1009 0248 DB00     		lsls	r3, r3, #3
 1010 024a 9B1A     		subs	r3, r3, r2
 1011 024c DB00     		lsls	r3, r3, #3
 1012 024e 374A     		ldr	r2, .L56+16
 1013 0250 1344     		add	r3, r3, r2
 1014 0252 1846     		mov	r0, r3
 1015 0254 FFF7FEFF 		bl	process_motor_data
 1016              		.loc 1 208 75
 1017 0258 C1E0     		b	.L27
 1018              	.L29:
 209:User/BSP/CAN_receive_send.c **** 					default:break;
 210:User/BSP/CAN_receive_send.c **** 				}				
 211:User/BSP/CAN_receive_send.c ****    	}
 212:User/BSP/CAN_receive_send.c **** 		else if(hfdcan->Instance == FDCAN2)
 1019              		.loc 1 212 17
 1020 025a 7B68     		ldr	r3, [r7, #4]
 1021 025c 1B68     		ldr	r3, [r3]
 1022              		.loc 1 212 10
 1023 025e 354A     		ldr	r2, .L56+24
 1024 0260 9342     		cmp	r3, r2
 1025 0262 40F08D80 		bne	.L41
 213:User/BSP/CAN_receive_send.c **** 		{
 214:User/BSP/CAN_receive_send.c **** 			memset(g_Can1RxData, 0, sizeof(g_Can1RxData));
 1026              		.loc 1 214 4
 1027 0266 4022     		movs	r2, #64
 1028 0268 0021     		movs	r1, #0
 1029 026a 2D48     		ldr	r0, .L56+4
 1030 026c FFF7FEFF 		bl	memset
 215:User/BSP/CAN_receive_send.c **** 			fdcanx_receive(hfdcan,FDCAN_RX_FIFO0,&RxHeader1,g_Can1RxData);							
 1031              		.loc 1 215 4
 1032 0270 2B4B     		ldr	r3, .L56+4
 1033 0272 2C4A     		ldr	r2, .L56+8
 1034 0274 4021     		movs	r1, #64
 1035 0276 7868     		ldr	r0, [r7, #4]
 1036 0278 FFF7FEFF 		bl	fdcanx_receive
 216:User/BSP/CAN_receive_send.c **** 			
 217:User/BSP/CAN_receive_send.c ****     	switch(RxHeader1.Identifier)
 1037              		.loc 1 217 22
 1038 027c 294B     		ldr	r3, .L56+8
 1039 027e 1B68     		ldr	r3, [r3]
 1040              		.loc 1 217 6
ARM GAS  C:\Users\23671\AppData\Local\Temp\ccY2qcSa.s 			page 23


 1041 0280 052B     		cmp	r3, #5
 1042 0282 11D8     		bhi	.L42
 1043 0284 022B     		cmp	r3, #2
 1044 0286 C0F0A980 		bcc	.L53
 1045 028a 023B     		subs	r3, r3, #2
 1046 028c 032B     		cmp	r3, #3
 1047 028e 00F2A580 		bhi	.L53
 1048 0292 01A2     		adr	r2, .L45
 1049 0294 52F823F0 		ldr	pc, [r2, r3, lsl #2]
 1050              		.p2align 2
 1051              	.L45:
 1052 0298 B3020000 		.word	.L48+1
 1053 029c CD020000 		.word	.L47+1
 1054 02a0 E7020000 		.word	.L46+1
 1055 02a4 01030000 		.word	.L44+1
 1056              		.p2align 1
 1057              	.L42:
 1058 02a8 40F20622 		movw	r2, #518
 1059 02ac 9342     		cmp	r3, r2
 1060 02ae 4BD0     		beq	.L49
 218:User/BSP/CAN_receive_send.c **** 				{
 219:User/BSP/CAN_receive_send.c **** 					case 2 :dm10010l_fbdata(&arm_motor[Motor2], g_Can1RxData,RxHeader1.DataLength); Flag_damiao[2]
 220:User/BSP/CAN_receive_send.c **** 					case 3 :dm4310_fbdata(&arm_motor[Motor3], g_Can1RxData,RxHeader1.DataLength);   Flag_damiao[3]
 221:User/BSP/CAN_receive_send.c **** 					case 4 :dm4310_fbdata(&arm_motor[Motor4], g_Can1RxData,RxHeader1.DataLength);   Flag_damiao[4]
 222:User/BSP/CAN_receive_send.c **** 					case 5 :dm4310_fbdata(&arm_motor[Motor5], g_Can1RxData,RxHeader1.DataLength);   Flag_damiao[5]
 223:User/BSP/CAN_receive_send.c **** 					case 0x206 :get_motor_measure(&motor_data[11+RxHeader1.Identifier - CAN_ID1], g_Can1RxData);
 224:User/BSP/CAN_receive_send.c **** 										process_motor_data(&motor_data[11+RxHeader1.Identifier - CAN_ID1]);break;
 225:User/BSP/CAN_receive_send.c **** 					default:break;
 1061              		.loc 1 225 14
 1062 02b0 94E0     		b	.L53
 1063              	.L48:
 219:User/BSP/CAN_receive_send.c **** 					case 3 :dm4310_fbdata(&arm_motor[Motor3], g_Can1RxData,RxHeader1.DataLength);   Flag_damiao[3]
 1064              		.loc 1 219 14
 1065 02b2 1C4B     		ldr	r3, .L56+8
 1066 02b4 DB68     		ldr	r3, [r3, #12]
 1067 02b6 1A46     		mov	r2, r3
 1068 02b8 1949     		ldr	r1, .L56+4
 1069 02ba 1F48     		ldr	r0, .L56+28
 1070 02bc FFF7FEFF 		bl	dm10010l_fbdata
 219:User/BSP/CAN_receive_send.c **** 					case 3 :dm4310_fbdata(&arm_motor[Motor3], g_Can1RxData,RxHeader1.DataLength);   Flag_damiao[3]
 1071              		.loc 1 219 97 discriminator 1
 1072 02c0 1B4B     		ldr	r3, .L56+20
 1073 02c2 9B68     		ldr	r3, [r3, #8]
 219:User/BSP/CAN_receive_send.c **** 					case 3 :dm4310_fbdata(&arm_motor[Motor3], g_Can1RxData,RxHeader1.DataLength);   Flag_damiao[3]
 1074              		.loc 1 219 101 discriminator 1
 1075 02c4 0133     		adds	r3, r3, #1
 1076 02c6 1A4A     		ldr	r2, .L56+20
 1077 02c8 9360     		str	r3, [r2, #8]
 219:User/BSP/CAN_receive_send.c **** 					case 3 :dm4310_fbdata(&arm_motor[Motor3], g_Can1RxData,RxHeader1.DataLength);   Flag_damiao[3]
 1078              		.loc 1 219 106
 1079 02ca 88E0     		b	.L27
 1080              	.L47:
 220:User/BSP/CAN_receive_send.c **** 					case 4 :dm4310_fbdata(&arm_motor[Motor4], g_Can1RxData,RxHeader1.DataLength);   Flag_damiao[4]
 1081              		.loc 1 220 14
 1082 02cc 154B     		ldr	r3, .L56+8
 1083 02ce DB68     		ldr	r3, [r3, #12]
 1084 02d0 1A46     		mov	r2, r3
ARM GAS  C:\Users\23671\AppData\Local\Temp\ccY2qcSa.s 			page 24


 1085 02d2 1349     		ldr	r1, .L56+4
 1086 02d4 1948     		ldr	r0, .L56+32
 1087 02d6 FFF7FEFF 		bl	dm4310_fbdata
 220:User/BSP/CAN_receive_send.c **** 					case 4 :dm4310_fbdata(&arm_motor[Motor4], g_Can1RxData,RxHeader1.DataLength);   Flag_damiao[4]
 1088              		.loc 1 220 97 discriminator 1
 1089 02da 154B     		ldr	r3, .L56+20
 1090 02dc DB68     		ldr	r3, [r3, #12]
 220:User/BSP/CAN_receive_send.c **** 					case 4 :dm4310_fbdata(&arm_motor[Motor4], g_Can1RxData,RxHeader1.DataLength);   Flag_damiao[4]
 1091              		.loc 1 220 101 discriminator 1
 1092 02de 0133     		adds	r3, r3, #1
 1093 02e0 134A     		ldr	r2, .L56+20
 1094 02e2 D360     		str	r3, [r2, #12]
 220:User/BSP/CAN_receive_send.c **** 					case 4 :dm4310_fbdata(&arm_motor[Motor4], g_Can1RxData,RxHeader1.DataLength);   Flag_damiao[4]
 1095              		.loc 1 220 106
 1096 02e4 7BE0     		b	.L27
 1097              	.L46:
 221:User/BSP/CAN_receive_send.c **** 					case 5 :dm4310_fbdata(&arm_motor[Motor5], g_Can1RxData,RxHeader1.DataLength);   Flag_damiao[5]
 1098              		.loc 1 221 14
 1099 02e6 0F4B     		ldr	r3, .L56+8
 1100 02e8 DB68     		ldr	r3, [r3, #12]
 1101 02ea 1A46     		mov	r2, r3
 1102 02ec 0C49     		ldr	r1, .L56+4
 1103 02ee 1448     		ldr	r0, .L56+36
 1104 02f0 FFF7FEFF 		bl	dm4310_fbdata
 221:User/BSP/CAN_receive_send.c **** 					case 5 :dm4310_fbdata(&arm_motor[Motor5], g_Can1RxData,RxHeader1.DataLength);   Flag_damiao[5]
 1105              		.loc 1 221 97 discriminator 1
 1106 02f4 0E4B     		ldr	r3, .L56+20
 1107 02f6 1B69     		ldr	r3, [r3, #16]
 221:User/BSP/CAN_receive_send.c **** 					case 5 :dm4310_fbdata(&arm_motor[Motor5], g_Can1RxData,RxHeader1.DataLength);   Flag_damiao[5]
 1108              		.loc 1 221 101 discriminator 1
 1109 02f8 0133     		adds	r3, r3, #1
 1110 02fa 0D4A     		ldr	r2, .L56+20
 1111 02fc 1361     		str	r3, [r2, #16]
 221:User/BSP/CAN_receive_send.c **** 					case 5 :dm4310_fbdata(&arm_motor[Motor5], g_Can1RxData,RxHeader1.DataLength);   Flag_damiao[5]
 1112              		.loc 1 221 106
 1113 02fe 6EE0     		b	.L27
 1114              	.L44:
 222:User/BSP/CAN_receive_send.c **** 					case 0x206 :get_motor_measure(&motor_data[11+RxHeader1.Identifier - CAN_ID1], g_Can1RxData);
 1115              		.loc 1 222 14
 1116 0300 084B     		ldr	r3, .L56+8
 1117 0302 DB68     		ldr	r3, [r3, #12]
 1118 0304 1A46     		mov	r2, r3
 1119 0306 0649     		ldr	r1, .L56+4
 1120 0308 0E48     		ldr	r0, .L56+40
 1121 030a FFF7FEFF 		bl	dm4310_fbdata
 222:User/BSP/CAN_receive_send.c **** 					case 0x206 :get_motor_measure(&motor_data[11+RxHeader1.Identifier - CAN_ID1], g_Can1RxData);
 1122              		.loc 1 222 97 discriminator 1
 1123 030e 084B     		ldr	r3, .L56+20
 1124 0310 5B69     		ldr	r3, [r3, #20]
 222:User/BSP/CAN_receive_send.c **** 					case 0x206 :get_motor_measure(&motor_data[11+RxHeader1.Identifier - CAN_ID1], g_Can1RxData);
 1125              		.loc 1 222 101 discriminator 1
 1126 0312 0133     		adds	r3, r3, #1
 1127 0314 064A     		ldr	r2, .L56+20
 1128 0316 5361     		str	r3, [r2, #20]
 222:User/BSP/CAN_receive_send.c **** 					case 0x206 :get_motor_measure(&motor_data[11+RxHeader1.Identifier - CAN_ID1], g_Can1RxData);
 1129              		.loc 1 222 106
 1130 0318 61E0     		b	.L27
ARM GAS  C:\Users\23671\AppData\Local\Temp\ccY2qcSa.s 			page 25


 1131              	.L57:
 1132 031a 00BF     		.align	2
 1133              	.L56:
 1134 031c 00A00040 		.word	1073782784
 1135 0320 00000000 		.word	g_Can1RxData
 1136 0324 00000000 		.word	RxHeader1
 1137 0328 00000000 		.word	arm_motor
 1138 032c 00000000 		.word	motor_data
 1139 0330 00000000 		.word	Flag_damiao
 1140 0334 00A40040 		.word	1073783808
 1141 0338 10010000 		.word	arm_motor+272
 1142 033c 20020000 		.word	arm_motor+544
 1143 0340 30030000 		.word	arm_motor+816
 1144 0344 40040000 		.word	arm_motor+1088
 1145              	.L49:
 223:User/BSP/CAN_receive_send.c **** 										process_motor_data(&motor_data[11+RxHeader1.Identifier - CAN_ID1]);break;
 1146              		.loc 1 223 60
 1147 0348 274B     		ldr	r3, .L58
 1148 034a 1B68     		ldr	r3, [r3]
 223:User/BSP/CAN_receive_send.c **** 										process_motor_data(&motor_data[11+RxHeader1.Identifier - CAN_ID1]);break;
 1149              		.loc 1 223 72
 1150 034c A3F5FB72 		sub	r2, r3, #502
 223:User/BSP/CAN_receive_send.c **** 										process_motor_data(&motor_data[11+RxHeader1.Identifier - CAN_ID1]);break;
 1151              		.loc 1 223 18
 1152 0350 1346     		mov	r3, r2
 1153 0352 DB00     		lsls	r3, r3, #3
 1154 0354 9B1A     		subs	r3, r3, r2
 1155 0356 DB00     		lsls	r3, r3, #3
 1156 0358 244A     		ldr	r2, .L58+4
 1157 035a 1344     		add	r3, r3, r2
 1158 035c 2449     		ldr	r1, .L58+8
 1159 035e 1846     		mov	r0, r3
 1160 0360 FFF7FEFF 		bl	get_motor_measure
 224:User/BSP/CAN_receive_send.c **** 					default:break;
 1161              		.loc 1 224 54
 1162 0364 204B     		ldr	r3, .L58
 1163 0366 1B68     		ldr	r3, [r3]
 224:User/BSP/CAN_receive_send.c **** 					default:break;
 1164              		.loc 1 224 66
 1165 0368 A3F5FB72 		sub	r2, r3, #502
 224:User/BSP/CAN_receive_send.c **** 					default:break;
 1166              		.loc 1 224 11
 1167 036c 1346     		mov	r3, r2
 1168 036e DB00     		lsls	r3, r3, #3
 1169 0370 9B1A     		subs	r3, r3, r2
 1170 0372 DB00     		lsls	r3, r3, #3
 1171 0374 1D4A     		ldr	r2, .L58+4
 1172 0376 1344     		add	r3, r3, r2
 1173 0378 1846     		mov	r0, r3
 1174 037a FFF7FEFF 		bl	process_motor_data
 224:User/BSP/CAN_receive_send.c **** 					default:break;
 1175              		.loc 1 224 78
 1176 037e 2EE0     		b	.L27
 1177              	.L41:
 226:User/BSP/CAN_receive_send.c **** 				}				
 227:User/BSP/CAN_receive_send.c **** 		}
 228:User/BSP/CAN_receive_send.c **** 		      else if(hfdcan->Instance == FDCAN3)
ARM GAS  C:\Users\23671\AppData\Local\Temp\ccY2qcSa.s 			page 26


 1178              		.loc 1 228 23
 1179 0380 7B68     		ldr	r3, [r7, #4]
 1180 0382 1B68     		ldr	r3, [r3]
 1181              		.loc 1 228 16
 1182 0384 1B4A     		ldr	r2, .L58+12
 1183 0386 9342     		cmp	r3, r2
 1184 0388 29D1     		bne	.L51
 229:User/BSP/CAN_receive_send.c **** 		{
 230:User/BSP/CAN_receive_send.c **** 			memset(g_Can1RxData, 0, sizeof(g_Can1RxData));
 1185              		.loc 1 230 4
 1186 038a 4022     		movs	r2, #64
 1187 038c 0021     		movs	r1, #0
 1188 038e 1848     		ldr	r0, .L58+8
 1189 0390 FFF7FEFF 		bl	memset
 231:User/BSP/CAN_receive_send.c **** 			fdcanx_receive(hfdcan,FDCAN_RX_FIFO0,&RxHeader1,g_Can1RxData);							
 1190              		.loc 1 231 4
 1191 0394 164B     		ldr	r3, .L58+8
 1192 0396 144A     		ldr	r2, .L58
 1193 0398 4021     		movs	r1, #64
 1194 039a 7868     		ldr	r0, [r7, #4]
 1195 039c FFF7FEFF 		bl	fdcanx_receive
 232:User/BSP/CAN_receive_send.c **** 			get_motor_measure(&motor_data[22+RxHeader1.Identifier - CAN_ID1], g_Can1RxData);
 1196              		.loc 1 232 46
 1197 03a0 114B     		ldr	r3, .L58
 1198 03a2 1B68     		ldr	r3, [r3]
 1199              		.loc 1 232 58
 1200 03a4 A3F2EB12 		subw	r2, r3, #491
 1201              		.loc 1 232 4
 1202 03a8 1346     		mov	r3, r2
 1203 03aa DB00     		lsls	r3, r3, #3
 1204 03ac 9B1A     		subs	r3, r3, r2
 1205 03ae DB00     		lsls	r3, r3, #3
 1206 03b0 0E4A     		ldr	r2, .L58+4
 1207 03b2 1344     		add	r3, r3, r2
 1208 03b4 0E49     		ldr	r1, .L58+8
 1209 03b6 1846     		mov	r0, r3
 1210 03b8 FFF7FEFF 		bl	get_motor_measure
 233:User/BSP/CAN_receive_send.c **** 			process_motor_data(&motor_data[22+RxHeader1.Identifier - CAN_ID1]);
 1211              		.loc 1 233 47
 1212 03bc 0A4B     		ldr	r3, .L58
 1213 03be 1B68     		ldr	r3, [r3]
 1214              		.loc 1 233 59
 1215 03c0 A3F2EB12 		subw	r2, r3, #491
 1216              		.loc 1 233 4
 1217 03c4 1346     		mov	r3, r2
 1218 03c6 DB00     		lsls	r3, r3, #3
 1219 03c8 9B1A     		subs	r3, r3, r2
 1220 03ca DB00     		lsls	r3, r3, #3
 1221 03cc 074A     		ldr	r2, .L58+4
 1222 03ce 1344     		add	r3, r3, r2
 1223 03d0 1846     		mov	r0, r3
 1224 03d2 FFF7FEFF 		bl	process_motor_data
 234:User/BSP/CAN_receive_send.c **** 		}
 235:User/BSP/CAN_receive_send.c ****   }
 236:User/BSP/CAN_receive_send.c **** 
 237:User/BSP/CAN_receive_send.c **** 
 238:User/BSP/CAN_receive_send.c **** }
ARM GAS  C:\Users\23671\AppData\Local\Temp\ccY2qcSa.s 			page 27


 1225              		.loc 1 238 1
 1226 03d6 02E0     		b	.L51
 1227              	.L52:
 209:User/BSP/CAN_receive_send.c **** 				}				
 1228              		.loc 1 209 14
 1229 03d8 00BF     		nop
 1230 03da 00E0     		b	.L51
 1231              	.L53:
 225:User/BSP/CAN_receive_send.c **** 				}				
 1232              		.loc 1 225 14
 1233 03dc 00BF     		nop
 1234              	.L27:
 1235              	.L51:
 1236              		.loc 1 238 1
 1237 03de 00BF     		nop
 1238 03e0 3837     		adds	r7, r7, #56
 1239              	.LCFI29:
 1240              		.cfi_def_cfa_offset 8
 1241 03e2 BD46     		mov	sp, r7
 1242              	.LCFI30:
 1243              		.cfi_def_cfa_register 13
 1244              		@ sp needed
 1245 03e4 80BD     		pop	{r7, pc}
 1246              	.L59:
 1247 03e6 00BF     		.align	2
 1248              	.L58:
 1249 03e8 00000000 		.word	RxHeader1
 1250 03ec 00000000 		.word	motor_data
 1251 03f0 00000000 		.word	g_Can1RxData
 1252 03f4 00D40040 		.word	1073796096
 1253              		.cfi_endproc
 1254              	.LFE149:
 1256              		.section	.text.HAL_FDCAN_ErrorCallback,"ax",%progbits
 1257              		.align	1
 1258              		.global	HAL_FDCAN_ErrorCallback
 1259              		.syntax unified
 1260              		.thumb
 1261              		.thumb_func
 1263              	HAL_FDCAN_ErrorCallback:
 1264              	.LFB150:
 239:User/BSP/CAN_receive_send.c **** 
 240:User/BSP/CAN_receive_send.c **** /**
 241:User/BSP/CAN_receive_send.c ****  * @brief CAN错误处理回调函数，重启相关设备
 242:User/BSP/CAN_receive_send.c ****  * 
 243:User/BSP/CAN_receive_send.c ****  * @param hfdcan 
 244:User/BSP/CAN_receive_send.c ****  */
 245:User/BSP/CAN_receive_send.c **** void HAL_FDCAN_ErrorCallback(FDCAN_HandleTypeDef *hfdcan){
 1265              		.loc 1 245 58
 1266              		.cfi_startproc
 1267              		@ args = 0, pretend = 0, frame = 40
 1268              		@ frame_needed = 1, uses_anonymous_args = 0
 1269 0000 80B5     		push	{r7, lr}
 1270              	.LCFI31:
 1271              		.cfi_def_cfa_offset 8
 1272              		.cfi_offset 7, -8
 1273              		.cfi_offset 14, -4
 1274 0002 8CB0     		sub	sp, sp, #48
ARM GAS  C:\Users\23671\AppData\Local\Temp\ccY2qcSa.s 			page 28


 1275              	.LCFI32:
 1276              		.cfi_def_cfa_offset 56
 1277 0004 02AF     		add	r7, sp, #8
 1278              	.LCFI33:
 1279              		.cfi_def_cfa 7, 48
 1280 0006 7860     		str	r0, [r7, #4]
 246:User/BSP/CAN_receive_send.c ****   FDCAN_FilterTypeDef fdcan_filter;
 247:User/BSP/CAN_receive_send.c **** 
 248:User/BSP/CAN_receive_send.c ****   fdcan_filter.IdType = FDCAN_STANDARD_ID;             // 过滤标准ID
 1281              		.loc 1 248 23
 1282 0008 0023     		movs	r3, #0
 1283 000a BB60     		str	r3, [r7, #8]
 249:User/BSP/CAN_receive_send.c ****   fdcan_filter.FilterIndex = 0;                        // 滤波器索引
 1284              		.loc 1 249 28
 1285 000c 0023     		movs	r3, #0
 1286 000e FB60     		str	r3, [r7, #12]
 250:User/BSP/CAN_receive_send.c ****   fdcan_filter.FilterType = FDCAN_FILTER_MASK;         // 掩码模式
 1287              		.loc 1 250 27
 1288 0010 0223     		movs	r3, #2
 1289 0012 3B61     		str	r3, [r7, #16]
 251:User/BSP/CAN_receive_send.c ****   fdcan_filter.FilterConfig = FDCAN_FILTER_TO_RXFIFO0; // 过滤器0关联到FIFO0
 1290              		.loc 1 251 29
 1291 0014 0123     		movs	r3, #1
 1292 0016 7B61     		str	r3, [r7, #20]
 252:User/BSP/CAN_receive_send.c ****   fdcan_filter.FilterID1 = 0x00000000;                 // 不去过滤任何ID
 1293              		.loc 1 252 26
 1294 0018 0023     		movs	r3, #0
 1295 001a BB61     		str	r3, [r7, #24]
 253:User/BSP/CAN_receive_send.c ****   fdcan_filter.FilterID2 = 0x00000000;                 // 同上
 1296              		.loc 1 253 26
 1297 001c 0023     		movs	r3, #0
 1298 001e FB61     		str	r3, [r7, #28]
 254:User/BSP/CAN_receive_send.c **** 
 255:User/BSP/CAN_receive_send.c ****   HAL_FDCAN_Stop(hfdcan);
 1299              		.loc 1 255 3
 1300 0020 7868     		ldr	r0, [r7, #4]
 1301 0022 FFF7FEFF 		bl	HAL_FDCAN_Stop
 256:User/BSP/CAN_receive_send.c ****   HAL_FDCAN_DeInit(hfdcan);
 1302              		.loc 1 256 3
 1303 0026 7868     		ldr	r0, [r7, #4]
 1304 0028 FFF7FEFF 		bl	HAL_FDCAN_DeInit
 257:User/BSP/CAN_receive_send.c ****   HAL_FDCAN_Init(hfdcan);
 1305              		.loc 1 257 3
 1306 002c 7868     		ldr	r0, [r7, #4]
 1307 002e FFF7FEFF 		bl	HAL_FDCAN_Init
 258:User/BSP/CAN_receive_send.c ****   HAL_FDCAN_ConfigFilter(hfdcan, &fdcan_filter); // 将上述配置到CAN
 1308              		.loc 1 258 3
 1309 0032 07F10803 		add	r3, r7, #8
 1310 0036 1946     		mov	r1, r3
 1311 0038 7868     		ldr	r0, [r7, #4]
 1312 003a FFF7FEFF 		bl	HAL_FDCAN_ConfigFilter
 259:User/BSP/CAN_receive_send.c ****   HAL_FDCAN_ConfigGlobalFilter(hfdcan, FDCAN_REJECT, FDCAN_REJECT, FDCAN_FILTER_REMOTE, FDCAN_FILTE
 1313              		.loc 1 259 3
 1314 003e 0023     		movs	r3, #0
 1315 0040 0093     		str	r3, [sp]
 1316 0042 0023     		movs	r3, #0
 1317 0044 0222     		movs	r2, #2
ARM GAS  C:\Users\23671\AppData\Local\Temp\ccY2qcSa.s 			page 29


 1318 0046 0221     		movs	r1, #2
 1319 0048 7868     		ldr	r0, [r7, #4]
 1320 004a FFF7FEFF 		bl	HAL_FDCAN_ConfigGlobalFilter
 260:User/BSP/CAN_receive_send.c ****   HAL_FDCAN_ActivateNotification(hfdcan, FDCAN_IT_RX_FIFO0_NEW_MESSAGE, 0);
 1321              		.loc 1 260 3
 1322 004e 0022     		movs	r2, #0
 1323 0050 0121     		movs	r1, #1
 1324 0052 7868     		ldr	r0, [r7, #4]
 1325 0054 FFF7FEFF 		bl	HAL_FDCAN_ActivateNotification
 261:User/BSP/CAN_receive_send.c ****   HAL_FDCAN_Start(hfdcan);
 1326              		.loc 1 261 3
 1327 0058 7868     		ldr	r0, [r7, #4]
 1328 005a FFF7FEFF 		bl	HAL_FDCAN_Start
 262:User/BSP/CAN_receive_send.c **** }
 1329              		.loc 1 262 1
 1330 005e 00BF     		nop
 1331 0060 2837     		adds	r7, r7, #40
 1332              	.LCFI34:
 1333              		.cfi_def_cfa_offset 8
 1334 0062 BD46     		mov	sp, r7
 1335              	.LCFI35:
 1336              		.cfi_def_cfa_register 13
 1337              		@ sp needed
 1338 0064 80BD     		pop	{r7, pc}
 1339              		.cfi_endproc
 1340              	.LFE150:
 1342              		.text
 1343              	.Letext0:
 1344              		.file 2 "D:/MSYS2/mingw64/arm-none-eabi/include/machine/_default_types.h"
 1345              		.file 3 "D:/MSYS2/mingw64/arm-none-eabi/include/sys/_stdint.h"
 1346              		.file 4 "Drivers/CMSIS/Device/ST/STM32H7xx/Include/stm32h723xx.h"
 1347              		.file 5 "Drivers/CMSIS/Device/ST/STM32H7xx/Include/stm32h7xx.h"
 1348              		.file 6 "D:/MSYS2/mingw64/lib/gcc/arm-none-eabi/13.3.0/include/stddef.h"
 1349              		.file 7 "Drivers/STM32H7xx_HAL_Driver/Inc/stm32h7xx_hal_def.h"
 1350              		.file 8 "Drivers/STM32H7xx_HAL_Driver/Inc/stm32h7xx_hal_fdcan.h"
 1351              		.file 9 "Core/Inc/fdcan.h"
 1352              		.file 10 "User/BSP/can_receive_send.h"
 1353              		.file 11 "User/Hardware/motor.h"
 1354              		.file 12 "User/Hardware/supercup.h"
 1355              		.file 13 "User/Hardware/dm4310_drv.h"
 1356              		.file 14 "D:/MSYS2/mingw64/arm-none-eabi/include/string.h"
 1357              		.file 15 "Core/Inc/main.h"
ARM GAS  C:\Users\23671\AppData\Local\Temp\ccY2qcSa.s 			page 30


DEFINED SYMBOLS
                            *ABS*:00000000 CAN_receive_send.c
C:\Users\23671\AppData\Local\Temp\ccY2qcSa.s:24     .bss.RxHeader1:00000000 RxHeader1
C:\Users\23671\AppData\Local\Temp\ccY2qcSa.s:21     .bss.RxHeader1:00000000 $d
C:\Users\23671\AppData\Local\Temp\ccY2qcSa.s:31     .bss.g_Can1RxData:00000000 g_Can1RxData
C:\Users\23671\AppData\Local\Temp\ccY2qcSa.s:28     .bss.g_Can1RxData:00000000 $d
C:\Users\23671\AppData\Local\Temp\ccY2qcSa.s:38     .bss.daibaoshan:00000000 daibaoshan
C:\Users\23671\AppData\Local\Temp\ccY2qcSa.s:35     .bss.daibaoshan:00000000 $d
C:\Users\23671\AppData\Local\Temp\ccY2qcSa.s:45     .bss.motor_data:00000000 motor_data
C:\Users\23671\AppData\Local\Temp\ccY2qcSa.s:42     .bss.motor_data:00000000 $d
C:\Users\23671\AppData\Local\Temp\ccY2qcSa.s:52     .bss.Flag_damiao:00000000 Flag_damiao
C:\Users\23671\AppData\Local\Temp\ccY2qcSa.s:49     .bss.Flag_damiao:00000000 $d
C:\Users\23671\AppData\Local\Temp\ccY2qcSa.s:59     .bss.Pre_Flag_damiao:00000000 Pre_Flag_damiao
C:\Users\23671\AppData\Local\Temp\ccY2qcSa.s:56     .bss.Pre_Flag_damiao:00000000 $d
C:\Users\23671\AppData\Local\Temp\ccY2qcSa.s:62     .text.can_init:00000000 $t
C:\Users\23671\AppData\Local\Temp\ccY2qcSa.s:68     .text.can_init:00000000 can_init
C:\Users\23671\AppData\Local\Temp\ccY2qcSa.s:179    .text.can_init:000000a4 $d
C:\Users\23671\AppData\Local\Temp\ccY2qcSa.s:186    .text.get_motor_measure:00000000 $t
C:\Users\23671\AppData\Local\Temp\ccY2qcSa.s:192    .text.get_motor_measure:00000000 get_motor_measure
C:\Users\23671\AppData\Local\Temp\ccY2qcSa.s:299    .text.canx_send_data:00000000 $t
C:\Users\23671\AppData\Local\Temp\ccY2qcSa.s:305    .text.canx_send_data:00000000 canx_send_data
C:\Users\23671\AppData\Local\Temp\ccY2qcSa.s:446    .bss.a:00000000 a
C:\Users\23671\AppData\Local\Temp\ccY2qcSa.s:443    .bss.a:00000000 $d
C:\Users\23671\AppData\Local\Temp\ccY2qcSa.s:449    .text.fdcanx_receive:00000000 $t
C:\Users\23671\AppData\Local\Temp\ccY2qcSa.s:455    .text.fdcanx_receive:00000000 fdcanx_receive
C:\Users\23671\AppData\Local\Temp\ccY2qcSa.s:510    .text.fdcanx_receive:00000038 $d
C:\Users\23671\AppData\Local\Temp\ccY2qcSa.s:517    .text.process_motor_data:00000000 $t
C:\Users\23671\AppData\Local\Temp\ccY2qcSa.s:523    .text.process_motor_data:00000000 process_motor_data
C:\Users\23671\AppData\Local\Temp\ccY2qcSa.s:672    .text.process_motor_data:00000110 $d
C:\Users\23671\AppData\Local\Temp\ccY2qcSa.s:677    .text.HAL_FDCAN_RxFifo0Callback:00000000 $t
C:\Users\23671\AppData\Local\Temp\ccY2qcSa.s:683    .text.HAL_FDCAN_RxFifo0Callback:00000000 HAL_FDCAN_RxFifo0Callback
C:\Users\23671\AppData\Local\Temp\ccY2qcSa.s:769    .text.HAL_FDCAN_RxFifo0Callback:0000009c $d
C:\Users\23671\AppData\Local\Temp\ccY2qcSa.s:776    .text.HAL_FDCAN_RxFifo0Callback:000000b8 $t
C:\Users\23671\AppData\Local\Temp\ccY2qcSa.s:1052   .text.HAL_FDCAN_RxFifo0Callback:00000298 $d
C:\Users\23671\AppData\Local\Temp\ccY2qcSa.s:1056   .text.HAL_FDCAN_RxFifo0Callback:000002a8 $t
C:\Users\23671\AppData\Local\Temp\ccY2qcSa.s:1134   .text.HAL_FDCAN_RxFifo0Callback:0000031c $d
C:\Users\23671\AppData\Local\Temp\ccY2qcSa.s:1147   .text.HAL_FDCAN_RxFifo0Callback:00000348 $t
C:\Users\23671\AppData\Local\Temp\ccY2qcSa.s:1249   .text.HAL_FDCAN_RxFifo0Callback:000003e8 $d
C:\Users\23671\AppData\Local\Temp\ccY2qcSa.s:1257   .text.HAL_FDCAN_ErrorCallback:00000000 $t
C:\Users\23671\AppData\Local\Temp\ccY2qcSa.s:1263   .text.HAL_FDCAN_ErrorCallback:00000000 HAL_FDCAN_ErrorCallback

UNDEFINED SYMBOLS
HAL_FDCAN_ConfigFilter
HAL_FDCAN_ConfigGlobalFilter
HAL_FDCAN_ActivateNotification
HAL_FDCAN_Start
hfdcan1
hfdcan2
hfdcan3
HAL_FDCAN_AddMessageToTxFifoQ
Error_Handler
HAL_FDCAN_GetRxMessage
__aeabi_l2f
__aeabi_f2lz
Supercup_decode_candata
DJIMotor_decode_candata
memset
ARM GAS  C:\Users\23671\AppData\Local\Temp\ccY2qcSa.s 			page 31


dm8009_fbdata
dm10010l_fbdata
dm4310_fbdata
arm_motor
HAL_FDCAN_Stop
HAL_FDCAN_DeInit
HAL_FDCAN_Init
