ARM GAS  C:\Users\23671\AppData\Local\Temp\cc1CVDQi.s 			page 1


   1              		.cpu cortex-m7
   2              		.arch armv7e-m
   3              		.fpu fpv5-d16
   4              		.eabi_attribute 28, 1
   5              		.eabi_attribute 20, 1
   6              		.eabi_attribute 21, 1
   7              		.eabi_attribute 23, 3
   8              		.eabi_attribute 24, 1
   9              		.eabi_attribute 25, 1
  10              		.eabi_attribute 26, 1
  11              		.eabi_attribute 30, 6
  12              		.eabi_attribute 34, 1
  13              		.eabi_attribute 18, 4
  14              		.file	"DT7.c"
  15              		.text
  16              	.Ltext0:
  17              		.cfi_sections	.debug_frame
  18              		.file 1 "User/Hardware/DT7.c"
  19              		.global	DT7_data
  20              		.section	.bss.DT7_data,"aw",%nobits
  21              		.align	2
  24              	DT7_data:
  25 0000 00000000 		.space	22
  25      00000000 
  25      00000000 
  25      00000000 
  25      00000000 
  26              		.global	SBUS_CH
  27              		.section	.bss.SBUS_CH,"aw",%nobits
  28              		.align	2
  31              	SBUS_CH:
  32 0000 00000000 		.space	34
  32      00000000 
  32      00000000 
  32      00000000 
  32      00000000 
  33              		.section	.text.DT7_decode_data,"ax",%progbits
  34              		.align	1
  35              		.global	DT7_decode_data
  36              		.syntax unified
  37              		.thumb
  38              		.thumb_func
  40              	DT7_decode_data:
  41              	.LFB0:
   1:User/Hardware/DT7.c **** #include "DT7.h"
   2:User/Hardware/DT7.c **** 
   3:User/Hardware/DT7.c **** DT7_data_s DT7_data;
   4:User/Hardware/DT7.c **** SBUS_CH_Struct SBUS_CH;
   5:User/Hardware/DT7.c **** void DT7_decode_data(uint8_t *sbus_buf)
   6:User/Hardware/DT7.c **** {
  42              		.loc 1 6 1
  43              		.cfi_startproc
  44              		@ args = 0, pretend = 0, frame = 8
  45              		@ frame_needed = 1, uses_anonymous_args = 0
  46              		@ link register save eliminated.
  47 0000 80B4     		push	{r7}
  48              	.LCFI0:
ARM GAS  C:\Users\23671\AppData\Local\Temp\cc1CVDQi.s 			page 2


  49              		.cfi_def_cfa_offset 4
  50              		.cfi_offset 7, -4
  51 0002 83B0     		sub	sp, sp, #12
  52              	.LCFI1:
  53              		.cfi_def_cfa_offset 16
  54 0004 00AF     		add	r7, sp, #0
  55              	.LCFI2:
  56              		.cfi_def_cfa_register 7
  57 0006 7860     		str	r0, [r7, #4]
   7:User/Hardware/DT7.c ****     DT7_data.rc.ch[0] = (sbus_buf[0] | (sbus_buf[1] << 8)) & 0x07ff;        //!< Channel 0
  58              		.loc 1 7 34
  59 0008 7B68     		ldr	r3, [r7, #4]
  60 000a 1B78     		ldrb	r3, [r3]	@ zero_extendqisi2
  61 000c 1AB2     		sxth	r2, r3
  62              		.loc 1 7 49
  63 000e 7B68     		ldr	r3, [r7, #4]
  64 0010 0133     		adds	r3, r3, #1
  65 0012 1B78     		ldrb	r3, [r3]	@ zero_extendqisi2
  66              		.loc 1 7 38
  67 0014 1BB2     		sxth	r3, r3
  68 0016 1B02     		lsls	r3, r3, #8
  69 0018 1BB2     		sxth	r3, r3
  70 001a 1343     		orrs	r3, r3, r2
  71 001c 1BB2     		sxth	r3, r3
  72              		.loc 1 7 60
  73 001e C3F30A03 		ubfx	r3, r3, #0, #11
  74 0022 1AB2     		sxth	r2, r3
  75              		.loc 1 7 23
  76 0024 6F4B     		ldr	r3, .L2
  77 0026 1A80     		strh	r2, [r3]	@ movhi
   8:User/Hardware/DT7.c ****     DT7_data.rc.ch[1] = ((sbus_buf[1] >> 3) | (sbus_buf[2] << 5)) & 0x07ff; //!< Channel 1
  78              		.loc 1 8 35
  79 0028 7B68     		ldr	r3, [r7, #4]
  80 002a 0133     		adds	r3, r3, #1
  81 002c 1B78     		ldrb	r3, [r3]	@ zero_extendqisi2
  82              		.loc 1 8 45
  83 002e DB08     		lsrs	r3, r3, #3
  84 0030 DBB2     		uxtb	r3, r3
  85 0032 1AB2     		sxth	r2, r3
  86              		.loc 1 8 56
  87 0034 7B68     		ldr	r3, [r7, #4]
  88 0036 0233     		adds	r3, r3, #2
  89 0038 1B78     		ldrb	r3, [r3]	@ zero_extendqisi2
  90              		.loc 1 8 45
  91 003a 1BB2     		sxth	r3, r3
  92 003c 5B01     		lsls	r3, r3, #5
  93 003e 1BB2     		sxth	r3, r3
  94 0040 1343     		orrs	r3, r3, r2
  95 0042 1BB2     		sxth	r3, r3
  96              		.loc 1 8 67
  97 0044 C3F30A03 		ubfx	r3, r3, #0, #11
  98 0048 1AB2     		sxth	r2, r3
  99              		.loc 1 8 23
 100 004a 664B     		ldr	r3, .L2
 101 004c 5A80     		strh	r2, [r3, #2]	@ movhi
   9:User/Hardware/DT7.c ****     DT7_data.rc.ch[2] = ((sbus_buf[2] >> 6) | (sbus_buf[3] << 2) |          //!< Channel 2
 102              		.loc 1 9 35
ARM GAS  C:\Users\23671\AppData\Local\Temp\cc1CVDQi.s 			page 3


 103 004e 7B68     		ldr	r3, [r7, #4]
 104 0050 0233     		adds	r3, r3, #2
 105 0052 1B78     		ldrb	r3, [r3]	@ zero_extendqisi2
 106              		.loc 1 9 45
 107 0054 9B09     		lsrs	r3, r3, #6
 108 0056 DBB2     		uxtb	r3, r3
 109 0058 1AB2     		sxth	r2, r3
 110              		.loc 1 9 56
 111 005a 7B68     		ldr	r3, [r7, #4]
 112 005c 0333     		adds	r3, r3, #3
 113 005e 1B78     		ldrb	r3, [r3]	@ zero_extendqisi2
 114              		.loc 1 9 45
 115 0060 1BB2     		sxth	r3, r3
 116 0062 9B00     		lsls	r3, r3, #2
 117 0064 1BB2     		sxth	r3, r3
 118 0066 1343     		orrs	r3, r3, r2
 119 0068 1AB2     		sxth	r2, r3
  10:User/Hardware/DT7.c ****                          (sbus_buf[4] << 10)) &
 120              		.loc 1 10 35
 121 006a 7B68     		ldr	r3, [r7, #4]
 122 006c 0433     		adds	r3, r3, #4
 123 006e 1B78     		ldrb	r3, [r3]	@ zero_extendqisi2
   9:User/Hardware/DT7.c ****     DT7_data.rc.ch[2] = ((sbus_buf[2] >> 6) | (sbus_buf[3] << 2) |          //!< Channel 2
 124              		.loc 1 9 66
 125 0070 1BB2     		sxth	r3, r3
 126 0072 9B02     		lsls	r3, r3, #10
 127 0074 1BB2     		sxth	r3, r3
 128 0076 1343     		orrs	r3, r3, r2
 129 0078 1BB2     		sxth	r3, r3
 130              		.loc 1 10 47
 131 007a C3F30A03 		ubfx	r3, r3, #0, #11
 132 007e 1AB2     		sxth	r2, r3
   9:User/Hardware/DT7.c ****     DT7_data.rc.ch[2] = ((sbus_buf[2] >> 6) | (sbus_buf[3] << 2) |          //!< Channel 2
 133              		.loc 1 9 23
 134 0080 584B     		ldr	r3, .L2
 135 0082 9A80     		strh	r2, [r3, #4]	@ movhi
  11:User/Hardware/DT7.c ****                         0x07ff;
  12:User/Hardware/DT7.c ****     DT7_data.rc.ch[3] = ((sbus_buf[4] >> 1) | (sbus_buf[5] << 7)) & 0x07ff; //!< Channel 3
 136              		.loc 1 12 35
 137 0084 7B68     		ldr	r3, [r7, #4]
 138 0086 0433     		adds	r3, r3, #4
 139 0088 1B78     		ldrb	r3, [r3]	@ zero_extendqisi2
 140              		.loc 1 12 45
 141 008a 5B08     		lsrs	r3, r3, #1
 142 008c DBB2     		uxtb	r3, r3
 143 008e 1AB2     		sxth	r2, r3
 144              		.loc 1 12 56
 145 0090 7B68     		ldr	r3, [r7, #4]
 146 0092 0533     		adds	r3, r3, #5
 147 0094 1B78     		ldrb	r3, [r3]	@ zero_extendqisi2
 148              		.loc 1 12 45
 149 0096 1BB2     		sxth	r3, r3
 150 0098 DB01     		lsls	r3, r3, #7
 151 009a 1BB2     		sxth	r3, r3
 152 009c 1343     		orrs	r3, r3, r2
 153 009e 1BB2     		sxth	r3, r3
 154              		.loc 1 12 67
ARM GAS  C:\Users\23671\AppData\Local\Temp\cc1CVDQi.s 			page 4


 155 00a0 C3F30A03 		ubfx	r3, r3, #0, #11
 156 00a4 1AB2     		sxth	r2, r3
 157              		.loc 1 12 23
 158 00a6 4F4B     		ldr	r3, .L2
 159 00a8 DA80     		strh	r2, [r3, #6]	@ movhi
  13:User/Hardware/DT7.c ****     DT7_data.rc.s[0] = ((sbus_buf[5] >> 4) & 0x0003);                       //!< Switch left
 160              		.loc 1 13 34
 161 00aa 7B68     		ldr	r3, [r7, #4]
 162 00ac 0533     		adds	r3, r3, #5
 163 00ae 1B78     		ldrb	r3, [r3]	@ zero_extendqisi2
 164              		.loc 1 13 44
 165 00b0 1B09     		lsrs	r3, r3, #4
 166 00b2 DBB2     		uxtb	r3, r3
 167 00b4 03F00303 		and	r3, r3, #3
 168 00b8 DAB2     		uxtb	r2, r3
 169              		.loc 1 13 22
 170 00ba 4A4B     		ldr	r3, .L2
 171 00bc 9A72     		strb	r2, [r3, #10]
  14:User/Hardware/DT7.c ****     DT7_data.rc.s[1] = ((sbus_buf[5] >> 4) & 0x000C) >> 2;                  //!< Switch right
 172              		.loc 1 14 34
 173 00be 7B68     		ldr	r3, [r7, #4]
 174 00c0 0533     		adds	r3, r3, #5
 175 00c2 1B78     		ldrb	r3, [r3]	@ zero_extendqisi2
 176              		.loc 1 14 54
 177 00c4 1B09     		lsrs	r3, r3, #4
 178 00c6 DBB2     		uxtb	r3, r3
 179 00c8 9B10     		asrs	r3, r3, #2
 180 00ca DBB2     		uxtb	r3, r3
 181 00cc 03F00303 		and	r3, r3, #3
 182 00d0 DAB2     		uxtb	r2, r3
 183              		.loc 1 14 22
 184 00d2 444B     		ldr	r3, .L2
 185 00d4 DA72     		strb	r2, [r3, #11]
  15:User/Hardware/DT7.c ****     DT7_data.mouse.x = sbus_buf[6] | (sbus_buf[7] << 8);                    //!< Mouse X axis
 186              		.loc 1 15 32
 187 00d6 7B68     		ldr	r3, [r7, #4]
 188 00d8 0633     		adds	r3, r3, #6
 189 00da 1B78     		ldrb	r3, [r3]	@ zero_extendqisi2
 190 00dc 1AB2     		sxth	r2, r3
 191              		.loc 1 15 47
 192 00de 7B68     		ldr	r3, [r7, #4]
 193 00e0 0733     		adds	r3, r3, #7
 194 00e2 1B78     		ldrb	r3, [r3]	@ zero_extendqisi2
 195              		.loc 1 15 36
 196 00e4 1BB2     		sxth	r3, r3
 197 00e6 1B02     		lsls	r3, r3, #8
 198 00e8 1BB2     		sxth	r3, r3
 199 00ea 1343     		orrs	r3, r3, r2
 200 00ec 1AB2     		sxth	r2, r3
 201              		.loc 1 15 22
 202 00ee 3D4B     		ldr	r3, .L2
 203 00f0 9A81     		strh	r2, [r3, #12]	@ movhi
  16:User/Hardware/DT7.c ****     DT7_data.mouse.y = sbus_buf[8] | (sbus_buf[9] << 8);                    //!< Mouse Y axis
 204              		.loc 1 16 32
 205 00f2 7B68     		ldr	r3, [r7, #4]
 206 00f4 0833     		adds	r3, r3, #8
 207 00f6 1B78     		ldrb	r3, [r3]	@ zero_extendqisi2
ARM GAS  C:\Users\23671\AppData\Local\Temp\cc1CVDQi.s 			page 5


 208 00f8 1AB2     		sxth	r2, r3
 209              		.loc 1 16 47
 210 00fa 7B68     		ldr	r3, [r7, #4]
 211 00fc 0933     		adds	r3, r3, #9
 212 00fe 1B78     		ldrb	r3, [r3]	@ zero_extendqisi2
 213              		.loc 1 16 36
 214 0100 1BB2     		sxth	r3, r3
 215 0102 1B02     		lsls	r3, r3, #8
 216 0104 1BB2     		sxth	r3, r3
 217 0106 1343     		orrs	r3, r3, r2
 218 0108 1AB2     		sxth	r2, r3
 219              		.loc 1 16 22
 220 010a 364B     		ldr	r3, .L2
 221 010c DA81     		strh	r2, [r3, #14]	@ movhi
  17:User/Hardware/DT7.c ****     DT7_data.mouse.z = sbus_buf[10] | (sbus_buf[11] << 8);                  //!< Mouse Z axis
 222              		.loc 1 17 32
 223 010e 7B68     		ldr	r3, [r7, #4]
 224 0110 0A33     		adds	r3, r3, #10
 225 0112 1B78     		ldrb	r3, [r3]	@ zero_extendqisi2
 226 0114 1AB2     		sxth	r2, r3
 227              		.loc 1 17 48
 228 0116 7B68     		ldr	r3, [r7, #4]
 229 0118 0B33     		adds	r3, r3, #11
 230 011a 1B78     		ldrb	r3, [r3]	@ zero_extendqisi2
 231              		.loc 1 17 37
 232 011c 1BB2     		sxth	r3, r3
 233 011e 1B02     		lsls	r3, r3, #8
 234 0120 1BB2     		sxth	r3, r3
 235 0122 1343     		orrs	r3, r3, r2
 236 0124 1AB2     		sxth	r2, r3
 237              		.loc 1 17 22
 238 0126 2F4B     		ldr	r3, .L2
 239 0128 1A82     		strh	r2, [r3, #16]	@ movhi
  18:User/Hardware/DT7.c ****     DT7_data.mouse.press_l = sbus_buf[12];                                  //!< Mouse Left Is Pres
 240              		.loc 1 18 28
 241 012a 7B68     		ldr	r3, [r7, #4]
 242 012c 1A7B     		ldrb	r2, [r3, #12]	@ zero_extendqisi2
 243 012e 2D4B     		ldr	r3, .L2
 244 0130 9A74     		strb	r2, [r3, #18]
  19:User/Hardware/DT7.c ****     DT7_data.mouse.press_r = sbus_buf[13];                                  //!< Mouse Right Is Pre
 245              		.loc 1 19 28
 246 0132 7B68     		ldr	r3, [r7, #4]
 247 0134 5A7B     		ldrb	r2, [r3, #13]	@ zero_extendqisi2
 248 0136 2B4B     		ldr	r3, .L2
 249 0138 DA74     		strb	r2, [r3, #19]
  20:User/Hardware/DT7.c ****     DT7_data.key.v = sbus_buf[14] | (sbus_buf[15] << 8);                    //!< KeyBoard value
 250              		.loc 1 20 30
 251 013a 7B68     		ldr	r3, [r7, #4]
 252 013c 0E33     		adds	r3, r3, #14
 253 013e 1B78     		ldrb	r3, [r3]	@ zero_extendqisi2
 254 0140 1AB2     		sxth	r2, r3
 255              		.loc 1 20 46
 256 0142 7B68     		ldr	r3, [r7, #4]
 257 0144 0F33     		adds	r3, r3, #15
 258 0146 1B78     		ldrb	r3, [r3]	@ zero_extendqisi2
 259              		.loc 1 20 35
 260 0148 1BB2     		sxth	r3, r3
ARM GAS  C:\Users\23671\AppData\Local\Temp\cc1CVDQi.s 			page 6


 261 014a 1B02     		lsls	r3, r3, #8
 262 014c 1BB2     		sxth	r3, r3
 263 014e 1343     		orrs	r3, r3, r2
 264 0150 1BB2     		sxth	r3, r3
 265 0152 9AB2     		uxth	r2, r3
 266              		.loc 1 20 20
 267 0154 234B     		ldr	r3, .L2
 268 0156 9A82     		strh	r2, [r3, #20]	@ movhi
  21:User/Hardware/DT7.c ****     DT7_data.rc.ch[4] = sbus_buf[16] | (sbus_buf[17] << 8);                 // NULL
 269              		.loc 1 21 33
 270 0158 7B68     		ldr	r3, [r7, #4]
 271 015a 1033     		adds	r3, r3, #16
 272 015c 1B78     		ldrb	r3, [r3]	@ zero_extendqisi2
 273 015e 1AB2     		sxth	r2, r3
 274              		.loc 1 21 49
 275 0160 7B68     		ldr	r3, [r7, #4]
 276 0162 1133     		adds	r3, r3, #17
 277 0164 1B78     		ldrb	r3, [r3]	@ zero_extendqisi2
 278              		.loc 1 21 38
 279 0166 1BB2     		sxth	r3, r3
 280 0168 1B02     		lsls	r3, r3, #8
 281 016a 1BB2     		sxth	r3, r3
 282 016c 1343     		orrs	r3, r3, r2
 283 016e 1AB2     		sxth	r2, r3
 284              		.loc 1 21 23
 285 0170 1C4B     		ldr	r3, .L2
 286 0172 1A81     		strh	r2, [r3, #8]	@ movhi
  22:User/Hardware/DT7.c **** 
  23:User/Hardware/DT7.c ****     DT7_data.rc.ch[0] -= RC_CH_VALUE_OFFSET;
 287              		.loc 1 23 19
 288 0174 1B4B     		ldr	r3, .L2
 289 0176 B3F90030 		ldrsh	r3, [r3]
 290 017a 9BB2     		uxth	r3, r3
 291              		.loc 1 23 23
 292 017c A3F58063 		sub	r3, r3, #1024
 293 0180 9BB2     		uxth	r3, r3
 294 0182 1AB2     		sxth	r2, r3
 295 0184 174B     		ldr	r3, .L2
 296 0186 1A80     		strh	r2, [r3]	@ movhi
  24:User/Hardware/DT7.c ****     DT7_data.rc.ch[1] -= RC_CH_VALUE_OFFSET;
 297              		.loc 1 24 19
 298 0188 164B     		ldr	r3, .L2
 299 018a B3F90230 		ldrsh	r3, [r3, #2]
 300 018e 9BB2     		uxth	r3, r3
 301              		.loc 1 24 23
 302 0190 A3F58063 		sub	r3, r3, #1024
 303 0194 9BB2     		uxth	r3, r3
 304 0196 1AB2     		sxth	r2, r3
 305 0198 124B     		ldr	r3, .L2
 306 019a 5A80     		strh	r2, [r3, #2]	@ movhi
  25:User/Hardware/DT7.c ****     DT7_data.rc.ch[2] -= RC_CH_VALUE_OFFSET;
 307              		.loc 1 25 19
 308 019c 114B     		ldr	r3, .L2
 309 019e B3F90430 		ldrsh	r3, [r3, #4]
 310 01a2 9BB2     		uxth	r3, r3
 311              		.loc 1 25 23
 312 01a4 A3F58063 		sub	r3, r3, #1024
ARM GAS  C:\Users\23671\AppData\Local\Temp\cc1CVDQi.s 			page 7


 313 01a8 9BB2     		uxth	r3, r3
 314 01aa 1AB2     		sxth	r2, r3
 315 01ac 0D4B     		ldr	r3, .L2
 316 01ae 9A80     		strh	r2, [r3, #4]	@ movhi
  26:User/Hardware/DT7.c ****     DT7_data.rc.ch[3] -= RC_CH_VALUE_OFFSET;
 317              		.loc 1 26 19
 318 01b0 0C4B     		ldr	r3, .L2
 319 01b2 B3F90630 		ldrsh	r3, [r3, #6]
 320 01b6 9BB2     		uxth	r3, r3
 321              		.loc 1 26 23
 322 01b8 A3F58063 		sub	r3, r3, #1024
 323 01bc 9BB2     		uxth	r3, r3
 324 01be 1AB2     		sxth	r2, r3
 325 01c0 084B     		ldr	r3, .L2
 326 01c2 DA80     		strh	r2, [r3, #6]	@ movhi
  27:User/Hardware/DT7.c ****     DT7_data.rc.ch[4] -= RC_CH_VALUE_OFFSET;
 327              		.loc 1 27 19
 328 01c4 074B     		ldr	r3, .L2
 329 01c6 B3F90830 		ldrsh	r3, [r3, #8]
 330 01ca 9BB2     		uxth	r3, r3
 331              		.loc 1 27 23
 332 01cc A3F58063 		sub	r3, r3, #1024
 333 01d0 9BB2     		uxth	r3, r3
 334 01d2 1AB2     		sxth	r2, r3
 335 01d4 034B     		ldr	r3, .L2
 336 01d6 1A81     		strh	r2, [r3, #8]	@ movhi
  28:User/Hardware/DT7.c **** }
 337              		.loc 1 28 1
 338 01d8 00BF     		nop
 339 01da 0C37     		adds	r7, r7, #12
 340              	.LCFI3:
 341              		.cfi_def_cfa_offset 4
 342 01dc BD46     		mov	sp, r7
 343              	.LCFI4:
 344              		.cfi_def_cfa_register 13
 345              		@ sp needed
 346 01de 5DF8047B 		ldr	r7, [sp], #4
 347              	.LCFI5:
 348              		.cfi_restore 7
 349              		.cfi_def_cfa_offset 0
 350 01e2 7047     		bx	lr
 351              	.L3:
 352              		.align	2
 353              	.L2:
 354 01e4 00000000 		.word	DT7_data
 355              		.cfi_endproc
 356              	.LFE0:
 358              		.section	.text.update_sbus,"ax",%progbits
 359              		.align	1
 360              		.global	update_sbus
 361              		.syntax unified
 362              		.thumb
 363              		.thumb_func
 365              	update_sbus:
 366              	.LFB1:
  29:User/Hardware/DT7.c **** 
  30:User/Hardware/DT7.c **** void update_sbus(volatile const uint8_t *sbus_buf,SBUS_CH_Struct *SBUS_CH)
ARM GAS  C:\Users\23671\AppData\Local\Temp\cc1CVDQi.s 			page 8


  31:User/Hardware/DT7.c **** {
 367              		.loc 1 31 1
 368              		.cfi_startproc
 369              		@ args = 0, pretend = 0, frame = 8
 370              		@ frame_needed = 1, uses_anonymous_args = 0
 371              		@ link register save eliminated.
 372 0000 80B4     		push	{r7}
 373              	.LCFI6:
 374              		.cfi_def_cfa_offset 4
 375              		.cfi_offset 7, -4
 376 0002 83B0     		sub	sp, sp, #12
 377              	.LCFI7:
 378              		.cfi_def_cfa_offset 16
 379 0004 00AF     		add	r7, sp, #0
 380              	.LCFI8:
 381              		.cfi_def_cfa_register 7
 382 0006 7860     		str	r0, [r7, #4]
 383 0008 3960     		str	r1, [r7]
  32:User/Hardware/DT7.c **** 
  33:User/Hardware/DT7.c **** 
  34:User/Hardware/DT7.c ****         SBUS_CH->ConnectState = 1;       
 384              		.loc 1 34 31
 385 000a 3B68     		ldr	r3, [r7]
 386 000c 0122     		movs	r2, #1
 387 000e 83F82020 		strb	r2, [r3, #32]
  35:User/Hardware/DT7.c ****         SBUS_CH->CH1 =  (((uint16_t)sbus_buf[1] >> 0 | ((uint16_t)sbus_buf[2] << 8 )) & 0x07FF);//2
 388              		.loc 1 35 45
 389 0012 7B68     		ldr	r3, [r7, #4]
 390 0014 0133     		adds	r3, r3, #1
 391 0016 1B78     		ldrb	r3, [r3]
 392 0018 DBB2     		uxtb	r3, r3
 393 001a 1AB2     		sxth	r2, r3
 394              		.loc 1 35 75
 395 001c 7B68     		ldr	r3, [r7, #4]
 396 001e 0233     		adds	r3, r3, #2
 397 0020 1B78     		ldrb	r3, [r3]
 398 0022 DBB2     		uxtb	r3, r3
 399              		.loc 1 35 54
 400 0024 1BB2     		sxth	r3, r3
 401 0026 1B02     		lsls	r3, r3, #8
 402 0028 1BB2     		sxth	r3, r3
 403 002a 1343     		orrs	r3, r3, r2
 404 002c 1BB2     		sxth	r3, r3
 405              		.loc 1 35 87
 406 002e 9BB2     		uxth	r3, r3
 407 0030 C3F30A03 		ubfx	r3, r3, #0, #11
 408 0034 9AB2     		uxth	r2, r3
 409              		.loc 1 35 22
 410 0036 3B68     		ldr	r3, [r7]
 411 0038 1A80     		strh	r2, [r3]	@ movhi
  36:User/Hardware/DT7.c ****         SBUS_CH->CH2 =  (((uint16_t)sbus_buf[2] >> 3 | ((uint16_t)sbus_buf[3] << 5 )) & 0x07FF);//2
 412              		.loc 1 36 45
 413 003a 7B68     		ldr	r3, [r7, #4]
 414 003c 0233     		adds	r3, r3, #2
 415 003e 1B78     		ldrb	r3, [r3]
 416 0040 DBB2     		uxtb	r3, r3
 417              		.loc 1 36 54
ARM GAS  C:\Users\23671\AppData\Local\Temp\cc1CVDQi.s 			page 9


 418 0042 DB08     		lsrs	r3, r3, #3
 419 0044 DBB2     		uxtb	r3, r3
 420 0046 1AB2     		sxth	r2, r3
 421              		.loc 1 36 75
 422 0048 7B68     		ldr	r3, [r7, #4]
 423 004a 0333     		adds	r3, r3, #3
 424 004c 1B78     		ldrb	r3, [r3]
 425 004e DBB2     		uxtb	r3, r3
 426              		.loc 1 36 54
 427 0050 1BB2     		sxth	r3, r3
 428 0052 5B01     		lsls	r3, r3, #5
 429 0054 1BB2     		sxth	r3, r3
 430 0056 1343     		orrs	r3, r3, r2
 431 0058 1BB2     		sxth	r3, r3
 432              		.loc 1 36 87
 433 005a 9BB2     		uxth	r3, r3
 434 005c C3F30A03 		ubfx	r3, r3, #0, #11
 435 0060 9AB2     		uxth	r2, r3
 436              		.loc 1 36 22
 437 0062 3B68     		ldr	r3, [r7]
 438 0064 5A80     		strh	r2, [r3, #2]	@ movhi
  37:User/Hardware/DT7.c ****         SBUS_CH->CH3 =  (((uint16_t)sbus_buf[3] >> 6 | ((uint16_t)sbus_buf[4] << 2 ) | (int16_t)sbu
 439              		.loc 1 37 45
 440 0066 7B68     		ldr	r3, [r7, #4]
 441 0068 0333     		adds	r3, r3, #3
 442 006a 1B78     		ldrb	r3, [r3]
 443 006c DBB2     		uxtb	r3, r3
 444              		.loc 1 37 54
 445 006e 9B09     		lsrs	r3, r3, #6
 446 0070 DBB2     		uxtb	r3, r3
 447 0072 1AB2     		sxth	r2, r3
 448              		.loc 1 37 75
 449 0074 7B68     		ldr	r3, [r7, #4]
 450 0076 0433     		adds	r3, r3, #4
 451 0078 1B78     		ldrb	r3, [r3]
 452 007a DBB2     		uxtb	r3, r3
 453              		.loc 1 37 54
 454 007c 1BB2     		sxth	r3, r3
 455 007e 9B00     		lsls	r3, r3, #2
 456 0080 1BB2     		sxth	r3, r3
 457 0082 1343     		orrs	r3, r3, r2
 458 0084 1AB2     		sxth	r2, r3
 459              		.loc 1 37 105
 460 0086 7B68     		ldr	r3, [r7, #4]
 461 0088 0533     		adds	r3, r3, #5
 462 008a 1B78     		ldrb	r3, [r3]
 463 008c DBB2     		uxtb	r3, r3
 464              		.loc 1 37 86
 465 008e 1BB2     		sxth	r3, r3
 466 0090 9B02     		lsls	r3, r3, #10
 467 0092 1BB2     		sxth	r3, r3
 468 0094 1343     		orrs	r3, r3, r2
 469 0096 1BB2     		sxth	r3, r3
 470              		.loc 1 37 117
 471 0098 9BB2     		uxth	r3, r3
 472 009a C3F30A03 		ubfx	r3, r3, #0, #11
 473 009e 9AB2     		uxth	r2, r3
ARM GAS  C:\Users\23671\AppData\Local\Temp\cc1CVDQi.s 			page 10


 474              		.loc 1 37 22
 475 00a0 3B68     		ldr	r3, [r7]
 476 00a2 9A80     		strh	r2, [r3, #4]	@ movhi
  38:User/Hardware/DT7.c ****         SBUS_CH->CH4 =  (((uint16_t)sbus_buf[5] >> 1 | ((uint16_t)sbus_buf[6] << 7 )) & 0x07FF);//2
 477              		.loc 1 38 45
 478 00a4 7B68     		ldr	r3, [r7, #4]
 479 00a6 0533     		adds	r3, r3, #5
 480 00a8 1B78     		ldrb	r3, [r3]
 481 00aa DBB2     		uxtb	r3, r3
 482              		.loc 1 38 54
 483 00ac 5B08     		lsrs	r3, r3, #1
 484 00ae DBB2     		uxtb	r3, r3
 485 00b0 1AB2     		sxth	r2, r3
 486              		.loc 1 38 75
 487 00b2 7B68     		ldr	r3, [r7, #4]
 488 00b4 0633     		adds	r3, r3, #6
 489 00b6 1B78     		ldrb	r3, [r3]
 490 00b8 DBB2     		uxtb	r3, r3
 491              		.loc 1 38 54
 492 00ba 1BB2     		sxth	r3, r3
 493 00bc DB01     		lsls	r3, r3, #7
 494 00be 1BB2     		sxth	r3, r3
 495 00c0 1343     		orrs	r3, r3, r2
 496 00c2 1BB2     		sxth	r3, r3
 497              		.loc 1 38 87
 498 00c4 9BB2     		uxth	r3, r3
 499 00c6 C3F30A03 		ubfx	r3, r3, #0, #11
 500 00ca 9AB2     		uxth	r2, r3
 501              		.loc 1 38 22
 502 00cc 3B68     		ldr	r3, [r7]
 503 00ce DA80     		strh	r2, [r3, #6]	@ movhi
  39:User/Hardware/DT7.c ****         SBUS_CH->CH5 =  (((int16_t)sbus_buf[6] >> 4 | ((int16_t)sbus_buf[7] << 4 )) & 0x07FF);//240
 504              		.loc 1 39 44
 505 00d0 7B68     		ldr	r3, [r7, #4]
 506 00d2 0633     		adds	r3, r3, #6
 507 00d4 1B78     		ldrb	r3, [r3]
 508 00d6 DBB2     		uxtb	r3, r3
 509              		.loc 1 39 53
 510 00d8 1B09     		lsrs	r3, r3, #4
 511 00da DBB2     		uxtb	r3, r3
 512 00dc 1AB2     		sxth	r2, r3
 513              		.loc 1 39 73
 514 00de 7B68     		ldr	r3, [r7, #4]
 515 00e0 0733     		adds	r3, r3, #7
 516 00e2 1B78     		ldrb	r3, [r3]
 517 00e4 DBB2     		uxtb	r3, r3
 518              		.loc 1 39 53
 519 00e6 1BB2     		sxth	r3, r3
 520 00e8 1B01     		lsls	r3, r3, #4
 521 00ea 1BB2     		sxth	r3, r3
 522 00ec 1343     		orrs	r3, r3, r2
 523 00ee 1BB2     		sxth	r3, r3
 524              		.loc 1 39 85
 525 00f0 9BB2     		uxth	r3, r3
 526 00f2 C3F30A03 		ubfx	r3, r3, #0, #11
 527 00f6 9AB2     		uxth	r2, r3
 528              		.loc 1 39 22
ARM GAS  C:\Users\23671\AppData\Local\Temp\cc1CVDQi.s 			page 11


 529 00f8 3B68     		ldr	r3, [r7]
 530 00fa 1A81     		strh	r2, [r3, #8]	@ movhi
  40:User/Hardware/DT7.c ****         SBUS_CH->CH6 =  (((int16_t)sbus_buf[7] >> 7 | ((int16_t)sbus_buf[8] << 1 ) | (int16_t)sbus_
 531              		.loc 1 40 44
 532 00fc 7B68     		ldr	r3, [r7, #4]
 533 00fe 0733     		adds	r3, r3, #7
 534 0100 1B78     		ldrb	r3, [r3]
 535 0102 DBB2     		uxtb	r3, r3
 536              		.loc 1 40 53
 537 0104 DB09     		lsrs	r3, r3, #7
 538 0106 DBB2     		uxtb	r3, r3
 539 0108 1AB2     		sxth	r2, r3
 540              		.loc 1 40 73
 541 010a 7B68     		ldr	r3, [r7, #4]
 542 010c 0833     		adds	r3, r3, #8
 543 010e 1B78     		ldrb	r3, [r3]
 544 0110 DBB2     		uxtb	r3, r3
 545              		.loc 1 40 53
 546 0112 1BB2     		sxth	r3, r3
 547 0114 5B00     		lsls	r3, r3, #1
 548 0116 1BB2     		sxth	r3, r3
 549 0118 1343     		orrs	r3, r3, r2
 550 011a 1AB2     		sxth	r2, r3
 551              		.loc 1 40 103
 552 011c 7B68     		ldr	r3, [r7, #4]
 553 011e 0933     		adds	r3, r3, #9
 554 0120 1B78     		ldrb	r3, [r3]
 555 0122 DBB2     		uxtb	r3, r3
 556              		.loc 1 40 84
 557 0124 1BB2     		sxth	r3, r3
 558 0126 5B02     		lsls	r3, r3, #9
 559 0128 1BB2     		sxth	r3, r3
 560 012a 1343     		orrs	r3, r3, r2
 561 012c 1BB2     		sxth	r3, r3
 562              		.loc 1 40 114
 563 012e 9BB2     		uxth	r3, r3
 564 0130 C3F30A03 		ubfx	r3, r3, #0, #11
 565 0134 9AB2     		uxth	r2, r3
 566              		.loc 1 40 22
 567 0136 3B68     		ldr	r3, [r7]
 568 0138 5A81     		strh	r2, [r3, #10]	@ movhi
  41:User/Hardware/DT7.c ****         SBUS_CH->CH7 =  (((int16_t)sbus_buf[9] >> 2 | ((int16_t)sbus_buf[10] << 6 )) & 0x07FF);//24
 569              		.loc 1 41 44
 570 013a 7B68     		ldr	r3, [r7, #4]
 571 013c 0933     		adds	r3, r3, #9
 572 013e 1B78     		ldrb	r3, [r3]
 573 0140 DBB2     		uxtb	r3, r3
 574              		.loc 1 41 53
 575 0142 9B08     		lsrs	r3, r3, #2
 576 0144 DBB2     		uxtb	r3, r3
 577 0146 1AB2     		sxth	r2, r3
 578              		.loc 1 41 73
 579 0148 7B68     		ldr	r3, [r7, #4]
 580 014a 0A33     		adds	r3, r3, #10
 581 014c 1B78     		ldrb	r3, [r3]
 582 014e DBB2     		uxtb	r3, r3
 583              		.loc 1 41 53
ARM GAS  C:\Users\23671\AppData\Local\Temp\cc1CVDQi.s 			page 12


 584 0150 1BB2     		sxth	r3, r3
 585 0152 9B01     		lsls	r3, r3, #6
 586 0154 1BB2     		sxth	r3, r3
 587 0156 1343     		orrs	r3, r3, r2
 588 0158 1BB2     		sxth	r3, r3
 589              		.loc 1 41 86
 590 015a 9BB2     		uxth	r3, r3
 591 015c C3F30A03 		ubfx	r3, r3, #0, #11
 592 0160 9AB2     		uxth	r2, r3
 593              		.loc 1 41 22
 594 0162 3B68     		ldr	r3, [r7]
 595 0164 9A81     		strh	r2, [r3, #12]	@ movhi
  42:User/Hardware/DT7.c ****         SBUS_CH->CH8 =  (((int16_t)sbus_buf[10] >> 5 | ((int16_t)sbus_buf[11] << 3 )) & 0x07FF);//2
 596              		.loc 1 42 44
 597 0166 7B68     		ldr	r3, [r7, #4]
 598 0168 0A33     		adds	r3, r3, #10
 599 016a 1B78     		ldrb	r3, [r3]
 600 016c DBB2     		uxtb	r3, r3
 601              		.loc 1 42 54
 602 016e 5B09     		lsrs	r3, r3, #5
 603 0170 DBB2     		uxtb	r3, r3
 604 0172 1AB2     		sxth	r2, r3
 605              		.loc 1 42 74
 606 0174 7B68     		ldr	r3, [r7, #4]
 607 0176 0B33     		adds	r3, r3, #11
 608 0178 1B78     		ldrb	r3, [r3]
 609 017a DBB2     		uxtb	r3, r3
 610              		.loc 1 42 54
 611 017c 1BB2     		sxth	r3, r3
 612 017e DB00     		lsls	r3, r3, #3
 613 0180 1BB2     		sxth	r3, r3
 614 0182 1343     		orrs	r3, r3, r2
 615 0184 1BB2     		sxth	r3, r3
 616              		.loc 1 42 87
 617 0186 9BB2     		uxth	r3, r3
 618 0188 C3F30A03 		ubfx	r3, r3, #0, #11
 619 018c 9AB2     		uxth	r2, r3
 620              		.loc 1 42 22
 621 018e 3B68     		ldr	r3, [r7]
 622 0190 DA81     		strh	r2, [r3, #14]	@ movhi
  43:User/Hardware/DT7.c ****         SBUS_CH->CH9 =  (((int16_t)sbus_buf[12] << 0 | ((int16_t)sbus_buf[13] << 8 )) & 0x07FF);//2
 623              		.loc 1 43 44
 624 0192 7B68     		ldr	r3, [r7, #4]
 625 0194 0C33     		adds	r3, r3, #12
 626 0196 1B78     		ldrb	r3, [r3]
 627 0198 DBB2     		uxtb	r3, r3
 628 019a 1AB2     		sxth	r2, r3
 629              		.loc 1 43 74
 630 019c 7B68     		ldr	r3, [r7, #4]
 631 019e 0D33     		adds	r3, r3, #13
 632 01a0 1B78     		ldrb	r3, [r3]
 633 01a2 DBB2     		uxtb	r3, r3
 634              		.loc 1 43 54
 635 01a4 1BB2     		sxth	r3, r3
 636 01a6 1B02     		lsls	r3, r3, #8
 637 01a8 1BB2     		sxth	r3, r3
 638 01aa 1343     		orrs	r3, r3, r2
ARM GAS  C:\Users\23671\AppData\Local\Temp\cc1CVDQi.s 			page 13


 639 01ac 1BB2     		sxth	r3, r3
 640              		.loc 1 43 87
 641 01ae 9BB2     		uxth	r3, r3
 642 01b0 C3F30A03 		ubfx	r3, r3, #0, #11
 643 01b4 9AB2     		uxth	r2, r3
 644              		.loc 1 43 22
 645 01b6 3B68     		ldr	r3, [r7]
 646 01b8 1A82     		strh	r2, [r3, #16]	@ movhi
  44:User/Hardware/DT7.c ****         SBUS_CH->CH10 = (((int16_t)sbus_buf[13] >> 3 | ((int16_t)sbus_buf[14] << 5 )) & 0x07FF);//2
 647              		.loc 1 44 44
 648 01ba 7B68     		ldr	r3, [r7, #4]
 649 01bc 0D33     		adds	r3, r3, #13
 650 01be 1B78     		ldrb	r3, [r3]
 651 01c0 DBB2     		uxtb	r3, r3
 652              		.loc 1 44 54
 653 01c2 DB08     		lsrs	r3, r3, #3
 654 01c4 DBB2     		uxtb	r3, r3
 655 01c6 1AB2     		sxth	r2, r3
 656              		.loc 1 44 74
 657 01c8 7B68     		ldr	r3, [r7, #4]
 658 01ca 0E33     		adds	r3, r3, #14
 659 01cc 1B78     		ldrb	r3, [r3]
 660 01ce DBB2     		uxtb	r3, r3
 661              		.loc 1 44 54
 662 01d0 1BB2     		sxth	r3, r3
 663 01d2 5B01     		lsls	r3, r3, #5
 664 01d4 1BB2     		sxth	r3, r3
 665 01d6 1343     		orrs	r3, r3, r2
 666 01d8 1BB2     		sxth	r3, r3
 667              		.loc 1 44 87
 668 01da 9BB2     		uxth	r3, r3
 669 01dc C3F30A03 		ubfx	r3, r3, #0, #11
 670 01e0 9AB2     		uxth	r2, r3
 671              		.loc 1 44 23
 672 01e2 3B68     		ldr	r3, [r7]
 673 01e4 5A82     		strh	r2, [r3, #18]	@ movhi
  45:User/Hardware/DT7.c ****         SBUS_CH->CH11 = (((int16_t)sbus_buf[14] >> 6 | ((int16_t)sbus_buf[15] << 2 ) | (int16_t)sbu
 674              		.loc 1 45 44
 675 01e6 7B68     		ldr	r3, [r7, #4]
 676 01e8 0E33     		adds	r3, r3, #14
 677 01ea 1B78     		ldrb	r3, [r3]
 678 01ec DBB2     		uxtb	r3, r3
 679              		.loc 1 45 54
 680 01ee 9B09     		lsrs	r3, r3, #6
 681 01f0 DBB2     		uxtb	r3, r3
 682 01f2 1AB2     		sxth	r2, r3
 683              		.loc 1 45 74
 684 01f4 7B68     		ldr	r3, [r7, #4]
 685 01f6 0F33     		adds	r3, r3, #15
 686 01f8 1B78     		ldrb	r3, [r3]
 687 01fa DBB2     		uxtb	r3, r3
 688              		.loc 1 45 54
 689 01fc 1BB2     		sxth	r3, r3
 690 01fe 9B00     		lsls	r3, r3, #2
 691 0200 1BB2     		sxth	r3, r3
 692 0202 1343     		orrs	r3, r3, r2
 693 0204 1AB2     		sxth	r2, r3
ARM GAS  C:\Users\23671\AppData\Local\Temp\cc1CVDQi.s 			page 14


 694              		.loc 1 45 105
 695 0206 7B68     		ldr	r3, [r7, #4]
 696 0208 1033     		adds	r3, r3, #16
 697 020a 1B78     		ldrb	r3, [r3]
 698 020c DBB2     		uxtb	r3, r3
 699              		.loc 1 45 86
 700 020e 1BB2     		sxth	r3, r3
 701 0210 9B02     		lsls	r3, r3, #10
 702 0212 1BB2     		sxth	r3, r3
 703 0214 1343     		orrs	r3, r3, r2
 704 0216 1BB2     		sxth	r3, r3
 705              		.loc 1 45 118
 706 0218 9BB2     		uxth	r3, r3
 707 021a C3F30A03 		ubfx	r3, r3, #0, #11
 708 021e 9AB2     		uxth	r2, r3
 709              		.loc 1 45 23
 710 0220 3B68     		ldr	r3, [r7]
 711 0222 9A82     		strh	r2, [r3, #20]	@ movhi
  46:User/Hardware/DT7.c ****         SBUS_CH->CH12 = (((int16_t)sbus_buf[16] >> 1 | ((int16_t)sbus_buf[17] << 7 )) & 0x07FF);
 712              		.loc 1 46 44
 713 0224 7B68     		ldr	r3, [r7, #4]
 714 0226 1033     		adds	r3, r3, #16
 715 0228 1B78     		ldrb	r3, [r3]
 716 022a DBB2     		uxtb	r3, r3
 717              		.loc 1 46 54
 718 022c 5B08     		lsrs	r3, r3, #1
 719 022e DBB2     		uxtb	r3, r3
 720 0230 1AB2     		sxth	r2, r3
 721              		.loc 1 46 74
 722 0232 7B68     		ldr	r3, [r7, #4]
 723 0234 1133     		adds	r3, r3, #17
 724 0236 1B78     		ldrb	r3, [r3]
 725 0238 DBB2     		uxtb	r3, r3
 726              		.loc 1 46 54
 727 023a 1BB2     		sxth	r3, r3
 728 023c DB01     		lsls	r3, r3, #7
 729 023e 1BB2     		sxth	r3, r3
 730 0240 1343     		orrs	r3, r3, r2
 731 0242 1BB2     		sxth	r3, r3
 732              		.loc 1 46 87
 733 0244 9BB2     		uxth	r3, r3
 734 0246 C3F30A03 		ubfx	r3, r3, #0, #11
 735 024a 9AB2     		uxth	r2, r3
 736              		.loc 1 46 23
 737 024c 3B68     		ldr	r3, [r7]
 738 024e DA82     		strh	r2, [r3, #22]	@ movhi
  47:User/Hardware/DT7.c ****         SBUS_CH->CH13 = (((int16_t)sbus_buf[17] >> 4 | ((int16_t)sbus_buf[18] << 4 )) & 0x07FF);
 739              		.loc 1 47 44
 740 0250 7B68     		ldr	r3, [r7, #4]
 741 0252 1133     		adds	r3, r3, #17
 742 0254 1B78     		ldrb	r3, [r3]
 743 0256 DBB2     		uxtb	r3, r3
 744              		.loc 1 47 54
 745 0258 1B09     		lsrs	r3, r3, #4
 746 025a DBB2     		uxtb	r3, r3
 747 025c 1AB2     		sxth	r2, r3
 748              		.loc 1 47 74
ARM GAS  C:\Users\23671\AppData\Local\Temp\cc1CVDQi.s 			page 15


 749 025e 7B68     		ldr	r3, [r7, #4]
 750 0260 1233     		adds	r3, r3, #18
 751 0262 1B78     		ldrb	r3, [r3]
 752 0264 DBB2     		uxtb	r3, r3
 753              		.loc 1 47 54
 754 0266 1BB2     		sxth	r3, r3
 755 0268 1B01     		lsls	r3, r3, #4
 756 026a 1BB2     		sxth	r3, r3
 757 026c 1343     		orrs	r3, r3, r2
 758 026e 1BB2     		sxth	r3, r3
 759              		.loc 1 47 87
 760 0270 9BB2     		uxth	r3, r3
 761 0272 C3F30A03 		ubfx	r3, r3, #0, #11
 762 0276 9AB2     		uxth	r2, r3
 763              		.loc 1 47 23
 764 0278 3B68     		ldr	r3, [r7]
 765 027a 1A83     		strh	r2, [r3, #24]	@ movhi
  48:User/Hardware/DT7.c ****         SBUS_CH->CH14 = (((int16_t)sbus_buf[18] >> 7 | ((int16_t)sbus_buf[19] << 1 ) | (int16_t)sbu
 766              		.loc 1 48 44
 767 027c 7B68     		ldr	r3, [r7, #4]
 768 027e 1233     		adds	r3, r3, #18
 769 0280 1B78     		ldrb	r3, [r3]
 770 0282 DBB2     		uxtb	r3, r3
 771              		.loc 1 48 54
 772 0284 DB09     		lsrs	r3, r3, #7
 773 0286 DBB2     		uxtb	r3, r3
 774 0288 1AB2     		sxth	r2, r3
 775              		.loc 1 48 74
 776 028a 7B68     		ldr	r3, [r7, #4]
 777 028c 1333     		adds	r3, r3, #19
 778 028e 1B78     		ldrb	r3, [r3]
 779 0290 DBB2     		uxtb	r3, r3
 780              		.loc 1 48 54
 781 0292 1BB2     		sxth	r3, r3
 782 0294 5B00     		lsls	r3, r3, #1
 783 0296 1BB2     		sxth	r3, r3
 784 0298 1343     		orrs	r3, r3, r2
 785 029a 1AB2     		sxth	r2, r3
 786              		.loc 1 48 105
 787 029c 7B68     		ldr	r3, [r7, #4]
 788 029e 1433     		adds	r3, r3, #20
 789 02a0 1B78     		ldrb	r3, [r3]
 790 02a2 DBB2     		uxtb	r3, r3
 791              		.loc 1 48 86
 792 02a4 1BB2     		sxth	r3, r3
 793 02a6 5B02     		lsls	r3, r3, #9
 794 02a8 1BB2     		sxth	r3, r3
 795 02aa 1343     		orrs	r3, r3, r2
 796 02ac 1BB2     		sxth	r3, r3
 797              		.loc 1 48 117
 798 02ae 9BB2     		uxth	r3, r3
 799 02b0 C3F30A03 		ubfx	r3, r3, #0, #11
 800 02b4 9AB2     		uxth	r2, r3
 801              		.loc 1 48 23
 802 02b6 3B68     		ldr	r3, [r7]
 803 02b8 5A83     		strh	r2, [r3, #26]	@ movhi
  49:User/Hardware/DT7.c ****         SBUS_CH->CH15 = (((int16_t)sbus_buf[20] >> 2 | ((int16_t)sbus_buf[21] << 6 )) & 0x07FF);
ARM GAS  C:\Users\23671\AppData\Local\Temp\cc1CVDQi.s 			page 16


 804              		.loc 1 49 44
 805 02ba 7B68     		ldr	r3, [r7, #4]
 806 02bc 1433     		adds	r3, r3, #20
 807 02be 1B78     		ldrb	r3, [r3]
 808 02c0 DBB2     		uxtb	r3, r3
 809              		.loc 1 49 54
 810 02c2 9B08     		lsrs	r3, r3, #2
 811 02c4 DBB2     		uxtb	r3, r3
 812 02c6 1AB2     		sxth	r2, r3
 813              		.loc 1 49 74
 814 02c8 7B68     		ldr	r3, [r7, #4]
 815 02ca 1533     		adds	r3, r3, #21
 816 02cc 1B78     		ldrb	r3, [r3]
 817 02ce DBB2     		uxtb	r3, r3
 818              		.loc 1 49 54
 819 02d0 1BB2     		sxth	r3, r3
 820 02d2 9B01     		lsls	r3, r3, #6
 821 02d4 1BB2     		sxth	r3, r3
 822 02d6 1343     		orrs	r3, r3, r2
 823 02d8 1BB2     		sxth	r3, r3
 824              		.loc 1 49 87
 825 02da 9BB2     		uxth	r3, r3
 826 02dc C3F30A03 		ubfx	r3, r3, #0, #11
 827 02e0 9AB2     		uxth	r2, r3
 828              		.loc 1 49 23
 829 02e2 3B68     		ldr	r3, [r7]
 830 02e4 9A83     		strh	r2, [r3, #28]	@ movhi
  50:User/Hardware/DT7.c ****         SBUS_CH->CH16 = (((int16_t)sbus_buf[21] >> 5 | ((int16_t)sbus_buf[22] << 3 )) & 0x07FF);
 831              		.loc 1 50 44
 832 02e6 7B68     		ldr	r3, [r7, #4]
 833 02e8 1533     		adds	r3, r3, #21
 834 02ea 1B78     		ldrb	r3, [r3]
 835 02ec DBB2     		uxtb	r3, r3
 836              		.loc 1 50 54
 837 02ee 5B09     		lsrs	r3, r3, #5
 838 02f0 DBB2     		uxtb	r3, r3
 839 02f2 1AB2     		sxth	r2, r3
 840              		.loc 1 50 74
 841 02f4 7B68     		ldr	r3, [r7, #4]
 842 02f6 1633     		adds	r3, r3, #22
 843 02f8 1B78     		ldrb	r3, [r3]
 844 02fa DBB2     		uxtb	r3, r3
 845              		.loc 1 50 54
 846 02fc 1BB2     		sxth	r3, r3
 847 02fe DB00     		lsls	r3, r3, #3
 848 0300 1BB2     		sxth	r3, r3
 849 0302 1343     		orrs	r3, r3, r2
 850 0304 1BB2     		sxth	r3, r3
 851              		.loc 1 50 87
 852 0306 9BB2     		uxth	r3, r3
 853 0308 C3F30A03 		ubfx	r3, r3, #0, #11
 854 030c 9AB2     		uxth	r2, r3
 855              		.loc 1 50 23
 856 030e 3B68     		ldr	r3, [r7]
 857 0310 DA83     		strh	r2, [r3, #30]	@ movhi
  51:User/Hardware/DT7.c **** 
  52:User/Hardware/DT7.c **** }...
ARM GAS  C:\Users\23671\AppData\Local\Temp\cc1CVDQi.s 			page 17


 858              		.loc 1 52 1
 859 0312 00BF     		nop
 860 0314 0C37     		adds	r7, r7, #12
 861              	.LCFI9:
 862              		.cfi_def_cfa_offset 4
 863 0316 BD46     		mov	sp, r7
 864              	.LCFI10:
 865              		.cfi_def_cfa_register 13
 866              		@ sp needed
 867 0318 5DF8047B 		ldr	r7, [sp], #4
 868              	.LCFI11:
 869              		.cfi_restore 7
 870              		.cfi_def_cfa_offset 0
 871 031c 7047     		bx	lr
 872              		.cfi_endproc
 873              	.LFE1:
 875              		.text
 876              	.Letext0:
 877              		.file 2 "D:/MSYS2/mingw64/arm-none-eabi/include/machine/_default_types.h"
 878              		.file 3 "D:/MSYS2/mingw64/arm-none-eabi/include/sys/_stdint.h"
 879              		.file 4 "User/Hardware/DT7.h"
ARM GAS  C:\Users\23671\AppData\Local\Temp\cc1CVDQi.s 			page 18


DEFINED SYMBOLS
                            *ABS*:00000000 DT7.c
C:\Users\23671\AppData\Local\Temp\cc1CVDQi.s:24     .bss.DT7_data:00000000 DT7_data
C:\Users\23671\AppData\Local\Temp\cc1CVDQi.s:21     .bss.DT7_data:00000000 $d
C:\Users\23671\AppData\Local\Temp\cc1CVDQi.s:31     .bss.SBUS_CH:00000000 SBUS_CH
C:\Users\23671\AppData\Local\Temp\cc1CVDQi.s:28     .bss.SBUS_CH:00000000 $d
C:\Users\23671\AppData\Local\Temp\cc1CVDQi.s:34     .text.DT7_decode_data:00000000 $t
C:\Users\23671\AppData\Local\Temp\cc1CVDQi.s:40     .text.DT7_decode_data:00000000 DT7_decode_data
C:\Users\23671\AppData\Local\Temp\cc1CVDQi.s:354    .text.DT7_decode_data:000001e4 $d
C:\Users\23671\AppData\Local\Temp\cc1CVDQi.s:359    .text.update_sbus:00000000 $t
C:\Users\23671\AppData\Local\Temp\cc1CVDQi.s:365    .text.update_sbus:00000000 update_sbus

NO UNDEFINED SYMBOLS
