ARM GAS  C:\Users\23671\AppData\Local\Temp\ccbDFjOS.s 			page 1


   1              		.cpu cortex-m7
   2              		.arch armv7e-m
   3              		.fpu fpv5-d16
   4              		.eabi_attribute 28, 1
   5              		.eabi_attribute 20, 1
   6              		.eabi_attribute 21, 1
   7              		.eabi_attribute 23, 3
   8              		.eabi_attribute 24, 1
   9              		.eabi_attribute 25, 1
  10              		.eabi_attribute 26, 1
  11              		.eabi_attribute 30, 6
  12              		.eabi_attribute 34, 1
  13              		.eabi_attribute 18, 4
  14              		.file	"fdcan.c"
  15              		.text
  16              	.Ltext0:
  17              		.cfi_sections	.debug_frame
  18              		.file 1 "Core/Src/fdcan.c"
  19              		.global	hfdcan1
  20              		.section	.bss.hfdcan1,"aw",%nobits
  21              		.align	2
  24              	hfdcan1:
  25 0000 00000000 		.space	160
  25      00000000 
  25      00000000 
  25      00000000 
  25      00000000 
  26              		.global	hfdcan2
  27              		.section	.bss.hfdcan2,"aw",%nobits
  28              		.align	2
  31              	hfdcan2:
  32 0000 00000000 		.space	160
  32      00000000 
  32      00000000 
  32      00000000 
  32      00000000 
  33              		.global	hfdcan3
  34              		.section	.bss.hfdcan3,"aw",%nobits
  35              		.align	2
  38              	hfdcan3:
  39 0000 00000000 		.space	160
  39      00000000 
  39      00000000 
  39      00000000 
  39      00000000 
  40              		.section	.text.MX_FDCAN1_Init,"ax",%progbits
  41              		.align	1
  42              		.global	MX_FDCAN1_Init
  43              		.syntax unified
  44              		.thumb
  45              		.thumb_func
  47              	MX_FDCAN1_Init:
  48              	.LFB144:
   1:Core/Src/fdcan.c **** /* USER CODE BEGIN Header */
   2:Core/Src/fdcan.c **** /**
   3:Core/Src/fdcan.c ****   ******************************************************************************
   4:Core/Src/fdcan.c ****   * @file    fdcan.c
ARM GAS  C:\Users\23671\AppData\Local\Temp\ccbDFjOS.s 			page 2


   5:Core/Src/fdcan.c ****   * @brief   This file provides code for the configuration
   6:Core/Src/fdcan.c ****   *          of the FDCAN instances.
   7:Core/Src/fdcan.c ****   ******************************************************************************
   8:Core/Src/fdcan.c ****   * @attention
   9:Core/Src/fdcan.c ****   *
  10:Core/Src/fdcan.c ****   * Copyright (c) 2024 STMicroelectronics.
  11:Core/Src/fdcan.c ****   * All rights reserved.
  12:Core/Src/fdcan.c ****   *
  13:Core/Src/fdcan.c ****   * This software is licensed under terms that can be found in the LICENSE file
  14:Core/Src/fdcan.c ****   * in the root directory of this software component.
  15:Core/Src/fdcan.c ****   * If no LICENSE file comes with this software, it is provided AS-IS.
  16:Core/Src/fdcan.c ****   *
  17:Core/Src/fdcan.c ****   ******************************************************************************
  18:Core/Src/fdcan.c ****   */
  19:Core/Src/fdcan.c **** /* USER CODE END Header */
  20:Core/Src/fdcan.c **** /* Includes ------------------------------------------------------------------*/
  21:Core/Src/fdcan.c **** #include "fdcan.h"
  22:Core/Src/fdcan.c **** 
  23:Core/Src/fdcan.c **** /* USER CODE BEGIN 0 */
  24:Core/Src/fdcan.c **** 
  25:Core/Src/fdcan.c **** /* USER CODE END 0 */
  26:Core/Src/fdcan.c **** 
  27:Core/Src/fdcan.c **** FDCAN_HandleTypeDef hfdcan1;
  28:Core/Src/fdcan.c **** FDCAN_HandleTypeDef hfdcan2;
  29:Core/Src/fdcan.c **** FDCAN_HandleTypeDef hfdcan3;
  30:Core/Src/fdcan.c **** 
  31:Core/Src/fdcan.c **** /* FDCAN1 init function */
  32:Core/Src/fdcan.c **** void MX_FDCAN1_Init(void)
  33:Core/Src/fdcan.c **** {
  49              		.loc 1 33 1
  50              		.cfi_startproc
  51              		@ args = 0, pretend = 0, frame = 0
  52              		@ frame_needed = 1, uses_anonymous_args = 0
  53 0000 80B5     		push	{r7, lr}
  54              	.LCFI0:
  55              		.cfi_def_cfa_offset 8
  56              		.cfi_offset 7, -8
  57              		.cfi_offset 14, -4
  58 0002 00AF     		add	r7, sp, #0
  59              	.LCFI1:
  60              		.cfi_def_cfa_register 7
  34:Core/Src/fdcan.c **** 
  35:Core/Src/fdcan.c ****   /* USER CODE BEGIN FDCAN1_Init 0 */
  36:Core/Src/fdcan.c **** 
  37:Core/Src/fdcan.c ****   /* USER CODE END FDCAN1_Init 0 */
  38:Core/Src/fdcan.c **** 
  39:Core/Src/fdcan.c ****   /* USER CODE BEGIN FDCAN1_Init 1 */
  40:Core/Src/fdcan.c **** 
  41:Core/Src/fdcan.c ****   /* USER CODE END FDCAN1_Init 1 */
  42:Core/Src/fdcan.c ****   hfdcan1.Instance = FDCAN1;
  61              		.loc 1 42 20
  62 0004 2E4B     		ldr	r3, .L4
  63 0006 2F4A     		ldr	r2, .L4+4
  64 0008 1A60     		str	r2, [r3]
  43:Core/Src/fdcan.c ****   hfdcan1.Init.FrameFormat = FDCAN_FRAME_CLASSIC;
  65              		.loc 1 43 28
  66 000a 2D4B     		ldr	r3, .L4
ARM GAS  C:\Users\23671\AppData\Local\Temp\ccbDFjOS.s 			page 3


  67 000c 0022     		movs	r2, #0
  68 000e 9A60     		str	r2, [r3, #8]
  44:Core/Src/fdcan.c ****   hfdcan1.Init.Mode = FDCAN_MODE_NORMAL;
  69              		.loc 1 44 21
  70 0010 2B4B     		ldr	r3, .L4
  71 0012 0022     		movs	r2, #0
  72 0014 DA60     		str	r2, [r3, #12]
  45:Core/Src/fdcan.c ****   hfdcan1.Init.AutoRetransmission = DISABLE;
  73              		.loc 1 45 35
  74 0016 2A4B     		ldr	r3, .L4
  75 0018 0022     		movs	r2, #0
  76 001a 1A74     		strb	r2, [r3, #16]
  46:Core/Src/fdcan.c ****   hfdcan1.Init.TransmitPause = DISABLE;
  77              		.loc 1 46 30
  78 001c 284B     		ldr	r3, .L4
  79 001e 0022     		movs	r2, #0
  80 0020 5A74     		strb	r2, [r3, #17]
  47:Core/Src/fdcan.c ****   hfdcan1.Init.ProtocolException = DISABLE;
  81              		.loc 1 47 34
  82 0022 274B     		ldr	r3, .L4
  83 0024 0022     		movs	r2, #0
  84 0026 9A74     		strb	r2, [r3, #18]
  48:Core/Src/fdcan.c ****   hfdcan1.Init.NominalPrescaler = 3;
  85              		.loc 1 48 33
  86 0028 254B     		ldr	r3, .L4
  87 002a 0322     		movs	r2, #3
  88 002c 5A61     		str	r2, [r3, #20]
  49:Core/Src/fdcan.c ****   hfdcan1.Init.NominalSyncJumpWidth = 10;
  89              		.loc 1 49 37
  90 002e 244B     		ldr	r3, .L4
  91 0030 0A22     		movs	r2, #10
  92 0032 9A61     		str	r2, [r3, #24]
  50:Core/Src/fdcan.c ****   hfdcan1.Init.NominalTimeSeg1 = 29;
  93              		.loc 1 50 32
  94 0034 224B     		ldr	r3, .L4
  95 0036 1D22     		movs	r2, #29
  96 0038 DA61     		str	r2, [r3, #28]
  51:Core/Src/fdcan.c ****   hfdcan1.Init.NominalTimeSeg2 = 10;
  97              		.loc 1 51 32
  98 003a 214B     		ldr	r3, .L4
  99 003c 0A22     		movs	r2, #10
 100 003e 1A62     		str	r2, [r3, #32]
  52:Core/Src/fdcan.c ****   hfdcan1.Init.DataPrescaler = 3;
 101              		.loc 1 52 30
 102 0040 1F4B     		ldr	r3, .L4
 103 0042 0322     		movs	r2, #3
 104 0044 5A62     		str	r2, [r3, #36]
  53:Core/Src/fdcan.c ****   hfdcan1.Init.DataSyncJumpWidth = 10;
 105              		.loc 1 53 34
 106 0046 1E4B     		ldr	r3, .L4
 107 0048 0A22     		movs	r2, #10
 108 004a 9A62     		str	r2, [r3, #40]
  54:Core/Src/fdcan.c ****   hfdcan1.Init.DataTimeSeg1 = 29;
 109              		.loc 1 54 29
 110 004c 1C4B     		ldr	r3, .L4
 111 004e 1D22     		movs	r2, #29
 112 0050 DA62     		str	r2, [r3, #44]
ARM GAS  C:\Users\23671\AppData\Local\Temp\ccbDFjOS.s 			page 4


  55:Core/Src/fdcan.c ****   hfdcan1.Init.DataTimeSeg2 = 10;
 113              		.loc 1 55 29
 114 0052 1B4B     		ldr	r3, .L4
 115 0054 0A22     		movs	r2, #10
 116 0056 1A63     		str	r2, [r3, #48]
  56:Core/Src/fdcan.c ****   hfdcan1.Init.MessageRAMOffset = 0;
 117              		.loc 1 56 33
 118 0058 194B     		ldr	r3, .L4
 119 005a 0022     		movs	r2, #0
 120 005c 5A63     		str	r2, [r3, #52]
  57:Core/Src/fdcan.c ****   hfdcan1.Init.StdFiltersNbr = 1;
 121              		.loc 1 57 30
 122 005e 184B     		ldr	r3, .L4
 123 0060 0122     		movs	r2, #1
 124 0062 9A63     		str	r2, [r3, #56]
  58:Core/Src/fdcan.c ****   hfdcan1.Init.ExtFiltersNbr = 0;
 125              		.loc 1 58 30
 126 0064 164B     		ldr	r3, .L4
 127 0066 0022     		movs	r2, #0
 128 0068 DA63     		str	r2, [r3, #60]
  59:Core/Src/fdcan.c ****   hfdcan1.Init.RxFifo0ElmtsNbr = 4;
 129              		.loc 1 59 32
 130 006a 154B     		ldr	r3, .L4
 131 006c 0422     		movs	r2, #4
 132 006e 1A64     		str	r2, [r3, #64]
  60:Core/Src/fdcan.c ****   hfdcan1.Init.RxFifo0ElmtSize = FDCAN_DATA_BYTES_8;
 133              		.loc 1 60 32
 134 0070 134B     		ldr	r3, .L4
 135 0072 0422     		movs	r2, #4
 136 0074 5A64     		str	r2, [r3, #68]
  61:Core/Src/fdcan.c ****   hfdcan1.Init.RxFifo1ElmtsNbr = 0;
 137              		.loc 1 61 32
 138 0076 124B     		ldr	r3, .L4
 139 0078 0022     		movs	r2, #0
 140 007a 9A64     		str	r2, [r3, #72]
  62:Core/Src/fdcan.c ****   hfdcan1.Init.RxFifo1ElmtSize = FDCAN_DATA_BYTES_8;
 141              		.loc 1 62 32
 142 007c 104B     		ldr	r3, .L4
 143 007e 0422     		movs	r2, #4
 144 0080 DA64     		str	r2, [r3, #76]
  63:Core/Src/fdcan.c ****   hfdcan1.Init.RxBuffersNbr = 0;
 145              		.loc 1 63 29
 146 0082 0F4B     		ldr	r3, .L4
 147 0084 0022     		movs	r2, #0
 148 0086 1A65     		str	r2, [r3, #80]
  64:Core/Src/fdcan.c ****   hfdcan1.Init.RxBufferSize = FDCAN_DATA_BYTES_8;
 149              		.loc 1 64 29
 150 0088 0D4B     		ldr	r3, .L4
 151 008a 0422     		movs	r2, #4
 152 008c 5A65     		str	r2, [r3, #84]
  65:Core/Src/fdcan.c ****   hfdcan1.Init.TxEventsNbr = 0;
 153              		.loc 1 65 28
 154 008e 0C4B     		ldr	r3, .L4
 155 0090 0022     		movs	r2, #0
 156 0092 9A65     		str	r2, [r3, #88]
  66:Core/Src/fdcan.c ****   hfdcan1.Init.TxBuffersNbr = 0;
 157              		.loc 1 66 29
ARM GAS  C:\Users\23671\AppData\Local\Temp\ccbDFjOS.s 			page 5


 158 0094 0A4B     		ldr	r3, .L4
 159 0096 0022     		movs	r2, #0
 160 0098 DA65     		str	r2, [r3, #92]
  67:Core/Src/fdcan.c ****   hfdcan1.Init.TxFifoQueueElmtsNbr = 32;
 161              		.loc 1 67 36
 162 009a 094B     		ldr	r3, .L4
 163 009c 2022     		movs	r2, #32
 164 009e 1A66     		str	r2, [r3, #96]
  68:Core/Src/fdcan.c ****   hfdcan1.Init.TxFifoQueueMode = FDCAN_TX_FIFO_OPERATION;
 165              		.loc 1 68 32
 166 00a0 074B     		ldr	r3, .L4
 167 00a2 0022     		movs	r2, #0
 168 00a4 5A66     		str	r2, [r3, #100]
  69:Core/Src/fdcan.c ****   hfdcan1.Init.TxElmtSize = FDCAN_DATA_BYTES_8;
 169              		.loc 1 69 27
 170 00a6 064B     		ldr	r3, .L4
 171 00a8 0422     		movs	r2, #4
 172 00aa 9A66     		str	r2, [r3, #104]
  70:Core/Src/fdcan.c ****   if (HAL_FDCAN_Init(&hfdcan1) != HAL_OK)
 173              		.loc 1 70 7
 174 00ac 0448     		ldr	r0, .L4
 175 00ae FFF7FEFF 		bl	HAL_FDCAN_Init
 176 00b2 0346     		mov	r3, r0
 177              		.loc 1 70 6 discriminator 1
 178 00b4 002B     		cmp	r3, #0
 179 00b6 01D0     		beq	.L3
  71:Core/Src/fdcan.c ****   {
  72:Core/Src/fdcan.c ****     Error_Handler();
 180              		.loc 1 72 5
 181 00b8 FFF7FEFF 		bl	Error_Handler
 182              	.L3:
  73:Core/Src/fdcan.c ****   }
  74:Core/Src/fdcan.c ****   /* USER CODE BEGIN FDCAN1_Init 2 */
  75:Core/Src/fdcan.c **** 
  76:Core/Src/fdcan.c ****   /* USER CODE END FDCAN1_Init 2 */
  77:Core/Src/fdcan.c **** 
  78:Core/Src/fdcan.c **** }
 183              		.loc 1 78 1
 184 00bc 00BF     		nop
 185 00be 80BD     		pop	{r7, pc}
 186              	.L5:
 187              		.align	2
 188              	.L4:
 189 00c0 00000000 		.word	hfdcan1
 190 00c4 00A00040 		.word	1073782784
 191              		.cfi_endproc
 192              	.LFE144:
 194              		.section	.text.MX_FDCAN2_Init,"ax",%progbits
 195              		.align	1
 196              		.global	MX_FDCAN2_Init
 197              		.syntax unified
 198              		.thumb
 199              		.thumb_func
 201              	MX_FDCAN2_Init:
 202              	.LFB145:
  79:Core/Src/fdcan.c **** /* FDCAN2 init function */
  80:Core/Src/fdcan.c **** void MX_FDCAN2_Init(void)
ARM GAS  C:\Users\23671\AppData\Local\Temp\ccbDFjOS.s 			page 6


  81:Core/Src/fdcan.c **** {
 203              		.loc 1 81 1
 204              		.cfi_startproc
 205              		@ args = 0, pretend = 0, frame = 0
 206              		@ frame_needed = 1, uses_anonymous_args = 0
 207 0000 80B5     		push	{r7, lr}
 208              	.LCFI2:
 209              		.cfi_def_cfa_offset 8
 210              		.cfi_offset 7, -8
 211              		.cfi_offset 14, -4
 212 0002 00AF     		add	r7, sp, #0
 213              	.LCFI3:
 214              		.cfi_def_cfa_register 7
  82:Core/Src/fdcan.c **** 
  83:Core/Src/fdcan.c ****   /* USER CODE BEGIN FDCAN2_Init 0 */
  84:Core/Src/fdcan.c **** 
  85:Core/Src/fdcan.c ****   /* USER CODE END FDCAN2_Init 0 */
  86:Core/Src/fdcan.c **** 
  87:Core/Src/fdcan.c ****   /* USER CODE BEGIN FDCAN2_Init 1 */
  88:Core/Src/fdcan.c **** 
  89:Core/Src/fdcan.c ****   /* USER CODE END FDCAN2_Init 1 */
  90:Core/Src/fdcan.c ****   hfdcan2.Instance = FDCAN2;
 215              		.loc 1 90 20
 216 0004 2F4B     		ldr	r3, .L9
 217 0006 304A     		ldr	r2, .L9+4
 218 0008 1A60     		str	r2, [r3]
  91:Core/Src/fdcan.c ****   hfdcan2.Init.FrameFormat = FDCAN_FRAME_CLASSIC;
 219              		.loc 1 91 28
 220 000a 2E4B     		ldr	r3, .L9
 221 000c 0022     		movs	r2, #0
 222 000e 9A60     		str	r2, [r3, #8]
  92:Core/Src/fdcan.c ****   hfdcan2.Init.Mode = FDCAN_MODE_NORMAL;
 223              		.loc 1 92 21
 224 0010 2C4B     		ldr	r3, .L9
 225 0012 0022     		movs	r2, #0
 226 0014 DA60     		str	r2, [r3, #12]
  93:Core/Src/fdcan.c ****   hfdcan2.Init.AutoRetransmission = DISABLE;
 227              		.loc 1 93 35
 228 0016 2B4B     		ldr	r3, .L9
 229 0018 0022     		movs	r2, #0
 230 001a 1A74     		strb	r2, [r3, #16]
  94:Core/Src/fdcan.c ****   hfdcan2.Init.TransmitPause = DISABLE;
 231              		.loc 1 94 30
 232 001c 294B     		ldr	r3, .L9
 233 001e 0022     		movs	r2, #0
 234 0020 5A74     		strb	r2, [r3, #17]
  95:Core/Src/fdcan.c ****   hfdcan2.Init.ProtocolException = DISABLE;
 235              		.loc 1 95 34
 236 0022 284B     		ldr	r3, .L9
 237 0024 0022     		movs	r2, #0
 238 0026 9A74     		strb	r2, [r3, #18]
  96:Core/Src/fdcan.c ****   hfdcan2.Init.NominalPrescaler = 3;
 239              		.loc 1 96 33
 240 0028 264B     		ldr	r3, .L9
 241 002a 0322     		movs	r2, #3
 242 002c 5A61     		str	r2, [r3, #20]
  97:Core/Src/fdcan.c ****   hfdcan2.Init.NominalSyncJumpWidth = 10;
ARM GAS  C:\Users\23671\AppData\Local\Temp\ccbDFjOS.s 			page 7


 243              		.loc 1 97 37
 244 002e 254B     		ldr	r3, .L9
 245 0030 0A22     		movs	r2, #10
 246 0032 9A61     		str	r2, [r3, #24]
  98:Core/Src/fdcan.c ****   hfdcan2.Init.NominalTimeSeg1 = 29;
 247              		.loc 1 98 32
 248 0034 234B     		ldr	r3, .L9
 249 0036 1D22     		movs	r2, #29
 250 0038 DA61     		str	r2, [r3, #28]
  99:Core/Src/fdcan.c ****   hfdcan2.Init.NominalTimeSeg2 = 10;
 251              		.loc 1 99 32
 252 003a 224B     		ldr	r3, .L9
 253 003c 0A22     		movs	r2, #10
 254 003e 1A62     		str	r2, [r3, #32]
 100:Core/Src/fdcan.c ****   hfdcan2.Init.DataPrescaler = 3;
 255              		.loc 1 100 30
 256 0040 204B     		ldr	r3, .L9
 257 0042 0322     		movs	r2, #3
 258 0044 5A62     		str	r2, [r3, #36]
 101:Core/Src/fdcan.c ****   hfdcan2.Init.DataSyncJumpWidth = 10;
 259              		.loc 1 101 34
 260 0046 1F4B     		ldr	r3, .L9
 261 0048 0A22     		movs	r2, #10
 262 004a 9A62     		str	r2, [r3, #40]
 102:Core/Src/fdcan.c ****   hfdcan2.Init.DataTimeSeg1 = 29;
 263              		.loc 1 102 29
 264 004c 1D4B     		ldr	r3, .L9
 265 004e 1D22     		movs	r2, #29
 266 0050 DA62     		str	r2, [r3, #44]
 103:Core/Src/fdcan.c ****   hfdcan2.Init.DataTimeSeg2 = 10;
 267              		.loc 1 103 29
 268 0052 1C4B     		ldr	r3, .L9
 269 0054 0A22     		movs	r2, #10
 270 0056 1A63     		str	r2, [r3, #48]
 104:Core/Src/fdcan.c ****   hfdcan2.Init.MessageRAMOffset = 0x406;
 271              		.loc 1 104 33
 272 0058 1A4B     		ldr	r3, .L9
 273 005a 40F20642 		movw	r2, #1030
 274 005e 5A63     		str	r2, [r3, #52]
 105:Core/Src/fdcan.c ****   hfdcan2.Init.StdFiltersNbr = 1;
 275              		.loc 1 105 30
 276 0060 184B     		ldr	r3, .L9
 277 0062 0122     		movs	r2, #1
 278 0064 9A63     		str	r2, [r3, #56]
 106:Core/Src/fdcan.c ****   hfdcan2.Init.ExtFiltersNbr = 0;
 279              		.loc 1 106 30
 280 0066 174B     		ldr	r3, .L9
 281 0068 0022     		movs	r2, #0
 282 006a DA63     		str	r2, [r3, #60]
 107:Core/Src/fdcan.c ****   hfdcan2.Init.RxFifo0ElmtsNbr = 4;
 283              		.loc 1 107 32
 284 006c 154B     		ldr	r3, .L9
 285 006e 0422     		movs	r2, #4
 286 0070 1A64     		str	r2, [r3, #64]
 108:Core/Src/fdcan.c ****   hfdcan2.Init.RxFifo0ElmtSize = FDCAN_DATA_BYTES_8;
 287              		.loc 1 108 32
 288 0072 144B     		ldr	r3, .L9
ARM GAS  C:\Users\23671\AppData\Local\Temp\ccbDFjOS.s 			page 8


 289 0074 0422     		movs	r2, #4
 290 0076 5A64     		str	r2, [r3, #68]
 109:Core/Src/fdcan.c ****   hfdcan2.Init.RxFifo1ElmtsNbr = 0;
 291              		.loc 1 109 32
 292 0078 124B     		ldr	r3, .L9
 293 007a 0022     		movs	r2, #0
 294 007c 9A64     		str	r2, [r3, #72]
 110:Core/Src/fdcan.c ****   hfdcan2.Init.RxFifo1ElmtSize = FDCAN_DATA_BYTES_8;
 295              		.loc 1 110 32
 296 007e 114B     		ldr	r3, .L9
 297 0080 0422     		movs	r2, #4
 298 0082 DA64     		str	r2, [r3, #76]
 111:Core/Src/fdcan.c ****   hfdcan2.Init.RxBuffersNbr = 0;
 299              		.loc 1 111 29
 300 0084 0F4B     		ldr	r3, .L9
 301 0086 0022     		movs	r2, #0
 302 0088 1A65     		str	r2, [r3, #80]
 112:Core/Src/fdcan.c ****   hfdcan2.Init.RxBufferSize = FDCAN_DATA_BYTES_8;
 303              		.loc 1 112 29
 304 008a 0E4B     		ldr	r3, .L9
 305 008c 0422     		movs	r2, #4
 306 008e 5A65     		str	r2, [r3, #84]
 113:Core/Src/fdcan.c ****   hfdcan2.Init.TxEventsNbr = 0;
 307              		.loc 1 113 28
 308 0090 0C4B     		ldr	r3, .L9
 309 0092 0022     		movs	r2, #0
 310 0094 9A65     		str	r2, [r3, #88]
 114:Core/Src/fdcan.c ****   hfdcan2.Init.TxBuffersNbr = 0;
 311              		.loc 1 114 29
 312 0096 0B4B     		ldr	r3, .L9
 313 0098 0022     		movs	r2, #0
 314 009a DA65     		str	r2, [r3, #92]
 115:Core/Src/fdcan.c ****   hfdcan2.Init.TxFifoQueueElmtsNbr = 32;
 315              		.loc 1 115 36
 316 009c 094B     		ldr	r3, .L9
 317 009e 2022     		movs	r2, #32
 318 00a0 1A66     		str	r2, [r3, #96]
 116:Core/Src/fdcan.c ****   hfdcan2.Init.TxFifoQueueMode = FDCAN_TX_FIFO_OPERATION;
 319              		.loc 1 116 32
 320 00a2 084B     		ldr	r3, .L9
 321 00a4 0022     		movs	r2, #0
 322 00a6 5A66     		str	r2, [r3, #100]
 117:Core/Src/fdcan.c ****   hfdcan2.Init.TxElmtSize = FDCAN_DATA_BYTES_8;
 323              		.loc 1 117 27
 324 00a8 064B     		ldr	r3, .L9
 325 00aa 0422     		movs	r2, #4
 326 00ac 9A66     		str	r2, [r3, #104]
 118:Core/Src/fdcan.c ****   if (HAL_FDCAN_Init(&hfdcan2) != HAL_OK)
 327              		.loc 1 118 7
 328 00ae 0548     		ldr	r0, .L9
 329 00b0 FFF7FEFF 		bl	HAL_FDCAN_Init
 330 00b4 0346     		mov	r3, r0
 331              		.loc 1 118 6 discriminator 1
 332 00b6 002B     		cmp	r3, #0
 333 00b8 01D0     		beq	.L8
 119:Core/Src/fdcan.c ****   {
 120:Core/Src/fdcan.c ****     Error_Handler();
ARM GAS  C:\Users\23671\AppData\Local\Temp\ccbDFjOS.s 			page 9


 334              		.loc 1 120 5
 335 00ba FFF7FEFF 		bl	Error_Handler
 336              	.L8:
 121:Core/Src/fdcan.c ****   }
 122:Core/Src/fdcan.c ****   /* USER CODE BEGIN FDCAN2_Init 2 */
 123:Core/Src/fdcan.c **** 
 124:Core/Src/fdcan.c ****   /* USER CODE END FDCAN2_Init 2 */
 125:Core/Src/fdcan.c **** 
 126:Core/Src/fdcan.c **** }
 337              		.loc 1 126 1
 338 00be 00BF     		nop
 339 00c0 80BD     		pop	{r7, pc}
 340              	.L10:
 341 00c2 00BF     		.align	2
 342              	.L9:
 343 00c4 00000000 		.word	hfdcan2
 344 00c8 00A40040 		.word	1073783808
 345              		.cfi_endproc
 346              	.LFE145:
 348              		.section	.text.MX_FDCAN3_Init,"ax",%progbits
 349              		.align	1
 350              		.global	MX_FDCAN3_Init
 351              		.syntax unified
 352              		.thumb
 353              		.thumb_func
 355              	MX_FDCAN3_Init:
 356              	.LFB146:
 127:Core/Src/fdcan.c **** /* FDCAN3 init function */
 128:Core/Src/fdcan.c **** void MX_FDCAN3_Init(void)
 129:Core/Src/fdcan.c **** {
 357              		.loc 1 129 1
 358              		.cfi_startproc
 359              		@ args = 0, pretend = 0, frame = 0
 360              		@ frame_needed = 1, uses_anonymous_args = 0
 361 0000 80B5     		push	{r7, lr}
 362              	.LCFI4:
 363              		.cfi_def_cfa_offset 8
 364              		.cfi_offset 7, -8
 365              		.cfi_offset 14, -4
 366 0002 00AF     		add	r7, sp, #0
 367              	.LCFI5:
 368              		.cfi_def_cfa_register 7
 130:Core/Src/fdcan.c **** 
 131:Core/Src/fdcan.c ****   /* USER CODE BEGIN FDCAN3_Init 0 */
 132:Core/Src/fdcan.c **** 
 133:Core/Src/fdcan.c ****   /* USER CODE END FDCAN3_Init 0 */
 134:Core/Src/fdcan.c **** 
 135:Core/Src/fdcan.c ****   /* USER CODE BEGIN FDCAN3_Init 1 */
 136:Core/Src/fdcan.c **** 
 137:Core/Src/fdcan.c ****   /* USER CODE END FDCAN3_Init 1 */
 138:Core/Src/fdcan.c ****   hfdcan3.Instance = FDCAN3;
 369              		.loc 1 138 20
 370 0004 2F4B     		ldr	r3, .L14
 371 0006 304A     		ldr	r2, .L14+4
 372 0008 1A60     		str	r2, [r3]
 139:Core/Src/fdcan.c ****   hfdcan3.Init.FrameFormat = FDCAN_FRAME_CLASSIC;
 373              		.loc 1 139 28
ARM GAS  C:\Users\23671\AppData\Local\Temp\ccbDFjOS.s 			page 10


 374 000a 2E4B     		ldr	r3, .L14
 375 000c 0022     		movs	r2, #0
 376 000e 9A60     		str	r2, [r3, #8]
 140:Core/Src/fdcan.c ****   hfdcan3.Init.Mode = FDCAN_MODE_NORMAL;
 377              		.loc 1 140 21
 378 0010 2C4B     		ldr	r3, .L14
 379 0012 0022     		movs	r2, #0
 380 0014 DA60     		str	r2, [r3, #12]
 141:Core/Src/fdcan.c ****   hfdcan3.Init.AutoRetransmission = DISABLE;
 381              		.loc 1 141 35
 382 0016 2B4B     		ldr	r3, .L14
 383 0018 0022     		movs	r2, #0
 384 001a 1A74     		strb	r2, [r3, #16]
 142:Core/Src/fdcan.c ****   hfdcan3.Init.TransmitPause = DISABLE;
 385              		.loc 1 142 30
 386 001c 294B     		ldr	r3, .L14
 387 001e 0022     		movs	r2, #0
 388 0020 5A74     		strb	r2, [r3, #17]
 143:Core/Src/fdcan.c ****   hfdcan3.Init.ProtocolException = DISABLE;
 389              		.loc 1 143 34
 390 0022 284B     		ldr	r3, .L14
 391 0024 0022     		movs	r2, #0
 392 0026 9A74     		strb	r2, [r3, #18]
 144:Core/Src/fdcan.c ****   hfdcan3.Init.NominalPrescaler = 3;
 393              		.loc 1 144 33
 394 0028 264B     		ldr	r3, .L14
 395 002a 0322     		movs	r2, #3
 396 002c 5A61     		str	r2, [r3, #20]
 145:Core/Src/fdcan.c ****   hfdcan3.Init.NominalSyncJumpWidth = 10;
 397              		.loc 1 145 37
 398 002e 254B     		ldr	r3, .L14
 399 0030 0A22     		movs	r2, #10
 400 0032 9A61     		str	r2, [r3, #24]
 146:Core/Src/fdcan.c ****   hfdcan3.Init.NominalTimeSeg1 = 29;
 401              		.loc 1 146 32
 402 0034 234B     		ldr	r3, .L14
 403 0036 1D22     		movs	r2, #29
 404 0038 DA61     		str	r2, [r3, #28]
 147:Core/Src/fdcan.c ****   hfdcan3.Init.NominalTimeSeg2 = 10;
 405              		.loc 1 147 32
 406 003a 224B     		ldr	r3, .L14
 407 003c 0A22     		movs	r2, #10
 408 003e 1A62     		str	r2, [r3, #32]
 148:Core/Src/fdcan.c ****   hfdcan3.Init.DataPrescaler = 3;
 409              		.loc 1 148 30
 410 0040 204B     		ldr	r3, .L14
 411 0042 0322     		movs	r2, #3
 412 0044 5A62     		str	r2, [r3, #36]
 149:Core/Src/fdcan.c ****   hfdcan3.Init.DataSyncJumpWidth = 10;
 413              		.loc 1 149 34
 414 0046 1F4B     		ldr	r3, .L14
 415 0048 0A22     		movs	r2, #10
 416 004a 9A62     		str	r2, [r3, #40]
 150:Core/Src/fdcan.c ****   hfdcan3.Init.DataTimeSeg1 = 29;
 417              		.loc 1 150 29
 418 004c 1D4B     		ldr	r3, .L14
 419 004e 1D22     		movs	r2, #29
ARM GAS  C:\Users\23671\AppData\Local\Temp\ccbDFjOS.s 			page 11


 420 0050 DA62     		str	r2, [r3, #44]
 151:Core/Src/fdcan.c ****   hfdcan3.Init.DataTimeSeg2 = 10;
 421              		.loc 1 151 29
 422 0052 1C4B     		ldr	r3, .L14
 423 0054 0A22     		movs	r2, #10
 424 0056 1A63     		str	r2, [r3, #48]
 152:Core/Src/fdcan.c ****   hfdcan3.Init.MessageRAMOffset = 0x812;
 425              		.loc 1 152 33
 426 0058 1A4B     		ldr	r3, .L14
 427 005a 40F61202 		movw	r2, #2066
 428 005e 5A63     		str	r2, [r3, #52]
 153:Core/Src/fdcan.c ****   hfdcan3.Init.StdFiltersNbr = 1;
 429              		.loc 1 153 30
 430 0060 184B     		ldr	r3, .L14
 431 0062 0122     		movs	r2, #1
 432 0064 9A63     		str	r2, [r3, #56]
 154:Core/Src/fdcan.c ****   hfdcan3.Init.ExtFiltersNbr = 0;
 433              		.loc 1 154 30
 434 0066 174B     		ldr	r3, .L14
 435 0068 0022     		movs	r2, #0
 436 006a DA63     		str	r2, [r3, #60]
 155:Core/Src/fdcan.c ****   hfdcan3.Init.RxFifo0ElmtsNbr = 4;
 437              		.loc 1 155 32
 438 006c 154B     		ldr	r3, .L14
 439 006e 0422     		movs	r2, #4
 440 0070 1A64     		str	r2, [r3, #64]
 156:Core/Src/fdcan.c ****   hfdcan3.Init.RxFifo0ElmtSize = FDCAN_DATA_BYTES_8;
 441              		.loc 1 156 32
 442 0072 144B     		ldr	r3, .L14
 443 0074 0422     		movs	r2, #4
 444 0076 5A64     		str	r2, [r3, #68]
 157:Core/Src/fdcan.c ****   hfdcan3.Init.RxFifo1ElmtsNbr = 0;
 445              		.loc 1 157 32
 446 0078 124B     		ldr	r3, .L14
 447 007a 0022     		movs	r2, #0
 448 007c 9A64     		str	r2, [r3, #72]
 158:Core/Src/fdcan.c ****   hfdcan3.Init.RxFifo1ElmtSize = FDCAN_DATA_BYTES_8;
 449              		.loc 1 158 32
 450 007e 114B     		ldr	r3, .L14
 451 0080 0422     		movs	r2, #4
 452 0082 DA64     		str	r2, [r3, #76]
 159:Core/Src/fdcan.c ****   hfdcan3.Init.RxBuffersNbr = 0;
 453              		.loc 1 159 29
 454 0084 0F4B     		ldr	r3, .L14
 455 0086 0022     		movs	r2, #0
 456 0088 1A65     		str	r2, [r3, #80]
 160:Core/Src/fdcan.c ****   hfdcan3.Init.RxBufferSize = FDCAN_DATA_BYTES_8;
 457              		.loc 1 160 29
 458 008a 0E4B     		ldr	r3, .L14
 459 008c 0422     		movs	r2, #4
 460 008e 5A65     		str	r2, [r3, #84]
 161:Core/Src/fdcan.c ****   hfdcan3.Init.TxEventsNbr = 0;
 461              		.loc 1 161 28
 462 0090 0C4B     		ldr	r3, .L14
 463 0092 0022     		movs	r2, #0
 464 0094 9A65     		str	r2, [r3, #88]
 162:Core/Src/fdcan.c ****   hfdcan3.Init.TxBuffersNbr = 0;
ARM GAS  C:\Users\23671\AppData\Local\Temp\ccbDFjOS.s 			page 12


 465              		.loc 1 162 29
 466 0096 0B4B     		ldr	r3, .L14
 467 0098 0022     		movs	r2, #0
 468 009a DA65     		str	r2, [r3, #92]
 163:Core/Src/fdcan.c ****   hfdcan3.Init.TxFifoQueueElmtsNbr = 32;
 469              		.loc 1 163 36
 470 009c 094B     		ldr	r3, .L14
 471 009e 2022     		movs	r2, #32
 472 00a0 1A66     		str	r2, [r3, #96]
 164:Core/Src/fdcan.c ****   hfdcan3.Init.TxFifoQueueMode = FDCAN_TX_FIFO_OPERATION;
 473              		.loc 1 164 32
 474 00a2 084B     		ldr	r3, .L14
 475 00a4 0022     		movs	r2, #0
 476 00a6 5A66     		str	r2, [r3, #100]
 165:Core/Src/fdcan.c ****   hfdcan3.Init.TxElmtSize = FDCAN_DATA_BYTES_8;
 477              		.loc 1 165 27
 478 00a8 064B     		ldr	r3, .L14
 479 00aa 0422     		movs	r2, #4
 480 00ac 9A66     		str	r2, [r3, #104]
 166:Core/Src/fdcan.c ****   if (HAL_FDCAN_Init(&hfdcan3) != HAL_OK)
 481              		.loc 1 166 7
 482 00ae 0548     		ldr	r0, .L14
 483 00b0 FFF7FEFF 		bl	HAL_FDCAN_Init
 484 00b4 0346     		mov	r3, r0
 485              		.loc 1 166 6 discriminator 1
 486 00b6 002B     		cmp	r3, #0
 487 00b8 01D0     		beq	.L13
 167:Core/Src/fdcan.c ****   {
 168:Core/Src/fdcan.c ****     Error_Handler();
 488              		.loc 1 168 5
 489 00ba FFF7FEFF 		bl	Error_Handler
 490              	.L13:
 169:Core/Src/fdcan.c ****   }
 170:Core/Src/fdcan.c ****   /* USER CODE BEGIN FDCAN3_Init 2 */
 171:Core/Src/fdcan.c **** 
 172:Core/Src/fdcan.c ****   /* USER CODE END FDCAN3_Init 2 */
 173:Core/Src/fdcan.c **** 
 174:Core/Src/fdcan.c **** }
 491              		.loc 1 174 1
 492 00be 00BF     		nop
 493 00c0 80BD     		pop	{r7, pc}
 494              	.L15:
 495 00c2 00BF     		.align	2
 496              	.L14:
 497 00c4 00000000 		.word	hfdcan3
 498 00c8 00D40040 		.word	1073796096
 499              		.cfi_endproc
 500              	.LFE146:
 502              		.section	.bss.HAL_RCC_FDCAN_CLK_ENABLED,"aw",%nobits
 503              		.align	2
 506              	HAL_RCC_FDCAN_CLK_ENABLED:
 507 0000 00000000 		.space	4
 508              		.section	.text.HAL_FDCAN_MspInit,"ax",%progbits
 509              		.align	1
 510              		.global	HAL_FDCAN_MspInit
 511              		.syntax unified
 512              		.thumb
ARM GAS  C:\Users\23671\AppData\Local\Temp\ccbDFjOS.s 			page 13


 513              		.thumb_func
 515              	HAL_FDCAN_MspInit:
 516              	.LFB147:
 175:Core/Src/fdcan.c **** 
 176:Core/Src/fdcan.c **** static uint32_t HAL_RCC_FDCAN_CLK_ENABLED=0;
 177:Core/Src/fdcan.c **** 
 178:Core/Src/fdcan.c **** void HAL_FDCAN_MspInit(FDCAN_HandleTypeDef* fdcanHandle)
 179:Core/Src/fdcan.c **** {
 517              		.loc 1 179 1
 518              		.cfi_startproc
 519              		@ args = 0, pretend = 0, frame = 240
 520              		@ frame_needed = 1, uses_anonymous_args = 0
 521 0000 80B5     		push	{r7, lr}
 522              	.LCFI6:
 523              		.cfi_def_cfa_offset 8
 524              		.cfi_offset 7, -8
 525              		.cfi_offset 14, -4
 526 0002 BCB0     		sub	sp, sp, #240
 527              	.LCFI7:
 528              		.cfi_def_cfa_offset 248
 529 0004 00AF     		add	r7, sp, #0
 530              	.LCFI8:
 531              		.cfi_def_cfa_register 7
 532 0006 7860     		str	r0, [r7, #4]
 180:Core/Src/fdcan.c **** 
 181:Core/Src/fdcan.c ****   GPIO_InitTypeDef GPIO_InitStruct = {0};
 533              		.loc 1 181 20
 534 0008 07F1DC03 		add	r3, r7, #220
 535 000c 0022     		movs	r2, #0
 536 000e 1A60     		str	r2, [r3]
 537 0010 5A60     		str	r2, [r3, #4]
 538 0012 9A60     		str	r2, [r3, #8]
 539 0014 DA60     		str	r2, [r3, #12]
 540 0016 1A61     		str	r2, [r3, #16]
 182:Core/Src/fdcan.c ****   RCC_PeriphCLKInitTypeDef PeriphClkInitStruct = {0};
 541              		.loc 1 182 28
 542 0018 07F12003 		add	r3, r7, #32
 543 001c B822     		movs	r2, #184
 544 001e 0021     		movs	r1, #0
 545 0020 1846     		mov	r0, r3
 546 0022 FFF7FEFF 		bl	memset
 183:Core/Src/fdcan.c ****   if(fdcanHandle->Instance==FDCAN1)
 547              		.loc 1 183 17
 548 0026 7B68     		ldr	r3, [r7, #4]
 549 0028 1B68     		ldr	r3, [r3]
 550              		.loc 1 183 5
 551 002a 9A4A     		ldr	r2, .L27
 552 002c 9342     		cmp	r3, r2
 553 002e 60D1     		bne	.L17
 184:Core/Src/fdcan.c ****   {
 185:Core/Src/fdcan.c ****   /* USER CODE BEGIN FDCAN1_MspInit 0 */
 186:Core/Src/fdcan.c **** 
 187:Core/Src/fdcan.c ****   /* USER CODE END FDCAN1_MspInit 0 */
 188:Core/Src/fdcan.c **** 
 189:Core/Src/fdcan.c ****   /** Initializes the peripherals clock
 190:Core/Src/fdcan.c ****   */
 191:Core/Src/fdcan.c ****     PeriphClkInitStruct.PeriphClockSelection = RCC_PERIPHCLK_FDCAN;
ARM GAS  C:\Users\23671\AppData\Local\Temp\ccbDFjOS.s 			page 14


 554              		.loc 1 191 46
 555 0030 4FF40042 		mov	r2, #32768
 556 0034 4FF00003 		mov	r3, #0
 557 0038 C7E90823 		strd	r2, [r7, #32]
 192:Core/Src/fdcan.c ****     PeriphClkInitStruct.FdcanClockSelection = RCC_FDCANCLKSOURCE_PLL;
 558              		.loc 1 192 45
 559 003c 4FF08053 		mov	r3, #268435456
 560 0040 C7F88C30 		str	r3, [r7, #140]
 193:Core/Src/fdcan.c ****     if (HAL_RCCEx_PeriphCLKConfig(&PeriphClkInitStruct) != HAL_OK)
 561              		.loc 1 193 9
 562 0044 07F12003 		add	r3, r7, #32
 563 0048 1846     		mov	r0, r3
 564 004a FFF7FEFF 		bl	HAL_RCCEx_PeriphCLKConfig
 565 004e 0346     		mov	r3, r0
 566              		.loc 1 193 8 discriminator 1
 567 0050 002B     		cmp	r3, #0
 568 0052 01D0     		beq	.L18
 194:Core/Src/fdcan.c ****     {
 195:Core/Src/fdcan.c ****       Error_Handler();
 569              		.loc 1 195 7
 570 0054 FFF7FEFF 		bl	Error_Handler
 571              	.L18:
 196:Core/Src/fdcan.c ****     }
 197:Core/Src/fdcan.c **** 
 198:Core/Src/fdcan.c ****     /* FDCAN1 clock enable */
 199:Core/Src/fdcan.c ****     HAL_RCC_FDCAN_CLK_ENABLED++;
 572              		.loc 1 199 30
 573 0058 8F4B     		ldr	r3, .L27+4
 574 005a 1B68     		ldr	r3, [r3]
 575 005c 0133     		adds	r3, r3, #1
 576 005e 8E4A     		ldr	r2, .L27+4
 577 0060 1360     		str	r3, [r2]
 200:Core/Src/fdcan.c ****     if(HAL_RCC_FDCAN_CLK_ENABLED==1){
 578              		.loc 1 200 33
 579 0062 8D4B     		ldr	r3, .L27+4
 580 0064 1B68     		ldr	r3, [r3]
 581              		.loc 1 200 7
 582 0066 012B     		cmp	r3, #1
 583 0068 0ED1     		bne	.L19
 584              	.LBB2:
 201:Core/Src/fdcan.c ****       __HAL_RCC_FDCAN_CLK_ENABLE();
 585              		.loc 1 201 7
 586 006a 8C4B     		ldr	r3, .L27+8
 587 006c D3F8EC30 		ldr	r3, [r3, #236]
 588 0070 8A4A     		ldr	r2, .L27+8
 589 0072 43F48073 		orr	r3, r3, #256
 590 0076 C2F8EC30 		str	r3, [r2, #236]
 591 007a 884B     		ldr	r3, .L27+8
 592 007c D3F8EC30 		ldr	r3, [r3, #236]
 593 0080 03F48073 		and	r3, r3, #256
 594 0084 FB61     		str	r3, [r7, #28]
 595 0086 FB69     		ldr	r3, [r7, #28]
 596              	.L19:
 597              	.LBE2:
 598              	.LBB3:
 202:Core/Src/fdcan.c ****     }
 203:Core/Src/fdcan.c **** 
ARM GAS  C:\Users\23671\AppData\Local\Temp\ccbDFjOS.s 			page 15


 204:Core/Src/fdcan.c ****     __HAL_RCC_GPIOD_CLK_ENABLE();
 599              		.loc 1 204 5
 600 0088 844B     		ldr	r3, .L27+8
 601 008a D3F8E030 		ldr	r3, [r3, #224]
 602 008e 834A     		ldr	r2, .L27+8
 603 0090 43F00803 		orr	r3, r3, #8
 604 0094 C2F8E030 		str	r3, [r2, #224]
 605 0098 804B     		ldr	r3, .L27+8
 606 009a D3F8E030 		ldr	r3, [r3, #224]
 607 009e 03F00803 		and	r3, r3, #8
 608 00a2 BB61     		str	r3, [r7, #24]
 609 00a4 BB69     		ldr	r3, [r7, #24]
 610              	.LBE3:
 205:Core/Src/fdcan.c ****     /**FDCAN1 GPIO Configuration
 206:Core/Src/fdcan.c ****     PD0     ------> FDCAN1_RX
 207:Core/Src/fdcan.c ****     PD1     ------> FDCAN1_TX
 208:Core/Src/fdcan.c ****     */
 209:Core/Src/fdcan.c ****     GPIO_InitStruct.Pin = GPIO_PIN_0|GPIO_PIN_1;
 611              		.loc 1 209 25
 612 00a6 0323     		movs	r3, #3
 613 00a8 C7F8DC30 		str	r3, [r7, #220]
 210:Core/Src/fdcan.c ****     GPIO_InitStruct.Mode = GPIO_MODE_AF_PP;
 614              		.loc 1 210 26
 615 00ac 0223     		movs	r3, #2
 616 00ae C7F8E030 		str	r3, [r7, #224]
 211:Core/Src/fdcan.c ****     GPIO_InitStruct.Pull = GPIO_NOPULL;
 617              		.loc 1 211 26
 618 00b2 0023     		movs	r3, #0
 619 00b4 C7F8E430 		str	r3, [r7, #228]
 212:Core/Src/fdcan.c ****     GPIO_InitStruct.Speed = GPIO_SPEED_FREQ_LOW;
 620              		.loc 1 212 27
 621 00b8 0023     		movs	r3, #0
 622 00ba C7F8E830 		str	r3, [r7, #232]
 213:Core/Src/fdcan.c ****     GPIO_InitStruct.Alternate = GPIO_AF9_FDCAN1;
 623              		.loc 1 213 31
 624 00be 0923     		movs	r3, #9
 625 00c0 C7F8EC30 		str	r3, [r7, #236]
 214:Core/Src/fdcan.c ****     HAL_GPIO_Init(GPIOD, &GPIO_InitStruct);
 626              		.loc 1 214 5
 627 00c4 07F1DC03 		add	r3, r7, #220
 628 00c8 1946     		mov	r1, r3
 629 00ca 7548     		ldr	r0, .L27+12
 630 00cc FFF7FEFF 		bl	HAL_GPIO_Init
 215:Core/Src/fdcan.c **** 
 216:Core/Src/fdcan.c ****     /* FDCAN1 interrupt Init */
 217:Core/Src/fdcan.c ****     HAL_NVIC_SetPriority(FDCAN1_IT0_IRQn, 5, 0);
 631              		.loc 1 217 5
 632 00d0 0022     		movs	r2, #0
 633 00d2 0521     		movs	r1, #5
 634 00d4 1320     		movs	r0, #19
 635 00d6 FFF7FEFF 		bl	HAL_NVIC_SetPriority
 218:Core/Src/fdcan.c ****     HAL_NVIC_EnableIRQ(FDCAN1_IT0_IRQn);
 636              		.loc 1 218 5
 637 00da 1320     		movs	r0, #19
 638 00dc FFF7FEFF 		bl	HAL_NVIC_EnableIRQ
 219:Core/Src/fdcan.c ****     HAL_NVIC_SetPriority(FDCAN1_IT1_IRQn, 5, 0);
 639              		.loc 1 219 5
ARM GAS  C:\Users\23671\AppData\Local\Temp\ccbDFjOS.s 			page 16


 640 00e0 0022     		movs	r2, #0
 641 00e2 0521     		movs	r1, #5
 642 00e4 1520     		movs	r0, #21
 643 00e6 FFF7FEFF 		bl	HAL_NVIC_SetPriority
 220:Core/Src/fdcan.c ****     HAL_NVIC_EnableIRQ(FDCAN1_IT1_IRQn);
 644              		.loc 1 220 5
 645 00ea 1520     		movs	r0, #21
 646 00ec FFF7FEFF 		bl	HAL_NVIC_EnableIRQ
 221:Core/Src/fdcan.c ****   /* USER CODE BEGIN FDCAN1_MspInit 1 */
 222:Core/Src/fdcan.c **** 
 223:Core/Src/fdcan.c ****   /* USER CODE END FDCAN1_MspInit 1 */
 224:Core/Src/fdcan.c ****   }
 225:Core/Src/fdcan.c ****   else if(fdcanHandle->Instance==FDCAN2)
 226:Core/Src/fdcan.c ****   {
 227:Core/Src/fdcan.c ****   /* USER CODE BEGIN FDCAN2_MspInit 0 */
 228:Core/Src/fdcan.c **** 
 229:Core/Src/fdcan.c ****   /* USER CODE END FDCAN2_MspInit 0 */
 230:Core/Src/fdcan.c **** 
 231:Core/Src/fdcan.c ****   /** Initializes the peripherals clock
 232:Core/Src/fdcan.c ****   */
 233:Core/Src/fdcan.c ****     PeriphClkInitStruct.PeriphClockSelection = RCC_PERIPHCLK_FDCAN;
 234:Core/Src/fdcan.c ****     PeriphClkInitStruct.FdcanClockSelection = RCC_FDCANCLKSOURCE_PLL;
 235:Core/Src/fdcan.c ****     if (HAL_RCCEx_PeriphCLKConfig(&PeriphClkInitStruct) != HAL_OK)
 236:Core/Src/fdcan.c ****     {
 237:Core/Src/fdcan.c ****       Error_Handler();
 238:Core/Src/fdcan.c ****     }
 239:Core/Src/fdcan.c **** 
 240:Core/Src/fdcan.c ****     /* FDCAN2 clock enable */
 241:Core/Src/fdcan.c ****     HAL_RCC_FDCAN_CLK_ENABLED++;
 242:Core/Src/fdcan.c ****     if(HAL_RCC_FDCAN_CLK_ENABLED==1){
 243:Core/Src/fdcan.c ****       __HAL_RCC_FDCAN_CLK_ENABLE();
 244:Core/Src/fdcan.c ****     }
 245:Core/Src/fdcan.c **** 
 246:Core/Src/fdcan.c ****     __HAL_RCC_GPIOB_CLK_ENABLE();
 247:Core/Src/fdcan.c ****     /**FDCAN2 GPIO Configuration
 248:Core/Src/fdcan.c ****     PB5     ------> FDCAN2_RX
 249:Core/Src/fdcan.c ****     PB6     ------> FDCAN2_TX
 250:Core/Src/fdcan.c ****     */
 251:Core/Src/fdcan.c ****     GPIO_InitStruct.Pin = GPIO_PIN_5|GPIO_PIN_6;
 252:Core/Src/fdcan.c ****     GPIO_InitStruct.Mode = GPIO_MODE_AF_PP;
 253:Core/Src/fdcan.c ****     GPIO_InitStruct.Pull = GPIO_NOPULL;
 254:Core/Src/fdcan.c ****     GPIO_InitStruct.Speed = GPIO_SPEED_FREQ_LOW;
 255:Core/Src/fdcan.c ****     GPIO_InitStruct.Alternate = GPIO_AF9_FDCAN2;
 256:Core/Src/fdcan.c ****     HAL_GPIO_Init(GPIOB, &GPIO_InitStruct);
 257:Core/Src/fdcan.c **** 
 258:Core/Src/fdcan.c ****     /* FDCAN2 interrupt Init */
 259:Core/Src/fdcan.c ****     HAL_NVIC_SetPriority(FDCAN2_IT0_IRQn, 5, 0);
 260:Core/Src/fdcan.c ****     HAL_NVIC_EnableIRQ(FDCAN2_IT0_IRQn);
 261:Core/Src/fdcan.c ****     HAL_NVIC_SetPriority(FDCAN2_IT1_IRQn, 5, 0);
 262:Core/Src/fdcan.c ****     HAL_NVIC_EnableIRQ(FDCAN2_IT1_IRQn);
 263:Core/Src/fdcan.c ****   /* USER CODE BEGIN FDCAN2_MspInit 1 */
 264:Core/Src/fdcan.c **** 
 265:Core/Src/fdcan.c ****   /* USER CODE END FDCAN2_MspInit 1 */
 266:Core/Src/fdcan.c ****   }
 267:Core/Src/fdcan.c ****   else if(fdcanHandle->Instance==FDCAN3)
 268:Core/Src/fdcan.c ****   {
 269:Core/Src/fdcan.c ****   /* USER CODE BEGIN FDCAN3_MspInit 0 */
ARM GAS  C:\Users\23671\AppData\Local\Temp\ccbDFjOS.s 			page 17


 270:Core/Src/fdcan.c **** 
 271:Core/Src/fdcan.c ****   /* USER CODE END FDCAN3_MspInit 0 */
 272:Core/Src/fdcan.c **** 
 273:Core/Src/fdcan.c ****   /** Initializes the peripherals clock
 274:Core/Src/fdcan.c ****   */
 275:Core/Src/fdcan.c ****     PeriphClkInitStruct.PeriphClockSelection = RCC_PERIPHCLK_FDCAN;
 276:Core/Src/fdcan.c ****     PeriphClkInitStruct.FdcanClockSelection = RCC_FDCANCLKSOURCE_PLL;
 277:Core/Src/fdcan.c ****     if (HAL_RCCEx_PeriphCLKConfig(&PeriphClkInitStruct) != HAL_OK)
 278:Core/Src/fdcan.c ****     {
 279:Core/Src/fdcan.c ****       Error_Handler();
 280:Core/Src/fdcan.c ****     }
 281:Core/Src/fdcan.c **** 
 282:Core/Src/fdcan.c ****     /* FDCAN3 clock enable */
 283:Core/Src/fdcan.c ****     HAL_RCC_FDCAN_CLK_ENABLED++;
 284:Core/Src/fdcan.c ****     if(HAL_RCC_FDCAN_CLK_ENABLED==1){
 285:Core/Src/fdcan.c ****       __HAL_RCC_FDCAN_CLK_ENABLE();
 286:Core/Src/fdcan.c ****     }
 287:Core/Src/fdcan.c **** 
 288:Core/Src/fdcan.c ****     __HAL_RCC_GPIOD_CLK_ENABLE();
 289:Core/Src/fdcan.c ****     /**FDCAN3 GPIO Configuration
 290:Core/Src/fdcan.c ****     PD12     ------> FDCAN3_RX
 291:Core/Src/fdcan.c ****     PD13     ------> FDCAN3_TX
 292:Core/Src/fdcan.c ****     */
 293:Core/Src/fdcan.c ****     GPIO_InitStruct.Pin = GPIO_PIN_12|GPIO_PIN_13;
 294:Core/Src/fdcan.c ****     GPIO_InitStruct.Mode = GPIO_MODE_AF_PP;
 295:Core/Src/fdcan.c ****     GPIO_InitStruct.Pull = GPIO_NOPULL;
 296:Core/Src/fdcan.c ****     GPIO_InitStruct.Speed = GPIO_SPEED_FREQ_LOW;
 297:Core/Src/fdcan.c ****     GPIO_InitStruct.Alternate = GPIO_AF5_FDCAN3;
 298:Core/Src/fdcan.c ****     HAL_GPIO_Init(GPIOD, &GPIO_InitStruct);
 299:Core/Src/fdcan.c **** 
 300:Core/Src/fdcan.c ****     /* FDCAN3 interrupt Init */
 301:Core/Src/fdcan.c ****     HAL_NVIC_SetPriority(FDCAN3_IT0_IRQn, 5, 0);
 302:Core/Src/fdcan.c ****     HAL_NVIC_EnableIRQ(FDCAN3_IT0_IRQn);
 303:Core/Src/fdcan.c ****     HAL_NVIC_SetPriority(FDCAN3_IT1_IRQn, 5, 0);
 304:Core/Src/fdcan.c ****     HAL_NVIC_EnableIRQ(FDCAN3_IT1_IRQn);
 305:Core/Src/fdcan.c ****   /* USER CODE BEGIN FDCAN3_MspInit 1 */
 306:Core/Src/fdcan.c **** 
 307:Core/Src/fdcan.c ****   /* USER CODE END FDCAN3_MspInit 1 */
 308:Core/Src/fdcan.c ****   }
 309:Core/Src/fdcan.c **** }
 647              		.loc 1 309 1
 648 00f0 CBE0     		b	.L26
 649              	.L17:
 225:Core/Src/fdcan.c ****   {
 650              		.loc 1 225 22
 651 00f2 7B68     		ldr	r3, [r7, #4]
 652 00f4 1B68     		ldr	r3, [r3]
 225:Core/Src/fdcan.c ****   {
 653              		.loc 1 225 10
 654 00f6 6B4A     		ldr	r2, .L27+16
 655 00f8 9342     		cmp	r3, r2
 656 00fa 60D1     		bne	.L21
 233:Core/Src/fdcan.c ****     PeriphClkInitStruct.FdcanClockSelection = RCC_FDCANCLKSOURCE_PLL;
 657              		.loc 1 233 46
 658 00fc 4FF40042 		mov	r2, #32768
 659 0100 4FF00003 		mov	r3, #0
 660 0104 C7E90823 		strd	r2, [r7, #32]
ARM GAS  C:\Users\23671\AppData\Local\Temp\ccbDFjOS.s 			page 18


 234:Core/Src/fdcan.c ****     if (HAL_RCCEx_PeriphCLKConfig(&PeriphClkInitStruct) != HAL_OK)
 661              		.loc 1 234 45
 662 0108 4FF08053 		mov	r3, #268435456
 663 010c C7F88C30 		str	r3, [r7, #140]
 235:Core/Src/fdcan.c ****     {
 664              		.loc 1 235 9
 665 0110 07F12003 		add	r3, r7, #32
 666 0114 1846     		mov	r0, r3
 667 0116 FFF7FEFF 		bl	HAL_RCCEx_PeriphCLKConfig
 668 011a 0346     		mov	r3, r0
 235:Core/Src/fdcan.c ****     {
 669              		.loc 1 235 8 discriminator 1
 670 011c 002B     		cmp	r3, #0
 671 011e 01D0     		beq	.L22
 237:Core/Src/fdcan.c ****     }
 672              		.loc 1 237 7
 673 0120 FFF7FEFF 		bl	Error_Handler
 674              	.L22:
 241:Core/Src/fdcan.c ****     if(HAL_RCC_FDCAN_CLK_ENABLED==1){
 675              		.loc 1 241 30
 676 0124 5C4B     		ldr	r3, .L27+4
 677 0126 1B68     		ldr	r3, [r3]
 678 0128 0133     		adds	r3, r3, #1
 679 012a 5B4A     		ldr	r2, .L27+4
 680 012c 1360     		str	r3, [r2]
 242:Core/Src/fdcan.c ****       __HAL_RCC_FDCAN_CLK_ENABLE();
 681              		.loc 1 242 33
 682 012e 5A4B     		ldr	r3, .L27+4
 683 0130 1B68     		ldr	r3, [r3]
 242:Core/Src/fdcan.c ****       __HAL_RCC_FDCAN_CLK_ENABLE();
 684              		.loc 1 242 7
 685 0132 012B     		cmp	r3, #1
 686 0134 0ED1     		bne	.L23
 687              	.LBB4:
 243:Core/Src/fdcan.c ****     }
 688              		.loc 1 243 7
 689 0136 594B     		ldr	r3, .L27+8
 690 0138 D3F8EC30 		ldr	r3, [r3, #236]
 691 013c 574A     		ldr	r2, .L27+8
 692 013e 43F48073 		orr	r3, r3, #256
 693 0142 C2F8EC30 		str	r3, [r2, #236]
 694 0146 554B     		ldr	r3, .L27+8
 695 0148 D3F8EC30 		ldr	r3, [r3, #236]
 696 014c 03F48073 		and	r3, r3, #256
 697 0150 7B61     		str	r3, [r7, #20]
 698 0152 7B69     		ldr	r3, [r7, #20]
 699              	.L23:
 700              	.LBE4:
 701              	.LBB5:
 246:Core/Src/fdcan.c ****     /**FDCAN2 GPIO Configuration
 702              		.loc 1 246 5
 703 0154 514B     		ldr	r3, .L27+8
 704 0156 D3F8E030 		ldr	r3, [r3, #224]
 705 015a 504A     		ldr	r2, .L27+8
 706 015c 43F00203 		orr	r3, r3, #2
 707 0160 C2F8E030 		str	r3, [r2, #224]
 708 0164 4D4B     		ldr	r3, .L27+8
ARM GAS  C:\Users\23671\AppData\Local\Temp\ccbDFjOS.s 			page 19


 709 0166 D3F8E030 		ldr	r3, [r3, #224]
 710 016a 03F00203 		and	r3, r3, #2
 711 016e 3B61     		str	r3, [r7, #16]
 712 0170 3B69     		ldr	r3, [r7, #16]
 713              	.LBE5:
 251:Core/Src/fdcan.c ****     GPIO_InitStruct.Mode = GPIO_MODE_AF_PP;
 714              		.loc 1 251 25
 715 0172 6023     		movs	r3, #96
 716 0174 C7F8DC30 		str	r3, [r7, #220]
 252:Core/Src/fdcan.c ****     GPIO_InitStruct.Pull = GPIO_NOPULL;
 717              		.loc 1 252 26
 718 0178 0223     		movs	r3, #2
 719 017a C7F8E030 		str	r3, [r7, #224]
 253:Core/Src/fdcan.c ****     GPIO_InitStruct.Speed = GPIO_SPEED_FREQ_LOW;
 720              		.loc 1 253 26
 721 017e 0023     		movs	r3, #0
 722 0180 C7F8E430 		str	r3, [r7, #228]
 254:Core/Src/fdcan.c ****     GPIO_InitStruct.Alternate = GPIO_AF9_FDCAN2;
 723              		.loc 1 254 27
 724 0184 0023     		movs	r3, #0
 725 0186 C7F8E830 		str	r3, [r7, #232]
 255:Core/Src/fdcan.c ****     HAL_GPIO_Init(GPIOB, &GPIO_InitStruct);
 726              		.loc 1 255 31
 727 018a 0923     		movs	r3, #9
 728 018c C7F8EC30 		str	r3, [r7, #236]
 256:Core/Src/fdcan.c **** 
 729              		.loc 1 256 5
 730 0190 07F1DC03 		add	r3, r7, #220
 731 0194 1946     		mov	r1, r3
 732 0196 4448     		ldr	r0, .L27+20
 733 0198 FFF7FEFF 		bl	HAL_GPIO_Init
 259:Core/Src/fdcan.c ****     HAL_NVIC_EnableIRQ(FDCAN2_IT0_IRQn);
 734              		.loc 1 259 5
 735 019c 0022     		movs	r2, #0
 736 019e 0521     		movs	r1, #5
 737 01a0 1420     		movs	r0, #20
 738 01a2 FFF7FEFF 		bl	HAL_NVIC_SetPriority
 260:Core/Src/fdcan.c ****     HAL_NVIC_SetPriority(FDCAN2_IT1_IRQn, 5, 0);
 739              		.loc 1 260 5
 740 01a6 1420     		movs	r0, #20
 741 01a8 FFF7FEFF 		bl	HAL_NVIC_EnableIRQ
 261:Core/Src/fdcan.c ****     HAL_NVIC_EnableIRQ(FDCAN2_IT1_IRQn);
 742              		.loc 1 261 5
 743 01ac 0022     		movs	r2, #0
 744 01ae 0521     		movs	r1, #5
 745 01b0 1620     		movs	r0, #22
 746 01b2 FFF7FEFF 		bl	HAL_NVIC_SetPriority
 262:Core/Src/fdcan.c ****   /* USER CODE BEGIN FDCAN2_MspInit 1 */
 747              		.loc 1 262 5
 748 01b6 1620     		movs	r0, #22
 749 01b8 FFF7FEFF 		bl	HAL_NVIC_EnableIRQ
 750              		.loc 1 309 1
 751 01bc 65E0     		b	.L26
 752              	.L21:
 267:Core/Src/fdcan.c ****   {
 753              		.loc 1 267 22
 754 01be 7B68     		ldr	r3, [r7, #4]
ARM GAS  C:\Users\23671\AppData\Local\Temp\ccbDFjOS.s 			page 20


 755 01c0 1B68     		ldr	r3, [r3]
 267:Core/Src/fdcan.c ****   {
 756              		.loc 1 267 10
 757 01c2 3A4A     		ldr	r2, .L27+24
 758 01c4 9342     		cmp	r3, r2
 759 01c6 60D1     		bne	.L26
 275:Core/Src/fdcan.c ****     PeriphClkInitStruct.FdcanClockSelection = RCC_FDCANCLKSOURCE_PLL;
 760              		.loc 1 275 46
 761 01c8 4FF40042 		mov	r2, #32768
 762 01cc 4FF00003 		mov	r3, #0
 763 01d0 C7E90823 		strd	r2, [r7, #32]
 276:Core/Src/fdcan.c ****     if (HAL_RCCEx_PeriphCLKConfig(&PeriphClkInitStruct) != HAL_OK)
 764              		.loc 1 276 45
 765 01d4 4FF08053 		mov	r3, #268435456
 766 01d8 C7F88C30 		str	r3, [r7, #140]
 277:Core/Src/fdcan.c ****     {
 767              		.loc 1 277 9
 768 01dc 07F12003 		add	r3, r7, #32
 769 01e0 1846     		mov	r0, r3
 770 01e2 FFF7FEFF 		bl	HAL_RCCEx_PeriphCLKConfig
 771 01e6 0346     		mov	r3, r0
 277:Core/Src/fdcan.c ****     {
 772              		.loc 1 277 8 discriminator 1
 773 01e8 002B     		cmp	r3, #0
 774 01ea 01D0     		beq	.L24
 279:Core/Src/fdcan.c ****     }
 775              		.loc 1 279 7
 776 01ec FFF7FEFF 		bl	Error_Handler
 777              	.L24:
 283:Core/Src/fdcan.c ****     if(HAL_RCC_FDCAN_CLK_ENABLED==1){
 778              		.loc 1 283 30
 779 01f0 294B     		ldr	r3, .L27+4
 780 01f2 1B68     		ldr	r3, [r3]
 781 01f4 0133     		adds	r3, r3, #1
 782 01f6 284A     		ldr	r2, .L27+4
 783 01f8 1360     		str	r3, [r2]
 284:Core/Src/fdcan.c ****       __HAL_RCC_FDCAN_CLK_ENABLE();
 784              		.loc 1 284 33
 785 01fa 274B     		ldr	r3, .L27+4
 786 01fc 1B68     		ldr	r3, [r3]
 284:Core/Src/fdcan.c ****       __HAL_RCC_FDCAN_CLK_ENABLE();
 787              		.loc 1 284 7
 788 01fe 012B     		cmp	r3, #1
 789 0200 0ED1     		bne	.L25
 790              	.LBB6:
 285:Core/Src/fdcan.c ****     }
 791              		.loc 1 285 7
 792 0202 264B     		ldr	r3, .L27+8
 793 0204 D3F8EC30 		ldr	r3, [r3, #236]
 794 0208 244A     		ldr	r2, .L27+8
 795 020a 43F48073 		orr	r3, r3, #256
 796 020e C2F8EC30 		str	r3, [r2, #236]
 797 0212 224B     		ldr	r3, .L27+8
 798 0214 D3F8EC30 		ldr	r3, [r3, #236]
 799 0218 03F48073 		and	r3, r3, #256
 800 021c FB60     		str	r3, [r7, #12]
 801 021e FB68     		ldr	r3, [r7, #12]
ARM GAS  C:\Users\23671\AppData\Local\Temp\ccbDFjOS.s 			page 21


 802              	.L25:
 803              	.LBE6:
 804              	.LBB7:
 288:Core/Src/fdcan.c ****     /**FDCAN3 GPIO Configuration
 805              		.loc 1 288 5
 806 0220 1E4B     		ldr	r3, .L27+8
 807 0222 D3F8E030 		ldr	r3, [r3, #224]
 808 0226 1D4A     		ldr	r2, .L27+8
 809 0228 43F00803 		orr	r3, r3, #8
 810 022c C2F8E030 		str	r3, [r2, #224]
 811 0230 1A4B     		ldr	r3, .L27+8
 812 0232 D3F8E030 		ldr	r3, [r3, #224]
 813 0236 03F00803 		and	r3, r3, #8
 814 023a BB60     		str	r3, [r7, #8]
 815 023c BB68     		ldr	r3, [r7, #8]
 816              	.LBE7:
 293:Core/Src/fdcan.c ****     GPIO_InitStruct.Mode = GPIO_MODE_AF_PP;
 817              		.loc 1 293 25
 818 023e 4FF44053 		mov	r3, #12288
 819 0242 C7F8DC30 		str	r3, [r7, #220]
 294:Core/Src/fdcan.c ****     GPIO_InitStruct.Pull = GPIO_NOPULL;
 820              		.loc 1 294 26
 821 0246 0223     		movs	r3, #2
 822 0248 C7F8E030 		str	r3, [r7, #224]
 295:Core/Src/fdcan.c ****     GPIO_InitStruct.Speed = GPIO_SPEED_FREQ_LOW;
 823              		.loc 1 295 26
 824 024c 0023     		movs	r3, #0
 825 024e C7F8E430 		str	r3, [r7, #228]
 296:Core/Src/fdcan.c ****     GPIO_InitStruct.Alternate = GPIO_AF5_FDCAN3;
 826              		.loc 1 296 27
 827 0252 0023     		movs	r3, #0
 828 0254 C7F8E830 		str	r3, [r7, #232]
 297:Core/Src/fdcan.c ****     HAL_GPIO_Init(GPIOD, &GPIO_InitStruct);
 829              		.loc 1 297 31
 830 0258 0523     		movs	r3, #5
 831 025a C7F8EC30 		str	r3, [r7, #236]
 298:Core/Src/fdcan.c **** 
 832              		.loc 1 298 5
 833 025e 07F1DC03 		add	r3, r7, #220
 834 0262 1946     		mov	r1, r3
 835 0264 0E48     		ldr	r0, .L27+12
 836 0266 FFF7FEFF 		bl	HAL_GPIO_Init
 301:Core/Src/fdcan.c ****     HAL_NVIC_EnableIRQ(FDCAN3_IT0_IRQn);
 837              		.loc 1 301 5
 838 026a 0022     		movs	r2, #0
 839 026c 0521     		movs	r1, #5
 840 026e 9F20     		movs	r0, #159
 841 0270 FFF7FEFF 		bl	HAL_NVIC_SetPriority
 302:Core/Src/fdcan.c ****     HAL_NVIC_SetPriority(FDCAN3_IT1_IRQn, 5, 0);
 842              		.loc 1 302 5
 843 0274 9F20     		movs	r0, #159
 844 0276 FFF7FEFF 		bl	HAL_NVIC_EnableIRQ
 303:Core/Src/fdcan.c ****     HAL_NVIC_EnableIRQ(FDCAN3_IT1_IRQn);
 845              		.loc 1 303 5
 846 027a 0022     		movs	r2, #0
 847 027c 0521     		movs	r1, #5
 848 027e A020     		movs	r0, #160
ARM GAS  C:\Users\23671\AppData\Local\Temp\ccbDFjOS.s 			page 22


 849 0280 FFF7FEFF 		bl	HAL_NVIC_SetPriority
 304:Core/Src/fdcan.c ****   /* USER CODE BEGIN FDCAN3_MspInit 1 */
 850              		.loc 1 304 5
 851 0284 A020     		movs	r0, #160
 852 0286 FFF7FEFF 		bl	HAL_NVIC_EnableIRQ
 853              	.L26:
 854              		.loc 1 309 1
 855 028a 00BF     		nop
 856 028c F037     		adds	r7, r7, #240
 857              	.LCFI9:
 858              		.cfi_def_cfa_offset 8
 859 028e BD46     		mov	sp, r7
 860              	.LCFI10:
 861              		.cfi_def_cfa_register 13
 862              		@ sp needed
 863 0290 80BD     		pop	{r7, pc}
 864              	.L28:
 865 0292 00BF     		.align	2
 866              	.L27:
 867 0294 00A00040 		.word	1073782784
 868 0298 00000000 		.word	HAL_RCC_FDCAN_CLK_ENABLED
 869 029c 00440258 		.word	1476543488
 870 02a0 000C0258 		.word	1476529152
 871 02a4 00A40040 		.word	1073783808
 872 02a8 00040258 		.word	1476527104
 873 02ac 00D40040 		.word	1073796096
 874              		.cfi_endproc
 875              	.LFE147:
 877              		.section	.text.HAL_FDCAN_MspDeInit,"ax",%progbits
 878              		.align	1
 879              		.global	HAL_FDCAN_MspDeInit
 880              		.syntax unified
 881              		.thumb
 882              		.thumb_func
 884              	HAL_FDCAN_MspDeInit:
 885              	.LFB148:
 310:Core/Src/fdcan.c **** 
 311:Core/Src/fdcan.c **** void HAL_FDCAN_MspDeInit(FDCAN_HandleTypeDef* fdcanHandle)
 312:Core/Src/fdcan.c **** {
 886              		.loc 1 312 1
 887              		.cfi_startproc
 888              		@ args = 0, pretend = 0, frame = 8
 889              		@ frame_needed = 1, uses_anonymous_args = 0
 890 0000 80B5     		push	{r7, lr}
 891              	.LCFI11:
 892              		.cfi_def_cfa_offset 8
 893              		.cfi_offset 7, -8
 894              		.cfi_offset 14, -4
 895 0002 82B0     		sub	sp, sp, #8
 896              	.LCFI12:
 897              		.cfi_def_cfa_offset 16
 898 0004 00AF     		add	r7, sp, #0
 899              	.LCFI13:
 900              		.cfi_def_cfa_register 7
 901 0006 7860     		str	r0, [r7, #4]
 313:Core/Src/fdcan.c **** 
 314:Core/Src/fdcan.c ****   if(fdcanHandle->Instance==FDCAN1)
ARM GAS  C:\Users\23671\AppData\Local\Temp\ccbDFjOS.s 			page 23


 902              		.loc 1 314 17
 903 0008 7B68     		ldr	r3, [r7, #4]
 904 000a 1B68     		ldr	r3, [r3]
 905              		.loc 1 314 5
 906 000c 324A     		ldr	r2, .L37
 907 000e 9342     		cmp	r3, r2
 908 0010 1BD1     		bne	.L30
 315:Core/Src/fdcan.c ****   {
 316:Core/Src/fdcan.c ****   /* USER CODE BEGIN FDCAN1_MspDeInit 0 */
 317:Core/Src/fdcan.c **** 
 318:Core/Src/fdcan.c ****   /* USER CODE END FDCAN1_MspDeInit 0 */
 319:Core/Src/fdcan.c ****     /* Peripheral clock disable */
 320:Core/Src/fdcan.c ****     HAL_RCC_FDCAN_CLK_ENABLED--;
 909              		.loc 1 320 30
 910 0012 324B     		ldr	r3, .L37+4
 911 0014 1B68     		ldr	r3, [r3]
 912 0016 013B     		subs	r3, r3, #1
 913 0018 304A     		ldr	r2, .L37+4
 914 001a 1360     		str	r3, [r2]
 321:Core/Src/fdcan.c ****     if(HAL_RCC_FDCAN_CLK_ENABLED==0){
 915              		.loc 1 321 33
 916 001c 2F4B     		ldr	r3, .L37+4
 917 001e 1B68     		ldr	r3, [r3]
 918              		.loc 1 321 7
 919 0020 002B     		cmp	r3, #0
 920 0022 07D1     		bne	.L31
 322:Core/Src/fdcan.c ****       __HAL_RCC_FDCAN_CLK_DISABLE();
 921              		.loc 1 322 7
 922 0024 2E4B     		ldr	r3, .L37+8
 923 0026 D3F8EC30 		ldr	r3, [r3, #236]
 924 002a 2D4A     		ldr	r2, .L37+8
 925 002c 23F48073 		bic	r3, r3, #256
 926 0030 C2F8EC30 		str	r3, [r2, #236]
 927              	.L31:
 323:Core/Src/fdcan.c ****     }
 324:Core/Src/fdcan.c **** 
 325:Core/Src/fdcan.c ****     /**FDCAN1 GPIO Configuration
 326:Core/Src/fdcan.c ****     PD0     ------> FDCAN1_RX
 327:Core/Src/fdcan.c ****     PD1     ------> FDCAN1_TX
 328:Core/Src/fdcan.c ****     */
 329:Core/Src/fdcan.c ****     HAL_GPIO_DeInit(GPIOD, GPIO_PIN_0|GPIO_PIN_1);
 928              		.loc 1 329 5
 929 0034 0321     		movs	r1, #3
 930 0036 2B48     		ldr	r0, .L37+12
 931 0038 FFF7FEFF 		bl	HAL_GPIO_DeInit
 330:Core/Src/fdcan.c **** 
 331:Core/Src/fdcan.c ****     /* FDCAN1 interrupt Deinit */
 332:Core/Src/fdcan.c ****     HAL_NVIC_DisableIRQ(FDCAN1_IT0_IRQn);
 932              		.loc 1 332 5
 933 003c 1320     		movs	r0, #19
 934 003e FFF7FEFF 		bl	HAL_NVIC_DisableIRQ
 333:Core/Src/fdcan.c ****     HAL_NVIC_DisableIRQ(FDCAN1_IT1_IRQn);
 935              		.loc 1 333 5
 936 0042 1520     		movs	r0, #21
 937 0044 FFF7FEFF 		bl	HAL_NVIC_DisableIRQ
 334:Core/Src/fdcan.c ****   /* USER CODE BEGIN FDCAN1_MspDeInit 1 */
 335:Core/Src/fdcan.c **** 
ARM GAS  C:\Users\23671\AppData\Local\Temp\ccbDFjOS.s 			page 24


 336:Core/Src/fdcan.c ****   /* USER CODE END FDCAN1_MspDeInit 1 */
 337:Core/Src/fdcan.c ****   }
 338:Core/Src/fdcan.c ****   else if(fdcanHandle->Instance==FDCAN2)
 339:Core/Src/fdcan.c ****   {
 340:Core/Src/fdcan.c ****   /* USER CODE BEGIN FDCAN2_MspDeInit 0 */
 341:Core/Src/fdcan.c **** 
 342:Core/Src/fdcan.c ****   /* USER CODE END FDCAN2_MspDeInit 0 */
 343:Core/Src/fdcan.c ****     /* Peripheral clock disable */
 344:Core/Src/fdcan.c ****     HAL_RCC_FDCAN_CLK_ENABLED--;
 345:Core/Src/fdcan.c ****     if(HAL_RCC_FDCAN_CLK_ENABLED==0){
 346:Core/Src/fdcan.c ****       __HAL_RCC_FDCAN_CLK_DISABLE();
 347:Core/Src/fdcan.c ****     }
 348:Core/Src/fdcan.c **** 
 349:Core/Src/fdcan.c ****     /**FDCAN2 GPIO Configuration
 350:Core/Src/fdcan.c ****     PB5     ------> FDCAN2_RX
 351:Core/Src/fdcan.c ****     PB6     ------> FDCAN2_TX
 352:Core/Src/fdcan.c ****     */
 353:Core/Src/fdcan.c ****     HAL_GPIO_DeInit(GPIOB, GPIO_PIN_5|GPIO_PIN_6);
 354:Core/Src/fdcan.c **** 
 355:Core/Src/fdcan.c ****     /* FDCAN2 interrupt Deinit */
 356:Core/Src/fdcan.c ****     HAL_NVIC_DisableIRQ(FDCAN2_IT0_IRQn);
 357:Core/Src/fdcan.c ****     HAL_NVIC_DisableIRQ(FDCAN2_IT1_IRQn);
 358:Core/Src/fdcan.c ****   /* USER CODE BEGIN FDCAN2_MspDeInit 1 */
 359:Core/Src/fdcan.c **** 
 360:Core/Src/fdcan.c ****   /* USER CODE END FDCAN2_MspDeInit 1 */
 361:Core/Src/fdcan.c ****   }
 362:Core/Src/fdcan.c ****   else if(fdcanHandle->Instance==FDCAN3)
 363:Core/Src/fdcan.c ****   {
 364:Core/Src/fdcan.c ****   /* USER CODE BEGIN FDCAN3_MspDeInit 0 */
 365:Core/Src/fdcan.c **** 
 366:Core/Src/fdcan.c ****   /* USER CODE END FDCAN3_MspDeInit 0 */
 367:Core/Src/fdcan.c ****     /* Peripheral clock disable */
 368:Core/Src/fdcan.c ****     HAL_RCC_FDCAN_CLK_ENABLED--;
 369:Core/Src/fdcan.c ****     if(HAL_RCC_FDCAN_CLK_ENABLED==0){
 370:Core/Src/fdcan.c ****       __HAL_RCC_FDCAN_CLK_DISABLE();
 371:Core/Src/fdcan.c ****     }
 372:Core/Src/fdcan.c **** 
 373:Core/Src/fdcan.c ****     /**FDCAN3 GPIO Configuration
 374:Core/Src/fdcan.c ****     PD12     ------> FDCAN3_RX
 375:Core/Src/fdcan.c ****     PD13     ------> FDCAN3_TX
 376:Core/Src/fdcan.c ****     */
 377:Core/Src/fdcan.c ****     HAL_GPIO_DeInit(GPIOD, GPIO_PIN_12|GPIO_PIN_13);
 378:Core/Src/fdcan.c **** 
 379:Core/Src/fdcan.c ****     /* FDCAN3 interrupt Deinit */
 380:Core/Src/fdcan.c ****     HAL_NVIC_DisableIRQ(FDCAN3_IT0_IRQn);
 381:Core/Src/fdcan.c ****     HAL_NVIC_DisableIRQ(FDCAN3_IT1_IRQn);
 382:Core/Src/fdcan.c ****   /* USER CODE BEGIN FDCAN3_MspDeInit 1 */
 383:Core/Src/fdcan.c **** 
 384:Core/Src/fdcan.c ****   /* USER CODE END FDCAN3_MspDeInit 1 */
 385:Core/Src/fdcan.c ****   }
 386:Core/Src/fdcan.c **** }
 938              		.loc 1 386 1
 939 0048 41E0     		b	.L36
 940              	.L30:
 338:Core/Src/fdcan.c ****   {
 941              		.loc 1 338 22
 942 004a 7B68     		ldr	r3, [r7, #4]
ARM GAS  C:\Users\23671\AppData\Local\Temp\ccbDFjOS.s 			page 25


 943 004c 1B68     		ldr	r3, [r3]
 338:Core/Src/fdcan.c ****   {
 944              		.loc 1 338 10
 945 004e 264A     		ldr	r2, .L37+16
 946 0050 9342     		cmp	r3, r2
 947 0052 1BD1     		bne	.L33
 344:Core/Src/fdcan.c ****     if(HAL_RCC_FDCAN_CLK_ENABLED==0){
 948              		.loc 1 344 30
 949 0054 214B     		ldr	r3, .L37+4
 950 0056 1B68     		ldr	r3, [r3]
 951 0058 013B     		subs	r3, r3, #1
 952 005a 204A     		ldr	r2, .L37+4
 953 005c 1360     		str	r3, [r2]
 345:Core/Src/fdcan.c ****       __HAL_RCC_FDCAN_CLK_DISABLE();
 954              		.loc 1 345 33
 955 005e 1F4B     		ldr	r3, .L37+4
 956 0060 1B68     		ldr	r3, [r3]
 345:Core/Src/fdcan.c ****       __HAL_RCC_FDCAN_CLK_DISABLE();
 957              		.loc 1 345 7
 958 0062 002B     		cmp	r3, #0
 959 0064 07D1     		bne	.L34
 346:Core/Src/fdcan.c ****     }
 960              		.loc 1 346 7
 961 0066 1E4B     		ldr	r3, .L37+8
 962 0068 D3F8EC30 		ldr	r3, [r3, #236]
 963 006c 1C4A     		ldr	r2, .L37+8
 964 006e 23F48073 		bic	r3, r3, #256
 965 0072 C2F8EC30 		str	r3, [r2, #236]
 966              	.L34:
 353:Core/Src/fdcan.c **** 
 967              		.loc 1 353 5
 968 0076 6021     		movs	r1, #96
 969 0078 1C48     		ldr	r0, .L37+20
 970 007a FFF7FEFF 		bl	HAL_GPIO_DeInit
 356:Core/Src/fdcan.c ****     HAL_NVIC_DisableIRQ(FDCAN2_IT1_IRQn);
 971              		.loc 1 356 5
 972 007e 1420     		movs	r0, #20
 973 0080 FFF7FEFF 		bl	HAL_NVIC_DisableIRQ
 357:Core/Src/fdcan.c ****   /* USER CODE BEGIN FDCAN2_MspDeInit 1 */
 974              		.loc 1 357 5
 975 0084 1620     		movs	r0, #22
 976 0086 FFF7FEFF 		bl	HAL_NVIC_DisableIRQ
 977              		.loc 1 386 1
 978 008a 20E0     		b	.L36
 979              	.L33:
 362:Core/Src/fdcan.c ****   {
 980              		.loc 1 362 22
 981 008c 7B68     		ldr	r3, [r7, #4]
 982 008e 1B68     		ldr	r3, [r3]
 362:Core/Src/fdcan.c ****   {
 983              		.loc 1 362 10
 984 0090 174A     		ldr	r2, .L37+24
 985 0092 9342     		cmp	r3, r2
 986 0094 1BD1     		bne	.L36
 368:Core/Src/fdcan.c ****     if(HAL_RCC_FDCAN_CLK_ENABLED==0){
 987              		.loc 1 368 30
 988 0096 114B     		ldr	r3, .L37+4
ARM GAS  C:\Users\23671\AppData\Local\Temp\ccbDFjOS.s 			page 26


 989 0098 1B68     		ldr	r3, [r3]
 990 009a 013B     		subs	r3, r3, #1
 991 009c 0F4A     		ldr	r2, .L37+4
 992 009e 1360     		str	r3, [r2]
 369:Core/Src/fdcan.c ****       __HAL_RCC_FDCAN_CLK_DISABLE();
 993              		.loc 1 369 33
 994 00a0 0E4B     		ldr	r3, .L37+4
 995 00a2 1B68     		ldr	r3, [r3]
 369:Core/Src/fdcan.c ****       __HAL_RCC_FDCAN_CLK_DISABLE();
 996              		.loc 1 369 7
 997 00a4 002B     		cmp	r3, #0
 998 00a6 07D1     		bne	.L35
 370:Core/Src/fdcan.c ****     }
 999              		.loc 1 370 7
 1000 00a8 0D4B     		ldr	r3, .L37+8
 1001 00aa D3F8EC30 		ldr	r3, [r3, #236]
 1002 00ae 0C4A     		ldr	r2, .L37+8
 1003 00b0 23F48073 		bic	r3, r3, #256
 1004 00b4 C2F8EC30 		str	r3, [r2, #236]
 1005              	.L35:
 377:Core/Src/fdcan.c **** 
 1006              		.loc 1 377 5
 1007 00b8 4FF44051 		mov	r1, #12288
 1008 00bc 0948     		ldr	r0, .L37+12
 1009 00be FFF7FEFF 		bl	HAL_GPIO_DeInit
 380:Core/Src/fdcan.c ****     HAL_NVIC_DisableIRQ(FDCAN3_IT1_IRQn);
 1010              		.loc 1 380 5
 1011 00c2 9F20     		movs	r0, #159
 1012 00c4 FFF7FEFF 		bl	HAL_NVIC_DisableIRQ
 381:Core/Src/fdcan.c ****   /* USER CODE BEGIN FDCAN3_MspDeInit 1 */
 1013              		.loc 1 381 5
 1014 00c8 A020     		movs	r0, #160
 1015 00ca FFF7FEFF 		bl	HAL_NVIC_DisableIRQ
 1016              	.L36:
 1017              		.loc 1 386 1
 1018 00ce 00BF     		nop
 1019 00d0 0837     		adds	r7, r7, #8
 1020              	.LCFI14:
 1021              		.cfi_def_cfa_offset 8
 1022 00d2 BD46     		mov	sp, r7
 1023              	.LCFI15:
 1024              		.cfi_def_cfa_register 13
 1025              		@ sp needed
 1026 00d4 80BD     		pop	{r7, pc}
 1027              	.L38:
 1028 00d6 00BF     		.align	2
 1029              	.L37:
 1030 00d8 00A00040 		.word	1073782784
 1031 00dc 00000000 		.word	HAL_RCC_FDCAN_CLK_ENABLED
 1032 00e0 00440258 		.word	1476543488
 1033 00e4 000C0258 		.word	1476529152
 1034 00e8 00A40040 		.word	1073783808
 1035 00ec 00040258 		.word	1476527104
 1036 00f0 00D40040 		.word	1073796096
 1037              		.cfi_endproc
 1038              	.LFE148:
 1040              		.text
ARM GAS  C:\Users\23671\AppData\Local\Temp\ccbDFjOS.s 			page 27


 1041              	.Letext0:
 1042              		.file 2 "Drivers/CMSIS/Device/ST/STM32H7xx/Include/stm32h723xx.h"
 1043              		.file 3 "D:/MSYS2/mingw64/arm-none-eabi/include/machine/_default_types.h"
 1044              		.file 4 "D:/MSYS2/mingw64/arm-none-eabi/include/sys/_stdint.h"
 1045              		.file 5 "Drivers/CMSIS/Device/ST/STM32H7xx/Include/stm32h7xx.h"
 1046              		.file 6 "Drivers/STM32H7xx_HAL_Driver/Inc/stm32h7xx_hal_def.h"
 1047              		.file 7 "Drivers/STM32H7xx_HAL_Driver/Inc/stm32h7xx_hal_rcc_ex.h"
 1048              		.file 8 "Drivers/STM32H7xx_HAL_Driver/Inc/stm32h7xx_hal_gpio.h"
 1049              		.file 9 "Drivers/STM32H7xx_HAL_Driver/Inc/stm32h7xx_hal_fdcan.h"
 1050              		.file 10 "Core/Inc/fdcan.h"
 1051              		.file 11 "Drivers/STM32H7xx_HAL_Driver/Inc/stm32h7xx_hal_cortex.h"
 1052              		.file 12 "Core/Inc/main.h"
ARM GAS  C:\Users\23671\AppData\Local\Temp\ccbDFjOS.s 			page 28


DEFINED SYMBOLS
                            *ABS*:00000000 fdcan.c
C:\Users\23671\AppData\Local\Temp\ccbDFjOS.s:24     .bss.hfdcan1:00000000 hfdcan1
C:\Users\23671\AppData\Local\Temp\ccbDFjOS.s:21     .bss.hfdcan1:00000000 $d
C:\Users\23671\AppData\Local\Temp\ccbDFjOS.s:31     .bss.hfdcan2:00000000 hfdcan2
C:\Users\23671\AppData\Local\Temp\ccbDFjOS.s:28     .bss.hfdcan2:00000000 $d
C:\Users\23671\AppData\Local\Temp\ccbDFjOS.s:38     .bss.hfdcan3:00000000 hfdcan3
C:\Users\23671\AppData\Local\Temp\ccbDFjOS.s:35     .bss.hfdcan3:00000000 $d
C:\Users\23671\AppData\Local\Temp\ccbDFjOS.s:41     .text.MX_FDCAN1_Init:00000000 $t
C:\Users\23671\AppData\Local\Temp\ccbDFjOS.s:47     .text.MX_FDCAN1_Init:00000000 MX_FDCAN1_Init
C:\Users\23671\AppData\Local\Temp\ccbDFjOS.s:189    .text.MX_FDCAN1_Init:000000c0 $d
C:\Users\23671\AppData\Local\Temp\ccbDFjOS.s:195    .text.MX_FDCAN2_Init:00000000 $t
C:\Users\23671\AppData\Local\Temp\ccbDFjOS.s:201    .text.MX_FDCAN2_Init:00000000 MX_FDCAN2_Init
C:\Users\23671\AppData\Local\Temp\ccbDFjOS.s:343    .text.MX_FDCAN2_Init:000000c4 $d
C:\Users\23671\AppData\Local\Temp\ccbDFjOS.s:349    .text.MX_FDCAN3_Init:00000000 $t
C:\Users\23671\AppData\Local\Temp\ccbDFjOS.s:355    .text.MX_FDCAN3_Init:00000000 MX_FDCAN3_Init
C:\Users\23671\AppData\Local\Temp\ccbDFjOS.s:497    .text.MX_FDCAN3_Init:000000c4 $d
C:\Users\23671\AppData\Local\Temp\ccbDFjOS.s:503    .bss.HAL_RCC_FDCAN_CLK_ENABLED:00000000 $d
C:\Users\23671\AppData\Local\Temp\ccbDFjOS.s:506    .bss.HAL_RCC_FDCAN_CLK_ENABLED:00000000 HAL_RCC_FDCAN_CLK_ENABLED
C:\Users\23671\AppData\Local\Temp\ccbDFjOS.s:509    .text.HAL_FDCAN_MspInit:00000000 $t
C:\Users\23671\AppData\Local\Temp\ccbDFjOS.s:515    .text.HAL_FDCAN_MspInit:00000000 HAL_FDCAN_MspInit
C:\Users\23671\AppData\Local\Temp\ccbDFjOS.s:867    .text.HAL_FDCAN_MspInit:00000294 $d
C:\Users\23671\AppData\Local\Temp\ccbDFjOS.s:878    .text.HAL_FDCAN_MspDeInit:00000000 $t
C:\Users\23671\AppData\Local\Temp\ccbDFjOS.s:884    .text.HAL_FDCAN_MspDeInit:00000000 HAL_FDCAN_MspDeInit
C:\Users\23671\AppData\Local\Temp\ccbDFjOS.s:1030   .text.HAL_FDCAN_MspDeInit:000000d8 $d

UNDEFINED SYMBOLS
HAL_FDCAN_Init
Error_Handler
memset
HAL_RCCEx_PeriphCLKConfig
HAL_GPIO_Init
HAL_NVIC_SetPriority
HAL_NVIC_EnableIRQ
HAL_GPIO_DeInit
HAL_NVIC_DisableIRQ
