ARM GAS  C:\Users\fffff\AppData\Local\Temp\ccWp0LL7.s 			page 1


   1              		.cpu cortex-m7
   2              		.arch armv7e-m
   3              		.fpu fpv5-d16
   4              		.eabi_attribute 28, 1
   5              		.eabi_attribute 20, 1
   6              		.eabi_attribute 21, 1
   7              		.eabi_attribute 23, 3
   8              		.eabi_attribute 24, 1
   9              		.eabi_attribute 25, 1
  10              		.eabi_attribute 26, 1
  11              		.eabi_attribute 30, 6
  12              		.eabi_attribute 34, 1
  13              		.eabi_attribute 18, 4
  14              		.file	"Global_status.c"
  15              		.text
  16              	.Ltext0:
  17              		.cfi_sections	.debug_frame
  18              		.file 1 "User/Software/Global_status.c"
  19              		.global	Global
  20              		.section	.bss.Global,"aw",%nobits
  21              		.align	2
  24              	Global:
  25 0000 00000000 		.space	60
  25      00000000 
  25      00000000 
  25      00000000 
  25      00000000 
  26              		.text
  27              	.Letext0:
  28              		.file 2 "C:/msys64/mingw64/arm-none-eabi/include/machine/_default_types.h"
  29              		.file 3 "C:/msys64/mingw64/arm-none-eabi/include/sys/_stdint.h"
  30              		.file 4 "User/Software/Global_status.h"
ARM GAS  C:\Users\fffff\AppData\Local\Temp\ccWp0LL7.s 			page 2


DEFINED SYMBOLS
                            *ABS*:00000000 Global_status.c
C:\Users\fffff\AppData\Local\Temp\ccWp0LL7.s:24     .bss.Global:00000000 Global
C:\Users\fffff\AppData\Local\Temp\ccWp0LL7.s:21     .bss.Global:00000000 $d

NO UNDEFINED SYMBOLS
