ARM GAS  C:\Users\23671\AppData\Local\Temp\ccN49yrM.s 			page 1


   1              		.cpu cortex-m7
   2              		.arch armv7e-m
   3              		.fpu fpv5-d16
   4              		.eabi_attribute 28, 1
   5              		.eabi_attribute 20, 1
   6              		.eabi_attribute 21, 1
   7              		.eabi_attribute 23, 3
   8              		.eabi_attribute 24, 1
   9              		.eabi_attribute 25, 1
  10              		.eabi_attribute 26, 1
  11              		.eabi_attribute 30, 6
  12              		.eabi_attribute 34, 1
  13              		.eabi_attribute 18, 4
  14              		.file	"gpio.c"
  15              		.text
  16              	.Ltext0:
  17              		.cfi_sections	.debug_frame
  18              		.file 1 "Core/Src/gpio.c"
  19              		.section	.text.MX_GPIO_Init,"ax",%progbits
  20              		.align	1
  21              		.global	MX_GPIO_Init
  22              		.syntax unified
  23              		.thumb
  24              		.thumb_func
  26              	MX_GPIO_Init:
  27              	.LFB144:
   1:Core/Src/gpio.c **** /* USER CODE BEGIN Header */
   2:Core/Src/gpio.c **** /**
   3:Core/Src/gpio.c ****   ******************************************************************************
   4:Core/Src/gpio.c ****   * @file    gpio.c
   5:Core/Src/gpio.c ****   * @brief   This file provides code for the configuration
   6:Core/Src/gpio.c ****   *          of all used GPIO pins.
   7:Core/Src/gpio.c ****   ******************************************************************************
   8:Core/Src/gpio.c ****   * @attention
   9:Core/Src/gpio.c ****   *
  10:Core/Src/gpio.c ****   * Copyright (c) 2024 STMicroelectronics.
  11:Core/Src/gpio.c ****   * All rights reserved.
  12:Core/Src/gpio.c ****   *
  13:Core/Src/gpio.c ****   * This software is licensed under terms that can be found in the LICENSE file
  14:Core/Src/gpio.c ****   * in the root directory of this software component.
  15:Core/Src/gpio.c ****   * If no LICENSE file comes with this software, it is provided AS-IS.
  16:Core/Src/gpio.c ****   *
  17:Core/Src/gpio.c ****   ******************************************************************************
  18:Core/Src/gpio.c ****   */
  19:Core/Src/gpio.c **** /* USER CODE END Header */
  20:Core/Src/gpio.c **** 
  21:Core/Src/gpio.c **** /* Includes ------------------------------------------------------------------*/
  22:Core/Src/gpio.c **** #include "gpio.h"
  23:Core/Src/gpio.c **** 
  24:Core/Src/gpio.c **** /* USER CODE BEGIN 0 */
  25:Core/Src/gpio.c **** 
  26:Core/Src/gpio.c **** /* USER CODE END 0 */
  27:Core/Src/gpio.c **** 
  28:Core/Src/gpio.c **** /*----------------------------------------------------------------------------*/
  29:Core/Src/gpio.c **** /* Configure GPIO                                                             */
  30:Core/Src/gpio.c **** /*----------------------------------------------------------------------------*/
  31:Core/Src/gpio.c **** /* USER CODE BEGIN 1 */
ARM GAS  C:\Users\23671\AppData\Local\Temp\ccN49yrM.s 			page 2


  32:Core/Src/gpio.c **** 
  33:Core/Src/gpio.c **** /* USER CODE END 1 */
  34:Core/Src/gpio.c **** 
  35:Core/Src/gpio.c **** /** Configure pins as
  36:Core/Src/gpio.c ****         * Analog
  37:Core/Src/gpio.c ****         * Input
  38:Core/Src/gpio.c ****         * Output
  39:Core/Src/gpio.c ****         * EVENT_OUT
  40:Core/Src/gpio.c ****         * EXTI
  41:Core/Src/gpio.c ****      PC9   ------> RCC_MCO_2
  42:Core/Src/gpio.c ****      PA8   ------> RCC_MCO_1
  43:Core/Src/gpio.c **** */
  44:Core/Src/gpio.c **** void MX_GPIO_Init(void)
  45:Core/Src/gpio.c **** {
  28              		.loc 1 45 1
  29              		.cfi_startproc
  30              		@ args = 0, pretend = 0, frame = 48
  31              		@ frame_needed = 1, uses_anonymous_args = 0
  32 0000 80B5     		push	{r7, lr}
  33              	.LCFI0:
  34              		.cfi_def_cfa_offset 8
  35              		.cfi_offset 7, -8
  36              		.cfi_offset 14, -4
  37 0002 8CB0     		sub	sp, sp, #48
  38              	.LCFI1:
  39              		.cfi_def_cfa_offset 56
  40 0004 00AF     		add	r7, sp, #0
  41              	.LCFI2:
  42              		.cfi_def_cfa_register 7
  46:Core/Src/gpio.c **** 
  47:Core/Src/gpio.c ****   GPIO_InitTypeDef GPIO_InitStruct = {0};
  43              		.loc 1 47 20
  44 0006 07F11C03 		add	r3, r7, #28
  45 000a 0022     		movs	r2, #0
  46 000c 1A60     		str	r2, [r3]
  47 000e 5A60     		str	r2, [r3, #4]
  48 0010 9A60     		str	r2, [r3, #8]
  49 0012 DA60     		str	r2, [r3, #12]
  50 0014 1A61     		str	r2, [r3, #16]
  51              	.LBB2:
  48:Core/Src/gpio.c **** 
  49:Core/Src/gpio.c ****   /* GPIO Ports Clock Enable */
  50:Core/Src/gpio.c ****   __HAL_RCC_GPIOE_CLK_ENABLE();
  52              		.loc 1 50 3
  53 0016 5B4B     		ldr	r3, .L2
  54 0018 D3F8E030 		ldr	r3, [r3, #224]
  55 001c 594A     		ldr	r2, .L2
  56 001e 43F01003 		orr	r3, r3, #16
  57 0022 C2F8E030 		str	r3, [r2, #224]
  58 0026 574B     		ldr	r3, .L2
  59 0028 D3F8E030 		ldr	r3, [r3, #224]
  60 002c 03F01003 		and	r3, r3, #16
  61 0030 BB61     		str	r3, [r7, #24]
  62 0032 BB69     		ldr	r3, [r7, #24]
  63              	.LBE2:
  64              	.LBB3:
  51:Core/Src/gpio.c ****   __HAL_RCC_GPIOC_CLK_ENABLE();
ARM GAS  C:\Users\23671\AppData\Local\Temp\ccN49yrM.s 			page 3


  65              		.loc 1 51 3
  66 0034 534B     		ldr	r3, .L2
  67 0036 D3F8E030 		ldr	r3, [r3, #224]
  68 003a 524A     		ldr	r2, .L2
  69 003c 43F00403 		orr	r3, r3, #4
  70 0040 C2F8E030 		str	r3, [r2, #224]
  71 0044 4F4B     		ldr	r3, .L2
  72 0046 D3F8E030 		ldr	r3, [r3, #224]
  73 004a 03F00403 		and	r3, r3, #4
  74 004e 7B61     		str	r3, [r7, #20]
  75 0050 7B69     		ldr	r3, [r7, #20]
  76              	.LBE3:
  77              	.LBB4:
  52:Core/Src/gpio.c ****   __HAL_RCC_GPIOH_CLK_ENABLE();
  78              		.loc 1 52 3
  79 0052 4C4B     		ldr	r3, .L2
  80 0054 D3F8E030 		ldr	r3, [r3, #224]
  81 0058 4A4A     		ldr	r2, .L2
  82 005a 43F08003 		orr	r3, r3, #128
  83 005e C2F8E030 		str	r3, [r2, #224]
  84 0062 484B     		ldr	r3, .L2
  85 0064 D3F8E030 		ldr	r3, [r3, #224]
  86 0068 03F08003 		and	r3, r3, #128
  87 006c 3B61     		str	r3, [r7, #16]
  88 006e 3B69     		ldr	r3, [r7, #16]
  89              	.LBE4:
  90              	.LBB5:
  53:Core/Src/gpio.c ****   __HAL_RCC_GPIOA_CLK_ENABLE();
  91              		.loc 1 53 3
  92 0070 444B     		ldr	r3, .L2
  93 0072 D3F8E030 		ldr	r3, [r3, #224]
  94 0076 434A     		ldr	r2, .L2
  95 0078 43F00103 		orr	r3, r3, #1
  96 007c C2F8E030 		str	r3, [r2, #224]
  97 0080 404B     		ldr	r3, .L2
  98 0082 D3F8E030 		ldr	r3, [r3, #224]
  99 0086 03F00103 		and	r3, r3, #1
 100 008a FB60     		str	r3, [r7, #12]
 101 008c FB68     		ldr	r3, [r7, #12]
 102              	.LBE5:
 103              	.LBB6:
  54:Core/Src/gpio.c ****   __HAL_RCC_GPIOB_CLK_ENABLE();
 104              		.loc 1 54 3
 105 008e 3D4B     		ldr	r3, .L2
 106 0090 D3F8E030 		ldr	r3, [r3, #224]
 107 0094 3B4A     		ldr	r2, .L2
 108 0096 43F00203 		orr	r3, r3, #2
 109 009a C2F8E030 		str	r3, [r2, #224]
 110 009e 394B     		ldr	r3, .L2
 111 00a0 D3F8E030 		ldr	r3, [r3, #224]
 112 00a4 03F00203 		and	r3, r3, #2
 113 00a8 BB60     		str	r3, [r7, #8]
 114 00aa BB68     		ldr	r3, [r7, #8]
 115              	.LBE6:
 116              	.LBB7:
  55:Core/Src/gpio.c ****   __HAL_RCC_GPIOD_CLK_ENABLE();
 117              		.loc 1 55 3
ARM GAS  C:\Users\23671\AppData\Local\Temp\ccN49yrM.s 			page 4


 118 00ac 354B     		ldr	r3, .L2
 119 00ae D3F8E030 		ldr	r3, [r3, #224]
 120 00b2 344A     		ldr	r2, .L2
 121 00b4 43F00803 		orr	r3, r3, #8
 122 00b8 C2F8E030 		str	r3, [r2, #224]
 123 00bc 314B     		ldr	r3, .L2
 124 00be D3F8E030 		ldr	r3, [r3, #224]
 125 00c2 03F00803 		and	r3, r3, #8
 126 00c6 7B60     		str	r3, [r7, #4]
 127 00c8 7B68     		ldr	r3, [r7, #4]
 128              	.LBE7:
  56:Core/Src/gpio.c **** 
  57:Core/Src/gpio.c ****   /*Configure GPIO pin Output Level */
  58:Core/Src/gpio.c ****   HAL_GPIO_WritePin(GPIOC, Power_OUT2_Pin|Power_OUT1_Pin|ACC_CS_Pin|GYRO_CS_Pin, GPIO_PIN_SET);
 129              		.loc 1 58 3
 130 00ca 0122     		movs	r2, #1
 131 00cc 46F20901 		movw	r1, #24585
 132 00d0 2D48     		ldr	r0, .L2+4
 133 00d2 FFF7FEFF 		bl	HAL_GPIO_WritePin
  59:Core/Src/gpio.c **** 
  60:Core/Src/gpio.c ****   /*Configure GPIO pins : Power_OUT2_Pin Power_OUT1_Pin */
  61:Core/Src/gpio.c ****   GPIO_InitStruct.Pin = Power_OUT2_Pin|Power_OUT1_Pin;
 134              		.loc 1 61 23
 135 00d6 4FF4C043 		mov	r3, #24576
 136 00da FB61     		str	r3, [r7, #28]
  62:Core/Src/gpio.c ****   GPIO_InitStruct.Mode = GPIO_MODE_OUTPUT_PP;
 137              		.loc 1 62 24
 138 00dc 0123     		movs	r3, #1
 139 00de 3B62     		str	r3, [r7, #32]
  63:Core/Src/gpio.c ****   GPIO_InitStruct.Pull = GPIO_NOPULL;
 140              		.loc 1 63 24
 141 00e0 0023     		movs	r3, #0
 142 00e2 7B62     		str	r3, [r7, #36]
  64:Core/Src/gpio.c ****   GPIO_InitStruct.Speed = GPIO_SPEED_FREQ_LOW;
 143              		.loc 1 64 25
 144 00e4 0023     		movs	r3, #0
 145 00e6 BB62     		str	r3, [r7, #40]
  65:Core/Src/gpio.c ****   HAL_GPIO_Init(GPIOC, &GPIO_InitStruct);
 146              		.loc 1 65 3
 147 00e8 07F11C03 		add	r3, r7, #28
 148 00ec 1946     		mov	r1, r3
 149 00ee 2648     		ldr	r0, .L2+4
 150 00f0 FFF7FEFF 		bl	HAL_GPIO_Init
  66:Core/Src/gpio.c **** 
  67:Core/Src/gpio.c ****   /*Configure GPIO pins : ACC_CS_Pin GYRO_CS_Pin */
  68:Core/Src/gpio.c ****   GPIO_InitStruct.Pin = ACC_CS_Pin|GYRO_CS_Pin;
 151              		.loc 1 68 23
 152 00f4 0923     		movs	r3, #9
 153 00f6 FB61     		str	r3, [r7, #28]
  69:Core/Src/gpio.c ****   GPIO_InitStruct.Mode = GPIO_MODE_OUTPUT_PP;
 154              		.loc 1 69 24
 155 00f8 0123     		movs	r3, #1
 156 00fa 3B62     		str	r3, [r7, #32]
  70:Core/Src/gpio.c ****   GPIO_InitStruct.Pull = GPIO_NOPULL;
 157              		.loc 1 70 24
 158 00fc 0023     		movs	r3, #0
 159 00fe 7B62     		str	r3, [r7, #36]
ARM GAS  C:\Users\23671\AppData\Local\Temp\ccN49yrM.s 			page 5


  71:Core/Src/gpio.c ****   GPIO_InitStruct.Speed = GPIO_SPEED_FREQ_VERY_HIGH;
 160              		.loc 1 71 25
 161 0100 0323     		movs	r3, #3
 162 0102 BB62     		str	r3, [r7, #40]
  72:Core/Src/gpio.c ****   HAL_GPIO_Init(GPIOC, &GPIO_InitStruct);
 163              		.loc 1 72 3
 164 0104 07F11C03 		add	r3, r7, #28
 165 0108 1946     		mov	r1, r3
 166 010a 1F48     		ldr	r0, .L2+4
 167 010c FFF7FEFF 		bl	HAL_GPIO_Init
  73:Core/Src/gpio.c **** 
  74:Core/Src/gpio.c ****   /*Configure GPIO pins : ACC_INT_Pin GYRO_INT_Pin */
  75:Core/Src/gpio.c ****   GPIO_InitStruct.Pin = ACC_INT_Pin|GYRO_INT_Pin;
 168              		.loc 1 75 23
 169 0110 4FF4A053 		mov	r3, #5120
 170 0114 FB61     		str	r3, [r7, #28]
  76:Core/Src/gpio.c ****   GPIO_InitStruct.Mode = GPIO_MODE_IT_RISING;
 171              		.loc 1 76 24
 172 0116 4FF48813 		mov	r3, #1114112
 173 011a 3B62     		str	r3, [r7, #32]
  77:Core/Src/gpio.c ****   GPIO_InitStruct.Pull = GPIO_NOPULL;
 174              		.loc 1 77 24
 175 011c 0023     		movs	r3, #0
 176 011e 7B62     		str	r3, [r7, #36]
  78:Core/Src/gpio.c ****   HAL_GPIO_Init(GPIOE, &GPIO_InitStruct);
 177              		.loc 1 78 3
 178 0120 07F11C03 		add	r3, r7, #28
 179 0124 1946     		mov	r1, r3
 180 0126 1948     		ldr	r0, .L2+8
 181 0128 FFF7FEFF 		bl	HAL_GPIO_Init
  79:Core/Src/gpio.c **** 
  80:Core/Src/gpio.c ****   /*Configure GPIO pin : PC9 */
  81:Core/Src/gpio.c ****   GPIO_InitStruct.Pin = GPIO_PIN_9;
 182              		.loc 1 81 23
 183 012c 4FF40073 		mov	r3, #512
 184 0130 FB61     		str	r3, [r7, #28]
  82:Core/Src/gpio.c ****   GPIO_InitStruct.Mode = GPIO_MODE_AF_PP;
 185              		.loc 1 82 24
 186 0132 0223     		movs	r3, #2
 187 0134 3B62     		str	r3, [r7, #32]
  83:Core/Src/gpio.c ****   GPIO_InitStruct.Pull = GPIO_NOPULL;
 188              		.loc 1 83 24
 189 0136 0023     		movs	r3, #0
 190 0138 7B62     		str	r3, [r7, #36]
  84:Core/Src/gpio.c ****   GPIO_InitStruct.Speed = GPIO_SPEED_FREQ_LOW;
 191              		.loc 1 84 25
 192 013a 0023     		movs	r3, #0
 193 013c BB62     		str	r3, [r7, #40]
  85:Core/Src/gpio.c ****   GPIO_InitStruct.Alternate = GPIO_AF0_MCO;
 194              		.loc 1 85 29
 195 013e 0023     		movs	r3, #0
 196 0140 FB62     		str	r3, [r7, #44]
  86:Core/Src/gpio.c ****   HAL_GPIO_Init(GPIOC, &GPIO_InitStruct);
 197              		.loc 1 86 3
 198 0142 07F11C03 		add	r3, r7, #28
 199 0146 1946     		mov	r1, r3
 200 0148 0F48     		ldr	r0, .L2+4
ARM GAS  C:\Users\23671\AppData\Local\Temp\ccN49yrM.s 			page 6


 201 014a FFF7FEFF 		bl	HAL_GPIO_Init
  87:Core/Src/gpio.c **** 
  88:Core/Src/gpio.c ****   /*Configure GPIO pin : PA8 */
  89:Core/Src/gpio.c ****   GPIO_InitStruct.Pin = GPIO_PIN_8;
 202              		.loc 1 89 23
 203 014e 4FF48073 		mov	r3, #256
 204 0152 FB61     		str	r3, [r7, #28]
  90:Core/Src/gpio.c ****   GPIO_InitStruct.Mode = GPIO_MODE_AF_PP;
 205              		.loc 1 90 24
 206 0154 0223     		movs	r3, #2
 207 0156 3B62     		str	r3, [r7, #32]
  91:Core/Src/gpio.c ****   GPIO_InitStruct.Pull = GPIO_NOPULL;
 208              		.loc 1 91 24
 209 0158 0023     		movs	r3, #0
 210 015a 7B62     		str	r3, [r7, #36]
  92:Core/Src/gpio.c ****   GPIO_InitStruct.Speed = GPIO_SPEED_FREQ_LOW;
 211              		.loc 1 92 25
 212 015c 0023     		movs	r3, #0
 213 015e BB62     		str	r3, [r7, #40]
  93:Core/Src/gpio.c ****   GPIO_InitStruct.Alternate = GPIO_AF0_MCO;
 214              		.loc 1 93 29
 215 0160 0023     		movs	r3, #0
 216 0162 FB62     		str	r3, [r7, #44]
  94:Core/Src/gpio.c ****   HAL_GPIO_Init(GPIOA, &GPIO_InitStruct);
 217              		.loc 1 94 3
 218 0164 07F11C03 		add	r3, r7, #28
 219 0168 1946     		mov	r1, r3
 220 016a 0948     		ldr	r0, .L2+12
 221 016c FFF7FEFF 		bl	HAL_GPIO_Init
  95:Core/Src/gpio.c **** 
  96:Core/Src/gpio.c ****   /*AnalogSwitch Config */
  97:Core/Src/gpio.c ****   HAL_SYSCFG_AnalogSwitchConfig(SYSCFG_SWITCH_PC3, SYSCFG_SWITCH_PC3_CLOSE);
 222              		.loc 1 97 3
 223 0170 0021     		movs	r1, #0
 224 0172 4FF00060 		mov	r0, #134217728
 225 0176 FFF7FEFF 		bl	HAL_SYSCFG_AnalogSwitchConfig
  98:Core/Src/gpio.c **** 
  99:Core/Src/gpio.c **** }
 226              		.loc 1 99 1
 227 017a 00BF     		nop
 228 017c 3037     		adds	r7, r7, #48
 229              	.LCFI3:
 230              		.cfi_def_cfa_offset 8
 231 017e BD46     		mov	sp, r7
 232              	.LCFI4:
 233              		.cfi_def_cfa_register 13
 234              		@ sp needed
 235 0180 80BD     		pop	{r7, pc}
 236              	.L3:
 237 0182 00BF     		.align	2
 238              	.L2:
 239 0184 00440258 		.word	1476543488
 240 0188 00080258 		.word	1476528128
 241 018c 00100258 		.word	1476530176
 242 0190 00000258 		.word	1476526080
 243              		.cfi_endproc
 244              	.LFE144:
ARM GAS  C:\Users\23671\AppData\Local\Temp\ccN49yrM.s 			page 7


 246              		.text
 247              	.Letext0:
 248              		.file 2 "D:/MSYS2/mingw64/arm-none-eabi/include/machine/_default_types.h"
 249              		.file 3 "D:/MSYS2/mingw64/arm-none-eabi/include/sys/_stdint.h"
 250              		.file 4 "Drivers/CMSIS/Device/ST/STM32H7xx/Include/stm32h723xx.h"
 251              		.file 5 "Drivers/STM32H7xx_HAL_Driver/Inc/stm32h7xx_hal_gpio.h"
 252              		.file 6 "Drivers/STM32H7xx_HAL_Driver/Inc/stm32h7xx_hal.h"
ARM GAS  C:\Users\23671\AppData\Local\Temp\ccN49yrM.s 			page 8


DEFINED SYMBOLS
                            *ABS*:00000000 gpio.c
C:\Users\23671\AppData\Local\Temp\ccN49yrM.s:20     .text.MX_GPIO_Init:00000000 $t
C:\Users\23671\AppData\Local\Temp\ccN49yrM.s:26     .text.MX_GPIO_Init:00000000 MX_GPIO_Init
C:\Users\23671\AppData\Local\Temp\ccN49yrM.s:239    .text.MX_GPIO_Init:00000184 $d

UNDEFINED SYMBOLS
HAL_GPIO_WritePin
HAL_GPIO_Init
HAL_SYSCFG_AnalogSwitchConfig
