ARM GAS  C:\Users\23671\AppData\Local\Temp\ccDptXqR.s 			page 1


   1              		.cpu cortex-m7
   2              		.arch armv7e-m
   3              		.fpu fpv5-d16
   4              		.eabi_attribute 28, 1
   5              		.eabi_attribute 20, 1
   6              		.eabi_attribute 21, 1
   7              		.eabi_attribute 23, 3
   8              		.eabi_attribute 24, 1
   9              		.eabi_attribute 25, 1
  10              		.eabi_attribute 26, 1
  11              		.eabi_attribute 30, 6
  12              		.eabi_attribute 34, 1
  13              		.eabi_attribute 18, 4
  14              		.file	"LED.c"
  15              		.text
  16              	.Ltext0:
  17              		.cfi_sections	.debug_frame
  18              		.file 1 "User/Hardware/LED.c"
  19              		.section	.text.hexToRGB,"ax",%progbits
  20              		.align	1
  21              		.global	hexToRGB
  22              		.syntax unified
  23              		.thumb
  24              		.thumb_func
  26              	hexToRGB:
  27              	.LFB144:
   1:User/Hardware/LED.c **** #include "LED.h"
   2:User/Hardware/LED.c **** #include "ws2812.h"
   3:User/Hardware/LED.c **** 
   4:User/Hardware/LED.c **** void hexToRGB(uint32_t hex, uint8_t *r, uint8_t *g, uint8_t *b)
   5:User/Hardware/LED.c **** {
  28              		.loc 1 5 1
  29              		.cfi_startproc
  30              		@ args = 0, pretend = 0, frame = 16
  31              		@ frame_needed = 1, uses_anonymous_args = 0
  32              		@ link register save eliminated.
  33 0000 80B4     		push	{r7}
  34              	.LCFI0:
  35              		.cfi_def_cfa_offset 4
  36              		.cfi_offset 7, -4
  37 0002 85B0     		sub	sp, sp, #20
  38              	.LCFI1:
  39              		.cfi_def_cfa_offset 24
  40 0004 00AF     		add	r7, sp, #0
  41              	.LCFI2:
  42              		.cfi_def_cfa_register 7
  43 0006 F860     		str	r0, [r7, #12]
  44 0008 B960     		str	r1, [r7, #8]
  45 000a 7A60     		str	r2, [r7, #4]
  46 000c 3B60     		str	r3, [r7]
   6:User/Hardware/LED.c ****     *r = (hex >> 16) & 0xFF; // 提取红色分量
  47              		.loc 1 6 15
  48 000e FB68     		ldr	r3, [r7, #12]
  49 0010 1B0C     		lsrs	r3, r3, #16
  50              		.loc 1 6 8
  51 0012 DAB2     		uxtb	r2, r3
  52 0014 BB68     		ldr	r3, [r7, #8]
ARM GAS  C:\Users\23671\AppData\Local\Temp\ccDptXqR.s 			page 2


  53 0016 1A70     		strb	r2, [r3]
   7:User/Hardware/LED.c ****     *g = (hex >> 8) & 0xFF;  // 提取绿色分量
  54              		.loc 1 7 15
  55 0018 FB68     		ldr	r3, [r7, #12]
  56 001a 1B0A     		lsrs	r3, r3, #8
  57              		.loc 1 7 8
  58 001c DAB2     		uxtb	r2, r3
  59 001e 7B68     		ldr	r3, [r7, #4]
  60 0020 1A70     		strb	r2, [r3]
   8:User/Hardware/LED.c ****     *b = hex & 0xFF;         // 提取蓝色分量
  61              		.loc 1 8 8
  62 0022 FB68     		ldr	r3, [r7, #12]
  63 0024 DAB2     		uxtb	r2, r3
  64 0026 3B68     		ldr	r3, [r7]
  65 0028 1A70     		strb	r2, [r3]
   9:User/Hardware/LED.c **** }
  66              		.loc 1 9 1
  67 002a 00BF     		nop
  68 002c 1437     		adds	r7, r7, #20
  69              	.LCFI3:
  70              		.cfi_def_cfa_offset 4
  71 002e BD46     		mov	sp, r7
  72              	.LCFI4:
  73              		.cfi_def_cfa_register 13
  74              		@ sp needed
  75 0030 5DF8047B 		ldr	r7, [sp], #4
  76              	.LCFI5:
  77              		.cfi_restore 7
  78              		.cfi_def_cfa_offset 0
  79 0034 7047     		bx	lr
  80              		.cfi_endproc
  81              	.LFE144:
  83              		.section	.text.LEDshowcolor,"ax",%progbits
  84              		.align	1
  85              		.global	LEDshowcolor
  86              		.syntax unified
  87              		.thumb
  88              		.thumb_func
  90              	LEDshowcolor:
  91              	.LFB145:
  10:User/Hardware/LED.c **** 
  11:User/Hardware/LED.c **** /**
  12:User/Hardware/LED.c ****  * @brief LED灯显示颜色
  13:User/Hardware/LED.c ****  *
  14:User/Hardware/LED.c ****  * @param color 颜色的rgb编码
  15:User/Hardware/LED.c ****  */
  16:User/Hardware/LED.c **** void LEDshowcolor(uint32_t color)
  17:User/Hardware/LED.c **** {
  92              		.loc 1 17 1
  93              		.cfi_startproc
  94              		@ args = 0, pretend = 0, frame = 16
  95              		@ frame_needed = 1, uses_anonymous_args = 0
  96 0000 80B5     		push	{r7, lr}
  97              	.LCFI6:
  98              		.cfi_def_cfa_offset 8
  99              		.cfi_offset 7, -8
 100              		.cfi_offset 14, -4
ARM GAS  C:\Users\23671\AppData\Local\Temp\ccDptXqR.s 			page 3


 101 0002 84B0     		sub	sp, sp, #16
 102              	.LCFI7:
 103              		.cfi_def_cfa_offset 24
 104 0004 00AF     		add	r7, sp, #0
 105              	.LCFI8:
 106              		.cfi_def_cfa_register 7
 107 0006 7860     		str	r0, [r7, #4]
  18:User/Hardware/LED.c ****     uint8_t r, g, b;
  19:User/Hardware/LED.c ****     hexToRGB(color, &r, &g, &b);
 108              		.loc 1 19 5
 109 0008 07F10D03 		add	r3, r7, #13
 110 000c 07F10E02 		add	r2, r7, #14
 111 0010 07F10F01 		add	r1, r7, #15
 112 0014 7868     		ldr	r0, [r7, #4]
 113 0016 FFF7FEFF 		bl	hexToRGB
  20:User/Hardware/LED.c ****     WS2812_Ctrl(r, g, b);
 114              		.loc 1 20 5
 115 001a FB7B     		ldrb	r3, [r7, #15]	@ zero_extendqisi2
 116 001c B97B     		ldrb	r1, [r7, #14]	@ zero_extendqisi2
 117 001e 7A7B     		ldrb	r2, [r7, #13]	@ zero_extendqisi2
 118 0020 1846     		mov	r0, r3
 119 0022 FFF7FEFF 		bl	WS2812_Ctrl
  21:User/Hardware/LED.c **** }
 120              		.loc 1 21 1
 121 0026 00BF     		nop
 122 0028 1037     		adds	r7, r7, #16
 123              	.LCFI9:
 124              		.cfi_def_cfa_offset 8
 125 002a BD46     		mov	sp, r7
 126              	.LCFI10:
 127              		.cfi_def_cfa_register 13
 128              		@ sp needed
 129 002c 80BD     		pop	{r7, pc}
 130              		.cfi_endproc
 131              	.LFE145:
 133              		.text
 134              	.Letext0:
 135              		.file 2 "D:/MSYS2/mingw64/arm-none-eabi/include/machine/_default_types.h"
 136              		.file 3 "D:/MSYS2/mingw64/arm-none-eabi/include/sys/_stdint.h"
 137              		.file 4 "Drivers/Chip/ws2812/ws2812.h"
ARM GAS  C:\Users\23671\AppData\Local\Temp\ccDptXqR.s 			page 4


DEFINED SYMBOLS
                            *ABS*:00000000 LED.c
C:\Users\23671\AppData\Local\Temp\ccDptXqR.s:20     .text.hexToRGB:00000000 $t
C:\Users\23671\AppData\Local\Temp\ccDptXqR.s:26     .text.hexToRGB:00000000 hexToRGB
C:\Users\23671\AppData\Local\Temp\ccDptXqR.s:84     .text.LEDshowcolor:00000000 $t
C:\Users\23671\AppData\Local\Temp\ccDptXqR.s:90     .text.LEDshowcolor:00000000 LEDshowcolor

UNDEFINED SYMBOLS
WS2812_Ctrl
