ARM GAS  C:\Users\23671\AppData\Local\Temp\ccprVgC5.s 			page 1


   1              		.cpu cortex-m7
   2              		.arch armv7e-m
   3              		.fpu fpv5-d16
   4              		.eabi_attribute 28, 1
   5              		.eabi_attribute 20, 1
   6              		.eabi_attribute 21, 1
   7              		.eabi_attribute 23, 3
   8              		.eabi_attribute 24, 1
   9              		.eabi_attribute 25, 1
  10              		.eabi_attribute 26, 1
  11              		.eabi_attribute 30, 6
  12              		.eabi_attribute 34, 1
  13              		.eabi_attribute 18, 4
  14              		.file	"Shoot.c"
  15              		.text
  16              	.Ltext0:
  17              		.cfi_sections	.debug_frame
  18              		.file 1 "User/Software/Shoot.c"
  19              		.global	shoot_speed
  20              		.section	.bss.shoot_speed,"aw",%nobits
  21              		.align	1
  24              	shoot_speed:
  25 0000 0000     		.space	2
  26              		.global	trigger_speed_pid
  27              		.section	.bss.trigger_speed_pid,"aw",%nobits
  28              		.align	2
  31              	trigger_speed_pid:
  32 0000 00000000 		.space	52
  32      00000000 
  32      00000000 
  32      00000000 
  32      00000000 
  33              		.global	trigger_location_pid
  34              		.section	.bss.trigger_location_pid,"aw",%nobits
  35              		.align	2
  38              	trigger_location_pid:
  39 0000 00000000 		.space	52
  39      00000000 
  39      00000000 
  39      00000000 
  39      00000000 
  40              		.global	shoot_L_speed_pid
  41              		.section	.bss.shoot_L_speed_pid,"aw",%nobits
  42              		.align	2
  45              	shoot_L_speed_pid:
  46 0000 00000000 		.space	52
  46      00000000 
  46      00000000 
  46      00000000 
  46      00000000 
  47              		.global	shoot_R_speed_pid
  48              		.section	.bss.shoot_R_speed_pid,"aw",%nobits
  49              		.align	2
  52              	shoot_R_speed_pid:
  53 0000 00000000 		.space	52
  53      00000000 
  53      00000000 
ARM GAS  C:\Users\23671\AppData\Local\Temp\ccprVgC5.s 			page 2


  53      00000000 
  53      00000000 
  54              		.section	.text.Shoot_init,"ax",%progbits
  55              		.align	1
  56              		.global	Shoot_init
  57              		.syntax unified
  58              		.thumb
  59              		.thumb_func
  61              	Shoot_init:
  62              	.LFB147:
   1:User/Software/Shoot.c **** #include "Shoot.h"
   2:User/Software/Shoot.c **** #include "Global_status.h"
   3:User/Software/Shoot.c **** #include "Gimbal.h"
   4:User/Software/Shoot.c **** #include "pid.h"
   5:User/Software/Shoot.c **** #include "referee_system.h"
   6:User/Software/Shoot.c **** 
   7:User/Software/Shoot.c **** enum shoot_speed_e shoot_speed;
   8:User/Software/Shoot.c **** 
   9:User/Software/Shoot.c **** pid_t trigger_speed_pid, trigger_location_pid;
  10:User/Software/Shoot.c **** pid_t shoot_L_speed_pid, shoot_R_speed_pid;
  11:User/Software/Shoot.c **** void Shoot_init()
  12:User/Software/Shoot.c **** {
  63              		.loc 1 12 1
  64              		.cfi_startproc
  65              		@ args = 0, pretend = 0, frame = 0
  66              		@ frame_needed = 1, uses_anonymous_args = 0
  67 0000 80B5     		push	{r7, lr}
  68              	.LCFI0:
  69              		.cfi_def_cfa_offset 8
  70              		.cfi_offset 7, -8
  71              		.cfi_offset 14, -4
  72 0002 00AF     		add	r7, sp, #0
  73              	.LCFI1:
  74              		.cfi_def_cfa_register 7
  13:User/Software/Shoot.c **** 	// 摩擦轮电机初始化
  14:User/Software/Shoot.c **** 	SHOOTMotor_init(M3508, ShootMotor_L);
  75              		.loc 1 14 2
  76 0004 0C21     		movs	r1, #12
  77 0006 0220     		movs	r0, #2
  78 0008 FFF7FEFF 		bl	DJIMotor_init
  15:User/Software/Shoot.c **** 	SHOOTMotor_init(M3508, ShootMotor_R);
  79              		.loc 1 15 2
  80 000c 0E21     		movs	r1, #14
  81 000e 0220     		movs	r0, #2
  82 0010 FFF7FEFF 		bl	DJIMotor_init
  16:User/Software/Shoot.c **** 	// 拨弹电机初始化
  17:User/Software/Shoot.c **** 	TriggerMotor_init(M2006, TRIGGER_MOTOR);
  83              		.loc 1 17 2
  84 0014 1121     		movs	r1, #17
  85 0016 0320     		movs	r0, #3
  86 0018 FFF7FEFF 		bl	DJIMotor_init
  18:User/Software/Shoot.c **** 
  19:User/Software/Shoot.c **** 	// 摩擦轮电机
  20:User/Software/Shoot.c **** 	pid_set(&shoot_L_speed_pid, 1, 0, 0, SHOOTMOTOR_MAX_CURRENT, 0);
  87              		.loc 1 20 2
  88 001c 9FED1A2A 		vldr.32	s4, .L2
  89 0020 DFED1A1A 		vldr.32	s3, .L2+4
ARM GAS  C:\Users\23671\AppData\Local\Temp\ccprVgC5.s 			page 3


  90 0024 9FED181A 		vldr.32	s2, .L2
  91 0028 DFED170A 		vldr.32	s1, .L2
  92 002c B7EE000A 		vmov.f32	s0, #1.0e+0
  93 0030 1748     		ldr	r0, .L2+8
  94 0032 FFF7FEFF 		bl	pid_set
  21:User/Software/Shoot.c **** 	pid_set(&shoot_R_speed_pid, 1, 0, 0, SHOOTMOTOR_MAX_CURRENT, 0);
  95              		.loc 1 21 2
  96 0036 9FED142A 		vldr.32	s4, .L2
  97 003a DFED141A 		vldr.32	s3, .L2+4
  98 003e 9FED121A 		vldr.32	s2, .L2
  99 0042 DFED110A 		vldr.32	s1, .L2
 100 0046 B7EE000A 		vmov.f32	s0, #1.0e+0
 101 004a 1248     		ldr	r0, .L2+12
 102 004c FFF7FEFF 		bl	pid_set
  22:User/Software/Shoot.c **** 
  23:User/Software/Shoot.c **** 	// 拨弹电机
  24:User/Software/Shoot.c **** 	pid_set(&trigger_speed_pid, 5, 0, 3, SHOOTMOTOR_MAX_CURRENT, 0);
 103              		.loc 1 24 2
 104 0050 9FED0D2A 		vldr.32	s4, .L2
 105 0054 DFED0D1A 		vldr.32	s3, .L2+4
 106 0058 B0EE081A 		vmov.f32	s2, #3.0e+0
 107 005c DFED0A0A 		vldr.32	s1, .L2
 108 0060 B1EE040A 		vmov.f32	s0, #5.0e+0
 109 0064 0C48     		ldr	r0, .L2+16
 110 0066 FFF7FEFF 		bl	pid_set
  25:User/Software/Shoot.c **** 	pid_set(&trigger_location_pid, 5, 0, 0, SHOOTMOTOR_MAX_CURRENT, 0);
 111              		.loc 1 25 2
 112 006a 9FED072A 		vldr.32	s4, .L2
 113 006e DFED071A 		vldr.32	s3, .L2+4
 114 0072 9FED051A 		vldr.32	s2, .L2
 115 0076 DFED040A 		vldr.32	s1, .L2
 116 007a B1EE040A 		vmov.f32	s0, #5.0e+0
 117 007e 0748     		ldr	r0, .L2+20
 118 0080 FFF7FEFF 		bl	pid_set
  26:User/Software/Shoot.c **** }
 119              		.loc 1 26 1
 120 0084 00BF     		nop
 121 0086 80BD     		pop	{r7, pc}
 122              	.L3:
 123              		.align	2
 124              	.L2:
 125 0088 00000000 		.word	0
 126 008c 00008046 		.word	1182793728
 127 0090 00000000 		.word	shoot_L_speed_pid
 128 0094 00000000 		.word	shoot_R_speed_pid
 129 0098 00000000 		.word	trigger_speed_pid
 130 009c 00000000 		.word	trigger_location_pid
 131              		.cfi_endproc
 132              	.LFE147:
 134              		.section	.text.Shoot_control,"ax",%progbits
 135              		.align	1
 136              		.global	Shoot_control
 137              		.syntax unified
 138              		.thumb
 139              		.thumb_func
 141              	Shoot_control:
 142              	.LFB148:
ARM GAS  C:\Users\23671\AppData\Local\Temp\ccprVgC5.s 			page 4


  27:User/Software/Shoot.c **** /**
  28:User/Software/Shoot.c ****  * @brief 摩擦轮控制
  29:User/Software/Shoot.c ****  *
  30:User/Software/Shoot.c ****  */
  31:User/Software/Shoot.c **** void Shoot_control()
  32:User/Software/Shoot.c **** {
 143              		.loc 1 32 1
 144              		.cfi_startproc
 145              		@ args = 0, pretend = 0, frame = 336
 146              		@ frame_needed = 1, uses_anonymous_args = 0
 147 0000 80B5     		push	{r7, lr}
 148              	.LCFI2:
 149              		.cfi_def_cfa_offset 8
 150              		.cfi_offset 7, -8
 151              		.cfi_offset 14, -4
 152 0002 D4B0     		sub	sp, sp, #336
 153              	.LCFI3:
 154              		.cfi_def_cfa_offset 344
 155 0004 00AF     		add	r7, sp, #0
 156              	.LCFI4:
 157              		.cfi_def_cfa_register 7
  33:User/Software/Shoot.c **** 	static enum shoot_mode_e pre_shoot_mode = CLOSE;
  34:User/Software/Shoot.c **** 	// 根据模式选择摩擦轮速度
  35:User/Software/Shoot.c **** 	if (Global.Shoot.shoot_mode == CLOSE) // 摩擦轮关闭
 158              		.loc 1 35 18
 159 0006 924B     		ldr	r3, .L13
 160 0008 93F82130 		ldrb	r3, [r3, #33]	@ zero_extendqisi2
 161              		.loc 1 35 5
 162 000c 002B     		cmp	r3, #0
 163 000e 07D1     		bne	.L5
  36:User/Software/Shoot.c **** 	{
  37:User/Software/Shoot.c **** 		shoot_speed = SHOOT_SPEED_CLOSE;
 164              		.loc 1 37 15
 165 0010 904B     		ldr	r3, .L13+4
 166 0012 0022     		movs	r2, #0
 167 0014 1A80     		strh	r2, [r3]	@ movhi
  38:User/Software/Shoot.c **** 		Global.Shoot.shoot_status=NOK;
 168              		.loc 1 38 28
 169 0016 8E4B     		ldr	r3, .L13
 170 0018 0022     		movs	r2, #0
 171 001a 83F82220 		strb	r2, [r3, #34]
 172 001e BEE0     		b	.L6
 173              	.L5:
  39:User/Software/Shoot.c **** 	}
  40:User/Software/Shoot.c **** 	else if (pre_shoot_mode != Global.Shoot.shoot_mode &&
 174              		.loc 1 40 41
 175 0020 8B4B     		ldr	r3, .L13
 176 0022 93F82120 		ldrb	r2, [r3, #33]	@ zero_extendqisi2
 177              		.loc 1 40 26
 178 0026 8C4B     		ldr	r3, .L13+8
 179 0028 1B78     		ldrb	r3, [r3]	@ zero_extendqisi2
 180              		.loc 1 40 10
 181 002a 9A42     		cmp	r2, r3
 182 002c 00F09880 		beq	.L7
  41:User/Software/Shoot.c **** 			 pre_shoot_mode == CLOSE) // 摩擦轮启动过程
 183              		.loc 1 41 20
 184 0030 894B     		ldr	r3, .L13+8
ARM GAS  C:\Users\23671\AppData\Local\Temp\ccprVgC5.s 			page 5


 185 0032 1B78     		ldrb	r3, [r3]	@ zero_extendqisi2
  40:User/Software/Shoot.c **** 			 pre_shoot_mode == CLOSE) // 摩擦轮启动过程
 186              		.loc 1 40 53 discriminator 1
 187 0034 002B     		cmp	r3, #0
 188 0036 40F09380 		bne	.L7
  42:User/Software/Shoot.c **** 	{
  43:User/Software/Shoot.c **** 		shoot_speed = SHOOT_SPEED_BEGIN;
 189              		.loc 1 43 15
 190 003a 864B     		ldr	r3, .L13+4
 191 003c 4FF4FA62 		mov	r2, #2000
 192 0040 1A80     		strh	r2, [r3]	@ movhi
  44:User/Software/Shoot.c **** 		// 增大提速时间
  45:User/Software/Shoot.c **** 		pid_set(&shoot_L_speed_pid, 5, 0, 0, SHOOTMOTOR_MAX_CURRENT, 0);
 193              		.loc 1 45 3
 194 0042 9FED862A 		vldr.32	s4, .L13+12
 195 0046 DFED861A 		vldr.32	s3, .L13+16
 196 004a 9FED841A 		vldr.32	s2, .L13+12
 197 004e DFED830A 		vldr.32	s1, .L13+12
 198 0052 B1EE040A 		vmov.f32	s0, #5.0e+0
 199 0056 8348     		ldr	r0, .L13+20
 200 0058 FFF7FEFF 		bl	pid_set
  46:User/Software/Shoot.c **** 		pid_set(&shoot_R_speed_pid, 5, 0, 0, SHOOTMOTOR_MAX_CURRENT, 0);
 201              		.loc 1 46 3
 202 005c 9FED7F2A 		vldr.32	s4, .L13+12
 203 0060 DFED7F1A 		vldr.32	s3, .L13+16
 204 0064 9FED7D1A 		vldr.32	s2, .L13+12
 205 0068 DFED7C0A 		vldr.32	s1, .L13+12
 206 006c B1EE040A 		vmov.f32	s0, #5.0e+0
 207 0070 7D48     		ldr	r0, .L13+24
 208 0072 FFF7FEFF 		bl	pid_set
  47:User/Software/Shoot.c **** 		if ((abs(SHOOTMotor_get_data(ShootMotor_L).speed_rpm) <= SHOOT_SPEED_BEGIN + 30) &&
 209              		.loc 1 47 12
 210 0076 07F5A873 		add	r3, r7, #336
 211 007a A3F5A873 		sub	r3, r3, #336
 212 007e 0C21     		movs	r1, #12
 213 0080 1846     		mov	r0, r3
 214 0082 FFF7FEFF 		bl	DJIMotor_get_data
 215              		.loc 1 47 45 discriminator 1
 216 0086 07F5A873 		add	r3, r7, #336
 217 008a A3F5A873 		sub	r3, r3, #336
 218 008e B3F90630 		ldrsh	r3, [r3, #6]
 219              		.loc 1 47 8 discriminator 1
 220 0092 002B     		cmp	r3, #0
 221 0094 B8BF     		it	lt
 222 0096 5B42     		rsblt	r3, r3, #0
 223 0098 9BB2     		uxth	r3, r3
 224              		.loc 1 47 6 discriminator 1
 225 009a 40F2EE72 		movw	r2, #2030
 226 009e 9342     		cmp	r3, r2
 227 00a0 59D8     		bhi	.L8
  48:User/Software/Shoot.c **** 			(abs(SHOOTMotor_get_data(ShootMotor_L).speed_rpm) >= SHOOT_SPEED_BEGIN - 30) &&
 228              		.loc 1 48 9
 229 00a2 07F5A873 		add	r3, r7, #336
 230 00a6 A3F58C73 		sub	r3, r3, #280
 231 00aa 0C21     		movs	r1, #12
 232 00ac 1846     		mov	r0, r3
 233 00ae FFF7FEFF 		bl	DJIMotor_get_data
ARM GAS  C:\Users\23671\AppData\Local\Temp\ccprVgC5.s 			page 6


 234              		.loc 1 48 42 discriminator 1
 235 00b2 07F5A873 		add	r3, r7, #336
 236 00b6 A3F58C73 		sub	r3, r3, #280
 237 00ba B3F90630 		ldrsh	r3, [r3, #6]
 238              		.loc 1 48 5 discriminator 1
 239 00be 002B     		cmp	r3, #0
 240 00c0 B8BF     		it	lt
 241 00c2 5B42     		rsblt	r3, r3, #0
 242 00c4 9BB2     		uxth	r3, r3
  47:User/Software/Shoot.c **** 		if ((abs(SHOOTMotor_get_data(ShootMotor_L).speed_rpm) <= SHOOT_SPEED_BEGIN + 30) &&
 243              		.loc 1 47 84 discriminator 1
 244 00c6 40F2B172 		movw	r2, #1969
 245 00ca 9342     		cmp	r3, r2
 246 00cc 43D9     		bls	.L8
  49:User/Software/Shoot.c **** 			(abs(SHOOTMotor_get_data(ShootMotor_R).speed_rpm) <= SHOOT_SPEED_BEGIN + 30) &&
 247              		.loc 1 49 9
 248 00ce 07F17003 		add	r3, r7, #112
 249 00d2 0E21     		movs	r1, #14
 250 00d4 1846     		mov	r0, r3
 251 00d6 FFF7FEFF 		bl	DJIMotor_get_data
 252              		.loc 1 49 42 discriminator 1
 253 00da B7F97630 		ldrsh	r3, [r7, #118]
 254              		.loc 1 49 5 discriminator 1
 255 00de 002B     		cmp	r3, #0
 256 00e0 B8BF     		it	lt
 257 00e2 5B42     		rsblt	r3, r3, #0
 258 00e4 9BB2     		uxth	r3, r3
  48:User/Software/Shoot.c **** 			(abs(SHOOTMotor_get_data(ShootMotor_L).speed_rpm) >= SHOOT_SPEED_BEGIN - 30) &&
 259              		.loc 1 48 81
 260 00e6 40F2EE72 		movw	r2, #2030
 261 00ea 9342     		cmp	r3, r2
 262 00ec 33D8     		bhi	.L8
  50:User/Software/Shoot.c **** 			(abs(SHOOTMotor_get_data(ShootMotor_R).speed_rpm) >= SHOOT_SPEED_BEGIN - 30))
 263              		.loc 1 50 9
 264 00ee 07F1A803 		add	r3, r7, #168
 265 00f2 0E21     		movs	r1, #14
 266 00f4 1846     		mov	r0, r3
 267 00f6 FFF7FEFF 		bl	DJIMotor_get_data
 268              		.loc 1 50 42 discriminator 1
 269 00fa B7F9AE30 		ldrsh	r3, [r7, #174]
 270              		.loc 1 50 5 discriminator 1
 271 00fe 002B     		cmp	r3, #0
 272 0100 B8BF     		it	lt
 273 0102 5B42     		rsblt	r3, r3, #0
 274 0104 9BB2     		uxth	r3, r3
  49:User/Software/Shoot.c **** 			(abs(SHOOTMotor_get_data(ShootMotor_R).speed_rpm) <= SHOOT_SPEED_BEGIN + 30) &&
 275              		.loc 1 49 81
 276 0106 40F2B172 		movw	r2, #1969
 277 010a 9342     		cmp	r3, r2
 278 010c 23D9     		bls	.L8
  51:User/Software/Shoot.c **** 		{
  52:User/Software/Shoot.c **** 			pre_shoot_mode = Global.Shoot.shoot_mode;
 279              		.loc 1 52 33
 280 010e 504B     		ldr	r3, .L13
 281 0110 93F82120 		ldrb	r2, [r3, #33]	@ zero_extendqisi2
 282              		.loc 1 52 19
 283 0114 504B     		ldr	r3, .L13+8
ARM GAS  C:\Users\23671\AppData\Local\Temp\ccprVgC5.s 			page 7


 284 0116 1A70     		strb	r2, [r3]
  53:User/Software/Shoot.c **** 			pid_set(&shoot_L_speed_pid, 10, 0, 0, SHOOTMOTOR_MAX_CURRENT, 0);
 285              		.loc 1 53 4
 286 0118 9FED502A 		vldr.32	s4, .L13+12
 287 011c DFED501A 		vldr.32	s3, .L13+16
 288 0120 9FED4E1A 		vldr.32	s2, .L13+12
 289 0124 DFED4D0A 		vldr.32	s1, .L13+12
 290 0128 B2EE040A 		vmov.f32	s0, #1.0e+1
 291 012c 4D48     		ldr	r0, .L13+20
 292 012e FFF7FEFF 		bl	pid_set
  54:User/Software/Shoot.c **** 			pid_set(&shoot_R_speed_pid, 10, 0, 0, SHOOTMOTOR_MAX_CURRENT, 0);
 293              		.loc 1 54 4
 294 0132 9FED4A2A 		vldr.32	s4, .L13+12
 295 0136 DFED4A1A 		vldr.32	s3, .L13+16
 296 013a 9FED481A 		vldr.32	s2, .L13+12
 297 013e DFED470A 		vldr.32	s1, .L13+12
 298 0142 B2EE040A 		vmov.f32	s0, #1.0e+1
 299 0146 4848     		ldr	r0, .L13+24
 300 0148 FFF7FEFF 		bl	pid_set
  55:User/Software/Shoot.c **** 			Global.Shoot.shoot_status = OK;
 301              		.loc 1 55 30
 302 014c 404B     		ldr	r3, .L13
 303 014e 0122     		movs	r2, #1
 304 0150 83F82220 		strb	r2, [r3, #34]
  47:User/Software/Shoot.c **** 			(abs(SHOOTMotor_get_data(ShootMotor_L).speed_rpm) >= SHOOT_SPEED_BEGIN - 30) &&
 305              		.loc 1 47 6
 306 0154 23E0     		b	.L6
 307              	.L8:
  56:User/Software/Shoot.c **** 		} // 双轮达速后
  57:User/Software/Shoot.c **** 		else
  58:User/Software/Shoot.c **** 		{
  59:User/Software/Shoot.c **** 			Global.Shoot.shoot_status = NOK;
 308              		.loc 1 59 30
 309 0156 3E4B     		ldr	r3, .L13
 310 0158 0022     		movs	r2, #0
 311 015a 83F82220 		strb	r2, [r3, #34]
  47:User/Software/Shoot.c **** 			(abs(SHOOTMotor_get_data(ShootMotor_L).speed_rpm) >= SHOOT_SPEED_BEGIN - 30) &&
 312              		.loc 1 47 6
 313 015e 1EE0     		b	.L6
 314              	.L7:
  60:User/Software/Shoot.c **** 		}
  61:User/Software/Shoot.c **** 	}
  62:User/Software/Shoot.c **** 	else if (pre_shoot_mode == Global.Shoot.shoot_mode &&
 315              		.loc 1 62 41
 316 0160 3B4B     		ldr	r3, .L13
 317 0162 93F82120 		ldrb	r2, [r3, #33]	@ zero_extendqisi2
 318              		.loc 1 62 26
 319 0166 3C4B     		ldr	r3, .L13+8
 320 0168 1B78     		ldrb	r3, [r3]	@ zero_extendqisi2
 321              		.loc 1 62 10
 322 016a 9A42     		cmp	r2, r3
 323 016c 17D1     		bne	.L6
  63:User/Software/Shoot.c **** 			 Global.Shoot.shoot_mode != CLOSE) // 摩擦轮正常工作
 324              		.loc 1 63 17
 325 016e 384B     		ldr	r3, .L13
 326 0170 93F82130 		ldrb	r3, [r3, #33]	@ zero_extendqisi2
  62:User/Software/Shoot.c **** 			 Global.Shoot.shoot_mode != CLOSE) // 摩擦轮正常工作
ARM GAS  C:\Users\23671\AppData\Local\Temp\ccprVgC5.s 			page 8


 327              		.loc 1 62 53 discriminator 1
 328 0174 002B     		cmp	r3, #0
 329 0176 12D0     		beq	.L6
  64:User/Software/Shoot.c **** 	{
  65:User/Software/Shoot.c **** 		if (Global.Shoot.shoot_mode == READY)
 330              		.loc 1 65 19
 331 0178 354B     		ldr	r3, .L13
 332 017a 93F82130 		ldrb	r3, [r3, #33]	@ zero_extendqisi2
 333              		.loc 1 65 6
 334 017e 012B     		cmp	r3, #1
 335 0180 04D1     		bne	.L10
  66:User/Software/Shoot.c **** 			shoot_speed = SHOOT_SPEED_READY;
 336              		.loc 1 66 16
 337 0182 344B     		ldr	r3, .L13+4
 338 0184 4EF29C62 		movw	r2, #59036
 339 0188 1A80     		strh	r2, [r3]	@ movhi
 340 018a 08E0     		b	.L6
 341              	.L10:
  67:User/Software/Shoot.c **** 		else if (Global.Shoot.shoot_mode == DEBUG_SHOOT)
 342              		.loc 1 67 24
 343 018c 304B     		ldr	r3, .L13
 344 018e 93F82130 		ldrb	r3, [r3, #33]	@ zero_extendqisi2
 345              		.loc 1 67 11
 346 0192 022B     		cmp	r3, #2
 347 0194 03D1     		bne	.L6
  68:User/Software/Shoot.c **** 			shoot_speed = SHOOT_SPEED_BEGIN;
 348              		.loc 1 68 16
 349 0196 2F4B     		ldr	r3, .L13+4
 350 0198 4FF4FA62 		mov	r2, #2000
 351 019c 1A80     		strh	r2, [r3]	@ movhi
 352              	.L6:
  69:User/Software/Shoot.c **** 	}
  70:User/Software/Shoot.c **** 	SHOOTMotor_set(pid_cal(&shoot_L_speed_pid, SHOOTMotor_get_data(ShootMotor_L).speed_rpm, shoot_spee
 353              		.loc 1 70 45
 354 019e 07F1E003 		add	r3, r7, #224
 355 01a2 0C21     		movs	r1, #12
 356 01a4 1846     		mov	r0, r3
 357 01a6 FFF7FEFF 		bl	DJIMotor_get_data
 358              		.loc 1 70 78 discriminator 1
 359 01aa B7F9E630 		ldrsh	r3, [r7, #230]
 360              		.loc 1 70 17 discriminator 1
 361 01ae 07EE903A 		vmov	s15, r3	@ int
 362 01b2 F8EEE77A 		vcvt.f32.s32	s15, s15
 363 01b6 274B     		ldr	r3, .L13+4
 364 01b8 B3F90030 		ldrsh	r3, [r3]
 365 01bc 07EE103A 		vmov	s14, r3	@ int
 366 01c0 B8EEC77A 		vcvt.f32.s32	s14, s14
 367 01c4 F0EE470A 		vmov.f32	s1, s14
 368 01c8 B0EE670A 		vmov.f32	s0, s15
 369 01cc 2548     		ldr	r0, .L13+20
 370 01ce FFF7FEFF 		bl	pid_cal
 371 01d2 F0EE407A 		vmov.f32	s15, s0
 372              		.loc 1 70 2 discriminator 2
 373 01d6 FDEEE77A 		vcvt.s32.f32	s15, s15
 374 01da 17EE903A 		vmov	r3, s15	@ int
 375 01de 1BB2     		sxth	r3, r3
 376 01e0 0C21     		movs	r1, #12
ARM GAS  C:\Users\23671\AppData\Local\Temp\ccprVgC5.s 			page 9


 377 01e2 1846     		mov	r0, r3
 378 01e4 FFF7FEFF 		bl	DJIMotor_set
  71:User/Software/Shoot.c **** 	SHOOTMotor_set(pid_cal(&shoot_R_speed_pid, SHOOTMotor_get_data(ShootMotor_R).speed_rpm, -shoot_spe
 379              		.loc 1 71 45
 380 01e8 07F58C73 		add	r3, r7, #280
 381 01ec 0E21     		movs	r1, #14
 382 01ee 1846     		mov	r0, r3
 383 01f0 FFF7FEFF 		bl	DJIMotor_get_data
 384              		.loc 1 71 78 discriminator 1
 385 01f4 B7F91E31 		ldrsh	r3, [r7, #286]
 386              		.loc 1 71 17 discriminator 1
 387 01f8 07EE903A 		vmov	s15, r3	@ int
 388 01fc F8EEE77A 		vcvt.f32.s32	s15, s15
 389              		.loc 1 71 90 discriminator 1
 390 0200 144B     		ldr	r3, .L13+4
 391 0202 B3F90030 		ldrsh	r3, [r3]
 392 0206 5B42     		rsbs	r3, r3, #0
 393              		.loc 1 71 17 discriminator 1
 394 0208 07EE103A 		vmov	s14, r3	@ int
 395 020c B8EEC77A 		vcvt.f32.s32	s14, s14
 396 0210 F0EE470A 		vmov.f32	s1, s14
 397 0214 B0EE670A 		vmov.f32	s0, s15
 398 0218 1348     		ldr	r0, .L13+24
 399 021a FFF7FEFF 		bl	pid_cal
 400 021e F0EE407A 		vmov.f32	s15, s0
 401              		.loc 1 71 2 discriminator 2
 402 0222 FDEEE77A 		vcvt.s32.f32	s15, s15
 403 0226 17EE903A 		vmov	r3, s15	@ int
 404 022a 1BB2     		sxth	r3, r3
 405 022c 0E21     		movs	r1, #14
 406 022e 1846     		mov	r0, r3
 407 0230 FFF7FEFF 		bl	DJIMotor_set
  72:User/Software/Shoot.c **** 
  73:User/Software/Shoot.c **** 	if (pre_shoot_mode != CLOSE)
 408              		.loc 1 73 21
 409 0234 084B     		ldr	r3, .L13+8
 410 0236 1B78     		ldrb	r3, [r3]	@ zero_extendqisi2
 411              		.loc 1 73 5
 412 0238 002B     		cmp	r3, #0
 413 023a 04D0     		beq	.L12
  74:User/Software/Shoot.c **** 		pre_shoot_mode = Global.Shoot.shoot_mode;
 414              		.loc 1 74 32
 415 023c 044B     		ldr	r3, .L13
 416 023e 93F82120 		ldrb	r2, [r3, #33]	@ zero_extendqisi2
 417              		.loc 1 74 18
 418 0242 054B     		ldr	r3, .L13+8
 419 0244 1A70     		strb	r2, [r3]
 420              	.L12:
  75:User/Software/Shoot.c **** }
 421              		.loc 1 75 1
 422 0246 00BF     		nop
 423 0248 07F5A877 		add	r7, r7, #336
 424              	.LCFI5:
 425              		.cfi_def_cfa_offset 8
 426 024c BD46     		mov	sp, r7
 427              	.LCFI6:
 428              		.cfi_def_cfa_register 13
ARM GAS  C:\Users\23671\AppData\Local\Temp\ccprVgC5.s 			page 10


 429              		@ sp needed
 430 024e 80BD     		pop	{r7, pc}
 431              	.L14:
 432              		.align	2
 433              	.L13:
 434 0250 00000000 		.word	Global
 435 0254 00000000 		.word	shoot_speed
 436 0258 00000000 		.word	pre_shoot_mode.1
 437 025c 00000000 		.word	0
 438 0260 00008046 		.word	1182793728
 439 0264 00000000 		.word	shoot_L_speed_pid
 440 0268 00000000 		.word	shoot_R_speed_pid
 441              		.cfi_endproc
 442              	.LFE148:
 444              		.section	.text.Trigger_control,"ax",%progbits
 445              		.align	1
 446              		.global	Trigger_control
 447              		.syntax unified
 448              		.thumb
 449              		.thumb_func
 451              	Trigger_control:
 452              	.LFB149:
  76:User/Software/Shoot.c **** 
  77:User/Software/Shoot.c **** /**
  78:User/Software/Shoot.c ****  * @brief 拨弹电机控制
  79:User/Software/Shoot.c ****  *
  80:User/Software/Shoot.c ****  */
  81:User/Software/Shoot.c **** void Trigger_control(void)
  82:User/Software/Shoot.c **** {
 453              		.loc 1 82 1
 454              		.cfi_startproc
 455              		@ args = 0, pretend = 0, frame = 120
 456              		@ frame_needed = 1, uses_anonymous_args = 0
 457 0000 80B5     		push	{r7, lr}
 458              	.LCFI7:
 459              		.cfi_def_cfa_offset 8
 460              		.cfi_offset 7, -8
 461              		.cfi_offset 14, -4
 462 0002 9EB0     		sub	sp, sp, #120
 463              	.LCFI8:
 464              		.cfi_def_cfa_offset 128
 465 0004 00AF     		add	r7, sp, #0
 466              	.LCFI9:
 467              		.cfi_def_cfa_register 7
  83:User/Software/Shoot.c **** 	static int trigger_kill_cnt; // 卡弹回退次数
  84:User/Software/Shoot.c **** 	float trigger_speed;
  85:User/Software/Shoot.c **** 	/*根据模式选择速度*/
  86:User/Software/Shoot.c **** 	switch (Global.Shoot.tigger_mode)
 468              		.loc 1 86 22
 469 0006 4E4B     		ldr	r3, .L32
 470 0008 93F82030 		ldrb	r3, [r3, #32]	@ zero_extendqisi2
 471              		.loc 1 86 2
 472 000c 052B     		cmp	r3, #5
 473 000e 1FD8     		bhi	.L16
 474 0010 01A2     		adr	r2, .L18
 475 0012 52F823F0 		ldr	pc, [r2, r3, lsl #2]
 476 0016 00BF     		.p2align 2
ARM GAS  C:\Users\23671\AppData\Local\Temp\ccprVgC5.s 			page 11


 477              	.L18:
 478 0018 31000000 		.word	.L23+1
 479 001c 39000000 		.word	.L22+1
 480 0020 3F000000 		.word	.L21+1
 481 0024 45000000 		.word	.L20+1
 482 0028 51000000 		.word	.L16+1
 483 002c 4B000000 		.word	.L17+1
 484              		.p2align 1
 485              	.L23:
  87:User/Software/Shoot.c **** 	{
  88:User/Software/Shoot.c **** 	case TRIGGER_CLOSE:
  89:User/Software/Shoot.c **** 		trigger_speed = TRIGGER_SPEED_CLOSE;
 486              		.loc 1 89 17
 487 0030 4FF00003 		mov	r3, #0
 488 0034 7B67     		str	r3, [r7, #116]	@ float
  90:User/Software/Shoot.c **** 		break;
 489              		.loc 1 90 3
 490 0036 0BE0     		b	.L16
 491              	.L22:
  91:User/Software/Shoot.c **** 	case HIGH:
  92:User/Software/Shoot.c **** 		trigger_speed = TRIGGER_SPEED_HIGH;
 492              		.loc 1 92 17
 493 0038 424B     		ldr	r3, .L32+4
 494 003a 7B67     		str	r3, [r7, #116]	@ float
  93:User/Software/Shoot.c **** 		break;
 495              		.loc 1 93 3
 496 003c 08E0     		b	.L16
 497              	.L21:
  94:User/Software/Shoot.c **** 	case MID:
  95:User/Software/Shoot.c **** 		trigger_speed = TRIGGER_SPEED_HIGH;
 498              		.loc 1 95 17
 499 003e 414B     		ldr	r3, .L32+4
 500 0040 7B67     		str	r3, [r7, #116]	@ float
  96:User/Software/Shoot.c **** 		break;
 501              		.loc 1 96 3
 502 0042 05E0     		b	.L16
 503              	.L20:
  97:User/Software/Shoot.c **** 	case LOW:
  98:User/Software/Shoot.c **** 		trigger_speed = TRIGGER_SPEED_HIGH;
 504              		.loc 1 98 17
 505 0044 3F4B     		ldr	r3, .L32+4
 506 0046 7B67     		str	r3, [r7, #116]	@ float
  99:User/Software/Shoot.c **** 		break;
 507              		.loc 1 99 3
 508 0048 02E0     		b	.L16
 509              	.L17:
 100:User/Software/Shoot.c **** 	case DEBUG_TRIGGER:
 101:User/Software/Shoot.c **** 		trigger_speed = TRIGGER_SPEED_HIGH;
 510              		.loc 1 101 17
 511 004a 3E4B     		ldr	r3, .L32+4
 512 004c 7B67     		str	r3, [r7, #116]	@ float
 102:User/Software/Shoot.c **** 		break;
 513              		.loc 1 102 3
 514 004e 00BF     		nop
 515              	.L16:
 103:User/Software/Shoot.c **** 	case SINGLE:
 104:User/Software/Shoot.c **** 		break;
ARM GAS  C:\Users\23671\AppData\Local\Temp\ccprVgC5.s 			page 12


 105:User/Software/Shoot.c **** 	}
 106:User/Software/Shoot.c **** 	/*热量控制*/
 107:User/Software/Shoot.c **** 	if (Referee_data.Barrel_Heat < (Referee_data.Heat_Limit - 20)) // 180
 516              		.loc 1 107 18
 517 0050 3D4B     		ldr	r3, .L32+8
 518 0052 1B89     		ldrh	r3, [r3, #8]
 519 0054 1A46     		mov	r2, r3
 520              		.loc 1 107 46
 521 0056 3C4B     		ldr	r3, .L32+8
 522 0058 9B89     		ldrh	r3, [r3, #12]
 523              		.loc 1 107 58
 524 005a 143B     		subs	r3, r3, #20
 525              		.loc 1 107 5
 526 005c 9A42     		cmp	r2, r3
 527 005e 31DA     		bge	.L24
 108:User/Software/Shoot.c **** 	{
 109:User/Software/Shoot.c **** 		if (Referee_data.Barrel_Heat < (Referee_data.Heat_Limit - 100)) // 100
 528              		.loc 1 109 19
 529 0060 394B     		ldr	r3, .L32+8
 530 0062 1B89     		ldrh	r3, [r3, #8]
 531 0064 1A46     		mov	r2, r3
 532              		.loc 1 109 47
 533 0066 384B     		ldr	r3, .L32+8
 534 0068 9B89     		ldrh	r3, [r3, #12]
 535              		.loc 1 109 59
 536 006a 643B     		subs	r3, r3, #100
 537              		.loc 1 109 6
 538 006c 9A42     		cmp	r2, r3
 539 006e 08DA     		bge	.L25
 110:User/Software/Shoot.c **** 			trigger_speed = trigger_speed / 1.2f;
 540              		.loc 1 110 18
 541 0070 97ED1D7A 		vldr.32	s14, [r7, #116]
 542 0074 DFED356A 		vldr.32	s13, .L32+12
 543 0078 C7EE267A 		vdiv.f32	s15, s14, s13
 544 007c C7ED1D7A 		vstr.32	s15, [r7, #116]
 545 0080 23E0     		b	.L28
 546              	.L25:
 111:User/Software/Shoot.c **** 		else if ((Referee_data.Barrel_Heat > (Referee_data.Heat_Limit - 100)) && (Referee_data.Barrel_Hea
 547              		.loc 1 111 53
 548 0082 314B     		ldr	r3, .L32+8
 549 0084 9B89     		ldrh	r3, [r3, #12]
 550              		.loc 1 111 38
 551 0086 633B     		subs	r3, r3, #99
 552              		.loc 1 111 25
 553 0088 2F4A     		ldr	r2, .L32+8
 554 008a 1289     		ldrh	r2, [r2, #8]
 555              		.loc 1 111 11
 556 008c 9342     		cmp	r3, r2
 557 008e 10DC     		bgt	.L27
 558              		.loc 1 111 89 discriminator 1
 559 0090 2D4B     		ldr	r3, .L32+8
 560 0092 1B89     		ldrh	r3, [r3, #8]
 561 0094 1A46     		mov	r2, r3
 562              		.loc 1 111 117 discriminator 1
 563 0096 2C4B     		ldr	r3, .L32+8
 564 0098 9B89     		ldrh	r3, [r3, #12]
 565              		.loc 1 111 129 discriminator 1
ARM GAS  C:\Users\23671\AppData\Local\Temp\ccprVgC5.s 			page 13


 566 009a 5A3B     		subs	r3, r3, #90
 567              		.loc 1 111 73 discriminator 1
 568 009c 9A42     		cmp	r2, r3
 569 009e 08DA     		bge	.L27
 112:User/Software/Shoot.c **** 			trigger_speed = trigger_speed / 2.0f;
 570              		.loc 1 112 18
 571 00a0 97ED1D7A 		vldr.32	s14, [r7, #116]
 572 00a4 F0EE006A 		vmov.f32	s13, #2.0e+0
 573 00a8 C7EE267A 		vdiv.f32	s15, s14, s13
 574 00ac C7ED1D7A 		vstr.32	s15, [r7, #116]
 575 00b0 0BE0     		b	.L28
 576              	.L27:
 113:User/Software/Shoot.c **** 		else
 114:User/Software/Shoot.c **** 			trigger_speed = trigger_speed / 3.0f; // 150-180
 577              		.loc 1 114 18
 578 00b2 97ED1D7A 		vldr.32	s14, [r7, #116]
 579 00b6 F0EE086A 		vmov.f32	s13, #3.0e+0
 580 00ba C7EE267A 		vdiv.f32	s15, s14, s13
 581 00be C7ED1D7A 		vstr.32	s15, [r7, #116]
 582 00c2 02E0     		b	.L28
 583              	.L24:
 115:User/Software/Shoot.c **** 	}
 116:User/Software/Shoot.c **** 	else
 117:User/Software/Shoot.c **** 		trigger_speed = TRIGGER_SPEED_CLOSE;
 584              		.loc 1 117 17
 585 00c4 4FF00003 		mov	r3, #0
 586 00c8 7B67     		str	r3, [r7, #116]	@ float
 587              	.L28:
 118:User/Software/Shoot.c **** 	/*卡弹处理*/
 119:User/Software/Shoot.c **** 	if (TriggerMotor_get_data(TRIGGER_MOTOR).given_current > 10000)
 588              		.loc 1 119 6
 589 00ca 3B46     		mov	r3, r7
 590 00cc 1121     		movs	r1, #17
 591 00ce 1846     		mov	r0, r3
 592 00d0 FFF7FEFF 		bl	DJIMotor_get_data
 593              		.loc 1 119 42 discriminator 1
 594 00d4 B7F90830 		ldrsh	r3, [r7, #8]
 595              		.loc 1 119 5 discriminator 1
 596 00d8 42F21072 		movw	r2, #10000
 597 00dc 9342     		cmp	r3, r2
 598 00de 02DD     		ble	.L29
 120:User/Software/Shoot.c **** 		trigger_kill_cnt = 50; // 更改此值可以改变回退幅度
 599              		.loc 1 120 20
 600 00e0 1B4B     		ldr	r3, .L32+16
 601 00e2 3222     		movs	r2, #50
 602 00e4 1A60     		str	r2, [r3]
 603              	.L29:
 121:User/Software/Shoot.c **** 	if (trigger_kill_cnt > 1)
 604              		.loc 1 121 23
 605 00e6 1A4B     		ldr	r3, .L32+16
 606 00e8 1B68     		ldr	r3, [r3]
 607              		.loc 1 121 5
 608 00ea 012B     		cmp	r3, #1
 609 00ec 06DD     		ble	.L30
 122:User/Software/Shoot.c **** 	{
 123:User/Software/Shoot.c **** 		trigger_speed = -10000.0f;
 610              		.loc 1 123 17
ARM GAS  C:\Users\23671\AppData\Local\Temp\ccprVgC5.s 			page 14


 611 00ee 194B     		ldr	r3, .L32+20
 612 00f0 7B67     		str	r3, [r7, #116]	@ float
 124:User/Software/Shoot.c **** 		trigger_kill_cnt--;
 613              		.loc 1 124 19
 614 00f2 174B     		ldr	r3, .L32+16
 615 00f4 1B68     		ldr	r3, [r3]
 616 00f6 013B     		subs	r3, r3, #1
 617 00f8 154A     		ldr	r2, .L32+16
 618 00fa 1360     		str	r3, [r2]
 619              	.L30:
 125:User/Software/Shoot.c **** 	}
 126:User/Software/Shoot.c **** 
 127:User/Software/Shoot.c **** 	TriggerMotor_set(pid_cal(&trigger_speed_pid, TriggerMotor_get_data(TRIGGER_MOTOR).speed_rpm, trigg
 620              		.loc 1 127 47
 621 00fc 07F13803 		add	r3, r7, #56
 622 0100 1121     		movs	r1, #17
 623 0102 1846     		mov	r0, r3
 624 0104 FFF7FEFF 		bl	DJIMotor_get_data
 625              		.loc 1 127 83 discriminator 1
 626 0108 B7F93E30 		ldrsh	r3, [r7, #62]
 627              		.loc 1 127 19 discriminator 1
 628 010c 07EE903A 		vmov	s15, r3	@ int
 629 0110 F8EEE77A 		vcvt.f32.s32	s15, s15
 630 0114 D7ED1D0A 		vldr.32	s1, [r7, #116]
 631 0118 B0EE670A 		vmov.f32	s0, s15
 632 011c 0E48     		ldr	r0, .L32+24
 633 011e FFF7FEFF 		bl	pid_cal
 634 0122 F0EE407A 		vmov.f32	s15, s0
 635              		.loc 1 127 2 discriminator 2
 636 0126 FDEEE77A 		vcvt.s32.f32	s15, s15
 637 012a 17EE903A 		vmov	r3, s15	@ int
 638 012e 1BB2     		sxth	r3, r3
 639 0130 1121     		movs	r1, #17
 640 0132 1846     		mov	r0, r3
 641 0134 FFF7FEFF 		bl	DJIMotor_set
 128:User/Software/Shoot.c **** }
 642              		.loc 1 128 1
 643 0138 00BF     		nop
 644 013a 7837     		adds	r7, r7, #120
 645              	.LCFI10:
 646              		.cfi_def_cfa_offset 8
 647 013c BD46     		mov	sp, r7
 648              	.LCFI11:
 649              		.cfi_def_cfa_register 13
 650              		@ sp needed
 651 013e 80BD     		pop	{r7, pc}
 652              	.L33:
 653              		.align	2
 654              	.L32:
 655 0140 00000000 		.word	Global
 656 0144 00007A44 		.word	1148846080
 657 0148 00000000 		.word	Referee_data
 658 014c 9A99993F 		.word	1067030938
 659 0150 00000000 		.word	trigger_kill_cnt.0
 660 0154 00401CC6 		.word	-971227136
 661 0158 00000000 		.word	trigger_speed_pid
 662              		.cfi_endproc
ARM GAS  C:\Users\23671\AppData\Local\Temp\ccprVgC5.s 			page 15


 663              	.LFE149:
 665              		.section	.text.Shoot_task,"ax",%progbits
 666              		.align	1
 667              		.global	Shoot_task
 668              		.syntax unified
 669              		.thumb
 670              		.thumb_func
 672              	Shoot_task:
 673              	.LFB150:
 129:User/Software/Shoot.c **** 
 130:User/Software/Shoot.c **** /**
 131:User/Software/Shoot.c ****  * @brief 发射机构任务
 132:User/Software/Shoot.c ****  *
 133:User/Software/Shoot.c ****  */
 134:User/Software/Shoot.c **** void Shoot_task(void)
 135:User/Software/Shoot.c **** {
 674              		.loc 1 135 1
 675              		.cfi_startproc
 676              		@ args = 0, pretend = 0, frame = 0
 677              		@ frame_needed = 1, uses_anonymous_args = 0
 678 0000 80B5     		push	{r7, lr}
 679              	.LCFI12:
 680              		.cfi_def_cfa_offset 8
 681              		.cfi_offset 7, -8
 682              		.cfi_offset 14, -4
 683 0002 00AF     		add	r7, sp, #0
 684              	.LCFI13:
 685              		.cfi_def_cfa_register 7
 136:User/Software/Shoot.c **** 	/*摩擦轮控制*/
 137:User/Software/Shoot.c **** 	Shoot_control();
 686              		.loc 1 137 2
 687 0004 FFF7FEFF 		bl	Shoot_control
 138:User/Software/Shoot.c **** 	/*拨弹电机控制*/
 139:User/Software/Shoot.c **** 	Trigger_control();
 688              		.loc 1 139 2
 689 0008 FFF7FEFF 		bl	Trigger_control
 140:User/Software/Shoot.c **** }...
 690              		.loc 1 140 1
 691 000c 00BF     		nop
 692 000e 80BD     		pop	{r7, pc}
 693              		.cfi_endproc
 694              	.LFE150:
 696              		.section	.bss.pre_shoot_mode.1,"aw",%nobits
 699              	pre_shoot_mode.1:
 700 0000 00       		.space	1
 701              		.section	.bss.trigger_kill_cnt.0,"aw",%nobits
 702              		.align	2
 705              	trigger_kill_cnt.0:
 706 0000 00000000 		.space	4
 707              		.text
 708              	.Letext0:
 709              		.file 2 "D:/MSYS2/mingw64/arm-none-eabi/include/machine/_default_types.h"
 710              		.file 3 "D:/MSYS2/mingw64/arm-none-eabi/include/sys/_stdint.h"
 711              		.file 4 "User/Hardware/motor.h"
 712              		.file 5 "User/Software/Shoot.h"
 713              		.file 6 "User/Software/Global_status.h"
 714              		.file 7 "Algorithm/pid.h"
ARM GAS  C:\Users\23671\AppData\Local\Temp\ccprVgC5.s 			page 16


 715              		.file 8 "User/Hardware/referee_system.h"
 716              		.file 9 "User/Software/Gimbal.h"
ARM GAS  C:\Users\23671\AppData\Local\Temp\ccprVgC5.s 			page 17


DEFINED SYMBOLS
                            *ABS*:00000000 Shoot.c
C:\Users\23671\AppData\Local\Temp\ccprVgC5.s:24     .bss.shoot_speed:00000000 shoot_speed
C:\Users\23671\AppData\Local\Temp\ccprVgC5.s:21     .bss.shoot_speed:00000000 $d
C:\Users\23671\AppData\Local\Temp\ccprVgC5.s:31     .bss.trigger_speed_pid:00000000 trigger_speed_pid
C:\Users\23671\AppData\Local\Temp\ccprVgC5.s:28     .bss.trigger_speed_pid:00000000 $d
C:\Users\23671\AppData\Local\Temp\ccprVgC5.s:38     .bss.trigger_location_pid:00000000 trigger_location_pid
C:\Users\23671\AppData\Local\Temp\ccprVgC5.s:35     .bss.trigger_location_pid:00000000 $d
C:\Users\23671\AppData\Local\Temp\ccprVgC5.s:45     .bss.shoot_L_speed_pid:00000000 shoot_L_speed_pid
C:\Users\23671\AppData\Local\Temp\ccprVgC5.s:42     .bss.shoot_L_speed_pid:00000000 $d
C:\Users\23671\AppData\Local\Temp\ccprVgC5.s:52     .bss.shoot_R_speed_pid:00000000 shoot_R_speed_pid
C:\Users\23671\AppData\Local\Temp\ccprVgC5.s:49     .bss.shoot_R_speed_pid:00000000 $d
C:\Users\23671\AppData\Local\Temp\ccprVgC5.s:55     .text.Shoot_init:00000000 $t
C:\Users\23671\AppData\Local\Temp\ccprVgC5.s:61     .text.Shoot_init:00000000 Shoot_init
C:\Users\23671\AppData\Local\Temp\ccprVgC5.s:125    .text.Shoot_init:00000088 $d
C:\Users\23671\AppData\Local\Temp\ccprVgC5.s:135    .text.Shoot_control:00000000 $t
C:\Users\23671\AppData\Local\Temp\ccprVgC5.s:141    .text.Shoot_control:00000000 Shoot_control
C:\Users\23671\AppData\Local\Temp\ccprVgC5.s:434    .text.Shoot_control:00000250 $d
C:\Users\23671\AppData\Local\Temp\ccprVgC5.s:699    .bss.pre_shoot_mode.1:00000000 pre_shoot_mode.1
C:\Users\23671\AppData\Local\Temp\ccprVgC5.s:445    .text.Trigger_control:00000000 $t
C:\Users\23671\AppData\Local\Temp\ccprVgC5.s:451    .text.Trigger_control:00000000 Trigger_control
C:\Users\23671\AppData\Local\Temp\ccprVgC5.s:478    .text.Trigger_control:00000018 $d
C:\Users\23671\AppData\Local\Temp\ccprVgC5.s:484    .text.Trigger_control:00000030 $t
C:\Users\23671\AppData\Local\Temp\ccprVgC5.s:655    .text.Trigger_control:00000140 $d
C:\Users\23671\AppData\Local\Temp\ccprVgC5.s:705    .bss.trigger_kill_cnt.0:00000000 trigger_kill_cnt.0
C:\Users\23671\AppData\Local\Temp\ccprVgC5.s:666    .text.Shoot_task:00000000 $t
C:\Users\23671\AppData\Local\Temp\ccprVgC5.s:672    .text.Shoot_task:00000000 Shoot_task
C:\Users\23671\AppData\Local\Temp\ccprVgC5.s:700    .bss.pre_shoot_mode.1:00000000 $d
C:\Users\23671\AppData\Local\Temp\ccprVgC5.s:702    .bss.trigger_kill_cnt.0:00000000 $d

UNDEFINED SYMBOLS
DJIMotor_init
pid_set
DJIMotor_get_data
pid_cal
DJIMotor_set
Global
Referee_data
