ARM GAS  C:\Users\fffff\AppData\Local\Temp\ccxENzOF.s 			page 1


   1              		.cpu cortex-m7
   2              		.arch armv7e-m
   3              		.fpu fpv5-d16
   4              		.eabi_attribute 28, 1
   5              		.eabi_attribute 20, 1
   6              		.eabi_attribute 21, 1
   7              		.eabi_attribute 23, 3
   8              		.eabi_attribute 24, 1
   9              		.eabi_attribute 25, 1
  10              		.eabi_attribute 26, 1
  11              		.eabi_attribute 30, 6
  12              		.eabi_attribute 34, 1
  13              		.eabi_attribute 18, 4
  14              		.file	"tim.c"
  15              		.text
  16              	.Ltext0:
  17              		.cfi_sections	.debug_frame
  18              		.file 1 "Core/Src/tim.c"
  19              		.global	htim1
  20              		.section	.bss.htim1,"aw",%nobits
  21              		.align	2
  24              	htim1:
  25 0000 00000000 		.space	76
  25      00000000 
  25      00000000 
  25      00000000 
  25      00000000 
  26              		.global	htim3
  27              		.section	.bss.htim3,"aw",%nobits
  28              		.align	2
  31              	htim3:
  32 0000 00000000 		.space	76
  32      00000000 
  32      00000000 
  32      00000000 
  32      00000000 
  33              		.global	htim12
  34              		.section	.bss.htim12,"aw",%nobits
  35              		.align	2
  38              	htim12:
  39 0000 00000000 		.space	76
  39      00000000 
  39      00000000 
  39      00000000 
  39      00000000 
  40              		.global	htim13
  41              		.section	.bss.htim13,"aw",%nobits
  42              		.align	2
  45              	htim13:
  46 0000 00000000 		.space	76
  46      00000000 
  46      00000000 
  46      00000000 
  46      00000000 
  47              		.global	htim14
  48              		.section	.bss.htim14,"aw",%nobits
  49              		.align	2
ARM GAS  C:\Users\fffff\AppData\Local\Temp\ccxENzOF.s 			page 2


  52              	htim14:
  53 0000 00000000 		.space	76
  53      00000000 
  53      00000000 
  53      00000000 
  53      00000000 
  54              		.section	.text.MX_TIM1_Init,"ax",%progbits
  55              		.align	1
  56              		.global	MX_TIM1_Init
  57              		.syntax unified
  58              		.thumb
  59              		.thumb_func
  61              	MX_TIM1_Init:
  62              	.LFB144:
   1:Core/Src/tim.c **** /* USER CODE BEGIN Header */
   2:Core/Src/tim.c **** /**
   3:Core/Src/tim.c ****   ******************************************************************************
   4:Core/Src/tim.c ****   * @file    tim.c
   5:Core/Src/tim.c ****   * @brief   This file provides code for the configuration
   6:Core/Src/tim.c ****   *          of the TIM instances.
   7:Core/Src/tim.c ****   ******************************************************************************
   8:Core/Src/tim.c ****   * @attention
   9:Core/Src/tim.c ****   *
  10:Core/Src/tim.c ****   * Copyright (c) 2024 STMicroelectronics.
  11:Core/Src/tim.c ****   * All rights reserved.
  12:Core/Src/tim.c ****   *
  13:Core/Src/tim.c ****   * This software is licensed under terms that can be found in the LICENSE file
  14:Core/Src/tim.c ****   * in the root directory of this software component.
  15:Core/Src/tim.c ****   * If no LICENSE file comes with this software, it is provided AS-IS.
  16:Core/Src/tim.c ****   *
  17:Core/Src/tim.c ****   ******************************************************************************
  18:Core/Src/tim.c ****   */
  19:Core/Src/tim.c **** /* USER CODE END Header */
  20:Core/Src/tim.c **** /* Includes ------------------------------------------------------------------*/
  21:Core/Src/tim.c **** #include "tim.h"
  22:Core/Src/tim.c **** 
  23:Core/Src/tim.c **** /* USER CODE BEGIN 0 */
  24:Core/Src/tim.c **** 
  25:Core/Src/tim.c **** /* USER CODE END 0 */
  26:Core/Src/tim.c **** 
  27:Core/Src/tim.c **** TIM_HandleTypeDef htim1;
  28:Core/Src/tim.c **** TIM_HandleTypeDef htim3;
  29:Core/Src/tim.c **** TIM_HandleTypeDef htim12;
  30:Core/Src/tim.c **** TIM_HandleTypeDef htim13;
  31:Core/Src/tim.c **** TIM_HandleTypeDef htim14;
  32:Core/Src/tim.c **** 
  33:Core/Src/tim.c **** /* TIM1 init function */
  34:Core/Src/tim.c **** void MX_TIM1_Init(void)
  35:Core/Src/tim.c **** {
  63              		.loc 1 35 1
  64              		.cfi_startproc
  65              		@ args = 0, pretend = 0, frame = 96
  66              		@ frame_needed = 1, uses_anonymous_args = 0
  67 0000 80B5     		push	{r7, lr}
  68              	.LCFI0:
  69              		.cfi_def_cfa_offset 8
  70              		.cfi_offset 7, -8
ARM GAS  C:\Users\fffff\AppData\Local\Temp\ccxENzOF.s 			page 3


  71              		.cfi_offset 14, -4
  72 0002 98B0     		sub	sp, sp, #96
  73              	.LCFI1:
  74              		.cfi_def_cfa_offset 104
  75 0004 00AF     		add	r7, sp, #0
  76              	.LCFI2:
  77              		.cfi_def_cfa_register 7
  36:Core/Src/tim.c **** 
  37:Core/Src/tim.c ****   /* USER CODE BEGIN TIM1_Init 0 */
  38:Core/Src/tim.c **** 
  39:Core/Src/tim.c ****   /* USER CODE END TIM1_Init 0 */
  40:Core/Src/tim.c **** 
  41:Core/Src/tim.c ****   TIM_MasterConfigTypeDef sMasterConfig = {0};
  78              		.loc 1 41 27
  79 0006 07F15403 		add	r3, r7, #84
  80 000a 0022     		movs	r2, #0
  81 000c 1A60     		str	r2, [r3]
  82 000e 5A60     		str	r2, [r3, #4]
  83 0010 9A60     		str	r2, [r3, #8]
  42:Core/Src/tim.c ****   TIM_OC_InitTypeDef sConfigOC = {0};
  84              		.loc 1 42 22
  85 0012 07F13803 		add	r3, r7, #56
  86 0016 0022     		movs	r2, #0
  87 0018 1A60     		str	r2, [r3]
  88 001a 5A60     		str	r2, [r3, #4]
  89 001c 9A60     		str	r2, [r3, #8]
  90 001e DA60     		str	r2, [r3, #12]
  91 0020 1A61     		str	r2, [r3, #16]
  92 0022 5A61     		str	r2, [r3, #20]
  93 0024 9A61     		str	r2, [r3, #24]
  43:Core/Src/tim.c ****   TIM_BreakDeadTimeConfigTypeDef sBreakDeadTimeConfig = {0};
  94              		.loc 1 43 34
  95 0026 3B1D     		adds	r3, r7, #4
  96 0028 3422     		movs	r2, #52
  97 002a 0021     		movs	r1, #0
  98 002c 1846     		mov	r0, r3
  99 002e FFF7FEFF 		bl	memset
  44:Core/Src/tim.c **** 
  45:Core/Src/tim.c ****   /* USER CODE BEGIN TIM1_Init 1 */
  46:Core/Src/tim.c **** 
  47:Core/Src/tim.c ****   /* USER CODE END TIM1_Init 1 */
  48:Core/Src/tim.c ****   htim1.Instance = TIM1;
 100              		.loc 1 48 18
 101 0032 404B     		ldr	r3, .L7
 102 0034 404A     		ldr	r2, .L7+4
 103 0036 1A60     		str	r2, [r3]
  49:Core/Src/tim.c ****   htim1.Init.Prescaler = 239;
 104              		.loc 1 49 24
 105 0038 3E4B     		ldr	r3, .L7
 106 003a EF22     		movs	r2, #239
 107 003c 5A60     		str	r2, [r3, #4]
  50:Core/Src/tim.c ****   htim1.Init.CounterMode = TIM_COUNTERMODE_UP;
 108              		.loc 1 50 26
 109 003e 3D4B     		ldr	r3, .L7
 110 0040 0022     		movs	r2, #0
 111 0042 9A60     		str	r2, [r3, #8]
  51:Core/Src/tim.c ****   htim1.Init.Period = 1999;
ARM GAS  C:\Users\fffff\AppData\Local\Temp\ccxENzOF.s 			page 4


 112              		.loc 1 51 21
 113 0044 3B4B     		ldr	r3, .L7
 114 0046 40F2CF72 		movw	r2, #1999
 115 004a DA60     		str	r2, [r3, #12]
  52:Core/Src/tim.c ****   htim1.Init.ClockDivision = TIM_CLOCKDIVISION_DIV1;
 116              		.loc 1 52 28
 117 004c 394B     		ldr	r3, .L7
 118 004e 0022     		movs	r2, #0
 119 0050 1A61     		str	r2, [r3, #16]
  53:Core/Src/tim.c ****   htim1.Init.RepetitionCounter = 0;
 120              		.loc 1 53 32
 121 0052 384B     		ldr	r3, .L7
 122 0054 0022     		movs	r2, #0
 123 0056 5A61     		str	r2, [r3, #20]
  54:Core/Src/tim.c ****   htim1.Init.AutoReloadPreload = TIM_AUTORELOAD_PRELOAD_DISABLE;
 124              		.loc 1 54 32
 125 0058 364B     		ldr	r3, .L7
 126 005a 0022     		movs	r2, #0
 127 005c 9A61     		str	r2, [r3, #24]
  55:Core/Src/tim.c ****   if (HAL_TIM_PWM_Init(&htim1) != HAL_OK)
 128              		.loc 1 55 7
 129 005e 3548     		ldr	r0, .L7
 130 0060 FFF7FEFF 		bl	HAL_TIM_PWM_Init
 131 0064 0346     		mov	r3, r0
 132              		.loc 1 55 6 discriminator 1
 133 0066 002B     		cmp	r3, #0
 134 0068 01D0     		beq	.L2
  56:Core/Src/tim.c ****   {
  57:Core/Src/tim.c ****     Error_Handler();
 135              		.loc 1 57 5
 136 006a FFF7FEFF 		bl	Error_Handler
 137              	.L2:
  58:Core/Src/tim.c ****   }
  59:Core/Src/tim.c ****   sMasterConfig.MasterOutputTrigger = TIM_TRGO_RESET;
 138              		.loc 1 59 37
 139 006e 0023     		movs	r3, #0
 140 0070 7B65     		str	r3, [r7, #84]
  60:Core/Src/tim.c ****   sMasterConfig.MasterOutputTrigger2 = TIM_TRGO2_RESET;
 141              		.loc 1 60 38
 142 0072 0023     		movs	r3, #0
 143 0074 BB65     		str	r3, [r7, #88]
  61:Core/Src/tim.c ****   sMasterConfig.MasterSlaveMode = TIM_MASTERSLAVEMODE_DISABLE;
 144              		.loc 1 61 33
 145 0076 0023     		movs	r3, #0
 146 0078 FB65     		str	r3, [r7, #92]
  62:Core/Src/tim.c ****   if (HAL_TIMEx_MasterConfigSynchronization(&htim1, &sMasterConfig) != HAL_OK)
 147              		.loc 1 62 7
 148 007a 07F15403 		add	r3, r7, #84
 149 007e 1946     		mov	r1, r3
 150 0080 2C48     		ldr	r0, .L7
 151 0082 FFF7FEFF 		bl	HAL_TIMEx_MasterConfigSynchronization
 152 0086 0346     		mov	r3, r0
 153              		.loc 1 62 6 discriminator 1
 154 0088 002B     		cmp	r3, #0
 155 008a 01D0     		beq	.L3
  63:Core/Src/tim.c ****   {
  64:Core/Src/tim.c ****     Error_Handler();
ARM GAS  C:\Users\fffff\AppData\Local\Temp\ccxENzOF.s 			page 5


 156              		.loc 1 64 5
 157 008c FFF7FEFF 		bl	Error_Handler
 158              	.L3:
  65:Core/Src/tim.c ****   }
  66:Core/Src/tim.c ****   sConfigOC.OCMode = TIM_OCMODE_PWM1;
 159              		.loc 1 66 20
 160 0090 6023     		movs	r3, #96
 161 0092 BB63     		str	r3, [r7, #56]
  67:Core/Src/tim.c ****   sConfigOC.Pulse = 2000;
 162              		.loc 1 67 19
 163 0094 4FF4FA63 		mov	r3, #2000
 164 0098 FB63     		str	r3, [r7, #60]
  68:Core/Src/tim.c ****   sConfigOC.OCPolarity = TIM_OCPOLARITY_HIGH;
 165              		.loc 1 68 24
 166 009a 0023     		movs	r3, #0
 167 009c 3B64     		str	r3, [r7, #64]
  69:Core/Src/tim.c ****   sConfigOC.OCNPolarity = TIM_OCNPOLARITY_HIGH;
 168              		.loc 1 69 25
 169 009e 0023     		movs	r3, #0
 170 00a0 7B64     		str	r3, [r7, #68]
  70:Core/Src/tim.c ****   sConfigOC.OCFastMode = TIM_OCFAST_DISABLE;
 171              		.loc 1 70 24
 172 00a2 0023     		movs	r3, #0
 173 00a4 BB64     		str	r3, [r7, #72]
  71:Core/Src/tim.c ****   sConfigOC.OCIdleState = TIM_OCIDLESTATE_RESET;
 174              		.loc 1 71 25
 175 00a6 0023     		movs	r3, #0
 176 00a8 FB64     		str	r3, [r7, #76]
  72:Core/Src/tim.c ****   sConfigOC.OCNIdleState = TIM_OCNIDLESTATE_RESET;
 177              		.loc 1 72 26
 178 00aa 0023     		movs	r3, #0
 179 00ac 3B65     		str	r3, [r7, #80]
  73:Core/Src/tim.c ****   if (HAL_TIM_PWM_ConfigChannel(&htim1, &sConfigOC, TIM_CHANNEL_1) != HAL_OK)
 180              		.loc 1 73 7
 181 00ae 07F13803 		add	r3, r7, #56
 182 00b2 0022     		movs	r2, #0
 183 00b4 1946     		mov	r1, r3
 184 00b6 1F48     		ldr	r0, .L7
 185 00b8 FFF7FEFF 		bl	HAL_TIM_PWM_ConfigChannel
 186 00bc 0346     		mov	r3, r0
 187              		.loc 1 73 6 discriminator 1
 188 00be 002B     		cmp	r3, #0
 189 00c0 01D0     		beq	.L4
  74:Core/Src/tim.c ****   {
  75:Core/Src/tim.c ****     Error_Handler();
 190              		.loc 1 75 5
 191 00c2 FFF7FEFF 		bl	Error_Handler
 192              	.L4:
  76:Core/Src/tim.c ****   }
  77:Core/Src/tim.c ****   sConfigOC.Pulse = 0;
 193              		.loc 1 77 19
 194 00c6 0023     		movs	r3, #0
 195 00c8 FB63     		str	r3, [r7, #60]
  78:Core/Src/tim.c ****   if (HAL_TIM_PWM_ConfigChannel(&htim1, &sConfigOC, TIM_CHANNEL_3) != HAL_OK)
 196              		.loc 1 78 7
 197 00ca 07F13803 		add	r3, r7, #56
 198 00ce 0822     		movs	r2, #8
ARM GAS  C:\Users\fffff\AppData\Local\Temp\ccxENzOF.s 			page 6


 199 00d0 1946     		mov	r1, r3
 200 00d2 1848     		ldr	r0, .L7
 201 00d4 FFF7FEFF 		bl	HAL_TIM_PWM_ConfigChannel
 202 00d8 0346     		mov	r3, r0
 203              		.loc 1 78 6 discriminator 1
 204 00da 002B     		cmp	r3, #0
 205 00dc 01D0     		beq	.L5
  79:Core/Src/tim.c ****   {
  80:Core/Src/tim.c ****     Error_Handler();
 206              		.loc 1 80 5
 207 00de FFF7FEFF 		bl	Error_Handler
 208              	.L5:
  81:Core/Src/tim.c ****   }
  82:Core/Src/tim.c ****   sBreakDeadTimeConfig.OffStateRunMode = TIM_OSSR_DISABLE;
 209              		.loc 1 82 40
 210 00e2 0023     		movs	r3, #0
 211 00e4 7B60     		str	r3, [r7, #4]
  83:Core/Src/tim.c ****   sBreakDeadTimeConfig.OffStateIDLEMode = TIM_OSSI_DISABLE;
 212              		.loc 1 83 41
 213 00e6 0023     		movs	r3, #0
 214 00e8 BB60     		str	r3, [r7, #8]
  84:Core/Src/tim.c ****   sBreakDeadTimeConfig.LockLevel = TIM_LOCKLEVEL_OFF;
 215              		.loc 1 84 34
 216 00ea 0023     		movs	r3, #0
 217 00ec FB60     		str	r3, [r7, #12]
  85:Core/Src/tim.c ****   sBreakDeadTimeConfig.DeadTime = 0;
 218              		.loc 1 85 33
 219 00ee 0023     		movs	r3, #0
 220 00f0 3B61     		str	r3, [r7, #16]
  86:Core/Src/tim.c ****   sBreakDeadTimeConfig.BreakState = TIM_BREAK_DISABLE;
 221              		.loc 1 86 35
 222 00f2 0023     		movs	r3, #0
 223 00f4 7B61     		str	r3, [r7, #20]
  87:Core/Src/tim.c ****   sBreakDeadTimeConfig.BreakPolarity = TIM_BREAKPOLARITY_HIGH;
 224              		.loc 1 87 38
 225 00f6 4FF40053 		mov	r3, #8192
 226 00fa BB61     		str	r3, [r7, #24]
  88:Core/Src/tim.c ****   sBreakDeadTimeConfig.BreakFilter = 0;
 227              		.loc 1 88 36
 228 00fc 0023     		movs	r3, #0
 229 00fe FB61     		str	r3, [r7, #28]
  89:Core/Src/tim.c ****   sBreakDeadTimeConfig.Break2State = TIM_BREAK2_DISABLE;
 230              		.loc 1 89 36
 231 0100 0023     		movs	r3, #0
 232 0102 7B62     		str	r3, [r7, #36]
  90:Core/Src/tim.c ****   sBreakDeadTimeConfig.Break2Polarity = TIM_BREAK2POLARITY_HIGH;
 233              		.loc 1 90 39
 234 0104 4FF00073 		mov	r3, #33554432
 235 0108 BB62     		str	r3, [r7, #40]
  91:Core/Src/tim.c ****   sBreakDeadTimeConfig.Break2Filter = 0;
 236              		.loc 1 91 37
 237 010a 0023     		movs	r3, #0
 238 010c FB62     		str	r3, [r7, #44]
  92:Core/Src/tim.c ****   sBreakDeadTimeConfig.AutomaticOutput = TIM_AUTOMATICOUTPUT_DISABLE;
 239              		.loc 1 92 40
 240 010e 0023     		movs	r3, #0
 241 0110 7B63     		str	r3, [r7, #52]
ARM GAS  C:\Users\fffff\AppData\Local\Temp\ccxENzOF.s 			page 7


  93:Core/Src/tim.c ****   if (HAL_TIMEx_ConfigBreakDeadTime(&htim1, &sBreakDeadTimeConfig) != HAL_OK)
 242              		.loc 1 93 7
 243 0112 3B1D     		adds	r3, r7, #4
 244 0114 1946     		mov	r1, r3
 245 0116 0748     		ldr	r0, .L7
 246 0118 FFF7FEFF 		bl	HAL_TIMEx_ConfigBreakDeadTime
 247 011c 0346     		mov	r3, r0
 248              		.loc 1 93 6 discriminator 1
 249 011e 002B     		cmp	r3, #0
 250 0120 01D0     		beq	.L6
  94:Core/Src/tim.c ****   {
  95:Core/Src/tim.c ****     Error_Handler();
 251              		.loc 1 95 5
 252 0122 FFF7FEFF 		bl	Error_Handler
 253              	.L6:
  96:Core/Src/tim.c ****   }
  97:Core/Src/tim.c ****   /* USER CODE BEGIN TIM1_Init 2 */
  98:Core/Src/tim.c **** 
  99:Core/Src/tim.c ****   /* USER CODE END TIM1_Init 2 */
 100:Core/Src/tim.c ****   HAL_TIM_MspPostInit(&htim1);
 254              		.loc 1 100 3
 255 0126 0348     		ldr	r0, .L7
 256 0128 FFF7FEFF 		bl	HAL_TIM_MspPostInit
 101:Core/Src/tim.c **** 
 102:Core/Src/tim.c **** }
 257              		.loc 1 102 1
 258 012c 00BF     		nop
 259 012e 6037     		adds	r7, r7, #96
 260              	.LCFI3:
 261              		.cfi_def_cfa_offset 8
 262 0130 BD46     		mov	sp, r7
 263              	.LCFI4:
 264              		.cfi_def_cfa_register 13
 265              		@ sp needed
 266 0132 80BD     		pop	{r7, pc}
 267              	.L8:
 268              		.align	2
 269              	.L7:
 270 0134 00000000 		.word	htim1
 271 0138 00000140 		.word	1073807360
 272              		.cfi_endproc
 273              	.LFE144:
 275              		.section	.text.MX_TIM3_Init,"ax",%progbits
 276              		.align	1
 277              		.global	MX_TIM3_Init
 278              		.syntax unified
 279              		.thumb
 280              		.thumb_func
 282              	MX_TIM3_Init:
 283              	.LFB145:
 103:Core/Src/tim.c **** /* TIM3 init function */
 104:Core/Src/tim.c **** void MX_TIM3_Init(void)
 105:Core/Src/tim.c **** {
 284              		.loc 1 105 1
 285              		.cfi_startproc
 286              		@ args = 0, pretend = 0, frame = 40
 287              		@ frame_needed = 1, uses_anonymous_args = 0
ARM GAS  C:\Users\fffff\AppData\Local\Temp\ccxENzOF.s 			page 8


 288 0000 80B5     		push	{r7, lr}
 289              	.LCFI5:
 290              		.cfi_def_cfa_offset 8
 291              		.cfi_offset 7, -8
 292              		.cfi_offset 14, -4
 293 0002 8AB0     		sub	sp, sp, #40
 294              	.LCFI6:
 295              		.cfi_def_cfa_offset 48
 296 0004 00AF     		add	r7, sp, #0
 297              	.LCFI7:
 298              		.cfi_def_cfa_register 7
 106:Core/Src/tim.c **** 
 107:Core/Src/tim.c ****   /* USER CODE BEGIN TIM3_Init 0 */
 108:Core/Src/tim.c **** 
 109:Core/Src/tim.c ****   /* USER CODE END TIM3_Init 0 */
 110:Core/Src/tim.c **** 
 111:Core/Src/tim.c ****   TIM_MasterConfigTypeDef sMasterConfig = {0};
 299              		.loc 1 111 27
 300 0006 07F11C03 		add	r3, r7, #28
 301 000a 0022     		movs	r2, #0
 302 000c 1A60     		str	r2, [r3]
 303 000e 5A60     		str	r2, [r3, #4]
 304 0010 9A60     		str	r2, [r3, #8]
 112:Core/Src/tim.c ****   TIM_OC_InitTypeDef sConfigOC = {0};
 305              		.loc 1 112 22
 306 0012 3B46     		mov	r3, r7
 307 0014 0022     		movs	r2, #0
 308 0016 1A60     		str	r2, [r3]
 309 0018 5A60     		str	r2, [r3, #4]
 310 001a 9A60     		str	r2, [r3, #8]
 311 001c DA60     		str	r2, [r3, #12]
 312 001e 1A61     		str	r2, [r3, #16]
 313 0020 5A61     		str	r2, [r3, #20]
 314 0022 9A61     		str	r2, [r3, #24]
 113:Core/Src/tim.c **** 
 114:Core/Src/tim.c ****   /* USER CODE BEGIN TIM3_Init 1 */
 115:Core/Src/tim.c **** 
 116:Core/Src/tim.c ****   /* USER CODE END TIM3_Init 1 */
 117:Core/Src/tim.c ****   htim3.Instance = TIM3;
 315              		.loc 1 117 18
 316 0024 214B     		ldr	r3, .L13
 317 0026 224A     		ldr	r2, .L13+4
 318 0028 1A60     		str	r2, [r3]
 118:Core/Src/tim.c ****   htim3.Init.Prescaler = 240-1;
 319              		.loc 1 118 24
 320 002a 204B     		ldr	r3, .L13
 321 002c EF22     		movs	r2, #239
 322 002e 5A60     		str	r2, [r3, #4]
 119:Core/Src/tim.c ****   htim3.Init.CounterMode = TIM_COUNTERMODE_UP;
 323              		.loc 1 119 26
 324 0030 1E4B     		ldr	r3, .L13
 325 0032 0022     		movs	r2, #0
 326 0034 9A60     		str	r2, [r3, #8]
 120:Core/Src/tim.c ****   htim3.Init.Period = 20000-1;
 327              		.loc 1 120 21
 328 0036 1D4B     		ldr	r3, .L13
 329 0038 44F61F62 		movw	r2, #19999
ARM GAS  C:\Users\fffff\AppData\Local\Temp\ccxENzOF.s 			page 9


 330 003c DA60     		str	r2, [r3, #12]
 121:Core/Src/tim.c ****   htim3.Init.ClockDivision = TIM_CLOCKDIVISION_DIV1;
 331              		.loc 1 121 28
 332 003e 1B4B     		ldr	r3, .L13
 333 0040 0022     		movs	r2, #0
 334 0042 1A61     		str	r2, [r3, #16]
 122:Core/Src/tim.c ****   htim3.Init.AutoReloadPreload = TIM_AUTORELOAD_PRELOAD_DISABLE;
 335              		.loc 1 122 32
 336 0044 194B     		ldr	r3, .L13
 337 0046 0022     		movs	r2, #0
 338 0048 9A61     		str	r2, [r3, #24]
 123:Core/Src/tim.c ****   if (HAL_TIM_PWM_Init(&htim3) != HAL_OK)
 339              		.loc 1 123 7
 340 004a 1848     		ldr	r0, .L13
 341 004c FFF7FEFF 		bl	HAL_TIM_PWM_Init
 342 0050 0346     		mov	r3, r0
 343              		.loc 1 123 6 discriminator 1
 344 0052 002B     		cmp	r3, #0
 345 0054 01D0     		beq	.L10
 124:Core/Src/tim.c ****   {
 125:Core/Src/tim.c ****     Error_Handler();
 346              		.loc 1 125 5
 347 0056 FFF7FEFF 		bl	Error_Handler
 348              	.L10:
 126:Core/Src/tim.c ****   }
 127:Core/Src/tim.c ****   sMasterConfig.MasterOutputTrigger = TIM_TRGO_RESET;
 349              		.loc 1 127 37
 350 005a 0023     		movs	r3, #0
 351 005c FB61     		str	r3, [r7, #28]
 128:Core/Src/tim.c ****   sMasterConfig.MasterSlaveMode = TIM_MASTERSLAVEMODE_DISABLE;
 352              		.loc 1 128 33
 353 005e 0023     		movs	r3, #0
 354 0060 7B62     		str	r3, [r7, #36]
 129:Core/Src/tim.c ****   if (HAL_TIMEx_MasterConfigSynchronization(&htim3, &sMasterConfig) != HAL_OK)
 355              		.loc 1 129 7
 356 0062 07F11C03 		add	r3, r7, #28
 357 0066 1946     		mov	r1, r3
 358 0068 1048     		ldr	r0, .L13
 359 006a FFF7FEFF 		bl	HAL_TIMEx_MasterConfigSynchronization
 360 006e 0346     		mov	r3, r0
 361              		.loc 1 129 6 discriminator 1
 362 0070 002B     		cmp	r3, #0
 363 0072 01D0     		beq	.L11
 130:Core/Src/tim.c ****   {
 131:Core/Src/tim.c ****     Error_Handler();
 364              		.loc 1 131 5
 365 0074 FFF7FEFF 		bl	Error_Handler
 366              	.L11:
 132:Core/Src/tim.c ****   }
 133:Core/Src/tim.c ****   sConfigOC.OCMode = TIM_OCMODE_PWM1;
 367              		.loc 1 133 20
 368 0078 6023     		movs	r3, #96
 369 007a 3B60     		str	r3, [r7]
 134:Core/Src/tim.c ****   sConfigOC.Pulse = 0;
 370              		.loc 1 134 19
 371 007c 0023     		movs	r3, #0
 372 007e 7B60     		str	r3, [r7, #4]
ARM GAS  C:\Users\fffff\AppData\Local\Temp\ccxENzOF.s 			page 10


 135:Core/Src/tim.c ****   sConfigOC.OCPolarity = TIM_OCPOLARITY_HIGH;
 373              		.loc 1 135 24
 374 0080 0023     		movs	r3, #0
 375 0082 BB60     		str	r3, [r7, #8]
 136:Core/Src/tim.c ****   sConfigOC.OCFastMode = TIM_OCFAST_DISABLE;
 376              		.loc 1 136 24
 377 0084 0023     		movs	r3, #0
 378 0086 3B61     		str	r3, [r7, #16]
 137:Core/Src/tim.c ****   if (HAL_TIM_PWM_ConfigChannel(&htim3, &sConfigOC, TIM_CHANNEL_4) != HAL_OK)
 379              		.loc 1 137 7
 380 0088 3B46     		mov	r3, r7
 381 008a 0C22     		movs	r2, #12
 382 008c 1946     		mov	r1, r3
 383 008e 0748     		ldr	r0, .L13
 384 0090 FFF7FEFF 		bl	HAL_TIM_PWM_ConfigChannel
 385 0094 0346     		mov	r3, r0
 386              		.loc 1 137 6 discriminator 1
 387 0096 002B     		cmp	r3, #0
 388 0098 01D0     		beq	.L12
 138:Core/Src/tim.c ****   {
 139:Core/Src/tim.c ****     Error_Handler();
 389              		.loc 1 139 5
 390 009a FFF7FEFF 		bl	Error_Handler
 391              	.L12:
 140:Core/Src/tim.c ****   }
 141:Core/Src/tim.c ****   /* USER CODE BEGIN TIM3_Init 2 */
 142:Core/Src/tim.c **** 
 143:Core/Src/tim.c ****   /* USER CODE END TIM3_Init 2 */
 144:Core/Src/tim.c ****   HAL_TIM_MspPostInit(&htim3);
 392              		.loc 1 144 3
 393 009e 0348     		ldr	r0, .L13
 394 00a0 FFF7FEFF 		bl	HAL_TIM_MspPostInit
 145:Core/Src/tim.c **** 
 146:Core/Src/tim.c **** }
 395              		.loc 1 146 1
 396 00a4 00BF     		nop
 397 00a6 2837     		adds	r7, r7, #40
 398              	.LCFI8:
 399              		.cfi_def_cfa_offset 8
 400 00a8 BD46     		mov	sp, r7
 401              	.LCFI9:
 402              		.cfi_def_cfa_register 13
 403              		@ sp needed
 404 00aa 80BD     		pop	{r7, pc}
 405              	.L14:
 406              		.align	2
 407              	.L13:
 408 00ac 00000000 		.word	htim3
 409 00b0 00040040 		.word	1073742848
 410              		.cfi_endproc
 411              	.LFE145:
 413              		.section	.text.MX_TIM12_Init,"ax",%progbits
 414              		.align	1
 415              		.global	MX_TIM12_Init
 416              		.syntax unified
 417              		.thumb
 418              		.thumb_func
ARM GAS  C:\Users\fffff\AppData\Local\Temp\ccxENzOF.s 			page 11


 420              	MX_TIM12_Init:
 421              	.LFB146:
 147:Core/Src/tim.c **** /* TIM12 init function */
 148:Core/Src/tim.c **** void MX_TIM12_Init(void)
 149:Core/Src/tim.c **** {
 422              		.loc 1 149 1
 423              		.cfi_startproc
 424              		@ args = 0, pretend = 0, frame = 56
 425              		@ frame_needed = 1, uses_anonymous_args = 0
 426 0000 80B5     		push	{r7, lr}
 427              	.LCFI10:
 428              		.cfi_def_cfa_offset 8
 429              		.cfi_offset 7, -8
 430              		.cfi_offset 14, -4
 431 0002 8EB0     		sub	sp, sp, #56
 432              	.LCFI11:
 433              		.cfi_def_cfa_offset 64
 434 0004 00AF     		add	r7, sp, #0
 435              	.LCFI12:
 436              		.cfi_def_cfa_register 7
 150:Core/Src/tim.c **** 
 151:Core/Src/tim.c ****   /* USER CODE BEGIN TIM12_Init 0 */
 152:Core/Src/tim.c **** 
 153:Core/Src/tim.c ****   /* USER CODE END TIM12_Init 0 */
 154:Core/Src/tim.c **** 
 155:Core/Src/tim.c ****   TIM_ClockConfigTypeDef sClockSourceConfig = {0};
 437              		.loc 1 155 26
 438 0006 07F12803 		add	r3, r7, #40
 439 000a 0022     		movs	r2, #0
 440 000c 1A60     		str	r2, [r3]
 441 000e 5A60     		str	r2, [r3, #4]
 442 0010 9A60     		str	r2, [r3, #8]
 443 0012 DA60     		str	r2, [r3, #12]
 156:Core/Src/tim.c ****   TIM_MasterConfigTypeDef sMasterConfig = {0};
 444              		.loc 1 156 27
 445 0014 07F11C03 		add	r3, r7, #28
 446 0018 0022     		movs	r2, #0
 447 001a 1A60     		str	r2, [r3]
 448 001c 5A60     		str	r2, [r3, #4]
 449 001e 9A60     		str	r2, [r3, #8]
 157:Core/Src/tim.c ****   TIM_OC_InitTypeDef sConfigOC = {0};
 450              		.loc 1 157 22
 451 0020 3B46     		mov	r3, r7
 452 0022 0022     		movs	r2, #0
 453 0024 1A60     		str	r2, [r3]
 454 0026 5A60     		str	r2, [r3, #4]
 455 0028 9A60     		str	r2, [r3, #8]
 456 002a DA60     		str	r2, [r3, #12]
 457 002c 1A61     		str	r2, [r3, #16]
 458 002e 5A61     		str	r2, [r3, #20]
 459 0030 9A61     		str	r2, [r3, #24]
 158:Core/Src/tim.c **** 
 159:Core/Src/tim.c ****   /* USER CODE BEGIN TIM12_Init 1 */
 160:Core/Src/tim.c **** 
 161:Core/Src/tim.c ****   /* USER CODE END TIM12_Init 1 */
 162:Core/Src/tim.c ****   htim12.Instance = TIM12;
 460              		.loc 1 162 19
ARM GAS  C:\Users\fffff\AppData\Local\Temp\ccxENzOF.s 			page 12


 461 0032 2C4B     		ldr	r3, .L21
 462 0034 2C4A     		ldr	r2, .L21+4
 463 0036 1A60     		str	r2, [r3]
 163:Core/Src/tim.c ****   htim12.Init.Prescaler = 240-1;
 464              		.loc 1 163 25
 465 0038 2A4B     		ldr	r3, .L21
 466 003a EF22     		movs	r2, #239
 467 003c 5A60     		str	r2, [r3, #4]
 164:Core/Src/tim.c ****   htim12.Init.CounterMode = TIM_COUNTERMODE_UP;
 468              		.loc 1 164 27
 469 003e 294B     		ldr	r3, .L21
 470 0040 0022     		movs	r2, #0
 471 0042 9A60     		str	r2, [r3, #8]
 165:Core/Src/tim.c ****   htim12.Init.Period = 250-1;
 472              		.loc 1 165 22
 473 0044 274B     		ldr	r3, .L21
 474 0046 F922     		movs	r2, #249
 475 0048 DA60     		str	r2, [r3, #12]
 166:Core/Src/tim.c ****   htim12.Init.ClockDivision = TIM_CLOCKDIVISION_DIV1;
 476              		.loc 1 166 29
 477 004a 264B     		ldr	r3, .L21
 478 004c 0022     		movs	r2, #0
 479 004e 1A61     		str	r2, [r3, #16]
 167:Core/Src/tim.c ****   htim12.Init.AutoReloadPreload = TIM_AUTORELOAD_PRELOAD_DISABLE;
 480              		.loc 1 167 33
 481 0050 244B     		ldr	r3, .L21
 482 0052 0022     		movs	r2, #0
 483 0054 9A61     		str	r2, [r3, #24]
 168:Core/Src/tim.c ****   if (HAL_TIM_Base_Init(&htim12) != HAL_OK)
 484              		.loc 1 168 7
 485 0056 2348     		ldr	r0, .L21
 486 0058 FFF7FEFF 		bl	HAL_TIM_Base_Init
 487 005c 0346     		mov	r3, r0
 488              		.loc 1 168 6 discriminator 1
 489 005e 002B     		cmp	r3, #0
 490 0060 01D0     		beq	.L16
 169:Core/Src/tim.c ****   {
 170:Core/Src/tim.c ****     Error_Handler();
 491              		.loc 1 170 5
 492 0062 FFF7FEFF 		bl	Error_Handler
 493              	.L16:
 171:Core/Src/tim.c ****   }
 172:Core/Src/tim.c ****   sClockSourceConfig.ClockSource = TIM_CLOCKSOURCE_INTERNAL;
 494              		.loc 1 172 34
 495 0066 4FF48053 		mov	r3, #4096
 496 006a BB62     		str	r3, [r7, #40]
 173:Core/Src/tim.c ****   if (HAL_TIM_ConfigClockSource(&htim12, &sClockSourceConfig) != HAL_OK)
 497              		.loc 1 173 7
 498 006c 07F12803 		add	r3, r7, #40
 499 0070 1946     		mov	r1, r3
 500 0072 1C48     		ldr	r0, .L21
 501 0074 FFF7FEFF 		bl	HAL_TIM_ConfigClockSource
 502 0078 0346     		mov	r3, r0
 503              		.loc 1 173 6 discriminator 1
 504 007a 002B     		cmp	r3, #0
 505 007c 01D0     		beq	.L17
 174:Core/Src/tim.c ****   {
ARM GAS  C:\Users\fffff\AppData\Local\Temp\ccxENzOF.s 			page 13


 175:Core/Src/tim.c ****     Error_Handler();
 506              		.loc 1 175 5
 507 007e FFF7FEFF 		bl	Error_Handler
 508              	.L17:
 176:Core/Src/tim.c ****   }
 177:Core/Src/tim.c ****   if (HAL_TIM_PWM_Init(&htim12) != HAL_OK)
 509              		.loc 1 177 7
 510 0082 1848     		ldr	r0, .L21
 511 0084 FFF7FEFF 		bl	HAL_TIM_PWM_Init
 512 0088 0346     		mov	r3, r0
 513              		.loc 1 177 6 discriminator 1
 514 008a 002B     		cmp	r3, #0
 515 008c 01D0     		beq	.L18
 178:Core/Src/tim.c ****   {
 179:Core/Src/tim.c ****     Error_Handler();
 516              		.loc 1 179 5
 517 008e FFF7FEFF 		bl	Error_Handler
 518              	.L18:
 180:Core/Src/tim.c ****   }
 181:Core/Src/tim.c ****   sMasterConfig.MasterOutputTrigger = TIM_TRGO_RESET;
 519              		.loc 1 181 37
 520 0092 0023     		movs	r3, #0
 521 0094 FB61     		str	r3, [r7, #28]
 182:Core/Src/tim.c ****   sMasterConfig.MasterSlaveMode = TIM_MASTERSLAVEMODE_DISABLE;
 522              		.loc 1 182 33
 523 0096 0023     		movs	r3, #0
 524 0098 7B62     		str	r3, [r7, #36]
 183:Core/Src/tim.c ****   if (HAL_TIMEx_MasterConfigSynchronization(&htim12, &sMasterConfig) != HAL_OK)
 525              		.loc 1 183 7
 526 009a 07F11C03 		add	r3, r7, #28
 527 009e 1946     		mov	r1, r3
 528 00a0 1048     		ldr	r0, .L21
 529 00a2 FFF7FEFF 		bl	HAL_TIMEx_MasterConfigSynchronization
 530 00a6 0346     		mov	r3, r0
 531              		.loc 1 183 6 discriminator 1
 532 00a8 002B     		cmp	r3, #0
 533 00aa 01D0     		beq	.L19
 184:Core/Src/tim.c ****   {
 185:Core/Src/tim.c ****     Error_Handler();
 534              		.loc 1 185 5
 535 00ac FFF7FEFF 		bl	Error_Handler
 536              	.L19:
 186:Core/Src/tim.c ****   }
 187:Core/Src/tim.c ****   sConfigOC.OCMode = TIM_OCMODE_PWM1;
 537              		.loc 1 187 20
 538 00b0 6023     		movs	r3, #96
 539 00b2 3B60     		str	r3, [r7]
 188:Core/Src/tim.c ****   sConfigOC.Pulse = 0;
 540              		.loc 1 188 19
 541 00b4 0023     		movs	r3, #0
 542 00b6 7B60     		str	r3, [r7, #4]
 189:Core/Src/tim.c ****   sConfigOC.OCPolarity = TIM_OCPOLARITY_HIGH;
 543              		.loc 1 189 24
 544 00b8 0023     		movs	r3, #0
 545 00ba BB60     		str	r3, [r7, #8]
 190:Core/Src/tim.c ****   sConfigOC.OCFastMode = TIM_OCFAST_DISABLE;
 546              		.loc 1 190 24
ARM GAS  C:\Users\fffff\AppData\Local\Temp\ccxENzOF.s 			page 14


 547 00bc 0023     		movs	r3, #0
 548 00be 3B61     		str	r3, [r7, #16]
 191:Core/Src/tim.c ****   if (HAL_TIM_PWM_ConfigChannel(&htim12, &sConfigOC, TIM_CHANNEL_2) != HAL_OK)
 549              		.loc 1 191 7
 550 00c0 3B46     		mov	r3, r7
 551 00c2 0422     		movs	r2, #4
 552 00c4 1946     		mov	r1, r3
 553 00c6 0748     		ldr	r0, .L21
 554 00c8 FFF7FEFF 		bl	HAL_TIM_PWM_ConfigChannel
 555 00cc 0346     		mov	r3, r0
 556              		.loc 1 191 6 discriminator 1
 557 00ce 002B     		cmp	r3, #0
 558 00d0 01D0     		beq	.L20
 192:Core/Src/tim.c ****   {
 193:Core/Src/tim.c ****     Error_Handler();
 559              		.loc 1 193 5
 560 00d2 FFF7FEFF 		bl	Error_Handler
 561              	.L20:
 194:Core/Src/tim.c ****   }
 195:Core/Src/tim.c ****   /* USER CODE BEGIN TIM12_Init 2 */
 196:Core/Src/tim.c **** 
 197:Core/Src/tim.c ****   /* USER CODE END TIM12_Init 2 */
 198:Core/Src/tim.c ****   HAL_TIM_MspPostInit(&htim12);
 562              		.loc 1 198 3
 563 00d6 0348     		ldr	r0, .L21
 564 00d8 FFF7FEFF 		bl	HAL_TIM_MspPostInit
 199:Core/Src/tim.c **** 
 200:Core/Src/tim.c **** }
 565              		.loc 1 200 1
 566 00dc 00BF     		nop
 567 00de 3837     		adds	r7, r7, #56
 568              	.LCFI13:
 569              		.cfi_def_cfa_offset 8
 570 00e0 BD46     		mov	sp, r7
 571              	.LCFI14:
 572              		.cfi_def_cfa_register 13
 573              		@ sp needed
 574 00e2 80BD     		pop	{r7, pc}
 575              	.L22:
 576              		.align	2
 577              	.L21:
 578 00e4 00000000 		.word	htim12
 579 00e8 00180040 		.word	1073747968
 580              		.cfi_endproc
 581              	.LFE146:
 583              		.section	.text.MX_TIM13_Init,"ax",%progbits
 584              		.align	1
 585              		.global	MX_TIM13_Init
 586              		.syntax unified
 587              		.thumb
 588              		.thumb_func
 590              	MX_TIM13_Init:
 591              	.LFB147:
 201:Core/Src/tim.c **** /* TIM13 init function */
 202:Core/Src/tim.c **** void MX_TIM13_Init(void)
 203:Core/Src/tim.c **** {
 592              		.loc 1 203 1
ARM GAS  C:\Users\fffff\AppData\Local\Temp\ccxENzOF.s 			page 15


 593              		.cfi_startproc
 594              		@ args = 0, pretend = 0, frame = 0
 595              		@ frame_needed = 1, uses_anonymous_args = 0
 596 0000 80B5     		push	{r7, lr}
 597              	.LCFI15:
 598              		.cfi_def_cfa_offset 8
 599              		.cfi_offset 7, -8
 600              		.cfi_offset 14, -4
 601 0002 00AF     		add	r7, sp, #0
 602              	.LCFI16:
 603              		.cfi_def_cfa_register 7
 204:Core/Src/tim.c **** 
 205:Core/Src/tim.c ****   /* USER CODE BEGIN TIM13_Init 0 */
 206:Core/Src/tim.c **** 
 207:Core/Src/tim.c ****   /* USER CODE END TIM13_Init 0 */
 208:Core/Src/tim.c **** 
 209:Core/Src/tim.c ****   /* USER CODE BEGIN TIM13_Init 1 */
 210:Core/Src/tim.c **** 
 211:Core/Src/tim.c ****   /* USER CODE END TIM13_Init 1 */
 212:Core/Src/tim.c ****   htim13.Instance = TIM13;
 604              		.loc 1 212 19
 605 0004 0E4B     		ldr	r3, .L26
 606 0006 0F4A     		ldr	r2, .L26+4
 607 0008 1A60     		str	r2, [r3]
 213:Core/Src/tim.c ****   htim13.Init.Prescaler = 2400-1;
 608              		.loc 1 213 25
 609 000a 0D4B     		ldr	r3, .L26
 610 000c 40F65F12 		movw	r2, #2399
 611 0010 5A60     		str	r2, [r3, #4]
 214:Core/Src/tim.c ****   htim13.Init.CounterMode = TIM_COUNTERMODE_UP;
 612              		.loc 1 214 27
 613 0012 0B4B     		ldr	r3, .L26
 614 0014 0022     		movs	r2, #0
 615 0016 9A60     		str	r2, [r3, #8]
 215:Core/Src/tim.c ****   htim13.Init.Period = 100-1;
 616              		.loc 1 215 22
 617 0018 094B     		ldr	r3, .L26
 618 001a 6322     		movs	r2, #99
 619 001c DA60     		str	r2, [r3, #12]
 216:Core/Src/tim.c ****   htim13.Init.ClockDivision = TIM_CLOCKDIVISION_DIV1;
 620              		.loc 1 216 29
 621 001e 084B     		ldr	r3, .L26
 622 0020 0022     		movs	r2, #0
 623 0022 1A61     		str	r2, [r3, #16]
 217:Core/Src/tim.c ****   htim13.Init.AutoReloadPreload = TIM_AUTORELOAD_PRELOAD_DISABLE;
 624              		.loc 1 217 33
 625 0024 064B     		ldr	r3, .L26
 626 0026 0022     		movs	r2, #0
 627 0028 9A61     		str	r2, [r3, #24]
 218:Core/Src/tim.c ****   if (HAL_TIM_Base_Init(&htim13) != HAL_OK)
 628              		.loc 1 218 7
 629 002a 0548     		ldr	r0, .L26
 630 002c FFF7FEFF 		bl	HAL_TIM_Base_Init
 631 0030 0346     		mov	r3, r0
 632              		.loc 1 218 6 discriminator 1
 633 0032 002B     		cmp	r3, #0
 634 0034 01D0     		beq	.L25
ARM GAS  C:\Users\fffff\AppData\Local\Temp\ccxENzOF.s 			page 16


 219:Core/Src/tim.c ****   {
 220:Core/Src/tim.c ****     Error_Handler();
 635              		.loc 1 220 5
 636 0036 FFF7FEFF 		bl	Error_Handler
 637              	.L25:
 221:Core/Src/tim.c ****   }
 222:Core/Src/tim.c ****   /* USER CODE BEGIN TIM13_Init 2 */
 223:Core/Src/tim.c **** 
 224:Core/Src/tim.c ****   /* USER CODE END TIM13_Init 2 */
 225:Core/Src/tim.c **** 
 226:Core/Src/tim.c **** }
 638              		.loc 1 226 1
 639 003a 00BF     		nop
 640 003c 80BD     		pop	{r7, pc}
 641              	.L27:
 642 003e 00BF     		.align	2
 643              	.L26:
 644 0040 00000000 		.word	htim13
 645 0044 001C0040 		.word	1073748992
 646              		.cfi_endproc
 647              	.LFE147:
 649              		.section	.text.MX_TIM14_Init,"ax",%progbits
 650              		.align	1
 651              		.global	MX_TIM14_Init
 652              		.syntax unified
 653              		.thumb
 654              		.thumb_func
 656              	MX_TIM14_Init:
 657              	.LFB148:
 227:Core/Src/tim.c **** /* TIM14 init function */
 228:Core/Src/tim.c **** void MX_TIM14_Init(void)
 229:Core/Src/tim.c **** {
 658              		.loc 1 229 1
 659              		.cfi_startproc
 660              		@ args = 0, pretend = 0, frame = 0
 661              		@ frame_needed = 1, uses_anonymous_args = 0
 662 0000 80B5     		push	{r7, lr}
 663              	.LCFI17:
 664              		.cfi_def_cfa_offset 8
 665              		.cfi_offset 7, -8
 666              		.cfi_offset 14, -4
 667 0002 00AF     		add	r7, sp, #0
 668              	.LCFI18:
 669              		.cfi_def_cfa_register 7
 230:Core/Src/tim.c **** 
 231:Core/Src/tim.c ****   /* USER CODE BEGIN TIM14_Init 0 */
 232:Core/Src/tim.c **** 
 233:Core/Src/tim.c ****   /* USER CODE END TIM14_Init 0 */
 234:Core/Src/tim.c **** 
 235:Core/Src/tim.c ****   /* USER CODE BEGIN TIM14_Init 1 */
 236:Core/Src/tim.c **** 
 237:Core/Src/tim.c ****   /* USER CODE END TIM14_Init 1 */
 238:Core/Src/tim.c ****   htim14.Instance = TIM14;
 670              		.loc 1 238 19
 671 0004 0E4B     		ldr	r3, .L31
 672 0006 0F4A     		ldr	r2, .L31+4
 673 0008 1A60     		str	r2, [r3]
ARM GAS  C:\Users\fffff\AppData\Local\Temp\ccxENzOF.s 			page 17


 239:Core/Src/tim.c ****   htim14.Init.Prescaler = 2400-1;
 674              		.loc 1 239 25
 675 000a 0D4B     		ldr	r3, .L31
 676 000c 40F65F12 		movw	r2, #2399
 677 0010 5A60     		str	r2, [r3, #4]
 240:Core/Src/tim.c ****   htim14.Init.CounterMode = TIM_COUNTERMODE_UP;
 678              		.loc 1 240 27
 679 0012 0B4B     		ldr	r3, .L31
 680 0014 0022     		movs	r2, #0
 681 0016 9A60     		str	r2, [r3, #8]
 241:Core/Src/tim.c ****   htim14.Init.Period = 500-1;
 682              		.loc 1 241 22
 683 0018 094B     		ldr	r3, .L31
 684 001a 40F2F312 		movw	r2, #499
 685 001e DA60     		str	r2, [r3, #12]
 242:Core/Src/tim.c ****   htim14.Init.ClockDivision = TIM_CLOCKDIVISION_DIV1;
 686              		.loc 1 242 29
 687 0020 074B     		ldr	r3, .L31
 688 0022 0022     		movs	r2, #0
 689 0024 1A61     		str	r2, [r3, #16]
 243:Core/Src/tim.c ****   htim14.Init.AutoReloadPreload = TIM_AUTORELOAD_PRELOAD_DISABLE;
 690              		.loc 1 243 33
 691 0026 064B     		ldr	r3, .L31
 692 0028 0022     		movs	r2, #0
 693 002a 9A61     		str	r2, [r3, #24]
 244:Core/Src/tim.c ****   if (HAL_TIM_Base_Init(&htim14) != HAL_OK)
 694              		.loc 1 244 7
 695 002c 0448     		ldr	r0, .L31
 696 002e FFF7FEFF 		bl	HAL_TIM_Base_Init
 697 0032 0346     		mov	r3, r0
 698              		.loc 1 244 6 discriminator 1
 699 0034 002B     		cmp	r3, #0
 700 0036 01D0     		beq	.L30
 245:Core/Src/tim.c ****   {
 246:Core/Src/tim.c ****     Error_Handler();
 701              		.loc 1 246 5
 702 0038 FFF7FEFF 		bl	Error_Handler
 703              	.L30:
 247:Core/Src/tim.c ****   }
 248:Core/Src/tim.c ****   /* USER CODE BEGIN TIM14_Init 2 */
 249:Core/Src/tim.c **** 
 250:Core/Src/tim.c ****   /* USER CODE END TIM14_Init 2 */
 251:Core/Src/tim.c **** 
 252:Core/Src/tim.c **** }
 704              		.loc 1 252 1
 705 003c 00BF     		nop
 706 003e 80BD     		pop	{r7, pc}
 707              	.L32:
 708              		.align	2
 709              	.L31:
 710 0040 00000000 		.word	htim14
 711 0044 00200040 		.word	1073750016
 712              		.cfi_endproc
 713              	.LFE148:
 715              		.section	.text.HAL_TIM_PWM_MspInit,"ax",%progbits
 716              		.align	1
 717              		.global	HAL_TIM_PWM_MspInit
ARM GAS  C:\Users\fffff\AppData\Local\Temp\ccxENzOF.s 			page 18


 718              		.syntax unified
 719              		.thumb
 720              		.thumb_func
 722              	HAL_TIM_PWM_MspInit:
 723              	.LFB149:
 253:Core/Src/tim.c **** 
 254:Core/Src/tim.c **** void HAL_TIM_PWM_MspInit(TIM_HandleTypeDef* tim_pwmHandle)
 255:Core/Src/tim.c **** {
 724              		.loc 1 255 1
 725              		.cfi_startproc
 726              		@ args = 0, pretend = 0, frame = 16
 727              		@ frame_needed = 1, uses_anonymous_args = 0
 728              		@ link register save eliminated.
 729 0000 80B4     		push	{r7}
 730              	.LCFI19:
 731              		.cfi_def_cfa_offset 4
 732              		.cfi_offset 7, -4
 733 0002 85B0     		sub	sp, sp, #20
 734              	.LCFI20:
 735              		.cfi_def_cfa_offset 24
 736 0004 00AF     		add	r7, sp, #0
 737              	.LCFI21:
 738              		.cfi_def_cfa_register 7
 739 0006 7860     		str	r0, [r7, #4]
 256:Core/Src/tim.c **** 
 257:Core/Src/tim.c ****   if(tim_pwmHandle->Instance==TIM1)
 740              		.loc 1 257 19
 741 0008 7B68     		ldr	r3, [r7, #4]
 742 000a 1B68     		ldr	r3, [r3]
 743              		.loc 1 257 5
 744 000c 164A     		ldr	r2, .L37
 745 000e 9342     		cmp	r3, r2
 746 0010 0FD1     		bne	.L34
 747              	.LBB2:
 258:Core/Src/tim.c ****   {
 259:Core/Src/tim.c ****   /* USER CODE BEGIN TIM1_MspInit 0 */
 260:Core/Src/tim.c **** 
 261:Core/Src/tim.c ****   /* USER CODE END TIM1_MspInit 0 */
 262:Core/Src/tim.c ****     /* TIM1 clock enable */
 263:Core/Src/tim.c ****     __HAL_RCC_TIM1_CLK_ENABLE();
 748              		.loc 1 263 5
 749 0012 164B     		ldr	r3, .L37+4
 750 0014 D3F8F030 		ldr	r3, [r3, #240]
 751 0018 144A     		ldr	r2, .L37+4
 752 001a 43F00103 		orr	r3, r3, #1
 753 001e C2F8F030 		str	r3, [r2, #240]
 754 0022 124B     		ldr	r3, .L37+4
 755 0024 D3F8F030 		ldr	r3, [r3, #240]
 756 0028 03F00103 		and	r3, r3, #1
 757 002c FB60     		str	r3, [r7, #12]
 758 002e FB68     		ldr	r3, [r7, #12]
 759              	.LBE2:
 264:Core/Src/tim.c ****   /* USER CODE BEGIN TIM1_MspInit 1 */
 265:Core/Src/tim.c **** 
 266:Core/Src/tim.c ****   /* USER CODE END TIM1_MspInit 1 */
 267:Core/Src/tim.c ****   }
 268:Core/Src/tim.c ****   else if(tim_pwmHandle->Instance==TIM3)
ARM GAS  C:\Users\fffff\AppData\Local\Temp\ccxENzOF.s 			page 19


 269:Core/Src/tim.c ****   {
 270:Core/Src/tim.c ****   /* USER CODE BEGIN TIM3_MspInit 0 */
 271:Core/Src/tim.c **** 
 272:Core/Src/tim.c ****   /* USER CODE END TIM3_MspInit 0 */
 273:Core/Src/tim.c ****     /* TIM3 clock enable */
 274:Core/Src/tim.c ****     __HAL_RCC_TIM3_CLK_ENABLE();
 275:Core/Src/tim.c ****   /* USER CODE BEGIN TIM3_MspInit 1 */
 276:Core/Src/tim.c **** 
 277:Core/Src/tim.c ****   /* USER CODE END TIM3_MspInit 1 */
 278:Core/Src/tim.c ****   }
 279:Core/Src/tim.c **** }
 760              		.loc 1 279 1
 761 0030 13E0     		b	.L36
 762              	.L34:
 268:Core/Src/tim.c ****   {
 763              		.loc 1 268 24
 764 0032 7B68     		ldr	r3, [r7, #4]
 765 0034 1B68     		ldr	r3, [r3]
 268:Core/Src/tim.c ****   {
 766              		.loc 1 268 10
 767 0036 0E4A     		ldr	r2, .L37+8
 768 0038 9342     		cmp	r3, r2
 769 003a 0ED1     		bne	.L36
 770              	.LBB3:
 274:Core/Src/tim.c ****   /* USER CODE BEGIN TIM3_MspInit 1 */
 771              		.loc 1 274 5
 772 003c 0B4B     		ldr	r3, .L37+4
 773 003e D3F8E830 		ldr	r3, [r3, #232]
 774 0042 0A4A     		ldr	r2, .L37+4
 775 0044 43F00203 		orr	r3, r3, #2
 776 0048 C2F8E830 		str	r3, [r2, #232]
 777 004c 074B     		ldr	r3, .L37+4
 778 004e D3F8E830 		ldr	r3, [r3, #232]
 779 0052 03F00203 		and	r3, r3, #2
 780 0056 BB60     		str	r3, [r7, #8]
 781 0058 BB68     		ldr	r3, [r7, #8]
 782              	.L36:
 783              	.LBE3:
 784              		.loc 1 279 1
 785 005a 00BF     		nop
 786 005c 1437     		adds	r7, r7, #20
 787              	.LCFI22:
 788              		.cfi_def_cfa_offset 4
 789 005e BD46     		mov	sp, r7
 790              	.LCFI23:
 791              		.cfi_def_cfa_register 13
 792              		@ sp needed
 793 0060 5DF8047B 		ldr	r7, [sp], #4
 794              	.LCFI24:
 795              		.cfi_restore 7
 796              		.cfi_def_cfa_offset 0
 797 0064 7047     		bx	lr
 798              	.L38:
 799 0066 00BF     		.align	2
 800              	.L37:
 801 0068 00000140 		.word	1073807360
 802 006c 00440258 		.word	1476543488
ARM GAS  C:\Users\fffff\AppData\Local\Temp\ccxENzOF.s 			page 20


 803 0070 00040040 		.word	1073742848
 804              		.cfi_endproc
 805              	.LFE149:
 807              		.section	.text.HAL_TIM_Base_MspInit,"ax",%progbits
 808              		.align	1
 809              		.global	HAL_TIM_Base_MspInit
 810              		.syntax unified
 811              		.thumb
 812              		.thumb_func
 814              	HAL_TIM_Base_MspInit:
 815              	.LFB150:
 280:Core/Src/tim.c **** 
 281:Core/Src/tim.c **** void HAL_TIM_Base_MspInit(TIM_HandleTypeDef* tim_baseHandle)
 282:Core/Src/tim.c **** {
 816              		.loc 1 282 1
 817              		.cfi_startproc
 818              		@ args = 0, pretend = 0, frame = 24
 819              		@ frame_needed = 1, uses_anonymous_args = 0
 820 0000 80B5     		push	{r7, lr}
 821              	.LCFI25:
 822              		.cfi_def_cfa_offset 8
 823              		.cfi_offset 7, -8
 824              		.cfi_offset 14, -4
 825 0002 86B0     		sub	sp, sp, #24
 826              	.LCFI26:
 827              		.cfi_def_cfa_offset 32
 828 0004 00AF     		add	r7, sp, #0
 829              	.LCFI27:
 830              		.cfi_def_cfa_register 7
 831 0006 7860     		str	r0, [r7, #4]
 283:Core/Src/tim.c **** 
 284:Core/Src/tim.c ****   if(tim_baseHandle->Instance==TIM12)
 832              		.loc 1 284 20
 833 0008 7B68     		ldr	r3, [r7, #4]
 834 000a 1B68     		ldr	r3, [r3]
 835              		.loc 1 284 5
 836 000c 2B4A     		ldr	r2, .L44
 837 000e 9342     		cmp	r3, r2
 838 0010 17D1     		bne	.L40
 839              	.LBB4:
 285:Core/Src/tim.c ****   {
 286:Core/Src/tim.c ****   /* USER CODE BEGIN TIM12_MspInit 0 */
 287:Core/Src/tim.c **** 
 288:Core/Src/tim.c ****   /* USER CODE END TIM12_MspInit 0 */
 289:Core/Src/tim.c ****     /* TIM12 clock enable */
 290:Core/Src/tim.c ****     __HAL_RCC_TIM12_CLK_ENABLE();
 840              		.loc 1 290 5
 841 0012 2B4B     		ldr	r3, .L44+4
 842 0014 D3F8E830 		ldr	r3, [r3, #232]
 843 0018 294A     		ldr	r2, .L44+4
 844 001a 43F04003 		orr	r3, r3, #64
 845 001e C2F8E830 		str	r3, [r2, #232]
 846 0022 274B     		ldr	r3, .L44+4
 847 0024 D3F8E830 		ldr	r3, [r3, #232]
 848 0028 03F04003 		and	r3, r3, #64
 849 002c 7B61     		str	r3, [r7, #20]
 850 002e 7B69     		ldr	r3, [r7, #20]
ARM GAS  C:\Users\fffff\AppData\Local\Temp\ccxENzOF.s 			page 21


 851              	.LBE4:
 291:Core/Src/tim.c **** 
 292:Core/Src/tim.c ****     /* TIM12 interrupt Init */
 293:Core/Src/tim.c ****     HAL_NVIC_SetPriority(TIM8_BRK_TIM12_IRQn, 5, 0);
 852              		.loc 1 293 5
 853 0030 0022     		movs	r2, #0
 854 0032 0521     		movs	r1, #5
 855 0034 2B20     		movs	r0, #43
 856 0036 FFF7FEFF 		bl	HAL_NVIC_SetPriority
 294:Core/Src/tim.c ****     HAL_NVIC_EnableIRQ(TIM8_BRK_TIM12_IRQn);
 857              		.loc 1 294 5
 858 003a 2B20     		movs	r0, #43
 859 003c FFF7FEFF 		bl	HAL_NVIC_EnableIRQ
 295:Core/Src/tim.c ****   /* USER CODE BEGIN TIM12_MspInit 1 */
 296:Core/Src/tim.c **** 
 297:Core/Src/tim.c ****   /* USER CODE END TIM12_MspInit 1 */
 298:Core/Src/tim.c ****   }
 299:Core/Src/tim.c ****   else if(tim_baseHandle->Instance==TIM13)
 300:Core/Src/tim.c ****   {
 301:Core/Src/tim.c ****   /* USER CODE BEGIN TIM13_MspInit 0 */
 302:Core/Src/tim.c **** 
 303:Core/Src/tim.c ****   /* USER CODE END TIM13_MspInit 0 */
 304:Core/Src/tim.c ****     /* TIM13 clock enable */
 305:Core/Src/tim.c ****     __HAL_RCC_TIM13_CLK_ENABLE();
 306:Core/Src/tim.c **** 
 307:Core/Src/tim.c ****     /* TIM13 interrupt Init */
 308:Core/Src/tim.c ****     HAL_NVIC_SetPriority(TIM8_UP_TIM13_IRQn, 5, 0);
 309:Core/Src/tim.c ****     HAL_NVIC_EnableIRQ(TIM8_UP_TIM13_IRQn);
 310:Core/Src/tim.c ****   /* USER CODE BEGIN TIM13_MspInit 1 */
 311:Core/Src/tim.c **** 
 312:Core/Src/tim.c ****   /* USER CODE END TIM13_MspInit 1 */
 313:Core/Src/tim.c ****   }
 314:Core/Src/tim.c ****   else if(tim_baseHandle->Instance==TIM14)
 315:Core/Src/tim.c ****   {
 316:Core/Src/tim.c ****   /* USER CODE BEGIN TIM14_MspInit 0 */
 317:Core/Src/tim.c **** 
 318:Core/Src/tim.c ****   /* USER CODE END TIM14_MspInit 0 */
 319:Core/Src/tim.c ****     /* TIM14 clock enable */
 320:Core/Src/tim.c ****     __HAL_RCC_TIM14_CLK_ENABLE();
 321:Core/Src/tim.c **** 
 322:Core/Src/tim.c ****     /* TIM14 interrupt Init */
 323:Core/Src/tim.c ****     HAL_NVIC_SetPriority(TIM8_TRG_COM_TIM14_IRQn, 5, 0);
 324:Core/Src/tim.c ****     HAL_NVIC_EnableIRQ(TIM8_TRG_COM_TIM14_IRQn);
 325:Core/Src/tim.c ****   /* USER CODE BEGIN TIM14_MspInit 1 */
 326:Core/Src/tim.c **** 
 327:Core/Src/tim.c ****   /* USER CODE END TIM14_MspInit 1 */
 328:Core/Src/tim.c ****   }
 329:Core/Src/tim.c **** }
 860              		.loc 1 329 1
 861 0040 38E0     		b	.L43
 862              	.L40:
 299:Core/Src/tim.c ****   {
 863              		.loc 1 299 25
 864 0042 7B68     		ldr	r3, [r7, #4]
 865 0044 1B68     		ldr	r3, [r3]
 299:Core/Src/tim.c ****   {
 866              		.loc 1 299 10
ARM GAS  C:\Users\fffff\AppData\Local\Temp\ccxENzOF.s 			page 22


 867 0046 1F4A     		ldr	r2, .L44+8
 868 0048 9342     		cmp	r3, r2
 869 004a 17D1     		bne	.L42
 870              	.LBB5:
 305:Core/Src/tim.c **** 
 871              		.loc 1 305 5
 872 004c 1C4B     		ldr	r3, .L44+4
 873 004e D3F8E830 		ldr	r3, [r3, #232]
 874 0052 1B4A     		ldr	r2, .L44+4
 875 0054 43F08003 		orr	r3, r3, #128
 876 0058 C2F8E830 		str	r3, [r2, #232]
 877 005c 184B     		ldr	r3, .L44+4
 878 005e D3F8E830 		ldr	r3, [r3, #232]
 879 0062 03F08003 		and	r3, r3, #128
 880 0066 3B61     		str	r3, [r7, #16]
 881 0068 3B69     		ldr	r3, [r7, #16]
 882              	.LBE5:
 308:Core/Src/tim.c ****     HAL_NVIC_EnableIRQ(TIM8_UP_TIM13_IRQn);
 883              		.loc 1 308 5
 884 006a 0022     		movs	r2, #0
 885 006c 0521     		movs	r1, #5
 886 006e 2C20     		movs	r0, #44
 887 0070 FFF7FEFF 		bl	HAL_NVIC_SetPriority
 309:Core/Src/tim.c ****   /* USER CODE BEGIN TIM13_MspInit 1 */
 888              		.loc 1 309 5
 889 0074 2C20     		movs	r0, #44
 890 0076 FFF7FEFF 		bl	HAL_NVIC_EnableIRQ
 891              		.loc 1 329 1
 892 007a 1BE0     		b	.L43
 893              	.L42:
 314:Core/Src/tim.c ****   {
 894              		.loc 1 314 25
 895 007c 7B68     		ldr	r3, [r7, #4]
 896 007e 1B68     		ldr	r3, [r3]
 314:Core/Src/tim.c ****   {
 897              		.loc 1 314 10
 898 0080 114A     		ldr	r2, .L44+12
 899 0082 9342     		cmp	r3, r2
 900 0084 16D1     		bne	.L43
 901              	.LBB6:
 320:Core/Src/tim.c **** 
 902              		.loc 1 320 5
 903 0086 0E4B     		ldr	r3, .L44+4
 904 0088 D3F8E830 		ldr	r3, [r3, #232]
 905 008c 0C4A     		ldr	r2, .L44+4
 906 008e 43F48073 		orr	r3, r3, #256
 907 0092 C2F8E830 		str	r3, [r2, #232]
 908 0096 0A4B     		ldr	r3, .L44+4
 909 0098 D3F8E830 		ldr	r3, [r3, #232]
 910 009c 03F48073 		and	r3, r3, #256
 911 00a0 FB60     		str	r3, [r7, #12]
 912 00a2 FB68     		ldr	r3, [r7, #12]
 913              	.LBE6:
 323:Core/Src/tim.c ****     HAL_NVIC_EnableIRQ(TIM8_TRG_COM_TIM14_IRQn);
 914              		.loc 1 323 5
 915 00a4 0022     		movs	r2, #0
 916 00a6 0521     		movs	r1, #5
ARM GAS  C:\Users\fffff\AppData\Local\Temp\ccxENzOF.s 			page 23


 917 00a8 2D20     		movs	r0, #45
 918 00aa FFF7FEFF 		bl	HAL_NVIC_SetPriority
 324:Core/Src/tim.c ****   /* USER CODE BEGIN TIM14_MspInit 1 */
 919              		.loc 1 324 5
 920 00ae 2D20     		movs	r0, #45
 921 00b0 FFF7FEFF 		bl	HAL_NVIC_EnableIRQ
 922              	.L43:
 923              		.loc 1 329 1
 924 00b4 00BF     		nop
 925 00b6 1837     		adds	r7, r7, #24
 926              	.LCFI28:
 927              		.cfi_def_cfa_offset 8
 928 00b8 BD46     		mov	sp, r7
 929              	.LCFI29:
 930              		.cfi_def_cfa_register 13
 931              		@ sp needed
 932 00ba 80BD     		pop	{r7, pc}
 933              	.L45:
 934              		.align	2
 935              	.L44:
 936 00bc 00180040 		.word	1073747968
 937 00c0 00440258 		.word	1476543488
 938 00c4 001C0040 		.word	1073748992
 939 00c8 00200040 		.word	1073750016
 940              		.cfi_endproc
 941              	.LFE150:
 943              		.section	.text.HAL_TIM_MspPostInit,"ax",%progbits
 944              		.align	1
 945              		.global	HAL_TIM_MspPostInit
 946              		.syntax unified
 947              		.thumb
 948              		.thumb_func
 950              	HAL_TIM_MspPostInit:
 951              	.LFB151:
 330:Core/Src/tim.c **** void HAL_TIM_MspPostInit(TIM_HandleTypeDef* timHandle)
 331:Core/Src/tim.c **** {
 952              		.loc 1 331 1
 953              		.cfi_startproc
 954              		@ args = 0, pretend = 0, frame = 40
 955              		@ frame_needed = 1, uses_anonymous_args = 0
 956 0000 80B5     		push	{r7, lr}
 957              	.LCFI30:
 958              		.cfi_def_cfa_offset 8
 959              		.cfi_offset 7, -8
 960              		.cfi_offset 14, -4
 961 0002 8AB0     		sub	sp, sp, #40
 962              	.LCFI31:
 963              		.cfi_def_cfa_offset 48
 964 0004 00AF     		add	r7, sp, #0
 965              	.LCFI32:
 966              		.cfi_def_cfa_register 7
 967 0006 7860     		str	r0, [r7, #4]
 332:Core/Src/tim.c **** 
 333:Core/Src/tim.c ****   GPIO_InitTypeDef GPIO_InitStruct = {0};
 968              		.loc 1 333 20
 969 0008 07F11403 		add	r3, r7, #20
 970 000c 0022     		movs	r2, #0
ARM GAS  C:\Users\fffff\AppData\Local\Temp\ccxENzOF.s 			page 24


 971 000e 1A60     		str	r2, [r3]
 972 0010 5A60     		str	r2, [r3, #4]
 973 0012 9A60     		str	r2, [r3, #8]
 974 0014 DA60     		str	r2, [r3, #12]
 975 0016 1A61     		str	r2, [r3, #16]
 334:Core/Src/tim.c ****   if(timHandle->Instance==TIM1)
 976              		.loc 1 334 15
 977 0018 7B68     		ldr	r3, [r7, #4]
 978 001a 1B68     		ldr	r3, [r3]
 979              		.loc 1 334 5
 980 001c 384A     		ldr	r2, .L51
 981 001e 9342     		cmp	r3, r2
 982 0020 20D1     		bne	.L47
 983              	.LBB7:
 335:Core/Src/tim.c ****   {
 336:Core/Src/tim.c ****   /* USER CODE BEGIN TIM1_MspPostInit 0 */
 337:Core/Src/tim.c **** 
 338:Core/Src/tim.c ****   /* USER CODE END TIM1_MspPostInit 0 */
 339:Core/Src/tim.c ****     __HAL_RCC_GPIOE_CLK_ENABLE();
 984              		.loc 1 339 5
 985 0022 384B     		ldr	r3, .L51+4
 986 0024 D3F8E030 		ldr	r3, [r3, #224]
 987 0028 364A     		ldr	r2, .L51+4
 988 002a 43F01003 		orr	r3, r3, #16
 989 002e C2F8E030 		str	r3, [r2, #224]
 990 0032 344B     		ldr	r3, .L51+4
 991 0034 D3F8E030 		ldr	r3, [r3, #224]
 992 0038 03F01003 		and	r3, r3, #16
 993 003c 3B61     		str	r3, [r7, #16]
 994 003e 3B69     		ldr	r3, [r7, #16]
 995              	.LBE7:
 340:Core/Src/tim.c ****     /**TIM1 GPIO Configuration
 341:Core/Src/tim.c ****     PE9     ------> TIM1_CH1
 342:Core/Src/tim.c ****     PE13     ------> TIM1_CH3
 343:Core/Src/tim.c ****     */
 344:Core/Src/tim.c ****     GPIO_InitStruct.Pin = GPIO_PIN_9|GPIO_PIN_13;
 996              		.loc 1 344 25
 997 0040 4FF40853 		mov	r3, #8704
 998 0044 7B61     		str	r3, [r7, #20]
 345:Core/Src/tim.c ****     GPIO_InitStruct.Mode = GPIO_MODE_AF_PP;
 999              		.loc 1 345 26
 1000 0046 0223     		movs	r3, #2
 1001 0048 BB61     		str	r3, [r7, #24]
 346:Core/Src/tim.c ****     GPIO_InitStruct.Pull = GPIO_NOPULL;
 1002              		.loc 1 346 26
 1003 004a 0023     		movs	r3, #0
 1004 004c FB61     		str	r3, [r7, #28]
 347:Core/Src/tim.c ****     GPIO_InitStruct.Speed = GPIO_SPEED_FREQ_LOW;
 1005              		.loc 1 347 27
 1006 004e 0023     		movs	r3, #0
 1007 0050 3B62     		str	r3, [r7, #32]
 348:Core/Src/tim.c ****     GPIO_InitStruct.Alternate = GPIO_AF1_TIM1;
 1008              		.loc 1 348 31
 1009 0052 0123     		movs	r3, #1
 1010 0054 7B62     		str	r3, [r7, #36]
 349:Core/Src/tim.c ****     HAL_GPIO_Init(GPIOE, &GPIO_InitStruct);
 1011              		.loc 1 349 5
ARM GAS  C:\Users\fffff\AppData\Local\Temp\ccxENzOF.s 			page 25


 1012 0056 07F11403 		add	r3, r7, #20
 1013 005a 1946     		mov	r1, r3
 1014 005c 2A48     		ldr	r0, .L51+8
 1015 005e FFF7FEFF 		bl	HAL_GPIO_Init
 350:Core/Src/tim.c **** 
 351:Core/Src/tim.c ****   /* USER CODE BEGIN TIM1_MspPostInit 1 */
 352:Core/Src/tim.c **** 
 353:Core/Src/tim.c ****   /* USER CODE END TIM1_MspPostInit 1 */
 354:Core/Src/tim.c ****   }
 355:Core/Src/tim.c ****   else if(timHandle->Instance==TIM3)
 356:Core/Src/tim.c ****   {
 357:Core/Src/tim.c ****   /* USER CODE BEGIN TIM3_MspPostInit 0 */
 358:Core/Src/tim.c **** 
 359:Core/Src/tim.c ****   /* USER CODE END TIM3_MspPostInit 0 */
 360:Core/Src/tim.c **** 
 361:Core/Src/tim.c ****     __HAL_RCC_GPIOB_CLK_ENABLE();
 362:Core/Src/tim.c ****     /**TIM3 GPIO Configuration
 363:Core/Src/tim.c ****     PB1     ------> TIM3_CH4
 364:Core/Src/tim.c ****     */
 365:Core/Src/tim.c ****     GPIO_InitStruct.Pin = GPIO_PIN_1;
 366:Core/Src/tim.c ****     GPIO_InitStruct.Mode = GPIO_MODE_AF_PP;
 367:Core/Src/tim.c ****     GPIO_InitStruct.Pull = GPIO_NOPULL;
 368:Core/Src/tim.c ****     GPIO_InitStruct.Speed = GPIO_SPEED_FREQ_LOW;
 369:Core/Src/tim.c ****     GPIO_InitStruct.Alternate = GPIO_AF2_TIM3;
 370:Core/Src/tim.c ****     HAL_GPIO_Init(GPIOB, &GPIO_InitStruct);
 371:Core/Src/tim.c **** 
 372:Core/Src/tim.c ****   /* USER CODE BEGIN TIM3_MspPostInit 1 */
 373:Core/Src/tim.c **** 
 374:Core/Src/tim.c ****   /* USER CODE END TIM3_MspPostInit 1 */
 375:Core/Src/tim.c ****   }
 376:Core/Src/tim.c ****   else if(timHandle->Instance==TIM12)
 377:Core/Src/tim.c ****   {
 378:Core/Src/tim.c ****   /* USER CODE BEGIN TIM12_MspPostInit 0 */
 379:Core/Src/tim.c **** 
 380:Core/Src/tim.c ****   /* USER CODE END TIM12_MspPostInit 0 */
 381:Core/Src/tim.c **** 
 382:Core/Src/tim.c ****     __HAL_RCC_GPIOB_CLK_ENABLE();
 383:Core/Src/tim.c ****     /**TIM12 GPIO Configuration
 384:Core/Src/tim.c ****     PB15     ------> TIM12_CH2
 385:Core/Src/tim.c ****     */
 386:Core/Src/tim.c ****     GPIO_InitStruct.Pin = GPIO_PIN_15;
 387:Core/Src/tim.c ****     GPIO_InitStruct.Mode = GPIO_MODE_AF_PP;
 388:Core/Src/tim.c ****     GPIO_InitStruct.Pull = GPIO_NOPULL;
 389:Core/Src/tim.c ****     GPIO_InitStruct.Speed = GPIO_SPEED_FREQ_LOW;
 390:Core/Src/tim.c ****     GPIO_InitStruct.Alternate = GPIO_AF2_TIM12;
 391:Core/Src/tim.c ****     HAL_GPIO_Init(GPIOB, &GPIO_InitStruct);
 392:Core/Src/tim.c **** 
 393:Core/Src/tim.c ****   /* USER CODE BEGIN TIM12_MspPostInit 1 */
 394:Core/Src/tim.c **** 
 395:Core/Src/tim.c ****   /* USER CODE END TIM12_MspPostInit 1 */
 396:Core/Src/tim.c ****   }
 397:Core/Src/tim.c **** 
 398:Core/Src/tim.c **** }
 1016              		.loc 1 398 1
 1017 0062 49E0     		b	.L50
 1018              	.L47:
 355:Core/Src/tim.c ****   {
ARM GAS  C:\Users\fffff\AppData\Local\Temp\ccxENzOF.s 			page 26


 1019              		.loc 1 355 20
 1020 0064 7B68     		ldr	r3, [r7, #4]
 1021 0066 1B68     		ldr	r3, [r3]
 355:Core/Src/tim.c ****   {
 1022              		.loc 1 355 10
 1023 0068 284A     		ldr	r2, .L51+12
 1024 006a 9342     		cmp	r3, r2
 1025 006c 1FD1     		bne	.L49
 1026              	.LBB8:
 361:Core/Src/tim.c ****     /**TIM3 GPIO Configuration
 1027              		.loc 1 361 5
 1028 006e 254B     		ldr	r3, .L51+4
 1029 0070 D3F8E030 		ldr	r3, [r3, #224]
 1030 0074 234A     		ldr	r2, .L51+4
 1031 0076 43F00203 		orr	r3, r3, #2
 1032 007a C2F8E030 		str	r3, [r2, #224]
 1033 007e 214B     		ldr	r3, .L51+4
 1034 0080 D3F8E030 		ldr	r3, [r3, #224]
 1035 0084 03F00203 		and	r3, r3, #2
 1036 0088 FB60     		str	r3, [r7, #12]
 1037 008a FB68     		ldr	r3, [r7, #12]
 1038              	.LBE8:
 365:Core/Src/tim.c ****     GPIO_InitStruct.Mode = GPIO_MODE_AF_PP;
 1039              		.loc 1 365 25
 1040 008c 0223     		movs	r3, #2
 1041 008e 7B61     		str	r3, [r7, #20]
 366:Core/Src/tim.c ****     GPIO_InitStruct.Pull = GPIO_NOPULL;
 1042              		.loc 1 366 26
 1043 0090 0223     		movs	r3, #2
 1044 0092 BB61     		str	r3, [r7, #24]
 367:Core/Src/tim.c ****     GPIO_InitStruct.Speed = GPIO_SPEED_FREQ_LOW;
 1045              		.loc 1 367 26
 1046 0094 0023     		movs	r3, #0
 1047 0096 FB61     		str	r3, [r7, #28]
 368:Core/Src/tim.c ****     GPIO_InitStruct.Alternate = GPIO_AF2_TIM3;
 1048              		.loc 1 368 27
 1049 0098 0023     		movs	r3, #0
 1050 009a 3B62     		str	r3, [r7, #32]
 369:Core/Src/tim.c ****     HAL_GPIO_Init(GPIOB, &GPIO_InitStruct);
 1051              		.loc 1 369 31
 1052 009c 0223     		movs	r3, #2
 1053 009e 7B62     		str	r3, [r7, #36]
 370:Core/Src/tim.c **** 
 1054              		.loc 1 370 5
 1055 00a0 07F11403 		add	r3, r7, #20
 1056 00a4 1946     		mov	r1, r3
 1057 00a6 1A48     		ldr	r0, .L51+16
 1058 00a8 FFF7FEFF 		bl	HAL_GPIO_Init
 1059              		.loc 1 398 1
 1060 00ac 24E0     		b	.L50
 1061              	.L49:
 376:Core/Src/tim.c ****   {
 1062              		.loc 1 376 20
 1063 00ae 7B68     		ldr	r3, [r7, #4]
 1064 00b0 1B68     		ldr	r3, [r3]
 376:Core/Src/tim.c ****   {
 1065              		.loc 1 376 10
ARM GAS  C:\Users\fffff\AppData\Local\Temp\ccxENzOF.s 			page 27


 1066 00b2 184A     		ldr	r2, .L51+20
 1067 00b4 9342     		cmp	r3, r2
 1068 00b6 1FD1     		bne	.L50
 1069              	.LBB9:
 382:Core/Src/tim.c ****     /**TIM12 GPIO Configuration
 1070              		.loc 1 382 5
 1071 00b8 124B     		ldr	r3, .L51+4
 1072 00ba D3F8E030 		ldr	r3, [r3, #224]
 1073 00be 114A     		ldr	r2, .L51+4
 1074 00c0 43F00203 		orr	r3, r3, #2
 1075 00c4 C2F8E030 		str	r3, [r2, #224]
 1076 00c8 0E4B     		ldr	r3, .L51+4
 1077 00ca D3F8E030 		ldr	r3, [r3, #224]
 1078 00ce 03F00203 		and	r3, r3, #2
 1079 00d2 BB60     		str	r3, [r7, #8]
 1080 00d4 BB68     		ldr	r3, [r7, #8]
 1081              	.LBE9:
 386:Core/Src/tim.c ****     GPIO_InitStruct.Mode = GPIO_MODE_AF_PP;
 1082              		.loc 1 386 25
 1083 00d6 4FF40043 		mov	r3, #32768
 1084 00da 7B61     		str	r3, [r7, #20]
 387:Core/Src/tim.c ****     GPIO_InitStruct.Pull = GPIO_NOPULL;
 1085              		.loc 1 387 26
 1086 00dc 0223     		movs	r3, #2
 1087 00de BB61     		str	r3, [r7, #24]
 388:Core/Src/tim.c ****     GPIO_InitStruct.Speed = GPIO_SPEED_FREQ_LOW;
 1088              		.loc 1 388 26
 1089 00e0 0023     		movs	r3, #0
 1090 00e2 FB61     		str	r3, [r7, #28]
 389:Core/Src/tim.c ****     GPIO_InitStruct.Alternate = GPIO_AF2_TIM12;
 1091              		.loc 1 389 27
 1092 00e4 0023     		movs	r3, #0
 1093 00e6 3B62     		str	r3, [r7, #32]
 390:Core/Src/tim.c ****     HAL_GPIO_Init(GPIOB, &GPIO_InitStruct);
 1094              		.loc 1 390 31
 1095 00e8 0223     		movs	r3, #2
 1096 00ea 7B62     		str	r3, [r7, #36]
 391:Core/Src/tim.c **** 
 1097              		.loc 1 391 5
 1098 00ec 07F11403 		add	r3, r7, #20
 1099 00f0 1946     		mov	r1, r3
 1100 00f2 0748     		ldr	r0, .L51+16
 1101 00f4 FFF7FEFF 		bl	HAL_GPIO_Init
 1102              	.L50:
 1103              		.loc 1 398 1
 1104 00f8 00BF     		nop
 1105 00fa 2837     		adds	r7, r7, #40
 1106              	.LCFI33:
 1107              		.cfi_def_cfa_offset 8
 1108 00fc BD46     		mov	sp, r7
 1109              	.LCFI34:
 1110              		.cfi_def_cfa_register 13
 1111              		@ sp needed
 1112 00fe 80BD     		pop	{r7, pc}
 1113              	.L52:
 1114              		.align	2
 1115              	.L51:
ARM GAS  C:\Users\fffff\AppData\Local\Temp\ccxENzOF.s 			page 28


 1116 0100 00000140 		.word	1073807360
 1117 0104 00440258 		.word	1476543488
 1118 0108 00100258 		.word	1476530176
 1119 010c 00040040 		.word	1073742848
 1120 0110 00040258 		.word	1476527104
 1121 0114 00180040 		.word	1073747968
 1122              		.cfi_endproc
 1123              	.LFE151:
 1125              		.section	.text.HAL_TIM_PWM_MspDeInit,"ax",%progbits
 1126              		.align	1
 1127              		.global	HAL_TIM_PWM_MspDeInit
 1128              		.syntax unified
 1129              		.thumb
 1130              		.thumb_func
 1132              	HAL_TIM_PWM_MspDeInit:
 1133              	.LFB152:
 399:Core/Src/tim.c **** 
 400:Core/Src/tim.c **** void HAL_TIM_PWM_MspDeInit(TIM_HandleTypeDef* tim_pwmHandle)
 401:Core/Src/tim.c **** {
 1134              		.loc 1 401 1
 1135              		.cfi_startproc
 1136              		@ args = 0, pretend = 0, frame = 8
 1137              		@ frame_needed = 1, uses_anonymous_args = 0
 1138              		@ link register save eliminated.
 1139 0000 80B4     		push	{r7}
 1140              	.LCFI35:
 1141              		.cfi_def_cfa_offset 4
 1142              		.cfi_offset 7, -4
 1143 0002 83B0     		sub	sp, sp, #12
 1144              	.LCFI36:
 1145              		.cfi_def_cfa_offset 16
 1146 0004 00AF     		add	r7, sp, #0
 1147              	.LCFI37:
 1148              		.cfi_def_cfa_register 7
 1149 0006 7860     		str	r0, [r7, #4]
 402:Core/Src/tim.c **** 
 403:Core/Src/tim.c ****   if(tim_pwmHandle->Instance==TIM1)
 1150              		.loc 1 403 19
 1151 0008 7B68     		ldr	r3, [r7, #4]
 1152 000a 1B68     		ldr	r3, [r3]
 1153              		.loc 1 403 5
 1154 000c 0F4A     		ldr	r2, .L57
 1155 000e 9342     		cmp	r3, r2
 1156 0010 08D1     		bne	.L54
 404:Core/Src/tim.c ****   {
 405:Core/Src/tim.c ****   /* USER CODE BEGIN TIM1_MspDeInit 0 */
 406:Core/Src/tim.c **** 
 407:Core/Src/tim.c ****   /* USER CODE END TIM1_MspDeInit 0 */
 408:Core/Src/tim.c ****     /* Peripheral clock disable */
 409:Core/Src/tim.c ****     __HAL_RCC_TIM1_CLK_DISABLE();
 1157              		.loc 1 409 5
 1158 0012 0F4B     		ldr	r3, .L57+4
 1159 0014 D3F8F030 		ldr	r3, [r3, #240]
 1160 0018 0D4A     		ldr	r2, .L57+4
 1161 001a 23F00103 		bic	r3, r3, #1
 1162 001e C2F8F030 		str	r3, [r2, #240]
 410:Core/Src/tim.c ****   /* USER CODE BEGIN TIM1_MspDeInit 1 */
ARM GAS  C:\Users\fffff\AppData\Local\Temp\ccxENzOF.s 			page 29


 411:Core/Src/tim.c **** 
 412:Core/Src/tim.c ****   /* USER CODE END TIM1_MspDeInit 1 */
 413:Core/Src/tim.c ****   }
 414:Core/Src/tim.c ****   else if(tim_pwmHandle->Instance==TIM3)
 415:Core/Src/tim.c ****   {
 416:Core/Src/tim.c ****   /* USER CODE BEGIN TIM3_MspDeInit 0 */
 417:Core/Src/tim.c **** 
 418:Core/Src/tim.c ****   /* USER CODE END TIM3_MspDeInit 0 */
 419:Core/Src/tim.c ****     /* Peripheral clock disable */
 420:Core/Src/tim.c ****     __HAL_RCC_TIM3_CLK_DISABLE();
 421:Core/Src/tim.c ****   /* USER CODE BEGIN TIM3_MspDeInit 1 */
 422:Core/Src/tim.c **** 
 423:Core/Src/tim.c ****   /* USER CODE END TIM3_MspDeInit 1 */
 424:Core/Src/tim.c ****   }
 425:Core/Src/tim.c **** }
 1163              		.loc 1 425 1
 1164 0022 0CE0     		b	.L56
 1165              	.L54:
 414:Core/Src/tim.c ****   {
 1166              		.loc 1 414 24
 1167 0024 7B68     		ldr	r3, [r7, #4]
 1168 0026 1B68     		ldr	r3, [r3]
 414:Core/Src/tim.c ****   {
 1169              		.loc 1 414 10
 1170 0028 0A4A     		ldr	r2, .L57+8
 1171 002a 9342     		cmp	r3, r2
 1172 002c 07D1     		bne	.L56
 420:Core/Src/tim.c ****   /* USER CODE BEGIN TIM3_MspDeInit 1 */
 1173              		.loc 1 420 5
 1174 002e 084B     		ldr	r3, .L57+4
 1175 0030 D3F8E830 		ldr	r3, [r3, #232]
 1176 0034 064A     		ldr	r2, .L57+4
 1177 0036 23F00203 		bic	r3, r3, #2
 1178 003a C2F8E830 		str	r3, [r2, #232]
 1179              	.L56:
 1180              		.loc 1 425 1
 1181 003e 00BF     		nop
 1182 0040 0C37     		adds	r7, r7, #12
 1183              	.LCFI38:
 1184              		.cfi_def_cfa_offset 4
 1185 0042 BD46     		mov	sp, r7
 1186              	.LCFI39:
 1187              		.cfi_def_cfa_register 13
 1188              		@ sp needed
 1189 0044 5DF8047B 		ldr	r7, [sp], #4
 1190              	.LCFI40:
 1191              		.cfi_restore 7
 1192              		.cfi_def_cfa_offset 0
 1193 0048 7047     		bx	lr
 1194              	.L58:
 1195 004a 00BF     		.align	2
 1196              	.L57:
 1197 004c 00000140 		.word	1073807360
 1198 0050 00440258 		.word	1476543488
 1199 0054 00040040 		.word	1073742848
 1200              		.cfi_endproc
 1201              	.LFE152:
ARM GAS  C:\Users\fffff\AppData\Local\Temp\ccxENzOF.s 			page 30


 1203              		.section	.text.HAL_TIM_Base_MspDeInit,"ax",%progbits
 1204              		.align	1
 1205              		.global	HAL_TIM_Base_MspDeInit
 1206              		.syntax unified
 1207              		.thumb
 1208              		.thumb_func
 1210              	HAL_TIM_Base_MspDeInit:
 1211              	.LFB153:
 426:Core/Src/tim.c **** 
 427:Core/Src/tim.c **** void HAL_TIM_Base_MspDeInit(TIM_HandleTypeDef* tim_baseHandle)
 428:Core/Src/tim.c **** {
 1212              		.loc 1 428 1
 1213              		.cfi_startproc
 1214              		@ args = 0, pretend = 0, frame = 8
 1215              		@ frame_needed = 1, uses_anonymous_args = 0
 1216 0000 80B5     		push	{r7, lr}
 1217              	.LCFI41:
 1218              		.cfi_def_cfa_offset 8
 1219              		.cfi_offset 7, -8
 1220              		.cfi_offset 14, -4
 1221 0002 82B0     		sub	sp, sp, #8
 1222              	.LCFI42:
 1223              		.cfi_def_cfa_offset 16
 1224 0004 00AF     		add	r7, sp, #0
 1225              	.LCFI43:
 1226              		.cfi_def_cfa_register 7
 1227 0006 7860     		str	r0, [r7, #4]
 429:Core/Src/tim.c **** 
 430:Core/Src/tim.c ****   if(tim_baseHandle->Instance==TIM12)
 1228              		.loc 1 430 20
 1229 0008 7B68     		ldr	r3, [r7, #4]
 1230 000a 1B68     		ldr	r3, [r3]
 1231              		.loc 1 430 5
 1232 000c 194A     		ldr	r2, .L64
 1233 000e 9342     		cmp	r3, r2
 1234 0010 0BD1     		bne	.L60
 431:Core/Src/tim.c ****   {
 432:Core/Src/tim.c ****   /* USER CODE BEGIN TIM12_MspDeInit 0 */
 433:Core/Src/tim.c **** 
 434:Core/Src/tim.c ****   /* USER CODE END TIM12_MspDeInit 0 */
 435:Core/Src/tim.c ****     /* Peripheral clock disable */
 436:Core/Src/tim.c ****     __HAL_RCC_TIM12_CLK_DISABLE();
 1235              		.loc 1 436 5
 1236 0012 194B     		ldr	r3, .L64+4
 1237 0014 D3F8E830 		ldr	r3, [r3, #232]
 1238 0018 174A     		ldr	r2, .L64+4
 1239 001a 23F04003 		bic	r3, r3, #64
 1240 001e C2F8E830 		str	r3, [r2, #232]
 437:Core/Src/tim.c **** 
 438:Core/Src/tim.c ****     /* TIM12 interrupt Deinit */
 439:Core/Src/tim.c ****     HAL_NVIC_DisableIRQ(TIM8_BRK_TIM12_IRQn);
 1241              		.loc 1 439 5
 1242 0022 2B20     		movs	r0, #43
 1243 0024 FFF7FEFF 		bl	HAL_NVIC_DisableIRQ
 440:Core/Src/tim.c ****   /* USER CODE BEGIN TIM12_MspDeInit 1 */
 441:Core/Src/tim.c **** 
 442:Core/Src/tim.c ****   /* USER CODE END TIM12_MspDeInit 1 */
ARM GAS  C:\Users\fffff\AppData\Local\Temp\ccxENzOF.s 			page 31


 443:Core/Src/tim.c ****   }
 444:Core/Src/tim.c ****   else if(tim_baseHandle->Instance==TIM13)
 445:Core/Src/tim.c ****   {
 446:Core/Src/tim.c ****   /* USER CODE BEGIN TIM13_MspDeInit 0 */
 447:Core/Src/tim.c **** 
 448:Core/Src/tim.c ****   /* USER CODE END TIM13_MspDeInit 0 */
 449:Core/Src/tim.c ****     /* Peripheral clock disable */
 450:Core/Src/tim.c ****     __HAL_RCC_TIM13_CLK_DISABLE();
 451:Core/Src/tim.c **** 
 452:Core/Src/tim.c ****     /* TIM13 interrupt Deinit */
 453:Core/Src/tim.c ****     HAL_NVIC_DisableIRQ(TIM8_UP_TIM13_IRQn);
 454:Core/Src/tim.c ****   /* USER CODE BEGIN TIM13_MspDeInit 1 */
 455:Core/Src/tim.c **** 
 456:Core/Src/tim.c ****   /* USER CODE END TIM13_MspDeInit 1 */
 457:Core/Src/tim.c ****   }
 458:Core/Src/tim.c ****   else if(tim_baseHandle->Instance==TIM14)
 459:Core/Src/tim.c ****   {
 460:Core/Src/tim.c ****   /* USER CODE BEGIN TIM14_MspDeInit 0 */
 461:Core/Src/tim.c **** 
 462:Core/Src/tim.c ****   /* USER CODE END TIM14_MspDeInit 0 */
 463:Core/Src/tim.c ****     /* Peripheral clock disable */
 464:Core/Src/tim.c ****     __HAL_RCC_TIM14_CLK_DISABLE();
 465:Core/Src/tim.c **** 
 466:Core/Src/tim.c ****     /* TIM14 interrupt Deinit */
 467:Core/Src/tim.c ****     HAL_NVIC_DisableIRQ(TIM8_TRG_COM_TIM14_IRQn);
 468:Core/Src/tim.c ****   /* USER CODE BEGIN TIM14_MspDeInit 1 */
 469:Core/Src/tim.c **** 
 470:Core/Src/tim.c ****   /* USER CODE END TIM14_MspDeInit 1 */
 471:Core/Src/tim.c ****   }
 472:Core/Src/tim.c **** }
 1244              		.loc 1 472 1
 1245 0028 20E0     		b	.L63
 1246              	.L60:
 444:Core/Src/tim.c ****   {
 1247              		.loc 1 444 25
 1248 002a 7B68     		ldr	r3, [r7, #4]
 1249 002c 1B68     		ldr	r3, [r3]
 444:Core/Src/tim.c ****   {
 1250              		.loc 1 444 10
 1251 002e 134A     		ldr	r2, .L64+8
 1252 0030 9342     		cmp	r3, r2
 1253 0032 0BD1     		bne	.L62
 450:Core/Src/tim.c **** 
 1254              		.loc 1 450 5
 1255 0034 104B     		ldr	r3, .L64+4
 1256 0036 D3F8E830 		ldr	r3, [r3, #232]
 1257 003a 0F4A     		ldr	r2, .L64+4
 1258 003c 23F08003 		bic	r3, r3, #128
 1259 0040 C2F8E830 		str	r3, [r2, #232]
 453:Core/Src/tim.c ****   /* USER CODE BEGIN TIM13_MspDeInit 1 */
 1260              		.loc 1 453 5
 1261 0044 2C20     		movs	r0, #44
 1262 0046 FFF7FEFF 		bl	HAL_NVIC_DisableIRQ
 1263              		.loc 1 472 1
 1264 004a 0FE0     		b	.L63
 1265              	.L62:
 458:Core/Src/tim.c ****   {
ARM GAS  C:\Users\fffff\AppData\Local\Temp\ccxENzOF.s 			page 32


 1266              		.loc 1 458 25
 1267 004c 7B68     		ldr	r3, [r7, #4]
 1268 004e 1B68     		ldr	r3, [r3]
 458:Core/Src/tim.c ****   {
 1269              		.loc 1 458 10
 1270 0050 0B4A     		ldr	r2, .L64+12
 1271 0052 9342     		cmp	r3, r2
 1272 0054 0AD1     		bne	.L63
 464:Core/Src/tim.c **** 
 1273              		.loc 1 464 5
 1274 0056 084B     		ldr	r3, .L64+4
 1275 0058 D3F8E830 		ldr	r3, [r3, #232]
 1276 005c 064A     		ldr	r2, .L64+4
 1277 005e 23F48073 		bic	r3, r3, #256
 1278 0062 C2F8E830 		str	r3, [r2, #232]
 467:Core/Src/tim.c ****   /* USER CODE BEGIN TIM14_MspDeInit 1 */
 1279              		.loc 1 467 5
 1280 0066 2D20     		movs	r0, #45
 1281 0068 FFF7FEFF 		bl	HAL_NVIC_DisableIRQ
 1282              	.L63:
 1283              		.loc 1 472 1
 1284 006c 00BF     		nop
 1285 006e 0837     		adds	r7, r7, #8
 1286              	.LCFI44:
 1287              		.cfi_def_cfa_offset 8
 1288 0070 BD46     		mov	sp, r7
 1289              	.LCFI45:
 1290              		.cfi_def_cfa_register 13
 1291              		@ sp needed
 1292 0072 80BD     		pop	{r7, pc}
 1293              	.L65:
 1294              		.align	2
 1295              	.L64:
 1296 0074 00180040 		.word	1073747968
 1297 0078 00440258 		.word	1476543488
 1298 007c 001C0040 		.word	1073748992
 1299 0080 00200040 		.word	1073750016
 1300              		.cfi_endproc
 1301              	.LFE153:
 1303              		.text
 1304              	.Letext0:
 1305              		.file 2 "Drivers/CMSIS/Device/ST/STM32H7xx/Include/stm32h723xx.h"
 1306              		.file 3 "C:/msys64/mingw64/arm-none-eabi/include/machine/_default_types.h"
 1307              		.file 4 "C:/msys64/mingw64/arm-none-eabi/include/sys/_stdint.h"
 1308              		.file 5 "Drivers/STM32H7xx_HAL_Driver/Inc/stm32h7xx_hal_def.h"
 1309              		.file 6 "Drivers/STM32H7xx_HAL_Driver/Inc/stm32h7xx_hal_gpio.h"
 1310              		.file 7 "Drivers/STM32H7xx_HAL_Driver/Inc/stm32h7xx_hal_dma.h"
 1311              		.file 8 "Drivers/STM32H7xx_HAL_Driver/Inc/stm32h7xx_hal_tim.h"
 1312              		.file 9 "Core/Inc/tim.h"
 1313              		.file 10 "Drivers/STM32H7xx_HAL_Driver/Inc/stm32h7xx_hal_cortex.h"
 1314              		.file 11 "Drivers/STM32H7xx_HAL_Driver/Inc/stm32h7xx_hal_tim_ex.h"
 1315              		.file 12 "Core/Inc/main.h"
ARM GAS  C:\Users\fffff\AppData\Local\Temp\ccxENzOF.s 			page 33


DEFINED SYMBOLS
                            *ABS*:00000000 tim.c
C:\Users\fffff\AppData\Local\Temp\ccxENzOF.s:24     .bss.htim1:00000000 htim1
C:\Users\fffff\AppData\Local\Temp\ccxENzOF.s:21     .bss.htim1:00000000 $d
C:\Users\fffff\AppData\Local\Temp\ccxENzOF.s:31     .bss.htim3:00000000 htim3
C:\Users\fffff\AppData\Local\Temp\ccxENzOF.s:28     .bss.htim3:00000000 $d
C:\Users\fffff\AppData\Local\Temp\ccxENzOF.s:38     .bss.htim12:00000000 htim12
C:\Users\fffff\AppData\Local\Temp\ccxENzOF.s:35     .bss.htim12:00000000 $d
C:\Users\fffff\AppData\Local\Temp\ccxENzOF.s:45     .bss.htim13:00000000 htim13
C:\Users\fffff\AppData\Local\Temp\ccxENzOF.s:42     .bss.htim13:00000000 $d
C:\Users\fffff\AppData\Local\Temp\ccxENzOF.s:52     .bss.htim14:00000000 htim14
C:\Users\fffff\AppData\Local\Temp\ccxENzOF.s:49     .bss.htim14:00000000 $d
C:\Users\fffff\AppData\Local\Temp\ccxENzOF.s:55     .text.MX_TIM1_Init:00000000 $t
C:\Users\fffff\AppData\Local\Temp\ccxENzOF.s:61     .text.MX_TIM1_Init:00000000 MX_TIM1_Init
C:\Users\fffff\AppData\Local\Temp\ccxENzOF.s:950    .text.HAL_TIM_MspPostInit:00000000 HAL_TIM_MspPostInit
C:\Users\fffff\AppData\Local\Temp\ccxENzOF.s:270    .text.MX_TIM1_Init:00000134 $d
C:\Users\fffff\AppData\Local\Temp\ccxENzOF.s:276    .text.MX_TIM3_Init:00000000 $t
C:\Users\fffff\AppData\Local\Temp\ccxENzOF.s:282    .text.MX_TIM3_Init:00000000 MX_TIM3_Init
C:\Users\fffff\AppData\Local\Temp\ccxENzOF.s:408    .text.MX_TIM3_Init:000000ac $d
C:\Users\fffff\AppData\Local\Temp\ccxENzOF.s:414    .text.MX_TIM12_Init:00000000 $t
C:\Users\fffff\AppData\Local\Temp\ccxENzOF.s:420    .text.MX_TIM12_Init:00000000 MX_TIM12_Init
C:\Users\fffff\AppData\Local\Temp\ccxENzOF.s:578    .text.MX_TIM12_Init:000000e4 $d
C:\Users\fffff\AppData\Local\Temp\ccxENzOF.s:584    .text.MX_TIM13_Init:00000000 $t
C:\Users\fffff\AppData\Local\Temp\ccxENzOF.s:590    .text.MX_TIM13_Init:00000000 MX_TIM13_Init
C:\Users\fffff\AppData\Local\Temp\ccxENzOF.s:644    .text.MX_TIM13_Init:00000040 $d
C:\Users\fffff\AppData\Local\Temp\ccxENzOF.s:650    .text.MX_TIM14_Init:00000000 $t
C:\Users\fffff\AppData\Local\Temp\ccxENzOF.s:656    .text.MX_TIM14_Init:00000000 MX_TIM14_Init
C:\Users\fffff\AppData\Local\Temp\ccxENzOF.s:710    .text.MX_TIM14_Init:00000040 $d
C:\Users\fffff\AppData\Local\Temp\ccxENzOF.s:716    .text.HAL_TIM_PWM_MspInit:00000000 $t
C:\Users\fffff\AppData\Local\Temp\ccxENzOF.s:722    .text.HAL_TIM_PWM_MspInit:00000000 HAL_TIM_PWM_MspInit
C:\Users\fffff\AppData\Local\Temp\ccxENzOF.s:801    .text.HAL_TIM_PWM_MspInit:00000068 $d
C:\Users\fffff\AppData\Local\Temp\ccxENzOF.s:808    .text.HAL_TIM_Base_MspInit:00000000 $t
C:\Users\fffff\AppData\Local\Temp\ccxENzOF.s:814    .text.HAL_TIM_Base_MspInit:00000000 HAL_TIM_Base_MspInit
C:\Users\fffff\AppData\Local\Temp\ccxENzOF.s:936    .text.HAL_TIM_Base_MspInit:000000bc $d
C:\Users\fffff\AppData\Local\Temp\ccxENzOF.s:944    .text.HAL_TIM_MspPostInit:00000000 $t
C:\Users\fffff\AppData\Local\Temp\ccxENzOF.s:1116   .text.HAL_TIM_MspPostInit:00000100 $d
C:\Users\fffff\AppData\Local\Temp\ccxENzOF.s:1126   .text.HAL_TIM_PWM_MspDeInit:00000000 $t
C:\Users\fffff\AppData\Local\Temp\ccxENzOF.s:1132   .text.HAL_TIM_PWM_MspDeInit:00000000 HAL_TIM_PWM_MspDeInit
C:\Users\fffff\AppData\Local\Temp\ccxENzOF.s:1197   .text.HAL_TIM_PWM_MspDeInit:0000004c $d
C:\Users\fffff\AppData\Local\Temp\ccxENzOF.s:1204   .text.HAL_TIM_Base_MspDeInit:00000000 $t
C:\Users\fffff\AppData\Local\Temp\ccxENzOF.s:1210   .text.HAL_TIM_Base_MspDeInit:00000000 HAL_TIM_Base_MspDeInit
C:\Users\fffff\AppData\Local\Temp\ccxENzOF.s:1296   .text.HAL_TIM_Base_MspDeInit:00000074 $d

UNDEFINED SYMBOLS
memset
HAL_TIM_PWM_Init
Error_Handler
HAL_TIMEx_MasterConfigSynchronization
HAL_TIM_PWM_ConfigChannel
HAL_TIMEx_ConfigBreakDeadTime
HAL_TIM_Base_Init
HAL_TIM_ConfigClockSource
HAL_NVIC_SetPriority
HAL_NVIC_EnableIRQ
HAL_GPIO_Init
HAL_NVIC_DisableIRQ
