ARM GAS  C:\Users\23671\AppData\Local\Temp\cceAnakv.s 			page 1


   1              		.cpu cortex-m7
   2              		.arch armv7e-m
   3              		.fpu fpv5-d16
   4              		.eabi_attribute 28, 1
   5              		.eabi_attribute 20, 1
   6              		.eabi_attribute 21, 1
   7              		.eabi_attribute 23, 3
   8              		.eabi_attribute 24, 1
   9              		.eabi_attribute 25, 1
  10              		.eabi_attribute 26, 1
  11              		.eabi_attribute 30, 6
  12              		.eabi_attribute 34, 1
  13              		.eabi_attribute 18, 4
  14              		.file	"ui.c"
  15              		.text
  16              	.Ltext0:
  17              		.cfi_sections	.debug_frame
  18              		.file 1 "User/Software/ui.c"
  19              		.section	.text.ui_init,"ax",%progbits
  20              		.align	1
  21              		.global	ui_init
  22              		.syntax unified
  23              		.thumb
  24              		.thumb_func
  26              	ui_init:
  27              	.LFB151:
   1:User/Software/ui.c **** #include "ui.h"
   2:User/Software/ui.c **** #include "FreeRTOS.h"
   3:User/Software/ui.c **** #include "cmsis_os2.h"
   4:User/Software/ui.c **** #include "Global_status.h"
   5:User/Software/ui.c **** #include "supercup.h"
   6:User/Software/ui.c **** 
   7:User/Software/ui.c **** void ui_init()
   8:User/Software/ui.c **** {
  28              		.loc 1 8 1
  29              		.cfi_startproc
  30              		@ args = 0, pretend = 0, frame = 0
  31              		@ frame_needed = 1, uses_anonymous_args = 0
  32 0000 80B5     		push	{r7, lr}
  33              	.LCFI0:
  34              		.cfi_def_cfa_offset 8
  35              		.cfi_offset 7, -8
  36              		.cfi_offset 14, -4
  37 0002 00AF     		add	r7, sp, #0
  38              	.LCFI1:
  39              		.cfi_def_cfa_register 7
   9:User/Software/ui.c ****   ui_init_Omni_Shoot_Low();
  40              		.loc 1 9 3
  41 0004 FFF7FEFF 		bl	_ui_init_Omni_Shoot_Low_0
  10:User/Software/ui.c ****   osDelay(20);
  42              		.loc 1 10 3
  43 0008 1420     		movs	r0, #20
  44 000a FFF7FEFF 		bl	osDelay
  11:User/Software/ui.c ****   ui_init_Omni_Chassis_high();
  45              		.loc 1 11 3
  46 000e FFF7FEFF 		bl	_ui_init_Omni_Chassis_high_0
  12:User/Software/ui.c ****   osDelay(20);
ARM GAS  C:\Users\23671\AppData\Local\Temp\cceAnakv.s 			page 2


  47              		.loc 1 12 3
  48 0012 1420     		movs	r0, #20
  49 0014 FFF7FEFF 		bl	osDelay
  13:User/Software/ui.c ****   ui_remove_Omni_Shoot_static();
  50              		.loc 1 13 3
  51 0018 FFF7FEFF 		bl	_ui_remove_Omni_Shoot_static_0
  14:User/Software/ui.c ****   osDelay(20);
  52              		.loc 1 14 3
  53 001c 1420     		movs	r0, #20
  54 001e FFF7FEFF 		bl	osDelay
  15:User/Software/ui.c **** }
  55              		.loc 1 15 1
  56 0022 00BF     		nop
  57 0024 80BD     		pop	{r7, pc}
  58              		.cfi_endproc
  59              	.LFE151:
  61              		.section	.text.ui_updata,"ax",%progbits
  62              		.align	1
  63              		.global	ui_updata
  64              		.syntax unified
  65              		.thumb
  66              		.thumb_func
  68              	ui_updata:
  69              	.LFB152:
  16:User/Software/ui.c **** 
  17:User/Software/ui.c **** void ui_updata()
  18:User/Software/ui.c **** {
  70              		.loc 1 18 1
  71              		.cfi_startproc
  72              		@ args = 0, pretend = 0, frame = 0
  73              		@ frame_needed = 1, uses_anonymous_args = 0
  74 0000 80B5     		push	{r7, lr}
  75              	.LCFI2:
  76              		.cfi_def_cfa_offset 8
  77              		.cfi_offset 7, -8
  78              		.cfi_offset 14, -4
  79 0002 00AF     		add	r7, sp, #0
  80              	.LCFI3:
  81              		.cfi_def_cfa_register 7
  19:User/Software/ui.c ****   ui_update_Omni_Chassis_high();
  82              		.loc 1 19 3
  83 0004 FFF7FEFF 		bl	_ui_update_Omni_Chassis_high_0
  20:User/Software/ui.c ****   osDelay(5);
  84              		.loc 1 20 3
  85 0008 0520     		movs	r0, #5
  86 000a FFF7FEFF 		bl	osDelay
  21:User/Software/ui.c ****   ui_update_Omni_Shoot_Low();
  87              		.loc 1 21 3
  88 000e FFF7FEFF 		bl	_ui_update_Omni_Shoot_Low_0
  22:User/Software/ui.c ****   osDelay(5);
  89              		.loc 1 22 3
  90 0012 0520     		movs	r0, #5
  91 0014 FFF7FEFF 		bl	osDelay
  23:User/Software/ui.c **** }
  92              		.loc 1 23 1
  93 0018 00BF     		nop
  94 001a 80BD     		pop	{r7, pc}
ARM GAS  C:\Users\23671\AppData\Local\Temp\cceAnakv.s 			page 3


  95              		.cfi_endproc
  96              	.LFE152:
  98              		.section	.text.Supercapui_change,"ax",%progbits
  99              		.align	1
 100              		.global	Supercapui_change
 101              		.syntax unified
 102              		.thumb
 103              		.thumb_func
 105              	Supercapui_change:
 106              	.LFB153:
  24:User/Software/ui.c **** 
  25:User/Software/ui.c **** void Supercapui_change(float votage)
  26:User/Software/ui.c **** {
 107              		.loc 1 26 1
 108              		.cfi_startproc
 109              		@ args = 0, pretend = 0, frame = 16
 110              		@ frame_needed = 1, uses_anonymous_args = 0
 111              		@ link register save eliminated.
 112 0000 90B4     		push	{r4, r7}
 113              	.LCFI4:
 114              		.cfi_def_cfa_offset 8
 115              		.cfi_offset 4, -8
 116              		.cfi_offset 7, -4
 117 0002 84B0     		sub	sp, sp, #16
 118              	.LCFI5:
 119              		.cfi_def_cfa_offset 24
 120 0004 00AF     		add	r7, sp, #0
 121              	.LCFI6:
 122              		.cfi_def_cfa_register 7
 123 0006 87ED010A 		vstr.32	s0, [r7, #4]
  27:User/Software/ui.c ****   float cnt = votage * votage;
 124              		.loc 1 27 9
 125 000a D7ED017A 		vldr.32	s15, [r7, #4]
 126 000e 67EEA77A 		vmul.f32	s15, s15, s15
 127 0012 C7ED027A 		vstr.32	s15, [r7, #8]
  28:User/Software/ui.c ****   float percent = (cnt - 49.0f) / 480.0f;
 128              		.loc 1 28 24
 129 0016 D7ED027A 		vldr.32	s15, [r7, #8]
 130 001a 9FED617A 		vldr.32	s14, .L22+16
 131 001e 37EEC77A 		vsub.f32	s14, s15, s14
 132              		.loc 1 28 9
 133 0022 DFED606A 		vldr.32	s13, .L22+20
 134 0026 C7EE267A 		vdiv.f32	s15, s14, s13
 135 002a C7ED037A 		vstr.32	s15, [r7, #12]
  29:User/Software/ui.c ****   if (percent >= 1)
 136              		.loc 1 29 6
 137 002e D7ED037A 		vldr.32	s15, [r7, #12]
 138 0032 B7EE007A 		vmov.f32	s14, #1.0e+0
 139 0036 F4EEC77A 		vcmpe.f32	s15, s14
 140 003a F1EE10FA 		vmrs	APSR_nzcv, FPSCR
 141 003e 02DB     		blt	.L4
  30:User/Software/ui.c ****     percent = 1;
 142              		.loc 1 30 13
 143 0040 4FF07E53 		mov	r3, #1065353216
 144 0044 FB60     		str	r3, [r7, #12]	@ float
 145              	.L4:
  31:User/Software/ui.c ****   if (percent <= 0)
ARM GAS  C:\Users\23671\AppData\Local\Temp\cceAnakv.s 			page 4


 146              		.loc 1 31 6
 147 0046 D7ED037A 		vldr.32	s15, [r7, #12]
 148 004a F5EEC07A 		vcmpe.f32	s15, #0
 149 004e F1EE10FA 		vmrs	APSR_nzcv, FPSCR
 150 0052 02D8     		bhi	.L6
  32:User/Software/ui.c ****     percent = 0;
 151              		.loc 1 32 13
 152 0054 4FF00003 		mov	r3, #0
 153 0058 FB60     		str	r3, [r7, #12]	@ float
 154              	.L6:
  33:User/Software/ui.c ****   if (percent >= 0.6)
 155              		.loc 1 33 15
 156 005a D7ED037A 		vldr.32	s15, [r7, #12]
 157 005e B7EEE77A 		vcvt.f64.f32	d7, s15
 158              		.loc 1 33 6
 159 0062 9FED4B6B 		vldr.64	d6, .L22
 160 0066 B4EEC67B 		vcmpe.f64	d7, d6
 161 006a F1EE10FA 		vmrs	APSR_nzcv, FPSCR
 162 006e 06DB     		blt	.L8
  34:User/Software/ui.c ****     ui_Omni_Chassis_high_Supercap_Line->color = 2; // 绿色
 163              		.loc 1 34 39
 164 0070 4D4B     		ldr	r3, .L22+24
 165 0072 1A68     		ldr	r2, [r3]
 166              		.loc 1 34 47
 167 0074 1379     		ldrb	r3, [r2, #4]
 168 0076 0221     		movs	r1, #2
 169 0078 61F38503 		bfi	r3, r1, #2, #4
 170 007c 1371     		strb	r3, [r2, #4]
 171              	.L8:
  35:User/Software/ui.c ****   if (percent <= 0.6)
 172              		.loc 1 35 15
 173 007e D7ED037A 		vldr.32	s15, [r7, #12]
 174 0082 B7EEE77A 		vcvt.f64.f32	d7, s15
 175              		.loc 1 35 6
 176 0086 9FED426B 		vldr.64	d6, .L22
 177 008a B4EEC67B 		vcmpe.f64	d7, d6
 178 008e F1EE10FA 		vmrs	APSR_nzcv, FPSCR
 179 0092 06D8     		bhi	.L10
  36:User/Software/ui.c ****     ui_Omni_Chassis_high_Supercap_Line->color = 3; // 橙色
 180              		.loc 1 36 39
 181 0094 444B     		ldr	r3, .L22+24
 182 0096 1A68     		ldr	r2, [r3]
 183              		.loc 1 36 47
 184 0098 1379     		ldrb	r3, [r2, #4]
 185 009a 0321     		movs	r1, #3
 186 009c 61F38503 		bfi	r3, r1, #2, #4
 187 00a0 1371     		strb	r3, [r2, #4]
 188              	.L10:
  37:User/Software/ui.c ****   if (percent <= 0.3)
 189              		.loc 1 37 15
 190 00a2 D7ED037A 		vldr.32	s15, [r7, #12]
 191 00a6 B7EEE77A 		vcvt.f64.f32	d7, s15
 192              		.loc 1 37 6
 193 00aa 9FED3B6B 		vldr.64	d6, .L22+8
 194 00ae B4EEC67B 		vcmpe.f64	d7, d6
 195 00b2 F1EE10FA 		vmrs	APSR_nzcv, FPSCR
 196 00b6 06D8     		bhi	.L12
ARM GAS  C:\Users\23671\AppData\Local\Temp\cceAnakv.s 			page 5


  38:User/Software/ui.c ****     ui_Omni_Chassis_high_Supercap_Line->color = 4; // 紫红色
 197              		.loc 1 38 39
 198 00b8 3B4B     		ldr	r3, .L22+24
 199 00ba 1A68     		ldr	r2, [r3]
 200              		.loc 1 38 47
 201 00bc 1379     		ldrb	r3, [r2, #4]
 202 00be 0421     		movs	r1, #4
 203 00c0 61F38503 		bfi	r3, r1, #2, #4
 204 00c4 1371     		strb	r3, [r2, #4]
 205              	.L12:
  39:User/Software/ui.c ****   ui_Omni_Chassis_high_Supercap_Line->end_x = ui_Omni_Chassis_high_Supercap_Line->start_x + 980.0f 
 206              		.loc 1 39 81
 207 00c6 384B     		ldr	r3, .L22+24
 208 00c8 1B68     		ldr	r3, [r3]
 209 00ca 1A7A     		ldrb	r2, [r3, #8]	@ zero_extendqisi2
 210 00cc 9208     		lsrs	r2, r2, #2
 211 00ce D2B2     		uxtb	r2, r2
 212 00d0 5B7A     		ldrb	r3, [r3, #9]	@ zero_extendqisi2
 213 00d2 03F01F03 		and	r3, r3, #31
 214 00d6 9B01     		lsls	r3, r3, #6
 215 00d8 1343     		orrs	r3, r3, r2
 216 00da 9BB2     		uxth	r3, r3
 217 00dc 07EE903A 		vmov	s15, r3	@ int
 218              		.loc 1 39 91
 219 00e0 B8EEE77A 		vcvt.f32.s32	s14, s15
 220              		.loc 1 39 100
 221 00e4 D7ED037A 		vldr.32	s15, [r7, #12]
 222 00e8 DFED306A 		vldr.32	s13, .L22+28
 223 00ec 67EEA67A 		vmul.f32	s15, s15, s13
 224              		.loc 1 39 91
 225 00f0 77EE277A 		vadd.f32	s15, s14, s15
 226              		.loc 1 39 37
 227 00f4 2C4B     		ldr	r3, .L22+24
 228 00f6 1B68     		ldr	r3, [r3]
 229              		.loc 1 39 45
 230 00f8 FCEEE77A 		vcvt.u32.f32	s15, s15
 231 00fc 17EE902A 		vmov	r2, s15	@ int
 232 0100 92B2     		uxth	r2, r2
 233 0102 02F03F01 		and	r1, r2, #63
 234 0106 8C00     		lsls	r4, r1, #2
 235 0108 197B     		ldrb	r1, [r3, #12]
 236 010a 01F00301 		and	r1, r1, #3
 237 010e 0846     		mov	r0, r1
 238 0110 2146     		mov	r1, r4
 239 0112 0143     		orrs	r1, r1, r0
 240 0114 1973     		strb	r1, [r3, #12]
 241 0116 9209     		lsrs	r2, r2, #6
 242 0118 92B2     		uxth	r2, r2
 243 011a 02F01F02 		and	r2, r2, #31
 244 011e 02F01F00 		and	r0, r2, #31
 245 0122 5A7B     		ldrb	r2, [r3, #13]
 246 0124 22F01F02 		bic	r2, r2, #31
 247 0128 1146     		mov	r1, r2
 248 012a 0246     		mov	r2, r0
 249 012c 0A43     		orrs	r2, r2, r1
 250 012e 5A73     		strb	r2, [r3, #13]
  40:User/Software/ui.c **** 
ARM GAS  C:\Users\23671\AppData\Local\Temp\cceAnakv.s 			page 6


  41:User/Software/ui.c ****   if (Global.Cap.mode != FULL)
 251              		.loc 1 41 17
 252 0130 1F4B     		ldr	r3, .L22+32
 253 0132 93F83830 		ldrb	r3, [r3, #56]	@ zero_extendqisi2
 254              		.loc 1 41 6
 255 0136 012B     		cmp	r3, #1
 256 0138 11D0     		beq	.L14
  42:User/Software/ui.c ****   {
  43:User/Software/ui.c ****     ui_Omni_Chassis_high_Supercap_rect->color = 6;
 257              		.loc 1 43 39
 258 013a 1E4B     		ldr	r3, .L22+36
 259 013c 1A68     		ldr	r2, [r3]
 260              		.loc 1 43 47
 261 013e 1379     		ldrb	r3, [r2, #4]
 262 0140 0621     		movs	r1, #6
 263 0142 61F38503 		bfi	r3, r1, #2, #4
 264 0146 1371     		strb	r3, [r2, #4]
  44:User/Software/ui.c ****     ui_Omni_Chassis_high_Supercap_rect->width = 1;
 265              		.loc 1 44 39
 266 0148 1A4B     		ldr	r3, .L22+36
 267 014a 1B68     		ldr	r3, [r3]
 268              		.loc 1 44 47
 269 014c 0022     		movs	r2, #0
 270 014e 42F00102 		orr	r2, r2, #1
 271 0152 DA71     		strb	r2, [r3, #7]
 272 0154 1A7A     		ldrb	r2, [r3, #8]
 273 0156 22F00302 		bic	r2, r2, #3
 274 015a 1A72     		strb	r2, [r3, #8]
  45:User/Software/ui.c ****   }
  46:User/Software/ui.c ****   else
  47:User/Software/ui.c ****   {
  48:User/Software/ui.c ****     ui_Omni_Chassis_high_Supercap_rect->color = 1;
  49:User/Software/ui.c ****     ui_Omni_Chassis_high_Supercap_rect->width = 8;
  50:User/Software/ui.c ****   }
  51:User/Software/ui.c **** }
 275              		.loc 1 51 1
 276 015c 10E0     		b	.L21
 277              	.L14:
  48:User/Software/ui.c ****     ui_Omni_Chassis_high_Supercap_rect->width = 8;
 278              		.loc 1 48 39
 279 015e 154B     		ldr	r3, .L22+36
 280 0160 1A68     		ldr	r2, [r3]
  48:User/Software/ui.c ****     ui_Omni_Chassis_high_Supercap_rect->width = 8;
 281              		.loc 1 48 47
 282 0162 1379     		ldrb	r3, [r2, #4]
 283 0164 0121     		movs	r1, #1
 284 0166 61F38503 		bfi	r3, r1, #2, #4
 285 016a 1371     		strb	r3, [r2, #4]
  49:User/Software/ui.c ****   }
 286              		.loc 1 49 39
 287 016c 114B     		ldr	r3, .L22+36
 288 016e 1B68     		ldr	r3, [r3]
  49:User/Software/ui.c ****   }
 289              		.loc 1 49 47
 290 0170 0022     		movs	r2, #0
 291 0172 42F00802 		orr	r2, r2, #8
 292 0176 DA71     		strb	r2, [r3, #7]
ARM GAS  C:\Users\23671\AppData\Local\Temp\cceAnakv.s 			page 7


 293 0178 1A7A     		ldrb	r2, [r3, #8]
 294 017a 22F00302 		bic	r2, r2, #3
 295 017e 1A72     		strb	r2, [r3, #8]
 296              	.L21:
 297              		.loc 1 51 1
 298 0180 00BF     		nop
 299 0182 1037     		adds	r7, r7, #16
 300              	.LCFI7:
 301              		.cfi_def_cfa_offset 8
 302 0184 BD46     		mov	sp, r7
 303              	.LCFI8:
 304              		.cfi_def_cfa_register 13
 305              		@ sp needed
 306 0186 90BC     		pop	{r4, r7}
 307              	.LCFI9:
 308              		.cfi_restore 7
 309              		.cfi_restore 4
 310              		.cfi_def_cfa_offset 0
 311 0188 7047     		bx	lr
 312              	.L23:
 313 018a 00BFAFF3 		.align	3
 313      0080
 314              	.L22:
 315 0190 33333333 		.word	858993459
 316 0194 3333E33F 		.word	1071854387
 317 0198 33333333 		.word	858993459
 318 019c 3333D33F 		.word	1070805811
 319 01a0 00004442 		.word	1111752704
 320 01a4 0000F043 		.word	1139802112
 321 01a8 00000000 		.word	ui_Omni_Chassis_high_Supercap_Line
 322 01ac 00007544 		.word	1148518400
 323 01b0 00000000 		.word	Global
 324 01b4 00000000 		.word	ui_Omni_Chassis_high_Supercap_rect
 325              		.cfi_endproc
 326              	.LFE153:
 328              		.section	.text.Shootui_change,"ax",%progbits
 329              		.align	1
 330              		.global	Shootui_change
 331              		.syntax unified
 332              		.thumb
 333              		.thumb_func
 335              	Shootui_change:
 336              	.LFB154:
  52:User/Software/ui.c **** 
  53:User/Software/ui.c **** void Shootui_change()
  54:User/Software/ui.c **** {
 337              		.loc 1 54 1
 338              		.cfi_startproc
 339              		@ args = 0, pretend = 0, frame = 0
 340              		@ frame_needed = 1, uses_anonymous_args = 0
 341              		@ link register save eliminated.
 342 0000 80B4     		push	{r7}
 343              	.LCFI10:
 344              		.cfi_def_cfa_offset 4
 345              		.cfi_offset 7, -4
 346 0002 00AF     		add	r7, sp, #0
 347              	.LCFI11:
ARM GAS  C:\Users\23671\AppData\Local\Temp\cceAnakv.s 			page 8


 348              		.cfi_def_cfa_register 7
  55:User/Software/ui.c ****   // 摩擦轮
  56:User/Software/ui.c ****   if (Global.Shoot.shoot_status == OK)
 349              		.loc 1 56 19
 350 0004 134B     		ldr	r3, .L28
 351 0006 93F82230 		ldrb	r3, [r3, #34]	@ zero_extendqisi2
 352              		.loc 1 56 6
 353 000a 012B     		cmp	r3, #1
 354 000c 0ED1     		bne	.L25
  57:User/Software/ui.c ****   {
  58:User/Software/ui.c ****     ui_Omni_Shoot_Low_Shoot_Round->color = 2; // 开启绿色
 355              		.loc 1 58 34
 356 000e 124B     		ldr	r3, .L28+4
 357 0010 1A68     		ldr	r2, [r3]
 358              		.loc 1 58 42
 359 0012 1379     		ldrb	r3, [r2, #4]
 360 0014 0221     		movs	r1, #2
 361 0016 61F38503 		bfi	r3, r1, #2, #4
 362 001a 1371     		strb	r3, [r2, #4]
  59:User/Software/ui.c ****     ui_Omni_Shoot_Low_Shootend_Round->color = 2;
 363              		.loc 1 59 37
 364 001c 0F4B     		ldr	r3, .L28+8
 365 001e 1A68     		ldr	r2, [r3]
 366              		.loc 1 59 45
 367 0020 1379     		ldrb	r3, [r2, #4]
 368 0022 0221     		movs	r1, #2
 369 0024 61F38503 		bfi	r3, r1, #2, #4
 370 0028 1371     		strb	r3, [r2, #4]
  60:User/Software/ui.c ****   }
  61:User/Software/ui.c ****   else
  62:User/Software/ui.c ****   {
  63:User/Software/ui.c ****     ui_Omni_Shoot_Low_Shoot_Round->color = 4; // 关闭紫红色
  64:User/Software/ui.c ****     ui_Omni_Shoot_Low_Shootend_Round->color = 2;
  65:User/Software/ui.c ****   }
  66:User/Software/ui.c **** }
 371              		.loc 1 66 1
 372 002a 0DE0     		b	.L27
 373              	.L25:
  63:User/Software/ui.c ****     ui_Omni_Shoot_Low_Shootend_Round->color = 2;
 374              		.loc 1 63 34
 375 002c 0A4B     		ldr	r3, .L28+4
 376 002e 1A68     		ldr	r2, [r3]
  63:User/Software/ui.c ****     ui_Omni_Shoot_Low_Shootend_Round->color = 2;
 377              		.loc 1 63 42
 378 0030 1379     		ldrb	r3, [r2, #4]
 379 0032 0421     		movs	r1, #4
 380 0034 61F38503 		bfi	r3, r1, #2, #4
 381 0038 1371     		strb	r3, [r2, #4]
  64:User/Software/ui.c ****   }
 382              		.loc 1 64 37
 383 003a 084B     		ldr	r3, .L28+8
 384 003c 1A68     		ldr	r2, [r3]
  64:User/Software/ui.c ****   }
 385              		.loc 1 64 45
 386 003e 1379     		ldrb	r3, [r2, #4]
 387 0040 0221     		movs	r1, #2
 388 0042 61F38503 		bfi	r3, r1, #2, #4
ARM GAS  C:\Users\23671\AppData\Local\Temp\cceAnakv.s 			page 9


 389 0046 1371     		strb	r3, [r2, #4]
 390              	.L27:
 391              		.loc 1 66 1
 392 0048 00BF     		nop
 393 004a BD46     		mov	sp, r7
 394              	.LCFI12:
 395              		.cfi_def_cfa_register 13
 396              		@ sp needed
 397 004c 5DF8047B 		ldr	r7, [sp], #4
 398              	.LCFI13:
 399              		.cfi_restore 7
 400              		.cfi_def_cfa_offset 0
 401 0050 7047     		bx	lr
 402              	.L29:
 403 0052 00BF     		.align	2
 404              	.L28:
 405 0054 00000000 		.word	Global
 406 0058 00000000 		.word	ui_Omni_Shoot_Low_Shoot_Round
 407 005c 00000000 		.word	ui_Omni_Shoot_Low_Shootend_Round
 408              		.cfi_endproc
 409              	.LFE154:
 411              		.section	.text.Chassisui_change,"ax",%progbits
 412              		.align	1
 413              		.global	Chassisui_change
 414              		.syntax unified
 415              		.thumb
 416              		.thumb_func
 418              	Chassisui_change:
 419              	.LFB155:
  67:User/Software/ui.c **** 
  68:User/Software/ui.c **** void Chassisui_change(float angle)
  69:User/Software/ui.c **** {
 420              		.loc 1 69 1
 421              		.cfi_startproc
 422              		@ args = 0, pretend = 0, frame = 16
 423              		@ frame_needed = 1, uses_anonymous_args = 0
 424              		@ link register save eliminated.
 425 0000 90B4     		push	{r4, r7}
 426              	.LCFI14:
 427              		.cfi_def_cfa_offset 8
 428              		.cfi_offset 4, -8
 429              		.cfi_offset 7, -4
 430 0002 84B0     		sub	sp, sp, #16
 431              	.LCFI15:
 432              		.cfi_def_cfa_offset 24
 433 0004 00AF     		add	r7, sp, #0
 434              	.LCFI16:
 435              		.cfi_def_cfa_register 7
 436 0006 87ED010A 		vstr.32	s0, [r7, #4]
  70:User/Software/ui.c ****   float angle_start, angle_end;
  71:User/Software/ui.c ****   if (angle > 360)
 437              		.loc 1 71 6
 438 000a D7ED017A 		vldr.32	s15, [r7, #4]
 439 000e 9FED5E7A 		vldr.32	s14, .L50
 440 0012 F4EEC77A 		vcmpe.f32	s15, s14
 441 0016 F1EE10FA 		vmrs	APSR_nzcv, FPSCR
 442 001a 07DD     		ble	.L31
ARM GAS  C:\Users\23671\AppData\Local\Temp\cceAnakv.s 			page 10


  72:User/Software/ui.c ****     angle -= 360;
 443              		.loc 1 72 11
 444 001c D7ED017A 		vldr.32	s15, [r7, #4]
 445 0020 9FED597A 		vldr.32	s14, .L50
 446 0024 77EEC77A 		vsub.f32	s15, s15, s14
 447 0028 C7ED017A 		vstr.32	s15, [r7, #4]
 448              	.L31:
  73:User/Software/ui.c ****   angle_start = angle - 20.0f;
 449              		.loc 1 73 15
 450 002c D7ED017A 		vldr.32	s15, [r7, #4]
 451 0030 B3EE047A 		vmov.f32	s14, #2.0e+1
 452 0034 77EEC77A 		vsub.f32	s15, s15, s14
 453 0038 C7ED037A 		vstr.32	s15, [r7, #12]
  74:User/Software/ui.c ****   angle_end = angle + 20.0f;
 454              		.loc 1 74 13
 455 003c D7ED017A 		vldr.32	s15, [r7, #4]
 456 0040 B3EE047A 		vmov.f32	s14, #2.0e+1
 457 0044 77EE877A 		vadd.f32	s15, s15, s14
 458 0048 C7ED027A 		vstr.32	s15, [r7, #8]
  75:User/Software/ui.c ****   if (angle_start <= 0.0f)
 459              		.loc 1 75 6
 460 004c D7ED037A 		vldr.32	s15, [r7, #12]
 461 0050 F5EEC07A 		vcmpe.f32	s15, #0
 462 0054 F1EE10FA 		vmrs	APSR_nzcv, FPSCR
 463 0058 07D8     		bhi	.L33
  76:User/Software/ui.c ****     angle_start += 360.0f;
 464              		.loc 1 76 17
 465 005a D7ED037A 		vldr.32	s15, [r7, #12]
 466 005e 9FED4A7A 		vldr.32	s14, .L50
 467 0062 77EE877A 		vadd.f32	s15, s15, s14
 468 0066 C7ED037A 		vstr.32	s15, [r7, #12]
 469              	.L33:
  77:User/Software/ui.c ****   if (angle_end <= 0.0f)
 470              		.loc 1 77 6
 471 006a D7ED027A 		vldr.32	s15, [r7, #8]
 472 006e F5EEC07A 		vcmpe.f32	s15, #0
 473 0072 F1EE10FA 		vmrs	APSR_nzcv, FPSCR
 474 0076 07D8     		bhi	.L35
  78:User/Software/ui.c ****     angle_end += 360.0f;
 475              		.loc 1 78 15
 476 0078 D7ED027A 		vldr.32	s15, [r7, #8]
 477 007c 9FED427A 		vldr.32	s14, .L50
 478 0080 77EE877A 		vadd.f32	s15, s15, s14
 479 0084 C7ED027A 		vstr.32	s15, [r7, #8]
 480              	.L35:
  79:User/Software/ui.c ****   if (angle_end >= 360.0f)
 481              		.loc 1 79 6
 482 0088 D7ED027A 		vldr.32	s15, [r7, #8]
 483 008c 9FED3E7A 		vldr.32	s14, .L50
 484 0090 F4EEC77A 		vcmpe.f32	s15, s14
 485 0094 F1EE10FA 		vmrs	APSR_nzcv, FPSCR
 486 0098 07DB     		blt	.L37
  80:User/Software/ui.c ****     angle_end -= 360.0f;
 487              		.loc 1 80 15
 488 009a D7ED027A 		vldr.32	s15, [r7, #8]
 489 009e 9FED3A7A 		vldr.32	s14, .L50
 490 00a2 77EEC77A 		vsub.f32	s15, s15, s14
ARM GAS  C:\Users\23671\AppData\Local\Temp\cceAnakv.s 			page 11


 491 00a6 C7ED027A 		vstr.32	s15, [r7, #8]
 492              	.L37:
  81:User/Software/ui.c ****   if (angle_start >= 360.0f)
 493              		.loc 1 81 6
 494 00aa D7ED037A 		vldr.32	s15, [r7, #12]
 495 00ae 9FED367A 		vldr.32	s14, .L50
 496 00b2 F4EEC77A 		vcmpe.f32	s15, s14
 497 00b6 F1EE10FA 		vmrs	APSR_nzcv, FPSCR
 498 00ba 07DB     		blt	.L39
  82:User/Software/ui.c ****     angle_start -= 360.0f;
 499              		.loc 1 82 17
 500 00bc D7ED037A 		vldr.32	s15, [r7, #12]
 501 00c0 9FED317A 		vldr.32	s14, .L50
 502 00c4 77EEC77A 		vsub.f32	s15, s15, s14
 503 00c8 C7ED037A 		vstr.32	s15, [r7, #12]
 504              	.L39:
  83:User/Software/ui.c ****   ui_Omni_Chassis_high_Chassis_arc->start_angle = angle_start;
 505              		.loc 1 83 35
 506 00cc 2F4B     		ldr	r3, .L50+4
 507 00ce 1B68     		ldr	r3, [r3]
 508              		.loc 1 83 49
 509 00d0 D7ED037A 		vldr.32	s15, [r7, #12]
 510 00d4 FCEEE77A 		vcvt.u32.f32	s15, s15
 511 00d8 17EE902A 		vmov	r2, s15	@ int
 512 00dc 92B2     		uxth	r2, r2
 513 00de 02F00301 		and	r1, r2, #3
 514 00e2 8C01     		lsls	r4, r1, #6
 515 00e4 1979     		ldrb	r1, [r3, #4]
 516 00e6 01F03F01 		and	r1, r1, #63
 517 00ea 0846     		mov	r0, r1
 518 00ec 2146     		mov	r1, r4
 519 00ee 0143     		orrs	r1, r1, r0
 520 00f0 1971     		strb	r1, [r3, #4]
 521 00f2 9208     		lsrs	r2, r2, #2
 522 00f4 92B2     		uxth	r2, r2
 523 00f6 02F07F02 		and	r2, r2, #127
 524 00fa 02F07F00 		and	r0, r2, #127
 525 00fe 5A79     		ldrb	r2, [r3, #5]
 526 0100 22F07F02 		bic	r2, r2, #127
 527 0104 1146     		mov	r1, r2
 528 0106 0246     		mov	r2, r0
 529 0108 0A43     		orrs	r2, r2, r1
 530 010a 5A71     		strb	r2, [r3, #5]
  84:User/Software/ui.c ****   ui_Omni_Chassis_high_Chassis_arc->end_angle = angle_end;
 531              		.loc 1 84 35
 532 010c 1F4B     		ldr	r3, .L50+4
 533 010e 1B68     		ldr	r3, [r3]
 534              		.loc 1 84 47
 535 0110 D7ED027A 		vldr.32	s15, [r7, #8]
 536 0114 FCEEE77A 		vcvt.u32.f32	s15, s15
 537 0118 17EE902A 		vmov	r2, s15	@ int
 538 011c 92B2     		uxth	r2, r2
 539 011e 02F00101 		and	r1, r2, #1
 540 0122 CC01     		lsls	r4, r1, #7
 541 0124 5979     		ldrb	r1, [r3, #5]
 542 0126 01F07F01 		and	r1, r1, #127
 543 012a 0846     		mov	r0, r1
ARM GAS  C:\Users\23671\AppData\Local\Temp\cceAnakv.s 			page 12


 544 012c 2146     		mov	r1, r4
 545 012e 0143     		orrs	r1, r1, r0
 546 0130 5971     		strb	r1, [r3, #5]
 547 0132 5208     		lsrs	r2, r2, #1
 548 0134 92B2     		uxth	r2, r2
 549 0136 D2B2     		uxtb	r2, r2
 550 0138 0021     		movs	r1, #0
 551 013a 0A43     		orrs	r2, r2, r1
 552 013c 9A71     		strb	r2, [r3, #6]
  85:User/Software/ui.c ****   if (Global.Chssis.mode == FLOW)
 553              		.loc 1 85 20
 554 013e 144B     		ldr	r3, .L50+8
 555 0140 1B78     		ldrb	r3, [r3]	@ zero_extendqisi2
 556              		.loc 1 85 6
 557 0142 002B     		cmp	r3, #0
 558 0144 07D1     		bne	.L41
  86:User/Software/ui.c ****     ui_Omni_Chassis_high_Chassis_arc->color = 1; // 非小陀螺黄色
 559              		.loc 1 86 37
 560 0146 114B     		ldr	r3, .L50+4
 561 0148 1A68     		ldr	r2, [r3]
 562              		.loc 1 86 45
 563 014a 1379     		ldrb	r3, [r2, #4]
 564 014c 0121     		movs	r1, #1
 565 014e 61F38503 		bfi	r3, r1, #2, #4
 566 0152 1371     		strb	r3, [r2, #4]
  87:User/Software/ui.c ****   else if (Global.Chssis.mode == SPIN_P)
  88:User/Software/ui.c ****     ui_Omni_Chassis_high_Chassis_arc->color = 2; // 小陀螺绿色
  89:User/Software/ui.c ****   else
  90:User/Software/ui.c ****     ui_Omni_Chassis_high_Chassis_arc->color = 1; // 默认黄色
  91:User/Software/ui.c **** }
 567              		.loc 1 91 1
 568 0154 12E0     		b	.L49
 569              	.L41:
  87:User/Software/ui.c ****   else if (Global.Chssis.mode == SPIN_P)
 570              		.loc 1 87 25
 571 0156 0E4B     		ldr	r3, .L50+8
 572 0158 1B78     		ldrb	r3, [r3]	@ zero_extendqisi2
  87:User/Software/ui.c ****   else if (Global.Chssis.mode == SPIN_P)
 573              		.loc 1 87 11
 574 015a 012B     		cmp	r3, #1
 575 015c 07D1     		bne	.L43
  88:User/Software/ui.c ****   else
 576              		.loc 1 88 37
 577 015e 0B4B     		ldr	r3, .L50+4
 578 0160 1A68     		ldr	r2, [r3]
  88:User/Software/ui.c ****   else
 579              		.loc 1 88 45
 580 0162 1379     		ldrb	r3, [r2, #4]
 581 0164 0221     		movs	r1, #2
 582 0166 61F38503 		bfi	r3, r1, #2, #4
 583 016a 1371     		strb	r3, [r2, #4]
 584              		.loc 1 91 1
 585 016c 06E0     		b	.L49
 586              	.L43:
  90:User/Software/ui.c **** }
 587              		.loc 1 90 37
 588 016e 074B     		ldr	r3, .L50+4
ARM GAS  C:\Users\23671\AppData\Local\Temp\cceAnakv.s 			page 13


 589 0170 1A68     		ldr	r2, [r3]
  90:User/Software/ui.c **** }
 590              		.loc 1 90 45
 591 0172 1379     		ldrb	r3, [r2, #4]
 592 0174 0121     		movs	r1, #1
 593 0176 61F38503 		bfi	r3, r1, #2, #4
 594 017a 1371     		strb	r3, [r2, #4]
 595              	.L49:
 596              		.loc 1 91 1
 597 017c 00BF     		nop
 598 017e 1037     		adds	r7, r7, #16
 599              	.LCFI17:
 600              		.cfi_def_cfa_offset 8
 601 0180 BD46     		mov	sp, r7
 602              	.LCFI18:
 603              		.cfi_def_cfa_register 13
 604              		@ sp needed
 605 0182 90BC     		pop	{r4, r7}
 606              	.LCFI19:
 607              		.cfi_restore 7
 608              		.cfi_restore 4
 609              		.cfi_def_cfa_offset 0
 610 0184 7047     		bx	lr
 611              	.L51:
 612 0186 00BF     		.align	2
 613              	.L50:
 614 0188 0000B443 		.word	1135869952
 615 018c 00000000 		.word	ui_Omni_Chassis_high_Chassis_arc
 616 0190 00000000 		.word	Global
 617              		.cfi_endproc
 618              	.LFE155:
 620              		.section	.text.Autoui_change,"ax",%progbits
 621              		.align	1
 622              		.global	Autoui_change
 623              		.syntax unified
 624              		.thumb
 625              		.thumb_func
 627              	Autoui_change:
 628              	.LFB156:
  92:User/Software/ui.c **** 
  93:User/Software/ui.c **** void Autoui_change(void)
  94:User/Software/ui.c **** {
 629              		.loc 1 94 1
 630              		.cfi_startproc
 631              		@ args = 0, pretend = 0, frame = 0
 632              		@ frame_needed = 1, uses_anonymous_args = 0
 633              		@ link register save eliminated.
 634 0000 80B4     		push	{r7}
 635              	.LCFI20:
 636              		.cfi_def_cfa_offset 4
 637              		.cfi_offset 7, -4
 638 0002 00AF     		add	r7, sp, #0
 639              	.LCFI21:
 640              		.cfi_def_cfa_register 7
  95:User/Software/ui.c ****   static uint8_t auto_online;
  96:User/Software/ui.c ****   switch (Global.Auto.input.fire) // 自瞄圈
 641              		.loc 1 96 28
ARM GAS  C:\Users\23671\AppData\Local\Temp\cceAnakv.s 			page 14


 642 0004 204B     		ldr	r3, .L60
 643 0006 93F83430 		ldrb	r3, [r3, #52]	@ zero_extendqisi2
 644              		.loc 1 96 3
 645 000a 002B     		cmp	r3, #0
 646 000c 02D0     		beq	.L53
 647 000e 012B     		cmp	r3, #1
 648 0010 08D0     		beq	.L54
 649 0012 0FE0     		b	.L59
 650              	.L53:
  97:User/Software/ui.c ****   {
  98:User/Software/ui.c ****   case 0:
  99:User/Software/ui.c ****     ui_Omni_Shoot_Low_Auto_rect->color = 4; // 紫红色
 651              		.loc 1 99 32
 652 0014 1D4B     		ldr	r3, .L60+4
 653 0016 1A68     		ldr	r2, [r3]
 654              		.loc 1 99 40
 655 0018 1379     		ldrb	r3, [r2, #4]
 656 001a 0421     		movs	r1, #4
 657 001c 61F38503 		bfi	r3, r1, #2, #4
 658 0020 1371     		strb	r3, [r2, #4]
 100:User/Software/ui.c ****     break;
 659              		.loc 1 100 5
 660 0022 0FE0     		b	.L56
 661              	.L54:
 101:User/Software/ui.c ****   case 1:
 102:User/Software/ui.c ****     ui_Omni_Shoot_Low_Auto_rect->color = 2; // 绿色
 662              		.loc 1 102 32
 663 0024 194B     		ldr	r3, .L60+4
 664 0026 1A68     		ldr	r2, [r3]
 665              		.loc 1 102 40
 666 0028 1379     		ldrb	r3, [r2, #4]
 667 002a 0221     		movs	r1, #2
 668 002c 61F38503 		bfi	r3, r1, #2, #4
 669 0030 1371     		strb	r3, [r2, #4]
 103:User/Software/ui.c ****     break;
 670              		.loc 1 103 5
 671 0032 07E0     		b	.L56
 672              	.L59:
 104:User/Software/ui.c ****   default:
 105:User/Software/ui.c ****     ui_Omni_Shoot_Low_Auto_rect->color = 4; // 紫红色
 673              		.loc 1 105 32
 674 0034 154B     		ldr	r3, .L60+4
 675 0036 1A68     		ldr	r2, [r3]
 676              		.loc 1 105 40
 677 0038 1379     		ldrb	r3, [r2, #4]
 678 003a 0421     		movs	r1, #4
 679 003c 61F38503 		bfi	r3, r1, #2, #4
 680 0040 1371     		strb	r3, [r2, #4]
 106:User/Software/ui.c ****     break;
 681              		.loc 1 106 5
 682 0042 00BF     		nop
 683              	.L56:
 107:User/Software/ui.c ****   }
 108:User/Software/ui.c ****   if (Global.Auto.input.Auto_control_online == 1)
 684              		.loc 1 108 24
 685 0044 104B     		ldr	r3, .L60
 686 0046 1B6B     		ldr	r3, [r3, #48]
ARM GAS  C:\Users\23671\AppData\Local\Temp\cceAnakv.s 			page 15


 687              		.loc 1 108 6
 688 0048 012B     		cmp	r3, #1
 689 004a 02D1     		bne	.L57
 109:User/Software/ui.c ****     auto_online = 10;
 690              		.loc 1 109 17
 691 004c 104B     		ldr	r3, .L60+8
 692 004e 0A22     		movs	r2, #10
 693 0050 1A70     		strb	r2, [r3]
 694              	.L57:
 110:User/Software/ui.c ****   if (Global.Auto.input.Auto_control_online == 0 && auto_online == 0)
 695              		.loc 1 110 24
 696 0052 0D4B     		ldr	r3, .L60
 697 0054 1B6B     		ldr	r3, [r3, #48]
 698              		.loc 1 110 6
 699 0056 002B     		cmp	r3, #0
 700 0058 0AD1     		bne	.L58
 701              		.loc 1 110 65 discriminator 1
 702 005a 0D4B     		ldr	r3, .L60+8
 703 005c 1B78     		ldrb	r3, [r3]	@ zero_extendqisi2
 704              		.loc 1 110 50 discriminator 1
 705 005e 002B     		cmp	r3, #0
 706 0060 06D1     		bne	.L58
 111:User/Software/ui.c ****   {
 112:User/Software/ui.c ****     ui_Omni_Shoot_Low_Auto_rect->color = 7; // 掉线黑色
 707              		.loc 1 112 32
 708 0062 0A4B     		ldr	r3, .L60+4
 709 0064 1A68     		ldr	r2, [r3]
 710              		.loc 1 112 40
 711 0066 1379     		ldrb	r3, [r2, #4]
 712 0068 0721     		movs	r1, #7
 713 006a 61F38503 		bfi	r3, r1, #2, #4
 714 006e 1371     		strb	r3, [r2, #4]
 715              	.L58:
 113:User/Software/ui.c ****   }
 114:User/Software/ui.c ****   auto_online--;
 716              		.loc 1 114 14
 717 0070 074B     		ldr	r3, .L60+8
 718 0072 1B78     		ldrb	r3, [r3]	@ zero_extendqisi2
 719 0074 013B     		subs	r3, r3, #1
 720 0076 DAB2     		uxtb	r2, r3
 721 0078 054B     		ldr	r3, .L60+8
 722 007a 1A70     		strb	r2, [r3]
 115:User/Software/ui.c **** }
 723              		.loc 1 115 1
 724 007c 00BF     		nop
 725 007e BD46     		mov	sp, r7
 726              	.LCFI22:
 727              		.cfi_def_cfa_register 13
 728              		@ sp needed
 729 0080 5DF8047B 		ldr	r7, [sp], #4
 730              	.LCFI23:
 731              		.cfi_restore 7
 732              		.cfi_def_cfa_offset 0
 733 0084 7047     		bx	lr
 734              	.L61:
 735 0086 00BF     		.align	2
 736              	.L60:
ARM GAS  C:\Users\23671\AppData\Local\Temp\cceAnakv.s 			page 16


 737 0088 00000000 		.word	Global
 738 008c 00000000 		.word	ui_Omni_Shoot_Low_Auto_rect
 739 0090 00000000 		.word	auto_online.0
 740              		.cfi_endproc
 741              	.LFE156:
 743              		.section	.bss.auto_online.0,"aw",%nobits
 746              	auto_online.0:
 747 0000 00       		.space	1
 748              		.text
 749              	.Letext0:
 750              		.file 2 "D:/MSYS2/mingw64/arm-none-eabi/include/machine/_default_types.h"
 751              		.file 3 "D:/MSYS2/mingw64/arm-none-eabi/include/sys/_stdint.h"
 752              		.file 4 "Drivers/UI/ui_types.h"
 753              		.file 5 "Drivers/UI/ui_Omni_Shoot_Low_0.h"
 754              		.file 6 "Drivers/UI/ui_Omni_Chassis_high_0.h"
 755              		.file 7 "Middlewares/Third_Party/FreeRTOS/Source/CMSIS_RTOS_V2/cmsis_os2.h"
 756              		.file 8 "User/Software/Global_status.h"
 757              		.file 9 "Drivers/UI/ui_Omni_Shoot_static_0.h"
ARM GAS  C:\Users\23671\AppData\Local\Temp\cceAnakv.s 			page 17


DEFINED SYMBOLS
                            *ABS*:00000000 ui.c
C:\Users\23671\AppData\Local\Temp\cceAnakv.s:20     .text.ui_init:00000000 $t
C:\Users\23671\AppData\Local\Temp\cceAnakv.s:26     .text.ui_init:00000000 ui_init
C:\Users\23671\AppData\Local\Temp\cceAnakv.s:62     .text.ui_updata:00000000 $t
C:\Users\23671\AppData\Local\Temp\cceAnakv.s:68     .text.ui_updata:00000000 ui_updata
C:\Users\23671\AppData\Local\Temp\cceAnakv.s:99     .text.Supercapui_change:00000000 $t
C:\Users\23671\AppData\Local\Temp\cceAnakv.s:105    .text.Supercapui_change:00000000 Supercapui_change
C:\Users\23671\AppData\Local\Temp\cceAnakv.s:315    .text.Supercapui_change:00000190 $d
C:\Users\23671\AppData\Local\Temp\cceAnakv.s:329    .text.Shootui_change:00000000 $t
C:\Users\23671\AppData\Local\Temp\cceAnakv.s:335    .text.Shootui_change:00000000 Shootui_change
C:\Users\23671\AppData\Local\Temp\cceAnakv.s:405    .text.Shootui_change:00000054 $d
C:\Users\23671\AppData\Local\Temp\cceAnakv.s:412    .text.Chassisui_change:00000000 $t
C:\Users\23671\AppData\Local\Temp\cceAnakv.s:418    .text.Chassisui_change:00000000 Chassisui_change
C:\Users\23671\AppData\Local\Temp\cceAnakv.s:614    .text.Chassisui_change:00000188 $d
C:\Users\23671\AppData\Local\Temp\cceAnakv.s:621    .text.Autoui_change:00000000 $t
C:\Users\23671\AppData\Local\Temp\cceAnakv.s:627    .text.Autoui_change:00000000 Autoui_change
C:\Users\23671\AppData\Local\Temp\cceAnakv.s:737    .text.Autoui_change:00000088 $d
C:\Users\23671\AppData\Local\Temp\cceAnakv.s:746    .bss.auto_online.0:00000000 auto_online.0
C:\Users\23671\AppData\Local\Temp\cceAnakv.s:747    .bss.auto_online.0:00000000 $d

UNDEFINED SYMBOLS
_ui_init_Omni_Shoot_Low_0
osDelay
_ui_init_Omni_Chassis_high_0
_ui_remove_Omni_Shoot_static_0
_ui_update_Omni_Chassis_high_0
_ui_update_Omni_Shoot_Low_0
ui_Omni_Chassis_high_Supercap_Line
Global
ui_Omni_Chassis_high_Supercap_rect
ui_Omni_Shoot_Low_Shoot_Round
ui_Omni_Shoot_Low_Shootend_Round
ui_Omni_Chassis_high_Chassis_arc
ui_Omni_Shoot_Low_Auto_rect
