ARM GAS  C:\Users\fffff\AppData\Local\Temp\ccOkaBVe.s 			page 1


   1              		.cpu cortex-m7
   2              		.arch armv7e-m
   3              		.fpu fpv5-d16
   4              		.eabi_attribute 28, 1
   5              		.eabi_attribute 20, 1
   6              		.eabi_attribute 21, 1
   7              		.eabi_attribute 23, 3
   8              		.eabi_attribute 24, 1
   9              		.eabi_attribute 25, 1
  10              		.eabi_attribute 26, 1
  11              		.eabi_attribute 30, 6
  12              		.eabi_attribute 34, 1
  13              		.eabi_attribute 18, 4
  14              		.file	"ui_interface.c"
  15              		.text
  16              	.Ltext0:
  17              		.cfi_sections	.debug_frame
  18              		.file 1 "Drivers/UI/ui_interface.c"
  19              		.global	seq
  20              		.section	.bss.seq,"aw",%nobits
  23              	seq:
  24 0000 00       		.space	1
  25              		.global	ui_self_id
  26              		.section	.data.ui_self_id,"aw"
  27              		.align	2
  30              	ui_self_id:
  31 0000 01000000 		.word	1
  32              		.section	.rodata
  33              		.align	2
  34              	.LC0:
  35 0000 25303278 		.ascii	"%02x \000"
  35      2000
  36 0006 0000     		.align	2
  37              	.LC1:
  38 0008 0A00     		.ascii	"\012\000"
  39              		.section	.text.print_message,"ax",%progbits
  40              		.align	1
  41              		.global	print_message
  42              		.syntax unified
  43              		.thumb
  44              		.thumb_func
  46              	print_message:
  47              	.LFB147:
   1:Drivers/UI/ui_interface.c **** //
   2:Drivers/UI/ui_interface.c **** // Created by bismarckkk on 2024/2/17.
   3:Drivers/UI/ui_interface.c **** //
   4:Drivers/UI/ui_interface.c **** 
   5:Drivers/UI/ui_interface.c **** #include "ui_interface.h"
   6:Drivers/UI/ui_interface.c **** #include <string.h>
   7:Drivers/UI/ui_interface.c **** 
   8:Drivers/UI/ui_interface.c **** uint8_t seq = 0;
   9:Drivers/UI/ui_interface.c **** int ui_self_id = 1;
  10:Drivers/UI/ui_interface.c **** 
  11:Drivers/UI/ui_interface.c **** void print_message(const uint8_t *message, const int length) {
  48              		.loc 1 11 62
  49              		.cfi_startproc
  50              		@ args = 0, pretend = 0, frame = 16
ARM GAS  C:\Users\fffff\AppData\Local\Temp\ccOkaBVe.s 			page 2


  51              		@ frame_needed = 1, uses_anonymous_args = 0
  52 0000 80B5     		push	{r7, lr}
  53              	.LCFI0:
  54              		.cfi_def_cfa_offset 8
  55              		.cfi_offset 7, -8
  56              		.cfi_offset 14, -4
  57 0002 84B0     		sub	sp, sp, #16
  58              	.LCFI1:
  59              		.cfi_def_cfa_offset 24
  60 0004 00AF     		add	r7, sp, #0
  61              	.LCFI2:
  62              		.cfi_def_cfa_register 7
  63 0006 7860     		str	r0, [r7, #4]
  64 0008 3960     		str	r1, [r7]
  65              	.LBB2:
  12:Drivers/UI/ui_interface.c ****     for (int i = 0; i < length; i++) {
  66              		.loc 1 12 14
  67 000a 0023     		movs	r3, #0
  68 000c FB60     		str	r3, [r7, #12]
  69              		.loc 1 12 5
  70 000e 0AE0     		b	.L2
  71              	.L3:
  13:Drivers/UI/ui_interface.c ****         printf("%02x ", message[i]);
  72              		.loc 1 13 32
  73 0010 FB68     		ldr	r3, [r7, #12]
  74 0012 7A68     		ldr	r2, [r7, #4]
  75 0014 1344     		add	r3, r3, r2
  76 0016 1B78     		ldrb	r3, [r3]	@ zero_extendqisi2
  77              		.loc 1 13 9
  78 0018 1946     		mov	r1, r3
  79 001a 0848     		ldr	r0, .L4
  80 001c FFF7FEFF 		bl	printf
  12:Drivers/UI/ui_interface.c ****     for (int i = 0; i < length; i++) {
  81              		.loc 1 12 34 discriminator 3
  82 0020 FB68     		ldr	r3, [r7, #12]
  83 0022 0133     		adds	r3, r3, #1
  84 0024 FB60     		str	r3, [r7, #12]
  85              	.L2:
  12:Drivers/UI/ui_interface.c ****     for (int i = 0; i < length; i++) {
  86              		.loc 1 12 23 discriminator 1
  87 0026 FA68     		ldr	r2, [r7, #12]
  88 0028 3B68     		ldr	r3, [r7]
  89 002a 9A42     		cmp	r2, r3
  90 002c F0DB     		blt	.L3
  91              	.LBE2:
  14:Drivers/UI/ui_interface.c ****     }
  15:Drivers/UI/ui_interface.c ****     printf("\n\n");
  92              		.loc 1 15 5
  93 002e 0448     		ldr	r0, .L4+4
  94 0030 FFF7FEFF 		bl	puts
  16:Drivers/UI/ui_interface.c **** }
  95              		.loc 1 16 1
  96 0034 00BF     		nop
  97 0036 1037     		adds	r7, r7, #16
  98              	.LCFI3:
  99              		.cfi_def_cfa_offset 8
 100 0038 BD46     		mov	sp, r7
ARM GAS  C:\Users\fffff\AppData\Local\Temp\ccOkaBVe.s 			page 3


 101              	.LCFI4:
 102              		.cfi_def_cfa_register 13
 103              		@ sp needed
 104 003a 80BD     		pop	{r7, pc}
 105              	.L5:
 106              		.align	2
 107              	.L4:
 108 003c 00000000 		.word	.LC0
 109 0040 08000000 		.word	.LC1
 110              		.cfi_endproc
 111              	.LFE147:
 113              		.global	CRC8_TAB
 114              		.section	.rodata.CRC8_TAB,"a"
 115              		.align	2
 118              	CRC8_TAB:
 119 0000 005EBCE2 		.ascii	"\000^\274\342a?\335\203\302\234~ \243\375\037A\235\303"
 119      613FDD83 
 119      C29C7E20 
 119      A3FD1F41 
 119      9DC3
 120 0012 217FFCA2 		.ascii	"!\177\374\242@\036_\001\343\275>`\202\334#}\237\301"
 120      401E5F01 
 120      E3BD3E60 
 120      82DC237D 
 120      9FC1
 121 0024 421CFEA0 		.ascii	"B\034\376\240\341\277]\003\200\336<b\276\340\002\\\337"
 121      E1BF5D03 
 121      80DE3C62 
 121      BEE0025C 
 121      DF
 122 0035 81633D7C 		.ascii	"\201c=|\"\300\236\035C\241\377F\030\372\244'y\233\305"
 122      22C09E1D 
 122      43A1FF46 
 122      18FAA427 
 122      799BC5
 123 0048 84DA3866 		.ascii	"\204\3328f\345\273Y\007\333\205g9\272\344\006X\031G"
 123      E5BB5907 
 123      DB856739 
 123      BAE40658 
 123      1947
 124 005a A5FB7826 		.ascii	"\245\373x&\304\232e;\331\207\004Z\270\346\247\371\033"
 124      C49A653B 
 124      D987045A 
 124      B8E6A7F9 
 124      1B
 125 006b 45C6987A 		.ascii	"E\306\230z$\370\246D\032\231\307%{:d\206\330[\005\347"
 125      24F8A644 
 125      1A99C725 
 125      7B3A6486 
 125      D85B05E7 
 126 007f B98CD230 		.ascii	"\271\214\3220n\355\263Q\017N\020\362\254/q\223\315\021"
 126      6EEDB351 
 126      0F4E10F2 
 126      AC2F7193 
 126      CD11
 127 0091 4FADF370 		.ascii	"O\255\363p.\314\222\323\215o1\262\354\016P\257\361\023"
 127      2ECC92D3 
ARM GAS  C:\Users\fffff\AppData\Local\Temp\ccOkaBVe.s 			page 4


 127      8D6F31B2 
 127      EC0E50AF 
 127      F113
 128 00a3 4DCE9072 		.ascii	"M\316\220r,m3\321\217\014R\260\3562l\216\320S\015\357"
 128      2C6D33D1 
 128      8F0C52B0 
 128      EE326C8E 
 128      D0530DEF 
 129 00b7 B1F0AE4C 		.ascii	"\261\360\256L\022\221\317-s\312\224v(\253\365\027I\010"
 129      1291CF2D 
 129      73CA9476 
 129      28ABF517 
 129      4908
 130 00c9 56B4EA69 		.ascii	"V\264\352i7\325\213W\011\353\2656h\212\324\225\313)"
 130      37D58B57 
 130      09EBB536 
 130      688AD495 
 130      CB29
 131 00db 77F4AA48 		.ascii	"w\364\252H\026\351\267U\013\210\3264j+u\227\311J\024"
 131      16E9B755 
 131      0B88D634 
 131      6A2B7597 
 131      C94A14
 132 00ee F6A8742A 		.ascii	"\366\250t*\310\226\025K\251\367\266\350\012T\327\211"
 132      C896154B 
 132      A9F7B6E8 
 132      0A54D789 
 133 00fe 6B35     		.ascii	"k5"
 134              		.section	.text.calc_crc8,"ax",%progbits
 135              		.align	1
 136              		.global	calc_crc8
 137              		.syntax unified
 138              		.thumb
 139              		.thumb_func
 141              	calc_crc8:
 142              	.LFB148:
  17:Drivers/UI/ui_interface.c **** 
  18:Drivers/UI/ui_interface.c **** const unsigned char CRC8_TAB[256] = {
  19:Drivers/UI/ui_interface.c ****     0x00, 0x5e, 0xbc, 0xe2, 0x61, 0x3f, 0xdd, 0x83, 0xc2, 0x9c, 0x7e, 0x20, 0xa3, 0xfd, 0x1f, 0x41,
  20:Drivers/UI/ui_interface.c ****     0x9d, 0xc3, 0x21, 0x7f, 0xfc, 0xa2, 0x40, 0x1e, 0x5f, 0x01, 0xe3, 0xbd, 0x3e, 0x60, 0x82, 0xdc,
  21:Drivers/UI/ui_interface.c ****     0x7d, 0x9f, 0xc1, 0x42, 0x1c, 0xfe, 0xa0, 0xe1, 0xbf, 0x5d, 0x03, 0x80, 0xde, 0x3c, 0x62, 0xbe,
  22:Drivers/UI/ui_interface.c ****     0x02, 0x5c, 0xdf, 0x81, 0x63, 0x3d, 0x7c, 0x22, 0xc0, 0x9e, 0x1d, 0x43, 0xa1, 0xff, 0x46, 0x18,
  23:Drivers/UI/ui_interface.c ****     0xa4, 0x27, 0x79, 0x9b, 0xc5, 0x84, 0xda, 0x38, 0x66, 0xe5, 0xbb, 0x59, 0x07, 0xdb, 0x85, 0x67,
  24:Drivers/UI/ui_interface.c ****     0x39, 0xba, 0xe4, 0x06, 0x58, 0x19, 0x47, 0xa5, 0xfb, 0x78, 0x26, 0xc4, 0x9a, 0x65, 0x3b, 0xd9,
  25:Drivers/UI/ui_interface.c ****     0x04, 0x5a, 0xb8, 0xe6, 0xa7, 0xf9, 0x1b, 0x45, 0xc6, 0x98, 0x7a, 0x24, 0xf8, 0xa6, 0x44, 0x1a,
  26:Drivers/UI/ui_interface.c ****     0xc7, 0x25, 0x7b, 0x3a, 0x64, 0x86, 0xd8, 0x5b, 0x05, 0xe7, 0xb9,
  27:Drivers/UI/ui_interface.c ****     0x8c, 0xd2, 0x30, 0x6e, 0xed, 0xb3, 0x51, 0x0f, 0x4e, 0x10, 0xf2, 0xac, 0x2f, 0x71, 0x93, 0xcd,
  28:Drivers/UI/ui_interface.c ****     0x4f, 0xad, 0xf3, 0x70, 0x2e, 0xcc, 0x92, 0xd3, 0x8d, 0x6f, 0x31, 0xb2, 0xec, 0x0e, 0x50, 0xaf,
  29:Drivers/UI/ui_interface.c ****     0x13, 0x4d, 0xce, 0x90, 0x72, 0x2c, 0x6d, 0x33, 0xd1, 0x8f, 0x0c, 0x52, 0xb0, 0xee, 0x32, 0x6c,
  30:Drivers/UI/ui_interface.c ****     0xd0, 0x53, 0x0d, 0xef, 0xb1, 0xf0, 0xae, 0x4c, 0x12, 0x91, 0xcf, 0x2d, 0x73, 0xca, 0x94, 0x76,
  31:Drivers/UI/ui_interface.c ****     0xab, 0xf5, 0x17, 0x49, 0x08, 0x56, 0xb4, 0xea, 0x69, 0x37, 0xd5, 0x8b, 0x57, 0x09, 0xeb, 0xb5,
  32:Drivers/UI/ui_interface.c ****     0x36, 0x68, 0x8a, 0xd4, 0x95, 0xcb, 0x29, 0x77, 0xf4, 0xaa, 0x48, 0x16, 0xe9, 0xb7, 0x55, 0x0b,
  33:Drivers/UI/ui_interface.c ****     0xd6, 0x34, 0x6a, 0x2b, 0x75, 0x97, 0xc9, 0x4a, 0x14, 0xf6, 0xa8,
  34:Drivers/UI/ui_interface.c ****     0x74, 0x2a, 0xc8, 0x96, 0x15, 0x4b, 0xa9, 0xf7, 0xb6, 0xe8, 0x0a, 0x54, 0xd7, 0x89, 0x6b, 0x35,
  35:Drivers/UI/ui_interface.c **** };
  36:Drivers/UI/ui_interface.c **** 
  37:Drivers/UI/ui_interface.c **** unsigned char calc_crc8(unsigned char *pchMessage, unsigned int dwLength) {
ARM GAS  C:\Users\fffff\AppData\Local\Temp\ccOkaBVe.s 			page 5


 143              		.loc 1 37 75
 144              		.cfi_startproc
 145              		@ args = 0, pretend = 0, frame = 16
 146              		@ frame_needed = 1, uses_anonymous_args = 0
 147              		@ link register save eliminated.
 148 0000 80B4     		push	{r7}
 149              	.LCFI5:
 150              		.cfi_def_cfa_offset 4
 151              		.cfi_offset 7, -4
 152 0002 85B0     		sub	sp, sp, #20
 153              	.LCFI6:
 154              		.cfi_def_cfa_offset 24
 155 0004 00AF     		add	r7, sp, #0
 156              	.LCFI7:
 157              		.cfi_def_cfa_register 7
 158 0006 7860     		str	r0, [r7, #4]
 159 0008 3960     		str	r1, [r7]
  38:Drivers/UI/ui_interface.c ****     unsigned char ucCRC8 = 0xff;
 160              		.loc 1 38 19
 161 000a FF23     		movs	r3, #255
 162 000c FB73     		strb	r3, [r7, #15]
  39:Drivers/UI/ui_interface.c ****     unsigned char ucIndex;
  40:Drivers/UI/ui_interface.c ****     while (dwLength--) {
 163              		.loc 1 40 11
 164 000e 0AE0     		b	.L7
 165              	.L8:
  41:Drivers/UI/ui_interface.c ****         ucIndex = ucCRC8 ^ (*pchMessage++);
 166              		.loc 1 41 40
 167 0010 7B68     		ldr	r3, [r7, #4]
 168 0012 5A1C     		adds	r2, r3, #1
 169 0014 7A60     		str	r2, [r7, #4]
 170              		.loc 1 41 29
 171 0016 1A78     		ldrb	r2, [r3]	@ zero_extendqisi2
 172              		.loc 1 41 17
 173 0018 FB7B     		ldrb	r3, [r7, #15]
 174 001a 5340     		eors	r3, r3, r2
 175 001c BB73     		strb	r3, [r7, #14]
  42:Drivers/UI/ui_interface.c ****         ucCRC8 = CRC8_TAB[ucIndex];
 176              		.loc 1 42 26
 177 001e BB7B     		ldrb	r3, [r7, #14]	@ zero_extendqisi2
 178              		.loc 1 42 16
 179 0020 074A     		ldr	r2, .L10
 180 0022 D35C     		ldrb	r3, [r2, r3]
 181 0024 FB73     		strb	r3, [r7, #15]
 182              	.L7:
  40:Drivers/UI/ui_interface.c ****         ucIndex = ucCRC8 ^ (*pchMessage++);
 183              		.loc 1 40 20
 184 0026 3B68     		ldr	r3, [r7]
 185 0028 5A1E     		subs	r2, r3, #1
 186 002a 3A60     		str	r2, [r7]
  40:Drivers/UI/ui_interface.c ****         ucIndex = ucCRC8 ^ (*pchMessage++);
 187              		.loc 1 40 12
 188 002c 002B     		cmp	r3, #0
 189 002e EFD1     		bne	.L8
  43:Drivers/UI/ui_interface.c ****     }
  44:Drivers/UI/ui_interface.c ****     return (ucCRC8);
 190              		.loc 1 44 12
ARM GAS  C:\Users\fffff\AppData\Local\Temp\ccOkaBVe.s 			page 6


 191 0030 FB7B     		ldrb	r3, [r7, #15]	@ zero_extendqisi2
  45:Drivers/UI/ui_interface.c **** }
 192              		.loc 1 45 1
 193 0032 1846     		mov	r0, r3
 194 0034 1437     		adds	r7, r7, #20
 195              	.LCFI8:
 196              		.cfi_def_cfa_offset 4
 197 0036 BD46     		mov	sp, r7
 198              	.LCFI9:
 199              		.cfi_def_cfa_register 13
 200              		@ sp needed
 201 0038 5DF8047B 		ldr	r7, [sp], #4
 202              	.LCFI10:
 203              		.cfi_restore 7
 204              		.cfi_def_cfa_offset 0
 205 003c 7047     		bx	lr
 206              	.L11:
 207 003e 00BF     		.align	2
 208              	.L10:
 209 0040 00000000 		.word	CRC8_TAB
 210              		.cfi_endproc
 211              	.LFE148:
 213              		.global	wCRC_Table
 214              		.section	.rodata.wCRC_Table,"a"
 215              		.align	2
 218              	wCRC_Table:
 219 0000 0000     		.short	0
 220 0002 8911     		.short	4489
 221 0004 1223     		.short	8978
 222 0006 9B32     		.short	12955
 223 0008 2446     		.short	17956
 224 000a AD57     		.short	22445
 225 000c 3665     		.short	25910
 226 000e BF74     		.short	29887
 227 0010 488C     		.short	-29624
 228 0012 C19D     		.short	-25151
 229 0014 5AAF     		.short	-20646
 230 0016 D3BE     		.short	-16685
 231 0018 6CCA     		.short	-13716
 232 001a E5DB     		.short	-9243
 233 001c 7EE9     		.short	-5762
 234 001e F7F8     		.short	-1801
 235 0020 8110     		.short	4225
 236 0022 0801     		.short	264
 237 0024 9333     		.short	13203
 238 0026 1A22     		.short	8730
 239 0028 A556     		.short	22181
 240 002a 2C47     		.short	18220
 241 002c B775     		.short	30135
 242 002e 3E64     		.short	25662
 243 0030 C99C     		.short	-25399
 244 0032 408D     		.short	-29376
 245 0034 DBBF     		.short	-16421
 246 0036 52AE     		.short	-20910
 247 0038 EDDA     		.short	-9491
 248 003a 64CB     		.short	-13468
 249 003c FFF9     		.short	-1537
ARM GAS  C:\Users\fffff\AppData\Local\Temp\ccOkaBVe.s 			page 7


 250 003e 76E8     		.short	-6026
 251 0040 0221     		.short	8450
 252 0042 8B30     		.short	12427
 253 0044 1002     		.short	528
 254 0046 9913     		.short	5017
 255 0048 2667     		.short	26406
 256 004a AF76     		.short	30383
 257 004c 3444     		.short	17460
 258 004e BD55     		.short	21949
 259 0050 4AAD     		.short	-21174
 260 0052 C3BC     		.short	-17213
 261 0054 588E     		.short	-29096
 262 0056 D19F     		.short	-24623
 263 0058 6EEB     		.short	-5266
 264 005a E7FA     		.short	-1305
 265 005c 7CC8     		.short	-14212
 266 005e F5D9     		.short	-9739
 267 0060 8331     		.short	12675
 268 0062 0A20     		.short	8202
 269 0064 9112     		.short	4753
 270 0066 1803     		.short	792
 271 0068 A777     		.short	30631
 272 006a 2E66     		.short	26158
 273 006c B554     		.short	21685
 274 006e 3C45     		.short	17724
 275 0070 CBBD     		.short	-16949
 276 0072 42AC     		.short	-21438
 277 0074 D99E     		.short	-24871
 278 0076 508F     		.short	-28848
 279 0078 EFFB     		.short	-1041
 280 007a 66EA     		.short	-5530
 281 007c FDD8     		.short	-9987
 282 007e 74C9     		.short	-13964
 283 0080 0442     		.short	16900
 284 0082 8D53     		.short	21389
 285 0084 1661     		.short	24854
 286 0086 9F70     		.short	28831
 287 0088 2004     		.short	1056
 288 008a A915     		.short	5545
 289 008c 3227     		.short	10034
 290 008e BB36     		.short	14011
 291 0090 4CCE     		.short	-12724
 292 0092 C5DF     		.short	-8251
 293 0094 5EED     		.short	-4770
 294 0096 D7FC     		.short	-809
 295 0098 6888     		.short	-30616
 296 009a E199     		.short	-26143
 297 009c 7AAB     		.short	-21638
 298 009e F3BA     		.short	-17677
 299 00a0 8552     		.short	21125
 300 00a2 0C43     		.short	17164
 301 00a4 9771     		.short	29079
 302 00a6 1E60     		.short	24606
 303 00a8 A114     		.short	5281
 304 00aa 2805     		.short	1320
 305 00ac B337     		.short	14259
 306 00ae 3A26     		.short	9786
ARM GAS  C:\Users\fffff\AppData\Local\Temp\ccOkaBVe.s 			page 8


 307 00b0 CDDE     		.short	-8499
 308 00b2 44CF     		.short	-12476
 309 00b4 DFFD     		.short	-545
 310 00b6 56EC     		.short	-5034
 311 00b8 E998     		.short	-26391
 312 00ba 6089     		.short	-30368
 313 00bc FBBB     		.short	-17413
 314 00be 72AA     		.short	-21902
 315 00c0 0663     		.short	25350
 316 00c2 8F72     		.short	29327
 317 00c4 1440     		.short	16404
 318 00c6 9D51     		.short	20893
 319 00c8 2225     		.short	9506
 320 00ca AB34     		.short	13483
 321 00cc 3006     		.short	1584
 322 00ce B917     		.short	6073
 323 00d0 4EEF     		.short	-4274
 324 00d2 C7FE     		.short	-313
 325 00d4 5CCC     		.short	-13220
 326 00d6 D5DD     		.short	-8747
 327 00d8 6AA9     		.short	-22166
 328 00da E3B8     		.short	-18205
 329 00dc 788A     		.short	-30088
 330 00de F19B     		.short	-25615
 331 00e0 8773     		.short	29575
 332 00e2 0E62     		.short	25102
 333 00e4 9550     		.short	20629
 334 00e6 1C41     		.short	16668
 335 00e8 A335     		.short	13731
 336 00ea 2A24     		.short	9258
 337 00ec B116     		.short	5809
 338 00ee 3807     		.short	1848
 339 00f0 CFFF     		.short	-49
 340 00f2 46EE     		.short	-4538
 341 00f4 DDDC     		.short	-8995
 342 00f6 54CD     		.short	-12972
 343 00f8 EBB9     		.short	-17941
 344 00fa 62A8     		.short	-22430
 345 00fc F99A     		.short	-25863
 346 00fe 708B     		.short	-29840
 347 0100 0884     		.short	-31736
 348 0102 8195     		.short	-27263
 349 0104 1AA7     		.short	-22758
 350 0106 93B6     		.short	-18797
 351 0108 2CC2     		.short	-15828
 352 010a A5D3     		.short	-11355
 353 010c 3EE1     		.short	-7874
 354 010e B7F0     		.short	-3913
 355 0110 4008     		.short	2112
 356 0112 C919     		.short	6601
 357 0114 522B     		.short	11090
 358 0116 DB3A     		.short	15067
 359 0118 644E     		.short	20068
 360 011a ED5F     		.short	24557
 361 011c 766D     		.short	28022
 362 011e FF7C     		.short	31999
 363 0120 8994     		.short	-27511
ARM GAS  C:\Users\fffff\AppData\Local\Temp\ccOkaBVe.s 			page 9


 364 0122 0085     		.short	-31488
 365 0124 9BB7     		.short	-18533
 366 0126 12A6     		.short	-23022
 367 0128 ADD2     		.short	-11603
 368 012a 24C3     		.short	-15580
 369 012c BFF1     		.short	-3649
 370 012e 36E0     		.short	-8138
 371 0130 C118     		.short	6337
 372 0132 4809     		.short	2376
 373 0134 D33B     		.short	15315
 374 0136 5A2A     		.short	10842
 375 0138 E55E     		.short	24293
 376 013a 6C4F     		.short	20332
 377 013c F77D     		.short	32247
 378 013e 7E6C     		.short	27774
 379 0140 0AA5     		.short	-23286
 380 0142 83B4     		.short	-19325
 381 0144 1886     		.short	-31208
 382 0146 9197     		.short	-26735
 383 0148 2EE3     		.short	-7378
 384 014a A7F2     		.short	-3417
 385 014c 3CC0     		.short	-16324
 386 014e B5D1     		.short	-11851
 387 0150 4229     		.short	10562
 388 0152 CB38     		.short	14539
 389 0154 500A     		.short	2640
 390 0156 D91B     		.short	7129
 391 0158 666F     		.short	28518
 392 015a EF7E     		.short	32495
 393 015c 744C     		.short	19572
 394 015e FD5D     		.short	24061
 395 0160 8BB5     		.short	-19061
 396 0162 02A4     		.short	-23550
 397 0164 9996     		.short	-26983
 398 0166 1087     		.short	-30960
 399 0168 AFF3     		.short	-3153
 400 016a 26E2     		.short	-7642
 401 016c BDD0     		.short	-12099
 402 016e 34C1     		.short	-16076
 403 0170 C339     		.short	14787
 404 0172 4A28     		.short	10314
 405 0174 D11A     		.short	6865
 406 0176 580B     		.short	2904
 407 0178 E77F     		.short	32743
 408 017a 6E6E     		.short	28270
 409 017c F55C     		.short	23797
 410 017e 7C4D     		.short	19836
 411 0180 0CC6     		.short	-14836
 412 0182 85D7     		.short	-10363
 413 0184 1EE5     		.short	-6882
 414 0186 97F4     		.short	-2921
 415 0188 2880     		.short	-32728
 416 018a A191     		.short	-28255
 417 018c 3AA3     		.short	-23750
 418 018e B3B2     		.short	-19789
 419 0190 444A     		.short	19012
 420 0192 CD5B     		.short	23501
ARM GAS  C:\Users\fffff\AppData\Local\Temp\ccOkaBVe.s 			page 10


 421 0194 5669     		.short	26966
 422 0196 DF78     		.short	30943
 423 0198 600C     		.short	3168
 424 019a E91D     		.short	7657
 425 019c 722F     		.short	12146
 426 019e FB3E     		.short	16123
 427 01a0 8DD6     		.short	-10611
 428 01a2 04C7     		.short	-14588
 429 01a4 9FF5     		.short	-2657
 430 01a6 16E4     		.short	-7146
 431 01a8 A990     		.short	-28503
 432 01aa 2081     		.short	-32480
 433 01ac BBB3     		.short	-19525
 434 01ae 32A2     		.short	-24014
 435 01b0 C55A     		.short	23237
 436 01b2 4C4B     		.short	19276
 437 01b4 D779     		.short	31191
 438 01b6 5E68     		.short	26718
 439 01b8 E11C     		.short	7393
 440 01ba 680D     		.short	3432
 441 01bc F33F     		.short	16371
 442 01be 7A2E     		.short	11898
 443 01c0 0EE7     		.short	-6386
 444 01c2 87F6     		.short	-2425
 445 01c4 1CC4     		.short	-15332
 446 01c6 95D5     		.short	-10859
 447 01c8 2AA1     		.short	-24278
 448 01ca A3B0     		.short	-20317
 449 01cc 3882     		.short	-32200
 450 01ce B193     		.short	-27727
 451 01d0 466B     		.short	27462
 452 01d2 CF7A     		.short	31439
 453 01d4 5448     		.short	18516
 454 01d6 DD59     		.short	23005
 455 01d8 622D     		.short	11618
 456 01da EB3C     		.short	15595
 457 01dc 700E     		.short	3696
 458 01de F91F     		.short	8185
 459 01e0 8FF7     		.short	-2161
 460 01e2 06E6     		.short	-6650
 461 01e4 9DD4     		.short	-11107
 462 01e6 14C5     		.short	-15084
 463 01e8 ABB1     		.short	-20053
 464 01ea 22A0     		.short	-24542
 465 01ec B992     		.short	-27975
 466 01ee 3083     		.short	-31952
 467 01f0 C77B     		.short	31687
 468 01f2 4E6A     		.short	27214
 469 01f4 D558     		.short	22741
 470 01f6 5C49     		.short	18780
 471 01f8 E33D     		.short	15843
 472 01fa 6A2C     		.short	11370
 473 01fc F11E     		.short	7921
 474 01fe 780F     		.short	3960
 475              		.section	.text.calc_crc16,"ax",%progbits
 476              		.align	1
 477              		.global	calc_crc16
ARM GAS  C:\Users\fffff\AppData\Local\Temp\ccOkaBVe.s 			page 11


 478              		.syntax unified
 479              		.thumb
 480              		.thumb_func
 482              	calc_crc16:
 483              	.LFB149:
  46:Drivers/UI/ui_interface.c **** 
  47:Drivers/UI/ui_interface.c **** const uint16_t wCRC_Table[256] = {
  48:Drivers/UI/ui_interface.c ****     0x0000, 0x1189, 0x2312, 0x329b, 0x4624, 0x57ad, 0x6536, 0x74bf,
  49:Drivers/UI/ui_interface.c ****     0x8c48, 0x9dc1, 0xaf5a, 0xbed3, 0xca6c, 0xdbe5, 0xe97e, 0xf8f7,
  50:Drivers/UI/ui_interface.c ****     0x1081, 0x0108, 0x3393, 0x221a, 0x56a5, 0x472c, 0x75b7, 0x643e,
  51:Drivers/UI/ui_interface.c ****     0x9cc9, 0x8d40, 0xbfdb, 0xae52, 0xdaed, 0xcb64, 0xf9ff, 0xe876,
  52:Drivers/UI/ui_interface.c ****     0x2102, 0x308b, 0x0210, 0x1399, 0x6726, 0x76af, 0x4434, 0x55bd,
  53:Drivers/UI/ui_interface.c ****     0xad4a, 0xbcc3, 0x8e58, 0x9fd1, 0xeb6e, 0xfae7, 0xc87c, 0xd9f5,
  54:Drivers/UI/ui_interface.c ****     0x3183, 0x200a, 0x1291, 0x0318, 0x77a7, 0x662e, 0x54b5, 0x453c,
  55:Drivers/UI/ui_interface.c ****     0xbdcb, 0xac42, 0x9ed9, 0x8f50, 0xfbef, 0xea66, 0xd8fd, 0xc974,
  56:Drivers/UI/ui_interface.c ****     0x4204, 0x538d, 0x6116, 0x709f, 0x0420, 0x15a9, 0x2732, 0x36bb,
  57:Drivers/UI/ui_interface.c ****     0xce4c, 0xdfc5, 0xed5e, 0xfcd7, 0x8868, 0x99e1, 0xab7a, 0xbaf3,
  58:Drivers/UI/ui_interface.c ****     0x5285, 0x430c, 0x7197, 0x601e, 0x14a1, 0x0528, 0x37b3, 0x263a,
  59:Drivers/UI/ui_interface.c ****     0xdecd, 0xcf44, 0xfddf, 0xec56, 0x98e9, 0x8960, 0xbbfb, 0xaa72,
  60:Drivers/UI/ui_interface.c ****     0x6306, 0x728f, 0x4014, 0x519d, 0x2522, 0x34ab, 0x0630, 0x17b9,
  61:Drivers/UI/ui_interface.c ****     0xef4e, 0xfec7, 0xcc5c, 0xddd5, 0xa96a, 0xb8e3, 0x8a78, 0x9bf1,
  62:Drivers/UI/ui_interface.c ****     0x7387, 0x620e, 0x5095, 0x411c, 0x35a3, 0x242a, 0x16b1, 0x0738,
  63:Drivers/UI/ui_interface.c ****     0xffcf, 0xee46, 0xdcdd, 0xcd54, 0xb9eb, 0xa862, 0x9af9, 0x8b70,
  64:Drivers/UI/ui_interface.c ****     0x8408, 0x9581, 0xa71a, 0xb693, 0xc22c, 0xd3a5, 0xe13e, 0xf0b7,
  65:Drivers/UI/ui_interface.c ****     0x0840, 0x19c9, 0x2b52, 0x3adb, 0x4e64, 0x5fed, 0x6d76, 0x7cff,
  66:Drivers/UI/ui_interface.c ****     0x9489, 0x8500, 0xb79b, 0xa612, 0xd2ad, 0xc324, 0xf1bf, 0xe036,
  67:Drivers/UI/ui_interface.c ****     0x18c1, 0x0948, 0x3bd3, 0x2a5a, 0x5ee5, 0x4f6c, 0x7df7, 0x6c7e,
  68:Drivers/UI/ui_interface.c ****     0xa50a, 0xb483, 0x8618, 0x9791, 0xe32e, 0xf2a7, 0xc03c, 0xd1b5,
  69:Drivers/UI/ui_interface.c ****     0x2942, 0x38cb, 0x0a50, 0x1bd9, 0x6f66, 0x7eef, 0x4c74, 0x5dfd,
  70:Drivers/UI/ui_interface.c ****     0xb58b, 0xa402, 0x9699, 0x8710, 0xf3af, 0xe226, 0xd0bd, 0xc134,
  71:Drivers/UI/ui_interface.c ****     0x39c3, 0x284a, 0x1ad1, 0x0b58, 0x7fe7, 0x6e6e, 0x5cf5, 0x4d7c,
  72:Drivers/UI/ui_interface.c ****     0xc60c, 0xd785, 0xe51e, 0xf497, 0x8028, 0x91a1, 0xa33a, 0xb2b3,
  73:Drivers/UI/ui_interface.c ****     0x4a44, 0x5bcd, 0x6956, 0x78df, 0x0c60, 0x1de9, 0x2f72, 0x3efb,
  74:Drivers/UI/ui_interface.c ****     0xd68d, 0xc704, 0xf59f, 0xe416, 0x90a9, 0x8120, 0xb3bb, 0xa232,
  75:Drivers/UI/ui_interface.c ****     0x5ac5, 0x4b4c, 0x79d7, 0x685e, 0x1ce1, 0x0d68, 0x3ff3, 0x2e7a,
  76:Drivers/UI/ui_interface.c ****     0xe70e, 0xf687, 0xc41c, 0xd595, 0xa12a, 0xb0a3, 0x8238, 0x93b1,
  77:Drivers/UI/ui_interface.c ****     0x6b46, 0x7acf, 0x4854, 0x59dd, 0x2d62, 0x3ceb, 0x0e70, 0x1ff9,
  78:Drivers/UI/ui_interface.c ****     0xf78f, 0xe606, 0xd49d, 0xc514, 0xb1ab, 0xa022, 0x92b9, 0x8330,
  79:Drivers/UI/ui_interface.c ****     0x7bc7, 0x6a4e, 0x58d5, 0x495c, 0x3de3, 0x2c6a, 0x1ef1, 0x0f78
  80:Drivers/UI/ui_interface.c **** };
  81:Drivers/UI/ui_interface.c **** 
  82:Drivers/UI/ui_interface.c **** uint16_t calc_crc16(uint8_t *pchMessage, uint32_t dwLength)
  83:Drivers/UI/ui_interface.c **** {
 484              		.loc 1 83 1
 485              		.cfi_startproc
 486              		@ args = 0, pretend = 0, frame = 16
 487              		@ frame_needed = 1, uses_anonymous_args = 0
 488              		@ link register save eliminated.
 489 0000 80B4     		push	{r7}
 490              	.LCFI11:
 491              		.cfi_def_cfa_offset 4
 492              		.cfi_offset 7, -4
 493 0002 85B0     		sub	sp, sp, #20
 494              	.LCFI12:
 495              		.cfi_def_cfa_offset 24
 496 0004 00AF     		add	r7, sp, #0
 497              	.LCFI13:
ARM GAS  C:\Users\fffff\AppData\Local\Temp\ccOkaBVe.s 			page 12


 498              		.cfi_def_cfa_register 7
 499 0006 7860     		str	r0, [r7, #4]
 500 0008 3960     		str	r1, [r7]
  84:Drivers/UI/ui_interface.c ****     uint16_t wCRC = 0xffff;
 501              		.loc 1 84 14
 502 000a 4FF6FF73 		movw	r3, #65535
 503 000e FB81     		strh	r3, [r7, #14]	@ movhi
  85:Drivers/UI/ui_interface.c ****     uint8_t chData;
  86:Drivers/UI/ui_interface.c ****     if (pchMessage == NULL)
 504              		.loc 1 86 8
 505 0010 7B68     		ldr	r3, [r7, #4]
 506 0012 002B     		cmp	r3, #0
 507 0014 13D1     		bne	.L15
  87:Drivers/UI/ui_interface.c ****     {
  88:Drivers/UI/ui_interface.c ****         return 0xFFFF;
 508              		.loc 1 88 16
 509 0016 4FF6FF73 		movw	r3, #65535
 510 001a 16E0     		b	.L14
 511              	.L16:
  89:Drivers/UI/ui_interface.c ****     }
  90:Drivers/UI/ui_interface.c ****     while(dwLength--)
  91:Drivers/UI/ui_interface.c ****     {
  92:Drivers/UI/ui_interface.c ****         chData = *pchMessage++;
 512              		.loc 1 92 29
 513 001c 7B68     		ldr	r3, [r7, #4]
 514 001e 5A1C     		adds	r2, r3, #1
 515 0020 7A60     		str	r2, [r7, #4]
 516              		.loc 1 92 16
 517 0022 1B78     		ldrb	r3, [r3]
 518 0024 7B73     		strb	r3, [r7, #13]
  93:Drivers/UI/ui_interface.c ****         (wCRC) = ((uint16_t)(wCRC) >> 8) ^ wCRC_Table[((uint16_t)(wCRC) ^ (uint16_t)(chData)) & 0x0
 519              		.loc 1 93 16
 520 0026 FB89     		ldrh	r3, [r7, #14]
 521 0028 1B0A     		lsrs	r3, r3, #8
 522 002a 9AB2     		uxth	r2, r3
 523              		.loc 1 93 56
 524 002c F989     		ldrh	r1, [r7, #14]
 525              		.loc 1 93 75
 526 002e 7B7B     		ldrb	r3, [r7, #13]	@ zero_extendqisi2
 527              		.loc 1 93 73
 528 0030 4B40     		eors	r3, r3, r1
 529              		.loc 1 93 95
 530 0032 DBB2     		uxtb	r3, r3
 531              		.loc 1 93 54
 532 0034 0849     		ldr	r1, .L17
 533 0036 31F81330 		ldrh	r3, [r1, r3, lsl #1]
 534              		.loc 1 93 16
 535 003a 5340     		eors	r3, r3, r2
 536 003c FB81     		strh	r3, [r7, #14]	@ movhi
 537              	.L15:
  90:Drivers/UI/ui_interface.c ****     {
 538              		.loc 1 90 19
 539 003e 3B68     		ldr	r3, [r7]
 540 0040 5A1E     		subs	r2, r3, #1
 541 0042 3A60     		str	r2, [r7]
  90:Drivers/UI/ui_interface.c ****     {
 542              		.loc 1 90 11
ARM GAS  C:\Users\fffff\AppData\Local\Temp\ccOkaBVe.s 			page 13


 543 0044 002B     		cmp	r3, #0
 544 0046 E9D1     		bne	.L16
  94:Drivers/UI/ui_interface.c ****     }
  95:Drivers/UI/ui_interface.c ****     return wCRC;
 545              		.loc 1 95 12
 546 0048 FB89     		ldrh	r3, [r7, #14]
 547              	.L14:
  96:Drivers/UI/ui_interface.c **** }
 548              		.loc 1 96 1
 549 004a 1846     		mov	r0, r3
 550 004c 1437     		adds	r7, r7, #20
 551              	.LCFI14:
 552              		.cfi_def_cfa_offset 4
 553 004e BD46     		mov	sp, r7
 554              	.LCFI15:
 555              		.cfi_def_cfa_register 13
 556              		@ sp needed
 557 0050 5DF8047B 		ldr	r7, [sp], #4
 558              	.LCFI16:
 559              		.cfi_restore 7
 560              		.cfi_def_cfa_offset 0
 561 0054 7047     		bx	lr
 562              	.L18:
 563 0056 00BF     		.align	2
 564              	.L17:
 565 0058 00000000 		.word	wCRC_Table
 566              		.cfi_endproc
 567              	.LFE149:
 569              		.section	.text.ui_proc_1_frame,"ax",%progbits
 570              		.align	1
 571              		.global	ui_proc_1_frame
 572              		.syntax unified
 573              		.thumb
 574              		.thumb_func
 576              	ui_proc_1_frame:
 577              	.LFB150:
  97:Drivers/UI/ui_interface.c **** 
  98:Drivers/UI/ui_interface.c **** #define DEFINE_FRAME_PROC(num, id)                          \
  99:Drivers/UI/ui_interface.c **** void ui_proc_ ## num##_frame(ui_ ## num##_frame_t *msg) {   \
 100:Drivers/UI/ui_interface.c ****     msg->header.SOF = 0xA5;                                 \
 101:Drivers/UI/ui_interface.c ****     msg->header.length = 6 + 15 * num;                      \
 102:Drivers/UI/ui_interface.c ****     msg->header.seq = seq++;                                \
 103:Drivers/UI/ui_interface.c ****     msg->header.crc8 = calc_crc8((uint8_t*)msg, 4);        \
 104:Drivers/UI/ui_interface.c ****     msg->header.cmd_id = 0x0301;                            \
 105:Drivers/UI/ui_interface.c ****     msg->header.sub_id = id;                                \
 106:Drivers/UI/ui_interface.c ****     msg->header.send_id = ui_self_id;                       \
 107:Drivers/UI/ui_interface.c ****     msg->header.recv_id = ui_self_id + 256;                 \
 108:Drivers/UI/ui_interface.c ****     msg->crc16 = calc_crc16((uint8_t*)msg, 13 + 15 * num); \
 109:Drivers/UI/ui_interface.c **** }
 110:Drivers/UI/ui_interface.c **** 
 111:Drivers/UI/ui_interface.c **** DEFINE_FRAME_PROC(1, 0x0101)
 578              		.loc 1 111 1
 579              		.cfi_startproc
 580              		@ args = 0, pretend = 0, frame = 8
 581              		@ frame_needed = 1, uses_anonymous_args = 0
 582 0000 80B5     		push	{r7, lr}
 583              	.LCFI17:
ARM GAS  C:\Users\fffff\AppData\Local\Temp\ccOkaBVe.s 			page 14


 584              		.cfi_def_cfa_offset 8
 585              		.cfi_offset 7, -8
 586              		.cfi_offset 14, -4
 587 0002 82B0     		sub	sp, sp, #8
 588              	.LCFI18:
 589              		.cfi_def_cfa_offset 16
 590 0004 00AF     		add	r7, sp, #0
 591              	.LCFI19:
 592              		.cfi_def_cfa_register 7
 593 0006 7860     		str	r0, [r7, #4]
 594              		.loc 1 111 1
 595 0008 7B68     		ldr	r3, [r7, #4]
 596 000a A522     		movs	r2, #165
 597 000c 1A70     		strb	r2, [r3]
 598 000e 7B68     		ldr	r3, [r7, #4]
 599 0010 0022     		movs	r2, #0
 600 0012 42F01502 		orr	r2, r2, #21
 601 0016 5A70     		strb	r2, [r3, #1]
 602 0018 0022     		movs	r2, #0
 603 001a 9A70     		strb	r2, [r3, #2]
 604 001c 1D4B     		ldr	r3, .L20
 605 001e 1B78     		ldrb	r3, [r3]	@ zero_extendqisi2
 606 0020 5A1C     		adds	r2, r3, #1
 607 0022 D1B2     		uxtb	r1, r2
 608 0024 1B4A     		ldr	r2, .L20
 609 0026 1170     		strb	r1, [r2]
 610 0028 7A68     		ldr	r2, [r7, #4]
 611 002a D370     		strb	r3, [r2, #3]
 612 002c 0421     		movs	r1, #4
 613 002e 7868     		ldr	r0, [r7, #4]
 614 0030 FFF7FEFF 		bl	calc_crc8
 615 0034 0346     		mov	r3, r0
 616 0036 1A46     		mov	r2, r3
 617              		.loc 1 111 1 is_stmt 0 discriminator 1
 618 0038 7B68     		ldr	r3, [r7, #4]
 619 003a 1A71     		strb	r2, [r3, #4]
 620 003c 7B68     		ldr	r3, [r7, #4]
 621 003e 0022     		movs	r2, #0
 622 0040 42F00102 		orr	r2, r2, #1
 623 0044 5A71     		strb	r2, [r3, #5]
 624 0046 0022     		movs	r2, #0
 625 0048 42F00302 		orr	r2, r2, #3
 626 004c 9A71     		strb	r2, [r3, #6]
 627 004e 7B68     		ldr	r3, [r7, #4]
 628 0050 0022     		movs	r2, #0
 629 0052 42F00102 		orr	r2, r2, #1
 630 0056 DA71     		strb	r2, [r3, #7]
 631 0058 0022     		movs	r2, #0
 632 005a 42F00102 		orr	r2, r2, #1
 633 005e 1A72     		strb	r2, [r3, #8]
 634 0060 0D4B     		ldr	r3, .L20+4
 635 0062 1B68     		ldr	r3, [r3]
 636 0064 9AB2     		uxth	r2, r3
 637 0066 7B68     		ldr	r3, [r7, #4]
 638 0068 A3F80920 		strh	r2, [r3, #9]	@ unaligned
 639 006c 0A4B     		ldr	r3, .L20+4
 640 006e 1B68     		ldr	r3, [r3]
ARM GAS  C:\Users\fffff\AppData\Local\Temp\ccOkaBVe.s 			page 15


 641 0070 9BB2     		uxth	r3, r3
 642 0072 03F58073 		add	r3, r3, #256
 643 0076 9AB2     		uxth	r2, r3
 644 0078 7B68     		ldr	r3, [r7, #4]
 645 007a A3F80B20 		strh	r2, [r3, #11]	@ unaligned
 646 007e 1C21     		movs	r1, #28
 647 0080 7868     		ldr	r0, [r7, #4]
 648 0082 FFF7FEFF 		bl	calc_crc16
 649 0086 0346     		mov	r3, r0
 650 0088 1A46     		mov	r2, r3
 651              		.loc 1 111 1 discriminator 2
 652 008a 7B68     		ldr	r3, [r7, #4]
 653 008c 9A83     		strh	r2, [r3, #28]	@ unaligned
 654              		.loc 1 111 1
 655 008e 0837     		adds	r7, r7, #8
 656              	.LCFI20:
 657              		.cfi_def_cfa_offset 8
 658 0090 BD46     		mov	sp, r7
 659              	.LCFI21:
 660              		.cfi_def_cfa_register 13
 661              		@ sp needed
 662 0092 80BD     		pop	{r7, pc}
 663              	.L21:
 664              		.align	2
 665              	.L20:
 666 0094 00000000 		.word	seq
 667 0098 00000000 		.word	ui_self_id
 668              		.cfi_endproc
 669              	.LFE150:
 671              		.section	.text.ui_proc_2_frame,"ax",%progbits
 672              		.align	1
 673              		.global	ui_proc_2_frame
 674              		.syntax unified
 675              		.thumb
 676              		.thumb_func
 678              	ui_proc_2_frame:
 679              	.LFB151:
 112:Drivers/UI/ui_interface.c **** DEFINE_FRAME_PROC(2, 0x0102)
 680              		.loc 1 112 1 is_stmt 1
 681              		.cfi_startproc
 682              		@ args = 0, pretend = 0, frame = 8
 683              		@ frame_needed = 1, uses_anonymous_args = 0
 684 0000 80B5     		push	{r7, lr}
 685              	.LCFI22:
 686              		.cfi_def_cfa_offset 8
 687              		.cfi_offset 7, -8
 688              		.cfi_offset 14, -4
 689 0002 82B0     		sub	sp, sp, #8
 690              	.LCFI23:
 691              		.cfi_def_cfa_offset 16
 692 0004 00AF     		add	r7, sp, #0
 693              	.LCFI24:
 694              		.cfi_def_cfa_register 7
 695 0006 7860     		str	r0, [r7, #4]
 696              		.loc 1 112 1
 697 0008 7B68     		ldr	r3, [r7, #4]
 698 000a A522     		movs	r2, #165
ARM GAS  C:\Users\fffff\AppData\Local\Temp\ccOkaBVe.s 			page 16


 699 000c 1A70     		strb	r2, [r3]
 700 000e 7B68     		ldr	r3, [r7, #4]
 701 0010 0022     		movs	r2, #0
 702 0012 42F02402 		orr	r2, r2, #36
 703 0016 5A70     		strb	r2, [r3, #1]
 704 0018 0022     		movs	r2, #0
 705 001a 9A70     		strb	r2, [r3, #2]
 706 001c 1E4B     		ldr	r3, .L23
 707 001e 1B78     		ldrb	r3, [r3]	@ zero_extendqisi2
 708 0020 5A1C     		adds	r2, r3, #1
 709 0022 D1B2     		uxtb	r1, r2
 710 0024 1C4A     		ldr	r2, .L23
 711 0026 1170     		strb	r1, [r2]
 712 0028 7A68     		ldr	r2, [r7, #4]
 713 002a D370     		strb	r3, [r2, #3]
 714 002c 0421     		movs	r1, #4
 715 002e 7868     		ldr	r0, [r7, #4]
 716 0030 FFF7FEFF 		bl	calc_crc8
 717 0034 0346     		mov	r3, r0
 718 0036 1A46     		mov	r2, r3
 719              		.loc 1 112 1 is_stmt 0 discriminator 1
 720 0038 7B68     		ldr	r3, [r7, #4]
 721 003a 1A71     		strb	r2, [r3, #4]
 722 003c 7B68     		ldr	r3, [r7, #4]
 723 003e 0022     		movs	r2, #0
 724 0040 42F00102 		orr	r2, r2, #1
 725 0044 5A71     		strb	r2, [r3, #5]
 726 0046 0022     		movs	r2, #0
 727 0048 42F00302 		orr	r2, r2, #3
 728 004c 9A71     		strb	r2, [r3, #6]
 729 004e 7B68     		ldr	r3, [r7, #4]
 730 0050 0022     		movs	r2, #0
 731 0052 42F00202 		orr	r2, r2, #2
 732 0056 DA71     		strb	r2, [r3, #7]
 733 0058 0022     		movs	r2, #0
 734 005a 42F00102 		orr	r2, r2, #1
 735 005e 1A72     		strb	r2, [r3, #8]
 736 0060 0E4B     		ldr	r3, .L23+4
 737 0062 1B68     		ldr	r3, [r3]
 738 0064 9AB2     		uxth	r2, r3
 739 0066 7B68     		ldr	r3, [r7, #4]
 740 0068 A3F80920 		strh	r2, [r3, #9]	@ unaligned
 741 006c 0B4B     		ldr	r3, .L23+4
 742 006e 1B68     		ldr	r3, [r3]
 743 0070 9BB2     		uxth	r3, r3
 744 0072 03F58073 		add	r3, r3, #256
 745 0076 9AB2     		uxth	r2, r3
 746 0078 7B68     		ldr	r3, [r7, #4]
 747 007a A3F80B20 		strh	r2, [r3, #11]	@ unaligned
 748 007e 2B21     		movs	r1, #43
 749 0080 7868     		ldr	r0, [r7, #4]
 750 0082 FFF7FEFF 		bl	calc_crc16
 751 0086 0346     		mov	r3, r0
 752 0088 1A46     		mov	r2, r3
 753              		.loc 1 112 1 discriminator 2
 754 008a 7B68     		ldr	r3, [r7, #4]
 755 008c A3F82B20 		strh	r2, [r3, #43]	@ unaligned
ARM GAS  C:\Users\fffff\AppData\Local\Temp\ccOkaBVe.s 			page 17


 756              		.loc 1 112 1
 757 0090 0837     		adds	r7, r7, #8
 758              	.LCFI25:
 759              		.cfi_def_cfa_offset 8
 760 0092 BD46     		mov	sp, r7
 761              	.LCFI26:
 762              		.cfi_def_cfa_register 13
 763              		@ sp needed
 764 0094 80BD     		pop	{r7, pc}
 765              	.L24:
 766 0096 00BF     		.align	2
 767              	.L23:
 768 0098 00000000 		.word	seq
 769 009c 00000000 		.word	ui_self_id
 770              		.cfi_endproc
 771              	.LFE151:
 773              		.section	.text.ui_proc_5_frame,"ax",%progbits
 774              		.align	1
 775              		.global	ui_proc_5_frame
 776              		.syntax unified
 777              		.thumb
 778              		.thumb_func
 780              	ui_proc_5_frame:
 781              	.LFB152:
 113:Drivers/UI/ui_interface.c **** DEFINE_FRAME_PROC(5, 0x0103)
 782              		.loc 1 113 1 is_stmt 1
 783              		.cfi_startproc
 784              		@ args = 0, pretend = 0, frame = 8
 785              		@ frame_needed = 1, uses_anonymous_args = 0
 786 0000 80B5     		push	{r7, lr}
 787              	.LCFI27:
 788              		.cfi_def_cfa_offset 8
 789              		.cfi_offset 7, -8
 790              		.cfi_offset 14, -4
 791 0002 82B0     		sub	sp, sp, #8
 792              	.LCFI28:
 793              		.cfi_def_cfa_offset 16
 794 0004 00AF     		add	r7, sp, #0
 795              	.LCFI29:
 796              		.cfi_def_cfa_register 7
 797 0006 7860     		str	r0, [r7, #4]
 798              		.loc 1 113 1
 799 0008 7B68     		ldr	r3, [r7, #4]
 800 000a A522     		movs	r2, #165
 801 000c 1A70     		strb	r2, [r3]
 802 000e 7B68     		ldr	r3, [r7, #4]
 803 0010 0022     		movs	r2, #0
 804 0012 42F05102 		orr	r2, r2, #81
 805 0016 5A70     		strb	r2, [r3, #1]
 806 0018 0022     		movs	r2, #0
 807 001a 9A70     		strb	r2, [r3, #2]
 808 001c 1E4B     		ldr	r3, .L26
 809 001e 1B78     		ldrb	r3, [r3]	@ zero_extendqisi2
 810 0020 5A1C     		adds	r2, r3, #1
 811 0022 D1B2     		uxtb	r1, r2
 812 0024 1C4A     		ldr	r2, .L26
 813 0026 1170     		strb	r1, [r2]
ARM GAS  C:\Users\fffff\AppData\Local\Temp\ccOkaBVe.s 			page 18


 814 0028 7A68     		ldr	r2, [r7, #4]
 815 002a D370     		strb	r3, [r2, #3]
 816 002c 0421     		movs	r1, #4
 817 002e 7868     		ldr	r0, [r7, #4]
 818 0030 FFF7FEFF 		bl	calc_crc8
 819 0034 0346     		mov	r3, r0
 820 0036 1A46     		mov	r2, r3
 821              		.loc 1 113 1 is_stmt 0 discriminator 1
 822 0038 7B68     		ldr	r3, [r7, #4]
 823 003a 1A71     		strb	r2, [r3, #4]
 824 003c 7B68     		ldr	r3, [r7, #4]
 825 003e 0022     		movs	r2, #0
 826 0040 42F00102 		orr	r2, r2, #1
 827 0044 5A71     		strb	r2, [r3, #5]
 828 0046 0022     		movs	r2, #0
 829 0048 42F00302 		orr	r2, r2, #3
 830 004c 9A71     		strb	r2, [r3, #6]
 831 004e 7B68     		ldr	r3, [r7, #4]
 832 0050 0022     		movs	r2, #0
 833 0052 42F00302 		orr	r2, r2, #3
 834 0056 DA71     		strb	r2, [r3, #7]
 835 0058 0022     		movs	r2, #0
 836 005a 42F00102 		orr	r2, r2, #1
 837 005e 1A72     		strb	r2, [r3, #8]
 838 0060 0E4B     		ldr	r3, .L26+4
 839 0062 1B68     		ldr	r3, [r3]
 840 0064 9AB2     		uxth	r2, r3
 841 0066 7B68     		ldr	r3, [r7, #4]
 842 0068 A3F80920 		strh	r2, [r3, #9]	@ unaligned
 843 006c 0B4B     		ldr	r3, .L26+4
 844 006e 1B68     		ldr	r3, [r3]
 845 0070 9BB2     		uxth	r3, r3
 846 0072 03F58073 		add	r3, r3, #256
 847 0076 9AB2     		uxth	r2, r3
 848 0078 7B68     		ldr	r3, [r7, #4]
 849 007a A3F80B20 		strh	r2, [r3, #11]	@ unaligned
 850 007e 5821     		movs	r1, #88
 851 0080 7868     		ldr	r0, [r7, #4]
 852 0082 FFF7FEFF 		bl	calc_crc16
 853 0086 0346     		mov	r3, r0
 854 0088 1A46     		mov	r2, r3
 855              		.loc 1 113 1 discriminator 2
 856 008a 7B68     		ldr	r3, [r7, #4]
 857 008c A3F85820 		strh	r2, [r3, #88]	@ unaligned
 858              		.loc 1 113 1
 859 0090 0837     		adds	r7, r7, #8
 860              	.LCFI30:
 861              		.cfi_def_cfa_offset 8
 862 0092 BD46     		mov	sp, r7
 863              	.LCFI31:
 864              		.cfi_def_cfa_register 13
 865              		@ sp needed
 866 0094 80BD     		pop	{r7, pc}
 867              	.L27:
 868 0096 00BF     		.align	2
 869              	.L26:
 870 0098 00000000 		.word	seq
ARM GAS  C:\Users\fffff\AppData\Local\Temp\ccOkaBVe.s 			page 19


 871 009c 00000000 		.word	ui_self_id
 872              		.cfi_endproc
 873              	.LFE152:
 875              		.section	.text.ui_proc_7_frame,"ax",%progbits
 876              		.align	1
 877              		.global	ui_proc_7_frame
 878              		.syntax unified
 879              		.thumb
 880              		.thumb_func
 882              	ui_proc_7_frame:
 883              	.LFB153:
 114:Drivers/UI/ui_interface.c **** DEFINE_FRAME_PROC(7, 0x0104)
 884              		.loc 1 114 1 is_stmt 1
 885              		.cfi_startproc
 886              		@ args = 0, pretend = 0, frame = 8
 887              		@ frame_needed = 1, uses_anonymous_args = 0
 888 0000 80B5     		push	{r7, lr}
 889              	.LCFI32:
 890              		.cfi_def_cfa_offset 8
 891              		.cfi_offset 7, -8
 892              		.cfi_offset 14, -4
 893 0002 82B0     		sub	sp, sp, #8
 894              	.LCFI33:
 895              		.cfi_def_cfa_offset 16
 896 0004 00AF     		add	r7, sp, #0
 897              	.LCFI34:
 898              		.cfi_def_cfa_register 7
 899 0006 7860     		str	r0, [r7, #4]
 900              		.loc 1 114 1
 901 0008 7B68     		ldr	r3, [r7, #4]
 902 000a A522     		movs	r2, #165
 903 000c 1A70     		strb	r2, [r3]
 904 000e 7B68     		ldr	r3, [r7, #4]
 905 0010 0022     		movs	r2, #0
 906 0012 42F06F02 		orr	r2, r2, #111
 907 0016 5A70     		strb	r2, [r3, #1]
 908 0018 0022     		movs	r2, #0
 909 001a 9A70     		strb	r2, [r3, #2]
 910 001c 1E4B     		ldr	r3, .L29
 911 001e 1B78     		ldrb	r3, [r3]	@ zero_extendqisi2
 912 0020 5A1C     		adds	r2, r3, #1
 913 0022 D1B2     		uxtb	r1, r2
 914 0024 1C4A     		ldr	r2, .L29
 915 0026 1170     		strb	r1, [r2]
 916 0028 7A68     		ldr	r2, [r7, #4]
 917 002a D370     		strb	r3, [r2, #3]
 918 002c 0421     		movs	r1, #4
 919 002e 7868     		ldr	r0, [r7, #4]
 920 0030 FFF7FEFF 		bl	calc_crc8
 921 0034 0346     		mov	r3, r0
 922 0036 1A46     		mov	r2, r3
 923              		.loc 1 114 1 is_stmt 0 discriminator 1
 924 0038 7B68     		ldr	r3, [r7, #4]
 925 003a 1A71     		strb	r2, [r3, #4]
 926 003c 7B68     		ldr	r3, [r7, #4]
 927 003e 0022     		movs	r2, #0
 928 0040 42F00102 		orr	r2, r2, #1
ARM GAS  C:\Users\fffff\AppData\Local\Temp\ccOkaBVe.s 			page 20


 929 0044 5A71     		strb	r2, [r3, #5]
 930 0046 0022     		movs	r2, #0
 931 0048 42F00302 		orr	r2, r2, #3
 932 004c 9A71     		strb	r2, [r3, #6]
 933 004e 7B68     		ldr	r3, [r7, #4]
 934 0050 0022     		movs	r2, #0
 935 0052 42F00402 		orr	r2, r2, #4
 936 0056 DA71     		strb	r2, [r3, #7]
 937 0058 0022     		movs	r2, #0
 938 005a 42F00102 		orr	r2, r2, #1
 939 005e 1A72     		strb	r2, [r3, #8]
 940 0060 0E4B     		ldr	r3, .L29+4
 941 0062 1B68     		ldr	r3, [r3]
 942 0064 9AB2     		uxth	r2, r3
 943 0066 7B68     		ldr	r3, [r7, #4]
 944 0068 A3F80920 		strh	r2, [r3, #9]	@ unaligned
 945 006c 0B4B     		ldr	r3, .L29+4
 946 006e 1B68     		ldr	r3, [r3]
 947 0070 9BB2     		uxth	r3, r3
 948 0072 03F58073 		add	r3, r3, #256
 949 0076 9AB2     		uxth	r2, r3
 950 0078 7B68     		ldr	r3, [r7, #4]
 951 007a A3F80B20 		strh	r2, [r3, #11]	@ unaligned
 952 007e 7621     		movs	r1, #118
 953 0080 7868     		ldr	r0, [r7, #4]
 954 0082 FFF7FEFF 		bl	calc_crc16
 955 0086 0346     		mov	r3, r0
 956 0088 1A46     		mov	r2, r3
 957              		.loc 1 114 1 discriminator 2
 958 008a 7B68     		ldr	r3, [r7, #4]
 959 008c A3F87620 		strh	r2, [r3, #118]	@ unaligned
 960              		.loc 1 114 1
 961 0090 0837     		adds	r7, r7, #8
 962              	.LCFI35:
 963              		.cfi_def_cfa_offset 8
 964 0092 BD46     		mov	sp, r7
 965              	.LCFI36:
 966              		.cfi_def_cfa_register 13
 967              		@ sp needed
 968 0094 80BD     		pop	{r7, pc}
 969              	.L30:
 970 0096 00BF     		.align	2
 971              	.L29:
 972 0098 00000000 		.word	seq
 973 009c 00000000 		.word	ui_self_id
 974              		.cfi_endproc
 975              	.LFE153:
 977              		.section	.text.ui_proc_string_frame,"ax",%progbits
 978              		.align	1
 979              		.global	ui_proc_string_frame
 980              		.syntax unified
 981              		.thumb
 982              		.thumb_func
 984              	ui_proc_string_frame:
 985              	.LFB154:
 115:Drivers/UI/ui_interface.c **** 
 116:Drivers/UI/ui_interface.c **** void ui_proc_string_frame(ui_string_frame_t *msg) {
ARM GAS  C:\Users\fffff\AppData\Local\Temp\ccOkaBVe.s 			page 21


 986              		.loc 1 116 51 is_stmt 1
 987              		.cfi_startproc
 988              		@ args = 0, pretend = 0, frame = 8
 989              		@ frame_needed = 1, uses_anonymous_args = 0
 990 0000 90B5     		push	{r4, r7, lr}
 991              	.LCFI37:
 992              		.cfi_def_cfa_offset 12
 993              		.cfi_offset 4, -12
 994              		.cfi_offset 7, -8
 995              		.cfi_offset 14, -4
 996 0002 83B0     		sub	sp, sp, #12
 997              	.LCFI38:
 998              		.cfi_def_cfa_offset 24
 999 0004 00AF     		add	r7, sp, #0
 1000              	.LCFI39:
 1001              		.cfi_def_cfa_register 7
 1002 0006 7860     		str	r0, [r7, #4]
 117:Drivers/UI/ui_interface.c ****     msg->header.SOF = 0xA5;
 1003              		.loc 1 117 21
 1004 0008 7B68     		ldr	r3, [r7, #4]
 1005 000a A522     		movs	r2, #165
 1006 000c 1A70     		strb	r2, [r3]
 118:Drivers/UI/ui_interface.c ****     msg->header.length = 51;
 1007              		.loc 1 118 24
 1008 000e 7B68     		ldr	r3, [r7, #4]
 1009 0010 0022     		movs	r2, #0
 1010 0012 42F03302 		orr	r2, r2, #51
 1011 0016 5A70     		strb	r2, [r3, #1]
 1012 0018 0022     		movs	r2, #0
 1013 001a 9A70     		strb	r2, [r3, #2]
 119:Drivers/UI/ui_interface.c ****     msg->header.seq = seq++;
 1014              		.loc 1 119 26
 1015 001c 2B4B     		ldr	r3, .L32
 1016 001e 1B78     		ldrb	r3, [r3]	@ zero_extendqisi2
 1017 0020 5A1C     		adds	r2, r3, #1
 1018 0022 D1B2     		uxtb	r1, r2
 1019 0024 294A     		ldr	r2, .L32
 1020 0026 1170     		strb	r1, [r2]
 1021              		.loc 1 119 21
 1022 0028 7A68     		ldr	r2, [r7, #4]
 1023 002a D370     		strb	r3, [r2, #3]
 120:Drivers/UI/ui_interface.c ****     msg->header.crc8 = calc_crc8((uint8_t *) msg, 4);
 1024              		.loc 1 120 24
 1025 002c 0421     		movs	r1, #4
 1026 002e 7868     		ldr	r0, [r7, #4]
 1027 0030 FFF7FEFF 		bl	calc_crc8
 1028 0034 0346     		mov	r3, r0
 1029 0036 1A46     		mov	r2, r3
 1030              		.loc 1 120 22 discriminator 1
 1031 0038 7B68     		ldr	r3, [r7, #4]
 1032 003a 1A71     		strb	r2, [r3, #4]
 121:Drivers/UI/ui_interface.c ****     msg->header.cmd_id = 0x0301;
 1033              		.loc 1 121 24
 1034 003c 7B68     		ldr	r3, [r7, #4]
 1035 003e 0022     		movs	r2, #0
 1036 0040 42F00102 		orr	r2, r2, #1
 1037 0044 5A71     		strb	r2, [r3, #5]
ARM GAS  C:\Users\fffff\AppData\Local\Temp\ccOkaBVe.s 			page 22


 1038 0046 0022     		movs	r2, #0
 1039 0048 42F00302 		orr	r2, r2, #3
 1040 004c 9A71     		strb	r2, [r3, #6]
 122:Drivers/UI/ui_interface.c ****     msg->header.sub_id = 0x0110;
 1041              		.loc 1 122 24
 1042 004e 7B68     		ldr	r3, [r7, #4]
 1043 0050 0022     		movs	r2, #0
 1044 0052 42F01002 		orr	r2, r2, #16
 1045 0056 DA71     		strb	r2, [r3, #7]
 1046 0058 0022     		movs	r2, #0
 1047 005a 42F00102 		orr	r2, r2, #1
 1048 005e 1A72     		strb	r2, [r3, #8]
 123:Drivers/UI/ui_interface.c ****     msg->header.send_id = ui_self_id;
 1049              		.loc 1 123 25
 1050 0060 1B4B     		ldr	r3, .L32+4
 1051 0062 1B68     		ldr	r3, [r3]
 1052 0064 9AB2     		uxth	r2, r3
 1053 0066 7B68     		ldr	r3, [r7, #4]
 1054 0068 A3F80920 		strh	r2, [r3, #9]	@ unaligned
 124:Drivers/UI/ui_interface.c ****     msg->header.recv_id = ui_self_id + 256;
 1055              		.loc 1 124 38
 1056 006c 184B     		ldr	r3, .L32+4
 1057 006e 1B68     		ldr	r3, [r3]
 1058 0070 9BB2     		uxth	r3, r3
 1059 0072 03F58073 		add	r3, r3, #256
 1060 0076 9AB2     		uxth	r2, r3
 1061              		.loc 1 124 25
 1062 0078 7B68     		ldr	r3, [r7, #4]
 1063 007a A3F80B20 		strh	r2, [r3, #11]	@ unaligned
 125:Drivers/UI/ui_interface.c ****     msg->option.str_length = strlen(msg->option.string);
 1064              		.loc 1 125 48
 1065 007e 7B68     		ldr	r3, [r7, #4]
 1066 0080 1C33     		adds	r3, r3, #28
 1067              		.loc 1 125 30
 1068 0082 1846     		mov	r0, r3
 1069 0084 FFF7FEFF 		bl	strlen
 1070 0088 0346     		mov	r3, r0
 1071              		.loc 1 125 30 is_stmt 0 discriminator 1
 1072 008a C3F30803 		ubfx	r3, r3, #0, #9
 1073 008e 9AB2     		uxth	r2, r3
 1074              		.loc 1 125 28 is_stmt 1 discriminator 1
 1075 0090 7B68     		ldr	r3, [r7, #4]
 1076 0092 02F00101 		and	r1, r2, #1
 1077 0096 CC01     		lsls	r4, r1, #7
 1078 0098 997C     		ldrb	r1, [r3, #18]
 1079 009a 01F07F01 		and	r1, r1, #127
 1080 009e 0846     		mov	r0, r1
 1081 00a0 2146     		mov	r1, r4
 1082 00a2 0143     		orrs	r1, r1, r0
 1083 00a4 9974     		strb	r1, [r3, #18]
 1084 00a6 5208     		lsrs	r2, r2, #1
 1085 00a8 92B2     		uxth	r2, r2
 1086 00aa D2B2     		uxtb	r2, r2
 1087 00ac 0021     		movs	r1, #0
 1088 00ae 0A43     		orrs	r2, r2, r1
 1089 00b0 DA74     		strb	r2, [r3, #19]
 126:Drivers/UI/ui_interface.c ****     msg->crc16 = calc_crc16((uint8_t *) msg, 58);
ARM GAS  C:\Users\fffff\AppData\Local\Temp\ccOkaBVe.s 			page 23


 1090              		.loc 1 126 18
 1091 00b2 3A21     		movs	r1, #58
 1092 00b4 7868     		ldr	r0, [r7, #4]
 1093 00b6 FFF7FEFF 		bl	calc_crc16
 1094 00ba 0346     		mov	r3, r0
 1095 00bc 1A46     		mov	r2, r3
 1096              		.loc 1 126 16 discriminator 1
 1097 00be 7B68     		ldr	r3, [r7, #4]
 1098 00c0 5A87     		strh	r2, [r3, #58]	@ unaligned
 127:Drivers/UI/ui_interface.c **** }
 1099              		.loc 1 127 1
 1100 00c2 00BF     		nop
 1101 00c4 0C37     		adds	r7, r7, #12
 1102              	.LCFI40:
 1103              		.cfi_def_cfa_offset 12
 1104 00c6 BD46     		mov	sp, r7
 1105              	.LCFI41:
 1106              		.cfi_def_cfa_register 13
 1107              		@ sp needed
 1108 00c8 90BD     		pop	{r4, r7, pc}
 1109              	.L33:
 1110 00ca 00BF     		.align	2
 1111              	.L32:
 1112 00cc 00000000 		.word	seq
 1113 00d0 00000000 		.word	ui_self_id
 1114              		.cfi_endproc
 1115              	.LFE154:
 1117              		.text
 1118              	.Letext0:
 1119              		.file 2 "C:/msys64/mingw64/arm-none-eabi/include/machine/_default_types.h"
 1120              		.file 3 "C:/msys64/mingw64/lib/gcc/arm-none-eabi/13.3.0/include/stddef.h"
 1121              		.file 4 "C:/msys64/mingw64/arm-none-eabi/include/sys/_stdint.h"
 1122              		.file 5 "Drivers/UI/ui_types.h"
 1123              		.file 6 "Drivers/UI/ui_interface.h"
 1124              		.file 7 "C:/msys64/mingw64/arm-none-eabi/include/string.h"
 1125              		.file 8 "C:/msys64/mingw64/arm-none-eabi/include/stdio.h"
ARM GAS  C:\Users\fffff\AppData\Local\Temp\ccOkaBVe.s 			page 24


DEFINED SYMBOLS
                            *ABS*:00000000 ui_interface.c
C:\Users\fffff\AppData\Local\Temp\ccOkaBVe.s:23     .bss.seq:00000000 seq
C:\Users\fffff\AppData\Local\Temp\ccOkaBVe.s:24     .bss.seq:00000000 $d
C:\Users\fffff\AppData\Local\Temp\ccOkaBVe.s:30     .data.ui_self_id:00000000 ui_self_id
C:\Users\fffff\AppData\Local\Temp\ccOkaBVe.s:27     .data.ui_self_id:00000000 $d
C:\Users\fffff\AppData\Local\Temp\ccOkaBVe.s:33     .rodata:00000000 $d
C:\Users\fffff\AppData\Local\Temp\ccOkaBVe.s:40     .text.print_message:00000000 $t
C:\Users\fffff\AppData\Local\Temp\ccOkaBVe.s:46     .text.print_message:00000000 print_message
C:\Users\fffff\AppData\Local\Temp\ccOkaBVe.s:108    .text.print_message:0000003c $d
C:\Users\fffff\AppData\Local\Temp\ccOkaBVe.s:118    .rodata.CRC8_TAB:00000000 CRC8_TAB
C:\Users\fffff\AppData\Local\Temp\ccOkaBVe.s:115    .rodata.CRC8_TAB:00000000 $d
C:\Users\fffff\AppData\Local\Temp\ccOkaBVe.s:135    .text.calc_crc8:00000000 $t
C:\Users\fffff\AppData\Local\Temp\ccOkaBVe.s:141    .text.calc_crc8:00000000 calc_crc8
C:\Users\fffff\AppData\Local\Temp\ccOkaBVe.s:209    .text.calc_crc8:00000040 $d
C:\Users\fffff\AppData\Local\Temp\ccOkaBVe.s:218    .rodata.wCRC_Table:00000000 wCRC_Table
C:\Users\fffff\AppData\Local\Temp\ccOkaBVe.s:215    .rodata.wCRC_Table:00000000 $d
C:\Users\fffff\AppData\Local\Temp\ccOkaBVe.s:476    .text.calc_crc16:00000000 $t
C:\Users\fffff\AppData\Local\Temp\ccOkaBVe.s:482    .text.calc_crc16:00000000 calc_crc16
C:\Users\fffff\AppData\Local\Temp\ccOkaBVe.s:565    .text.calc_crc16:00000058 $d
C:\Users\fffff\AppData\Local\Temp\ccOkaBVe.s:570    .text.ui_proc_1_frame:00000000 $t
C:\Users\fffff\AppData\Local\Temp\ccOkaBVe.s:576    .text.ui_proc_1_frame:00000000 ui_proc_1_frame
C:\Users\fffff\AppData\Local\Temp\ccOkaBVe.s:666    .text.ui_proc_1_frame:00000094 $d
C:\Users\fffff\AppData\Local\Temp\ccOkaBVe.s:672    .text.ui_proc_2_frame:00000000 $t
C:\Users\fffff\AppData\Local\Temp\ccOkaBVe.s:678    .text.ui_proc_2_frame:00000000 ui_proc_2_frame
C:\Users\fffff\AppData\Local\Temp\ccOkaBVe.s:768    .text.ui_proc_2_frame:00000098 $d
C:\Users\fffff\AppData\Local\Temp\ccOkaBVe.s:774    .text.ui_proc_5_frame:00000000 $t
C:\Users\fffff\AppData\Local\Temp\ccOkaBVe.s:780    .text.ui_proc_5_frame:00000000 ui_proc_5_frame
C:\Users\fffff\AppData\Local\Temp\ccOkaBVe.s:870    .text.ui_proc_5_frame:00000098 $d
C:\Users\fffff\AppData\Local\Temp\ccOkaBVe.s:876    .text.ui_proc_7_frame:00000000 $t
C:\Users\fffff\AppData\Local\Temp\ccOkaBVe.s:882    .text.ui_proc_7_frame:00000000 ui_proc_7_frame
C:\Users\fffff\AppData\Local\Temp\ccOkaBVe.s:972    .text.ui_proc_7_frame:00000098 $d
C:\Users\fffff\AppData\Local\Temp\ccOkaBVe.s:978    .text.ui_proc_string_frame:00000000 $t
C:\Users\fffff\AppData\Local\Temp\ccOkaBVe.s:984    .text.ui_proc_string_frame:00000000 ui_proc_string_frame
C:\Users\fffff\AppData\Local\Temp\ccOkaBVe.s:1112   .text.ui_proc_string_frame:000000cc $d

UNDEFINED SYMBOLS
printf
puts
strlen
