ARM GAS  C:\Users\23671\AppData\Local\Temp\ccD13hhh.s 			page 1


   1              		.cpu cortex-m7
   2              		.arch armv7e-m
   3              		.fpu fpv5-d16
   4              		.eabi_attribute 28, 1
   5              		.eabi_attribute 20, 1
   6              		.eabi_attribute 21, 1
   7              		.eabi_attribute 23, 3
   8              		.eabi_attribute 24, 1
   9              		.eabi_attribute 25, 1
  10              		.eabi_attribute 26, 1
  11              		.eabi_attribute 30, 6
  12              		.eabi_attribute 34, 1
  13              		.eabi_attribute 18, 4
  14              		.file	"usbd_desc.c"
  15              		.text
  16              	.Ltext0:
  17              		.cfi_sections	.debug_frame
  18              		.file 1 "USB_DEVICE/App/usbd_desc.c"
  19              		.global	HS_Desc
  20              		.section	.data.HS_Desc,"aw"
  21              		.align	2
  24              	HS_Desc:
  25 0000 00000000 		.word	USBD_HS_DeviceDescriptor
  26 0004 00000000 		.word	USBD_HS_LangIDStrDescriptor
  27 0008 00000000 		.word	USBD_HS_ManufacturerStrDescriptor
  28 000c 00000000 		.word	USBD_HS_ProductStrDescriptor
  29 0010 00000000 		.word	USBD_HS_SerialStrDescriptor
  30 0014 00000000 		.word	USBD_HS_ConfigStrDescriptor
  31 0018 00000000 		.word	USBD_HS_InterfaceStrDescriptor
  32 001c 00000000 		.space	4
  33              		.global	USBD_HS_DeviceDesc
  34              		.section	.data.USBD_HS_DeviceDesc,"aw"
  35              		.align	2
  38              	USBD_HS_DeviceDesc:
  39 0000 12010002 		.ascii	"\022\001\000\002\002\002\000@\203\004@W\000\002\001"
  39      02020040 
  39      83044057 
  39      000201
  40 000f 020301   		.ascii	"\002\003\001"
  41              		.global	USBD_HS_BOSDesc
  42              		.section	.data.USBD_HS_BOSDesc,"aw"
  43              		.align	2
  46              	USBD_HS_BOSDesc:
  47 0000 050F0C00 		.ascii	"\005\017\014\000\001\007\020\002\002\000\000\000"
  47      01071002 
  47      02000000 
  48              		.global	USBD_LangIDDesc
  49              		.section	.data.USBD_LangIDDesc,"aw"
  50              		.align	2
  53              	USBD_LangIDDesc:
  54 0000 04030904 		.ascii	"\004\003\011\004"
  55              		.global	USBD_StrDesc
  56              		.section	.bss.USBD_StrDesc,"aw",%nobits
  57              		.align	2
  60              	USBD_StrDesc:
  61 0000 00000000 		.space	512
  61      00000000 
ARM GAS  C:\Users\23671\AppData\Local\Temp\ccD13hhh.s 			page 2


  61      00000000 
  61      00000000 
  61      00000000 
  62              		.global	USBD_StringSerial
  63              		.section	.data.USBD_StringSerial,"aw"
  64              		.align	2
  67              	USBD_StringSerial:
  68 0000 1A0300   		.ascii	"\032\003\000"
  69 0003 00000000 		.space	23
  69      00000000 
  69      00000000 
  69      00000000 
  69      00000000 
  70              		.section	.text.USBD_HS_DeviceDescriptor,"ax",%progbits
  71              		.align	1
  72              		.global	USBD_HS_DeviceDescriptor
  73              		.syntax unified
  74              		.thumb
  75              		.thumb_func
  77              	USBD_HS_DeviceDescriptor:
  78              	.LFB148:
   1:USB_DEVICE/App/usbd_desc.c **** /* USER CODE BEGIN Header */
   2:USB_DEVICE/App/usbd_desc.c **** /**
   3:USB_DEVICE/App/usbd_desc.c ****   ******************************************************************************
   4:USB_DEVICE/App/usbd_desc.c ****   * @file           : App/usbd_desc.c
   5:USB_DEVICE/App/usbd_desc.c ****   * @version        : v1.0_Cube
   6:USB_DEVICE/App/usbd_desc.c ****   * @brief          : This file implements the USB device descriptors.
   7:USB_DEVICE/App/usbd_desc.c ****   ******************************************************************************
   8:USB_DEVICE/App/usbd_desc.c ****   * @attention
   9:USB_DEVICE/App/usbd_desc.c ****   *
  10:USB_DEVICE/App/usbd_desc.c ****   * Copyright (c) 2024 STMicroelectronics.
  11:USB_DEVICE/App/usbd_desc.c ****   * All rights reserved.
  12:USB_DEVICE/App/usbd_desc.c ****   *
  13:USB_DEVICE/App/usbd_desc.c ****   * This software is licensed under terms that can be found in the LICENSE file
  14:USB_DEVICE/App/usbd_desc.c ****   * in the root directory of this software component.
  15:USB_DEVICE/App/usbd_desc.c ****   * If no LICENSE file comes with this software, it is provided AS-IS.
  16:USB_DEVICE/App/usbd_desc.c ****   *
  17:USB_DEVICE/App/usbd_desc.c ****   ******************************************************************************
  18:USB_DEVICE/App/usbd_desc.c ****   */
  19:USB_DEVICE/App/usbd_desc.c **** /* USER CODE END Header */
  20:USB_DEVICE/App/usbd_desc.c **** 
  21:USB_DEVICE/App/usbd_desc.c **** /* Includes ------------------------------------------------------------------*/
  22:USB_DEVICE/App/usbd_desc.c **** #include "usbd_core.h"
  23:USB_DEVICE/App/usbd_desc.c **** #include "usbd_desc.h"
  24:USB_DEVICE/App/usbd_desc.c **** #include "usbd_conf.h"
  25:USB_DEVICE/App/usbd_desc.c **** 
  26:USB_DEVICE/App/usbd_desc.c **** /* USER CODE BEGIN INCLUDE */
  27:USB_DEVICE/App/usbd_desc.c **** 
  28:USB_DEVICE/App/usbd_desc.c **** /* USER CODE END INCLUDE */
  29:USB_DEVICE/App/usbd_desc.c **** 
  30:USB_DEVICE/App/usbd_desc.c **** /* Private typedef -----------------------------------------------------------*/
  31:USB_DEVICE/App/usbd_desc.c **** /* Private define ------------------------------------------------------------*/
  32:USB_DEVICE/App/usbd_desc.c **** /* Private macro -------------------------------------------------------------*/
  33:USB_DEVICE/App/usbd_desc.c **** 
  34:USB_DEVICE/App/usbd_desc.c **** /* USER CODE BEGIN PV */
  35:USB_DEVICE/App/usbd_desc.c **** /* Private variables ---------------------------------------------------------*/
  36:USB_DEVICE/App/usbd_desc.c **** 
ARM GAS  C:\Users\23671\AppData\Local\Temp\ccD13hhh.s 			page 3


  37:USB_DEVICE/App/usbd_desc.c **** /* USER CODE END PV */
  38:USB_DEVICE/App/usbd_desc.c **** 
  39:USB_DEVICE/App/usbd_desc.c **** /** @addtogroup STM32_USB_OTG_DEVICE_LIBRARY
  40:USB_DEVICE/App/usbd_desc.c ****   * @{
  41:USB_DEVICE/App/usbd_desc.c ****   */
  42:USB_DEVICE/App/usbd_desc.c **** 
  43:USB_DEVICE/App/usbd_desc.c **** /** @addtogroup USBD_DESC
  44:USB_DEVICE/App/usbd_desc.c ****   * @{
  45:USB_DEVICE/App/usbd_desc.c ****   */
  46:USB_DEVICE/App/usbd_desc.c **** 
  47:USB_DEVICE/App/usbd_desc.c **** /** @defgroup USBD_DESC_Private_TypesDefinitions USBD_DESC_Private_TypesDefinitions
  48:USB_DEVICE/App/usbd_desc.c ****   * @brief Private types.
  49:USB_DEVICE/App/usbd_desc.c ****   * @{
  50:USB_DEVICE/App/usbd_desc.c ****   */
  51:USB_DEVICE/App/usbd_desc.c **** 
  52:USB_DEVICE/App/usbd_desc.c **** /* USER CODE BEGIN PRIVATE_TYPES */
  53:USB_DEVICE/App/usbd_desc.c **** 
  54:USB_DEVICE/App/usbd_desc.c **** /* USER CODE END PRIVATE_TYPES */
  55:USB_DEVICE/App/usbd_desc.c **** 
  56:USB_DEVICE/App/usbd_desc.c **** /**
  57:USB_DEVICE/App/usbd_desc.c ****   * @}
  58:USB_DEVICE/App/usbd_desc.c ****   */
  59:USB_DEVICE/App/usbd_desc.c **** 
  60:USB_DEVICE/App/usbd_desc.c **** /** @defgroup USBD_DESC_Private_Defines USBD_DESC_Private_Defines
  61:USB_DEVICE/App/usbd_desc.c ****   * @brief Private defines.
  62:USB_DEVICE/App/usbd_desc.c ****   * @{
  63:USB_DEVICE/App/usbd_desc.c ****   */
  64:USB_DEVICE/App/usbd_desc.c **** 
  65:USB_DEVICE/App/usbd_desc.c **** #define USBD_VID     1155
  66:USB_DEVICE/App/usbd_desc.c **** #define USBD_LANGID_STRING     1033
  67:USB_DEVICE/App/usbd_desc.c **** #define USBD_MANUFACTURER_STRING     "STMicroelectronics"
  68:USB_DEVICE/App/usbd_desc.c **** #define USBD_PID_HS     22336
  69:USB_DEVICE/App/usbd_desc.c **** #define USBD_PRODUCT_STRING_HS     "STM32 Virtual ComPort"
  70:USB_DEVICE/App/usbd_desc.c **** #define USBD_CONFIGURATION_STRING_HS     "CDC Config"
  71:USB_DEVICE/App/usbd_desc.c **** #define USBD_INTERFACE_STRING_HS     "CDC Interface"
  72:USB_DEVICE/App/usbd_desc.c **** 
  73:USB_DEVICE/App/usbd_desc.c **** #define USB_SIZ_BOS_DESC            0x0C
  74:USB_DEVICE/App/usbd_desc.c **** 
  75:USB_DEVICE/App/usbd_desc.c **** /* USER CODE BEGIN PRIVATE_DEFINES */
  76:USB_DEVICE/App/usbd_desc.c **** 
  77:USB_DEVICE/App/usbd_desc.c **** /* USER CODE END PRIVATE_DEFINES */
  78:USB_DEVICE/App/usbd_desc.c **** 
  79:USB_DEVICE/App/usbd_desc.c **** /**
  80:USB_DEVICE/App/usbd_desc.c ****   * @}
  81:USB_DEVICE/App/usbd_desc.c ****   */
  82:USB_DEVICE/App/usbd_desc.c **** 
  83:USB_DEVICE/App/usbd_desc.c **** /* USER CODE BEGIN 0 */
  84:USB_DEVICE/App/usbd_desc.c **** 
  85:USB_DEVICE/App/usbd_desc.c **** /* USER CODE END 0 */
  86:USB_DEVICE/App/usbd_desc.c **** 
  87:USB_DEVICE/App/usbd_desc.c **** /** @defgroup USBD_DESC_Private_Macros USBD_DESC_Private_Macros
  88:USB_DEVICE/App/usbd_desc.c ****   * @brief Private macros.
  89:USB_DEVICE/App/usbd_desc.c ****   * @{
  90:USB_DEVICE/App/usbd_desc.c ****   */
  91:USB_DEVICE/App/usbd_desc.c **** 
  92:USB_DEVICE/App/usbd_desc.c **** /* USER CODE BEGIN PRIVATE_MACRO */
  93:USB_DEVICE/App/usbd_desc.c **** 
ARM GAS  C:\Users\23671\AppData\Local\Temp\ccD13hhh.s 			page 4


  94:USB_DEVICE/App/usbd_desc.c **** /* USER CODE END PRIVATE_MACRO */
  95:USB_DEVICE/App/usbd_desc.c **** 
  96:USB_DEVICE/App/usbd_desc.c **** /**
  97:USB_DEVICE/App/usbd_desc.c ****   * @}
  98:USB_DEVICE/App/usbd_desc.c ****   */
  99:USB_DEVICE/App/usbd_desc.c **** 
 100:USB_DEVICE/App/usbd_desc.c **** /** @defgroup USBD_DESC_Private_FunctionPrototypes USBD_DESC_Private_FunctionPrototypes
 101:USB_DEVICE/App/usbd_desc.c ****   * @brief Private functions declaration.
 102:USB_DEVICE/App/usbd_desc.c ****   * @{
 103:USB_DEVICE/App/usbd_desc.c ****   */
 104:USB_DEVICE/App/usbd_desc.c **** 
 105:USB_DEVICE/App/usbd_desc.c **** static void Get_SerialNum(void);
 106:USB_DEVICE/App/usbd_desc.c **** static void IntToUnicode(uint32_t value, uint8_t * pbuf, uint8_t len);
 107:USB_DEVICE/App/usbd_desc.c **** 
 108:USB_DEVICE/App/usbd_desc.c **** /**
 109:USB_DEVICE/App/usbd_desc.c ****   * @}
 110:USB_DEVICE/App/usbd_desc.c ****   */
 111:USB_DEVICE/App/usbd_desc.c **** 
 112:USB_DEVICE/App/usbd_desc.c **** /** @defgroup USBD_DESC_Private_FunctionPrototypes USBD_DESC_Private_FunctionPrototypes
 113:USB_DEVICE/App/usbd_desc.c ****   * @brief Private functions declaration for HS.
 114:USB_DEVICE/App/usbd_desc.c ****   * @{
 115:USB_DEVICE/App/usbd_desc.c ****   */
 116:USB_DEVICE/App/usbd_desc.c **** 
 117:USB_DEVICE/App/usbd_desc.c **** uint8_t * USBD_HS_DeviceDescriptor(USBD_SpeedTypeDef speed, uint16_t *length);
 118:USB_DEVICE/App/usbd_desc.c **** uint8_t * USBD_HS_LangIDStrDescriptor(USBD_SpeedTypeDef speed, uint16_t *length);
 119:USB_DEVICE/App/usbd_desc.c **** uint8_t * USBD_HS_ManufacturerStrDescriptor(USBD_SpeedTypeDef speed, uint16_t *length);
 120:USB_DEVICE/App/usbd_desc.c **** uint8_t * USBD_HS_ProductStrDescriptor(USBD_SpeedTypeDef speed, uint16_t *length);
 121:USB_DEVICE/App/usbd_desc.c **** uint8_t * USBD_HS_SerialStrDescriptor(USBD_SpeedTypeDef speed, uint16_t *length);
 122:USB_DEVICE/App/usbd_desc.c **** uint8_t * USBD_HS_ConfigStrDescriptor(USBD_SpeedTypeDef speed, uint16_t *length);
 123:USB_DEVICE/App/usbd_desc.c **** uint8_t * USBD_HS_InterfaceStrDescriptor(USBD_SpeedTypeDef speed, uint16_t *length);
 124:USB_DEVICE/App/usbd_desc.c **** 
 125:USB_DEVICE/App/usbd_desc.c **** /**
 126:USB_DEVICE/App/usbd_desc.c ****   * @}
 127:USB_DEVICE/App/usbd_desc.c ****   */
 128:USB_DEVICE/App/usbd_desc.c **** 
 129:USB_DEVICE/App/usbd_desc.c **** /** @defgroup USBD_DESC_Private_Variables USBD_DESC_Private_Variables
 130:USB_DEVICE/App/usbd_desc.c ****   * @brief Private variables.
 131:USB_DEVICE/App/usbd_desc.c ****   * @{
 132:USB_DEVICE/App/usbd_desc.c ****   */
 133:USB_DEVICE/App/usbd_desc.c **** 
 134:USB_DEVICE/App/usbd_desc.c **** USBD_DescriptorsTypeDef HS_Desc =
 135:USB_DEVICE/App/usbd_desc.c **** {
 136:USB_DEVICE/App/usbd_desc.c ****   USBD_HS_DeviceDescriptor
 137:USB_DEVICE/App/usbd_desc.c **** , USBD_HS_LangIDStrDescriptor
 138:USB_DEVICE/App/usbd_desc.c **** , USBD_HS_ManufacturerStrDescriptor
 139:USB_DEVICE/App/usbd_desc.c **** , USBD_HS_ProductStrDescriptor
 140:USB_DEVICE/App/usbd_desc.c **** , USBD_HS_SerialStrDescriptor
 141:USB_DEVICE/App/usbd_desc.c **** , USBD_HS_ConfigStrDescriptor
 142:USB_DEVICE/App/usbd_desc.c **** , USBD_HS_InterfaceStrDescriptor
 143:USB_DEVICE/App/usbd_desc.c **** };
 144:USB_DEVICE/App/usbd_desc.c **** 
 145:USB_DEVICE/App/usbd_desc.c **** #if defined ( __ICCARM__ ) /* IAR Compiler */
 146:USB_DEVICE/App/usbd_desc.c ****   #pragma data_alignment=4
 147:USB_DEVICE/App/usbd_desc.c **** #endif /* defined ( __ICCARM__ ) */
 148:USB_DEVICE/App/usbd_desc.c **** /** USB standard device descriptor. */
 149:USB_DEVICE/App/usbd_desc.c **** __ALIGN_BEGIN uint8_t USBD_HS_DeviceDesc[USB_LEN_DEV_DESC] __ALIGN_END =
 150:USB_DEVICE/App/usbd_desc.c **** {
ARM GAS  C:\Users\23671\AppData\Local\Temp\ccD13hhh.s 			page 5


 151:USB_DEVICE/App/usbd_desc.c ****   0x12,                       /*bLength */
 152:USB_DEVICE/App/usbd_desc.c ****   USB_DESC_TYPE_DEVICE,       /*bDescriptorType*/
 153:USB_DEVICE/App/usbd_desc.c ****   0x00,                       /*bcdUSB */
 154:USB_DEVICE/App/usbd_desc.c **** 
 155:USB_DEVICE/App/usbd_desc.c ****   0x02,
 156:USB_DEVICE/App/usbd_desc.c ****   0x02,                       /*bDeviceClass*/
 157:USB_DEVICE/App/usbd_desc.c ****   0x02,                       /*bDeviceSubClass*/
 158:USB_DEVICE/App/usbd_desc.c ****   0x00,                       /*bDeviceProtocol*/
 159:USB_DEVICE/App/usbd_desc.c ****   USB_MAX_EP0_SIZE,           /*bMaxPacketSize*/
 160:USB_DEVICE/App/usbd_desc.c ****   LOBYTE(USBD_VID),           /*idVendor*/
 161:USB_DEVICE/App/usbd_desc.c ****   HIBYTE(USBD_VID),           /*idVendor*/
 162:USB_DEVICE/App/usbd_desc.c ****   LOBYTE(USBD_PID_HS),        /*idProduct*/
 163:USB_DEVICE/App/usbd_desc.c ****   HIBYTE(USBD_PID_HS),        /*idProduct*/
 164:USB_DEVICE/App/usbd_desc.c ****   0x00,                       /*bcdDevice rel. 2.00*/
 165:USB_DEVICE/App/usbd_desc.c ****   0x02,
 166:USB_DEVICE/App/usbd_desc.c ****   USBD_IDX_MFC_STR,           /*Index of manufacturer  string*/
 167:USB_DEVICE/App/usbd_desc.c ****   USBD_IDX_PRODUCT_STR,       /*Index of product string*/
 168:USB_DEVICE/App/usbd_desc.c ****   USBD_IDX_SERIAL_STR,        /*Index of serial number string*/
 169:USB_DEVICE/App/usbd_desc.c ****   USBD_MAX_NUM_CONFIGURATION  /*bNumConfigurations*/
 170:USB_DEVICE/App/usbd_desc.c **** };
 171:USB_DEVICE/App/usbd_desc.c **** 
 172:USB_DEVICE/App/usbd_desc.c **** /** BOS descriptor. */
 173:USB_DEVICE/App/usbd_desc.c **** #if (USBD_LPM_ENABLED == 1)
 174:USB_DEVICE/App/usbd_desc.c **** #if defined ( __ICCARM__ ) /* IAR Compiler */
 175:USB_DEVICE/App/usbd_desc.c ****   #pragma data_alignment=4
 176:USB_DEVICE/App/usbd_desc.c **** #endif /* defined ( __ICCARM__ ) */
 177:USB_DEVICE/App/usbd_desc.c **** __ALIGN_BEGIN uint8_t USBD_HS_BOSDesc[USB_SIZ_BOS_DESC] __ALIGN_END =
 178:USB_DEVICE/App/usbd_desc.c **** {
 179:USB_DEVICE/App/usbd_desc.c ****   0x5,
 180:USB_DEVICE/App/usbd_desc.c ****   USB_DESC_TYPE_BOS,
 181:USB_DEVICE/App/usbd_desc.c ****   0xC,
 182:USB_DEVICE/App/usbd_desc.c ****   0x0,
 183:USB_DEVICE/App/usbd_desc.c ****   0x1,  /* 1 device capability */
 184:USB_DEVICE/App/usbd_desc.c ****         /* device capability */
 185:USB_DEVICE/App/usbd_desc.c ****   0x7,
 186:USB_DEVICE/App/usbd_desc.c ****   USB_DEVICE_CAPABITY_TYPE,
 187:USB_DEVICE/App/usbd_desc.c ****   0x2,
 188:USB_DEVICE/App/usbd_desc.c ****   0x2,  /*LPM capability bit set */
 189:USB_DEVICE/App/usbd_desc.c ****   0x0,
 190:USB_DEVICE/App/usbd_desc.c ****   0x0,
 191:USB_DEVICE/App/usbd_desc.c ****   0x0
 192:USB_DEVICE/App/usbd_desc.c **** };
 193:USB_DEVICE/App/usbd_desc.c **** #endif /* (USBD_LPM_ENABLED == 1) */
 194:USB_DEVICE/App/usbd_desc.c **** 
 195:USB_DEVICE/App/usbd_desc.c **** /**
 196:USB_DEVICE/App/usbd_desc.c ****   * @}
 197:USB_DEVICE/App/usbd_desc.c ****   */
 198:USB_DEVICE/App/usbd_desc.c **** 
 199:USB_DEVICE/App/usbd_desc.c **** /** @defgroup USBD_DESC_Private_Variables USBD_DESC_Private_Variables
 200:USB_DEVICE/App/usbd_desc.c ****   * @brief Private variables.
 201:USB_DEVICE/App/usbd_desc.c ****   * @{
 202:USB_DEVICE/App/usbd_desc.c ****   */
 203:USB_DEVICE/App/usbd_desc.c **** 
 204:USB_DEVICE/App/usbd_desc.c **** #if defined ( __ICCARM__ ) /* IAR Compiler */
 205:USB_DEVICE/App/usbd_desc.c ****   #pragma data_alignment=4
 206:USB_DEVICE/App/usbd_desc.c **** #endif /* defined ( __ICCARM__ ) */
 207:USB_DEVICE/App/usbd_desc.c **** 
ARM GAS  C:\Users\23671\AppData\Local\Temp\ccD13hhh.s 			page 6


 208:USB_DEVICE/App/usbd_desc.c **** /** USB lang identifier descriptor. */
 209:USB_DEVICE/App/usbd_desc.c **** __ALIGN_BEGIN uint8_t USBD_LangIDDesc[USB_LEN_LANGID_STR_DESC] __ALIGN_END =
 210:USB_DEVICE/App/usbd_desc.c **** {
 211:USB_DEVICE/App/usbd_desc.c ****      USB_LEN_LANGID_STR_DESC,
 212:USB_DEVICE/App/usbd_desc.c ****      USB_DESC_TYPE_STRING,
 213:USB_DEVICE/App/usbd_desc.c ****      LOBYTE(USBD_LANGID_STRING),
 214:USB_DEVICE/App/usbd_desc.c ****      HIBYTE(USBD_LANGID_STRING)
 215:USB_DEVICE/App/usbd_desc.c **** };
 216:USB_DEVICE/App/usbd_desc.c **** 
 217:USB_DEVICE/App/usbd_desc.c **** #if defined ( __ICCARM__ ) /* IAR Compiler */
 218:USB_DEVICE/App/usbd_desc.c ****   #pragma data_alignment=4
 219:USB_DEVICE/App/usbd_desc.c **** #endif /* defined ( __ICCARM__ ) */
 220:USB_DEVICE/App/usbd_desc.c **** /* Internal string descriptor. */
 221:USB_DEVICE/App/usbd_desc.c **** __ALIGN_BEGIN uint8_t USBD_StrDesc[USBD_MAX_STR_DESC_SIZ] __ALIGN_END;
 222:USB_DEVICE/App/usbd_desc.c **** 
 223:USB_DEVICE/App/usbd_desc.c **** #if defined ( __ICCARM__ ) /*!< IAR Compiler */
 224:USB_DEVICE/App/usbd_desc.c ****   #pragma data_alignment=4
 225:USB_DEVICE/App/usbd_desc.c **** #endif
 226:USB_DEVICE/App/usbd_desc.c **** __ALIGN_BEGIN uint8_t USBD_StringSerial[USB_SIZ_STRING_SERIAL] __ALIGN_END = {
 227:USB_DEVICE/App/usbd_desc.c ****   USB_SIZ_STRING_SERIAL,
 228:USB_DEVICE/App/usbd_desc.c ****   USB_DESC_TYPE_STRING,
 229:USB_DEVICE/App/usbd_desc.c **** };
 230:USB_DEVICE/App/usbd_desc.c **** 
 231:USB_DEVICE/App/usbd_desc.c **** /**
 232:USB_DEVICE/App/usbd_desc.c ****   * @}
 233:USB_DEVICE/App/usbd_desc.c ****   */
 234:USB_DEVICE/App/usbd_desc.c **** 
 235:USB_DEVICE/App/usbd_desc.c **** /** @defgroup USBD_DESC_Private_Functions USBD_DESC_Private_Functions
 236:USB_DEVICE/App/usbd_desc.c ****   * @brief Private functions.
 237:USB_DEVICE/App/usbd_desc.c ****   * @{
 238:USB_DEVICE/App/usbd_desc.c ****   */
 239:USB_DEVICE/App/usbd_desc.c **** 
 240:USB_DEVICE/App/usbd_desc.c **** /**
 241:USB_DEVICE/App/usbd_desc.c ****   * @brief  Return the device descriptor
 242:USB_DEVICE/App/usbd_desc.c ****   * @param  speed : Current device speed
 243:USB_DEVICE/App/usbd_desc.c ****   * @param  length : Pointer to data length variable
 244:USB_DEVICE/App/usbd_desc.c ****   * @retval Pointer to descriptor buffer
 245:USB_DEVICE/App/usbd_desc.c ****   */
 246:USB_DEVICE/App/usbd_desc.c **** uint8_t * USBD_HS_DeviceDescriptor(USBD_SpeedTypeDef speed, uint16_t *length)
 247:USB_DEVICE/App/usbd_desc.c **** {
  79              		.loc 1 247 1
  80              		.cfi_startproc
  81              		@ args = 0, pretend = 0, frame = 8
  82              		@ frame_needed = 1, uses_anonymous_args = 0
  83              		@ link register save eliminated.
  84 0000 80B4     		push	{r7}
  85              	.LCFI0:
  86              		.cfi_def_cfa_offset 4
  87              		.cfi_offset 7, -4
  88 0002 83B0     		sub	sp, sp, #12
  89              	.LCFI1:
  90              		.cfi_def_cfa_offset 16
  91 0004 00AF     		add	r7, sp, #0
  92              	.LCFI2:
  93              		.cfi_def_cfa_register 7
  94 0006 0346     		mov	r3, r0
  95 0008 3960     		str	r1, [r7]
ARM GAS  C:\Users\23671\AppData\Local\Temp\ccD13hhh.s 			page 7


  96 000a FB71     		strb	r3, [r7, #7]
 248:USB_DEVICE/App/usbd_desc.c ****   UNUSED(speed);
 249:USB_DEVICE/App/usbd_desc.c ****   *length = sizeof(USBD_HS_DeviceDesc);
  97              		.loc 1 249 11
  98 000c 3B68     		ldr	r3, [r7]
  99 000e 1222     		movs	r2, #18
 100 0010 1A80     		strh	r2, [r3]	@ movhi
 250:USB_DEVICE/App/usbd_desc.c ****   return USBD_HS_DeviceDesc;
 101              		.loc 1 250 10
 102 0012 034B     		ldr	r3, .L3
 251:USB_DEVICE/App/usbd_desc.c **** }
 103              		.loc 1 251 1
 104 0014 1846     		mov	r0, r3
 105 0016 0C37     		adds	r7, r7, #12
 106              	.LCFI3:
 107              		.cfi_def_cfa_offset 4
 108 0018 BD46     		mov	sp, r7
 109              	.LCFI4:
 110              		.cfi_def_cfa_register 13
 111              		@ sp needed
 112 001a 5DF8047B 		ldr	r7, [sp], #4
 113              	.LCFI5:
 114              		.cfi_restore 7
 115              		.cfi_def_cfa_offset 0
 116 001e 7047     		bx	lr
 117              	.L4:
 118              		.align	2
 119              	.L3:
 120 0020 00000000 		.word	USBD_HS_DeviceDesc
 121              		.cfi_endproc
 122              	.LFE148:
 124              		.section	.text.USBD_HS_LangIDStrDescriptor,"ax",%progbits
 125              		.align	1
 126              		.global	USBD_HS_LangIDStrDescriptor
 127              		.syntax unified
 128              		.thumb
 129              		.thumb_func
 131              	USBD_HS_LangIDStrDescriptor:
 132              	.LFB149:
 252:USB_DEVICE/App/usbd_desc.c **** 
 253:USB_DEVICE/App/usbd_desc.c **** /**
 254:USB_DEVICE/App/usbd_desc.c ****   * @brief  Return the LangID string descriptor
 255:USB_DEVICE/App/usbd_desc.c ****   * @param  speed : Current device speed
 256:USB_DEVICE/App/usbd_desc.c ****   * @param  length : Pointer to data length variable
 257:USB_DEVICE/App/usbd_desc.c ****   * @retval Pointer to descriptor buffer
 258:USB_DEVICE/App/usbd_desc.c ****   */
 259:USB_DEVICE/App/usbd_desc.c **** uint8_t * USBD_HS_LangIDStrDescriptor(USBD_SpeedTypeDef speed, uint16_t *length)
 260:USB_DEVICE/App/usbd_desc.c **** {
 133              		.loc 1 260 1
 134              		.cfi_startproc
 135              		@ args = 0, pretend = 0, frame = 8
 136              		@ frame_needed = 1, uses_anonymous_args = 0
 137              		@ link register save eliminated.
 138 0000 80B4     		push	{r7}
 139              	.LCFI6:
 140              		.cfi_def_cfa_offset 4
 141              		.cfi_offset 7, -4
ARM GAS  C:\Users\23671\AppData\Local\Temp\ccD13hhh.s 			page 8


 142 0002 83B0     		sub	sp, sp, #12
 143              	.LCFI7:
 144              		.cfi_def_cfa_offset 16
 145 0004 00AF     		add	r7, sp, #0
 146              	.LCFI8:
 147              		.cfi_def_cfa_register 7
 148 0006 0346     		mov	r3, r0
 149 0008 3960     		str	r1, [r7]
 150 000a FB71     		strb	r3, [r7, #7]
 261:USB_DEVICE/App/usbd_desc.c ****   UNUSED(speed);
 262:USB_DEVICE/App/usbd_desc.c ****   *length = sizeof(USBD_LangIDDesc);
 151              		.loc 1 262 11
 152 000c 3B68     		ldr	r3, [r7]
 153 000e 0422     		movs	r2, #4
 154 0010 1A80     		strh	r2, [r3]	@ movhi
 263:USB_DEVICE/App/usbd_desc.c ****   return USBD_LangIDDesc;
 155              		.loc 1 263 10
 156 0012 034B     		ldr	r3, .L7
 264:USB_DEVICE/App/usbd_desc.c **** }
 157              		.loc 1 264 1
 158 0014 1846     		mov	r0, r3
 159 0016 0C37     		adds	r7, r7, #12
 160              	.LCFI9:
 161              		.cfi_def_cfa_offset 4
 162 0018 BD46     		mov	sp, r7
 163              	.LCFI10:
 164              		.cfi_def_cfa_register 13
 165              		@ sp needed
 166 001a 5DF8047B 		ldr	r7, [sp], #4
 167              	.LCFI11:
 168              		.cfi_restore 7
 169              		.cfi_def_cfa_offset 0
 170 001e 7047     		bx	lr
 171              	.L8:
 172              		.align	2
 173              	.L7:
 174 0020 00000000 		.word	USBD_LangIDDesc
 175              		.cfi_endproc
 176              	.LFE149:
 178              		.section	.rodata
 179              		.align	2
 180              	.LC0:
 181 0000 53544D33 		.ascii	"STM32 Virtual ComPort\000"
 181      32205669 
 181      72747561 
 181      6C20436F 
 181      6D506F72 
 182              		.section	.text.USBD_HS_ProductStrDescriptor,"ax",%progbits
 183              		.align	1
 184              		.global	USBD_HS_ProductStrDescriptor
 185              		.syntax unified
 186              		.thumb
 187              		.thumb_func
 189              	USBD_HS_ProductStrDescriptor:
 190              	.LFB150:
 265:USB_DEVICE/App/usbd_desc.c **** 
 266:USB_DEVICE/App/usbd_desc.c **** /**
ARM GAS  C:\Users\23671\AppData\Local\Temp\ccD13hhh.s 			page 9


 267:USB_DEVICE/App/usbd_desc.c ****   * @brief  Return the product string descriptor
 268:USB_DEVICE/App/usbd_desc.c ****   * @param  speed : current device speed
 269:USB_DEVICE/App/usbd_desc.c ****   * @param  length : pointer to data length variable
 270:USB_DEVICE/App/usbd_desc.c ****   * @retval pointer to descriptor buffer
 271:USB_DEVICE/App/usbd_desc.c ****   */
 272:USB_DEVICE/App/usbd_desc.c **** uint8_t * USBD_HS_ProductStrDescriptor(USBD_SpeedTypeDef speed, uint16_t *length)
 273:USB_DEVICE/App/usbd_desc.c **** {
 191              		.loc 1 273 1
 192              		.cfi_startproc
 193              		@ args = 0, pretend = 0, frame = 8
 194              		@ frame_needed = 1, uses_anonymous_args = 0
 195 0000 80B5     		push	{r7, lr}
 196              	.LCFI12:
 197              		.cfi_def_cfa_offset 8
 198              		.cfi_offset 7, -8
 199              		.cfi_offset 14, -4
 200 0002 82B0     		sub	sp, sp, #8
 201              	.LCFI13:
 202              		.cfi_def_cfa_offset 16
 203 0004 00AF     		add	r7, sp, #0
 204              	.LCFI14:
 205              		.cfi_def_cfa_register 7
 206 0006 0346     		mov	r3, r0
 207 0008 3960     		str	r1, [r7]
 208 000a FB71     		strb	r3, [r7, #7]
 274:USB_DEVICE/App/usbd_desc.c ****   if(speed == 0)
 209              		.loc 1 274 5
 210 000c FB79     		ldrb	r3, [r7, #7]	@ zero_extendqisi2
 211 000e 002B     		cmp	r3, #0
 212 0010 05D1     		bne	.L10
 275:USB_DEVICE/App/usbd_desc.c ****   {
 276:USB_DEVICE/App/usbd_desc.c ****     USBD_GetString((uint8_t *)USBD_PRODUCT_STRING_HS, USBD_StrDesc, length);
 213              		.loc 1 276 5
 214 0012 3A68     		ldr	r2, [r7]
 215 0014 0749     		ldr	r1, .L13
 216 0016 0848     		ldr	r0, .L13+4
 217 0018 FFF7FEFF 		bl	USBD_GetString
 218 001c 04E0     		b	.L11
 219              	.L10:
 277:USB_DEVICE/App/usbd_desc.c ****   }
 278:USB_DEVICE/App/usbd_desc.c ****   else
 279:USB_DEVICE/App/usbd_desc.c ****   {
 280:USB_DEVICE/App/usbd_desc.c ****     USBD_GetString((uint8_t *)USBD_PRODUCT_STRING_HS, USBD_StrDesc, length);
 220              		.loc 1 280 5
 221 001e 3A68     		ldr	r2, [r7]
 222 0020 0449     		ldr	r1, .L13
 223 0022 0548     		ldr	r0, .L13+4
 224 0024 FFF7FEFF 		bl	USBD_GetString
 225              	.L11:
 281:USB_DEVICE/App/usbd_desc.c ****   }
 282:USB_DEVICE/App/usbd_desc.c ****   return USBD_StrDesc;
 226              		.loc 1 282 10
 227 0028 024B     		ldr	r3, .L13
 283:USB_DEVICE/App/usbd_desc.c **** }
 228              		.loc 1 283 1
 229 002a 1846     		mov	r0, r3
 230 002c 0837     		adds	r7, r7, #8
ARM GAS  C:\Users\23671\AppData\Local\Temp\ccD13hhh.s 			page 10


 231              	.LCFI15:
 232              		.cfi_def_cfa_offset 8
 233 002e BD46     		mov	sp, r7
 234              	.LCFI16:
 235              		.cfi_def_cfa_register 13
 236              		@ sp needed
 237 0030 80BD     		pop	{r7, pc}
 238              	.L14:
 239 0032 00BF     		.align	2
 240              	.L13:
 241 0034 00000000 		.word	USBD_StrDesc
 242 0038 00000000 		.word	.LC0
 243              		.cfi_endproc
 244              	.LFE150:
 246              		.section	.rodata
 247 0016 0000     		.align	2
 248              	.LC1:
 249 0018 53544D69 		.ascii	"STMicroelectronics\000"
 249      63726F65 
 249      6C656374 
 249      726F6E69 
 249      637300
 250              		.section	.text.USBD_HS_ManufacturerStrDescriptor,"ax",%progbits
 251              		.align	1
 252              		.global	USBD_HS_ManufacturerStrDescriptor
 253              		.syntax unified
 254              		.thumb
 255              		.thumb_func
 257              	USBD_HS_ManufacturerStrDescriptor:
 258              	.LFB151:
 284:USB_DEVICE/App/usbd_desc.c **** 
 285:USB_DEVICE/App/usbd_desc.c **** /**
 286:USB_DEVICE/App/usbd_desc.c ****   * @brief  Return the manufacturer string descriptor
 287:USB_DEVICE/App/usbd_desc.c ****   * @param  speed : Current device speed
 288:USB_DEVICE/App/usbd_desc.c ****   * @param  length : Pointer to data length variable
 289:USB_DEVICE/App/usbd_desc.c ****   * @retval Pointer to descriptor buffer
 290:USB_DEVICE/App/usbd_desc.c ****   */
 291:USB_DEVICE/App/usbd_desc.c **** uint8_t * USBD_HS_ManufacturerStrDescriptor(USBD_SpeedTypeDef speed, uint16_t *length)
 292:USB_DEVICE/App/usbd_desc.c **** {
 259              		.loc 1 292 1
 260              		.cfi_startproc
 261              		@ args = 0, pretend = 0, frame = 8
 262              		@ frame_needed = 1, uses_anonymous_args = 0
 263 0000 80B5     		push	{r7, lr}
 264              	.LCFI17:
 265              		.cfi_def_cfa_offset 8
 266              		.cfi_offset 7, -8
 267              		.cfi_offset 14, -4
 268 0002 82B0     		sub	sp, sp, #8
 269              	.LCFI18:
 270              		.cfi_def_cfa_offset 16
 271 0004 00AF     		add	r7, sp, #0
 272              	.LCFI19:
 273              		.cfi_def_cfa_register 7
 274 0006 0346     		mov	r3, r0
 275 0008 3960     		str	r1, [r7]
 276 000a FB71     		strb	r3, [r7, #7]
ARM GAS  C:\Users\23671\AppData\Local\Temp\ccD13hhh.s 			page 11


 293:USB_DEVICE/App/usbd_desc.c ****   UNUSED(speed);
 294:USB_DEVICE/App/usbd_desc.c ****   USBD_GetString((uint8_t *)USBD_MANUFACTURER_STRING, USBD_StrDesc, length);
 277              		.loc 1 294 3
 278 000c 3A68     		ldr	r2, [r7]
 279 000e 0449     		ldr	r1, .L17
 280 0010 0448     		ldr	r0, .L17+4
 281 0012 FFF7FEFF 		bl	USBD_GetString
 295:USB_DEVICE/App/usbd_desc.c ****   return USBD_StrDesc;
 282              		.loc 1 295 10
 283 0016 024B     		ldr	r3, .L17
 296:USB_DEVICE/App/usbd_desc.c **** }
 284              		.loc 1 296 1
 285 0018 1846     		mov	r0, r3
 286 001a 0837     		adds	r7, r7, #8
 287              	.LCFI20:
 288              		.cfi_def_cfa_offset 8
 289 001c BD46     		mov	sp, r7
 290              	.LCFI21:
 291              		.cfi_def_cfa_register 13
 292              		@ sp needed
 293 001e 80BD     		pop	{r7, pc}
 294              	.L18:
 295              		.align	2
 296              	.L17:
 297 0020 00000000 		.word	USBD_StrDesc
 298 0024 18000000 		.word	.LC1
 299              		.cfi_endproc
 300              	.LFE151:
 302              		.section	.text.USBD_HS_SerialStrDescriptor,"ax",%progbits
 303              		.align	1
 304              		.global	USBD_HS_SerialStrDescriptor
 305              		.syntax unified
 306              		.thumb
 307              		.thumb_func
 309              	USBD_HS_SerialStrDescriptor:
 310              	.LFB152:
 297:USB_DEVICE/App/usbd_desc.c **** 
 298:USB_DEVICE/App/usbd_desc.c **** /**
 299:USB_DEVICE/App/usbd_desc.c ****   * @brief  Return the serial number string descriptor
 300:USB_DEVICE/App/usbd_desc.c ****   * @param  speed : Current device speed
 301:USB_DEVICE/App/usbd_desc.c ****   * @param  length : Pointer to data length variable
 302:USB_DEVICE/App/usbd_desc.c ****   * @retval Pointer to descriptor buffer
 303:USB_DEVICE/App/usbd_desc.c ****   */
 304:USB_DEVICE/App/usbd_desc.c **** uint8_t * USBD_HS_SerialStrDescriptor(USBD_SpeedTypeDef speed, uint16_t *length)
 305:USB_DEVICE/App/usbd_desc.c **** {
 311              		.loc 1 305 1
 312              		.cfi_startproc
 313              		@ args = 0, pretend = 0, frame = 8
 314              		@ frame_needed = 1, uses_anonymous_args = 0
 315 0000 80B5     		push	{r7, lr}
 316              	.LCFI22:
 317              		.cfi_def_cfa_offset 8
 318              		.cfi_offset 7, -8
 319              		.cfi_offset 14, -4
 320 0002 82B0     		sub	sp, sp, #8
 321              	.LCFI23:
 322              		.cfi_def_cfa_offset 16
ARM GAS  C:\Users\23671\AppData\Local\Temp\ccD13hhh.s 			page 12


 323 0004 00AF     		add	r7, sp, #0
 324              	.LCFI24:
 325              		.cfi_def_cfa_register 7
 326 0006 0346     		mov	r3, r0
 327 0008 3960     		str	r1, [r7]
 328 000a FB71     		strb	r3, [r7, #7]
 306:USB_DEVICE/App/usbd_desc.c ****   UNUSED(speed);
 307:USB_DEVICE/App/usbd_desc.c ****   *length = USB_SIZ_STRING_SERIAL;
 329              		.loc 1 307 11
 330 000c 3B68     		ldr	r3, [r7]
 331 000e 1A22     		movs	r2, #26
 332 0010 1A80     		strh	r2, [r3]	@ movhi
 308:USB_DEVICE/App/usbd_desc.c **** 
 309:USB_DEVICE/App/usbd_desc.c ****   /* Update the serial number string descriptor with the data from the unique
 310:USB_DEVICE/App/usbd_desc.c ****    * ID */
 311:USB_DEVICE/App/usbd_desc.c ****   Get_SerialNum();
 333              		.loc 1 311 3
 334 0012 FFF7FEFF 		bl	Get_SerialNum
 312:USB_DEVICE/App/usbd_desc.c ****   /* USER CODE BEGIN USBD_HS_SerialStrDescriptor */
 313:USB_DEVICE/App/usbd_desc.c **** 
 314:USB_DEVICE/App/usbd_desc.c ****   /* USER CODE END USBD_HS_SerialStrDescriptor */
 315:USB_DEVICE/App/usbd_desc.c **** 
 316:USB_DEVICE/App/usbd_desc.c ****   return (uint8_t *) USBD_StringSerial;
 335              		.loc 1 316 10
 336 0016 024B     		ldr	r3, .L21
 317:USB_DEVICE/App/usbd_desc.c **** }
 337              		.loc 1 317 1
 338 0018 1846     		mov	r0, r3
 339 001a 0837     		adds	r7, r7, #8
 340              	.LCFI25:
 341              		.cfi_def_cfa_offset 8
 342 001c BD46     		mov	sp, r7
 343              	.LCFI26:
 344              		.cfi_def_cfa_register 13
 345              		@ sp needed
 346 001e 80BD     		pop	{r7, pc}
 347              	.L22:
 348              		.align	2
 349              	.L21:
 350 0020 00000000 		.word	USBD_StringSerial
 351              		.cfi_endproc
 352              	.LFE152:
 354              		.section	.rodata
 355 002b 00       		.align	2
 356              	.LC2:
 357 002c 43444320 		.ascii	"CDC Config\000"
 357      436F6E66 
 357      696700
 358              		.section	.text.USBD_HS_ConfigStrDescriptor,"ax",%progbits
 359              		.align	1
 360              		.global	USBD_HS_ConfigStrDescriptor
 361              		.syntax unified
 362              		.thumb
 363              		.thumb_func
 365              	USBD_HS_ConfigStrDescriptor:
 366              	.LFB153:
 318:USB_DEVICE/App/usbd_desc.c **** 
ARM GAS  C:\Users\23671\AppData\Local\Temp\ccD13hhh.s 			page 13


 319:USB_DEVICE/App/usbd_desc.c **** /**
 320:USB_DEVICE/App/usbd_desc.c ****   * @brief  Return the configuration string descriptor
 321:USB_DEVICE/App/usbd_desc.c ****   * @param  speed : Current device speed
 322:USB_DEVICE/App/usbd_desc.c ****   * @param  length : Pointer to data length variable
 323:USB_DEVICE/App/usbd_desc.c ****   * @retval Pointer to descriptor buffer
 324:USB_DEVICE/App/usbd_desc.c ****   */
 325:USB_DEVICE/App/usbd_desc.c **** uint8_t * USBD_HS_ConfigStrDescriptor(USBD_SpeedTypeDef speed, uint16_t *length)
 326:USB_DEVICE/App/usbd_desc.c **** {
 367              		.loc 1 326 1
 368              		.cfi_startproc
 369              		@ args = 0, pretend = 0, frame = 8
 370              		@ frame_needed = 1, uses_anonymous_args = 0
 371 0000 80B5     		push	{r7, lr}
 372              	.LCFI27:
 373              		.cfi_def_cfa_offset 8
 374              		.cfi_offset 7, -8
 375              		.cfi_offset 14, -4
 376 0002 82B0     		sub	sp, sp, #8
 377              	.LCFI28:
 378              		.cfi_def_cfa_offset 16
 379 0004 00AF     		add	r7, sp, #0
 380              	.LCFI29:
 381              		.cfi_def_cfa_register 7
 382 0006 0346     		mov	r3, r0
 383 0008 3960     		str	r1, [r7]
 384 000a FB71     		strb	r3, [r7, #7]
 327:USB_DEVICE/App/usbd_desc.c ****   if(speed == USBD_SPEED_HIGH)
 385              		.loc 1 327 5
 386 000c FB79     		ldrb	r3, [r7, #7]	@ zero_extendqisi2
 387 000e 002B     		cmp	r3, #0
 388 0010 05D1     		bne	.L24
 328:USB_DEVICE/App/usbd_desc.c ****   {
 329:USB_DEVICE/App/usbd_desc.c ****     USBD_GetString((uint8_t *)USBD_CONFIGURATION_STRING_HS, USBD_StrDesc, length);
 389              		.loc 1 329 5
 390 0012 3A68     		ldr	r2, [r7]
 391 0014 0749     		ldr	r1, .L27
 392 0016 0848     		ldr	r0, .L27+4
 393 0018 FFF7FEFF 		bl	USBD_GetString
 394 001c 04E0     		b	.L25
 395              	.L24:
 330:USB_DEVICE/App/usbd_desc.c ****   }
 331:USB_DEVICE/App/usbd_desc.c ****   else
 332:USB_DEVICE/App/usbd_desc.c ****   {
 333:USB_DEVICE/App/usbd_desc.c ****     USBD_GetString((uint8_t *)USBD_CONFIGURATION_STRING_HS, USBD_StrDesc, length);
 396              		.loc 1 333 5
 397 001e 3A68     		ldr	r2, [r7]
 398 0020 0449     		ldr	r1, .L27
 399 0022 0548     		ldr	r0, .L27+4
 400 0024 FFF7FEFF 		bl	USBD_GetString
 401              	.L25:
 334:USB_DEVICE/App/usbd_desc.c ****   }
 335:USB_DEVICE/App/usbd_desc.c ****   return USBD_StrDesc;
 402              		.loc 1 335 10
 403 0028 024B     		ldr	r3, .L27
 336:USB_DEVICE/App/usbd_desc.c **** }
 404              		.loc 1 336 1
 405 002a 1846     		mov	r0, r3
ARM GAS  C:\Users\23671\AppData\Local\Temp\ccD13hhh.s 			page 14


 406 002c 0837     		adds	r7, r7, #8
 407              	.LCFI30:
 408              		.cfi_def_cfa_offset 8
 409 002e BD46     		mov	sp, r7
 410              	.LCFI31:
 411              		.cfi_def_cfa_register 13
 412              		@ sp needed
 413 0030 80BD     		pop	{r7, pc}
 414              	.L28:
 415 0032 00BF     		.align	2
 416              	.L27:
 417 0034 00000000 		.word	USBD_StrDesc
 418 0038 2C000000 		.word	.LC2
 419              		.cfi_endproc
 420              	.LFE153:
 422              		.section	.rodata
 423 0037 00       		.align	2
 424              	.LC3:
 425 0038 43444320 		.ascii	"CDC Interface\000"
 425      496E7465 
 425      72666163 
 425      6500
 426              		.section	.text.USBD_HS_InterfaceStrDescriptor,"ax",%progbits
 427              		.align	1
 428              		.global	USBD_HS_InterfaceStrDescriptor
 429              		.syntax unified
 430              		.thumb
 431              		.thumb_func
 433              	USBD_HS_InterfaceStrDescriptor:
 434              	.LFB154:
 337:USB_DEVICE/App/usbd_desc.c **** 
 338:USB_DEVICE/App/usbd_desc.c **** /**
 339:USB_DEVICE/App/usbd_desc.c ****   * @brief  Return the interface string descriptor
 340:USB_DEVICE/App/usbd_desc.c ****   * @param  speed : Current device speed
 341:USB_DEVICE/App/usbd_desc.c ****   * @param  length : Pointer to data length variable
 342:USB_DEVICE/App/usbd_desc.c ****   * @retval Pointer to descriptor buffer
 343:USB_DEVICE/App/usbd_desc.c ****   */
 344:USB_DEVICE/App/usbd_desc.c **** uint8_t * USBD_HS_InterfaceStrDescriptor(USBD_SpeedTypeDef speed, uint16_t *length)
 345:USB_DEVICE/App/usbd_desc.c **** {
 435              		.loc 1 345 1
 436              		.cfi_startproc
 437              		@ args = 0, pretend = 0, frame = 8
 438              		@ frame_needed = 1, uses_anonymous_args = 0
 439 0000 80B5     		push	{r7, lr}
 440              	.LCFI32:
 441              		.cfi_def_cfa_offset 8
 442              		.cfi_offset 7, -8
 443              		.cfi_offset 14, -4
 444 0002 82B0     		sub	sp, sp, #8
 445              	.LCFI33:
 446              		.cfi_def_cfa_offset 16
 447 0004 00AF     		add	r7, sp, #0
 448              	.LCFI34:
 449              		.cfi_def_cfa_register 7
 450 0006 0346     		mov	r3, r0
 451 0008 3960     		str	r1, [r7]
 452 000a FB71     		strb	r3, [r7, #7]
ARM GAS  C:\Users\23671\AppData\Local\Temp\ccD13hhh.s 			page 15


 346:USB_DEVICE/App/usbd_desc.c ****   if(speed == 0)
 453              		.loc 1 346 5
 454 000c FB79     		ldrb	r3, [r7, #7]	@ zero_extendqisi2
 455 000e 002B     		cmp	r3, #0
 456 0010 05D1     		bne	.L30
 347:USB_DEVICE/App/usbd_desc.c ****   {
 348:USB_DEVICE/App/usbd_desc.c ****     USBD_GetString((uint8_t *)USBD_INTERFACE_STRING_HS, USBD_StrDesc, length);
 457              		.loc 1 348 5
 458 0012 3A68     		ldr	r2, [r7]
 459 0014 0749     		ldr	r1, .L33
 460 0016 0848     		ldr	r0, .L33+4
 461 0018 FFF7FEFF 		bl	USBD_GetString
 462 001c 04E0     		b	.L31
 463              	.L30:
 349:USB_DEVICE/App/usbd_desc.c ****   }
 350:USB_DEVICE/App/usbd_desc.c ****   else
 351:USB_DEVICE/App/usbd_desc.c ****   {
 352:USB_DEVICE/App/usbd_desc.c ****     USBD_GetString((uint8_t *)USBD_INTERFACE_STRING_HS, USBD_StrDesc, length);
 464              		.loc 1 352 5
 465 001e 3A68     		ldr	r2, [r7]
 466 0020 0449     		ldr	r1, .L33
 467 0022 0548     		ldr	r0, .L33+4
 468 0024 FFF7FEFF 		bl	USBD_GetString
 469              	.L31:
 353:USB_DEVICE/App/usbd_desc.c ****   }
 354:USB_DEVICE/App/usbd_desc.c ****   return USBD_StrDesc;
 470              		.loc 1 354 10
 471 0028 024B     		ldr	r3, .L33
 355:USB_DEVICE/App/usbd_desc.c **** }
 472              		.loc 1 355 1
 473 002a 1846     		mov	r0, r3
 474 002c 0837     		adds	r7, r7, #8
 475              	.LCFI35:
 476              		.cfi_def_cfa_offset 8
 477 002e BD46     		mov	sp, r7
 478              	.LCFI36:
 479              		.cfi_def_cfa_register 13
 480              		@ sp needed
 481 0030 80BD     		pop	{r7, pc}
 482              	.L34:
 483 0032 00BF     		.align	2
 484              	.L33:
 485 0034 00000000 		.word	USBD_StrDesc
 486 0038 38000000 		.word	.LC3
 487              		.cfi_endproc
 488              	.LFE154:
 490              		.section	.text.USBD_HS_USR_BOSDescriptor,"ax",%progbits
 491              		.align	1
 492              		.global	USBD_HS_USR_BOSDescriptor
 493              		.syntax unified
 494              		.thumb
 495              		.thumb_func
 497              	USBD_HS_USR_BOSDescriptor:
 498              	.LFB155:
 356:USB_DEVICE/App/usbd_desc.c **** 
 357:USB_DEVICE/App/usbd_desc.c **** #if (USBD_LPM_ENABLED == 1)
 358:USB_DEVICE/App/usbd_desc.c **** /**
ARM GAS  C:\Users\23671\AppData\Local\Temp\ccD13hhh.s 			page 16


 359:USB_DEVICE/App/usbd_desc.c ****   * @brief  Return the BOS descriptor
 360:USB_DEVICE/App/usbd_desc.c ****   * @param  speed : Current device speed
 361:USB_DEVICE/App/usbd_desc.c ****   * @param  length : Pointer to data length variable
 362:USB_DEVICE/App/usbd_desc.c ****   * @retval Pointer to descriptor buffer
 363:USB_DEVICE/App/usbd_desc.c ****   */
 364:USB_DEVICE/App/usbd_desc.c **** uint8_t * USBD_HS_USR_BOSDescriptor(USBD_SpeedTypeDef speed, uint16_t *length)
 365:USB_DEVICE/App/usbd_desc.c **** {
 499              		.loc 1 365 1
 500              		.cfi_startproc
 501              		@ args = 0, pretend = 0, frame = 8
 502              		@ frame_needed = 1, uses_anonymous_args = 0
 503              		@ link register save eliminated.
 504 0000 80B4     		push	{r7}
 505              	.LCFI37:
 506              		.cfi_def_cfa_offset 4
 507              		.cfi_offset 7, -4
 508 0002 83B0     		sub	sp, sp, #12
 509              	.LCFI38:
 510              		.cfi_def_cfa_offset 16
 511 0004 00AF     		add	r7, sp, #0
 512              	.LCFI39:
 513              		.cfi_def_cfa_register 7
 514 0006 0346     		mov	r3, r0
 515 0008 3960     		str	r1, [r7]
 516 000a FB71     		strb	r3, [r7, #7]
 366:USB_DEVICE/App/usbd_desc.c ****   UNUSED(speed);
 367:USB_DEVICE/App/usbd_desc.c ****   *length = sizeof(USBD_HS_BOSDesc);
 517              		.loc 1 367 11
 518 000c 3B68     		ldr	r3, [r7]
 519 000e 0C22     		movs	r2, #12
 520 0010 1A80     		strh	r2, [r3]	@ movhi
 368:USB_DEVICE/App/usbd_desc.c ****   return (uint8_t*)USBD_HS_BOSDesc;
 521              		.loc 1 368 10
 522 0012 034B     		ldr	r3, .L37
 369:USB_DEVICE/App/usbd_desc.c **** }
 523              		.loc 1 369 1
 524 0014 1846     		mov	r0, r3
 525 0016 0C37     		adds	r7, r7, #12
 526              	.LCFI40:
 527              		.cfi_def_cfa_offset 4
 528 0018 BD46     		mov	sp, r7
 529              	.LCFI41:
 530              		.cfi_def_cfa_register 13
 531              		@ sp needed
 532 001a 5DF8047B 		ldr	r7, [sp], #4
 533              	.LCFI42:
 534              		.cfi_restore 7
 535              		.cfi_def_cfa_offset 0
 536 001e 7047     		bx	lr
 537              	.L38:
 538              		.align	2
 539              	.L37:
 540 0020 00000000 		.word	USBD_HS_BOSDesc
 541              		.cfi_endproc
 542              	.LFE155:
 544              		.section	.text.Get_SerialNum,"ax",%progbits
 545              		.align	1
ARM GAS  C:\Users\23671\AppData\Local\Temp\ccD13hhh.s 			page 17


 546              		.syntax unified
 547              		.thumb
 548              		.thumb_func
 550              	Get_SerialNum:
 551              	.LFB156:
 370:USB_DEVICE/App/usbd_desc.c **** #endif /* (USBD_LPM_ENABLED == 1) */
 371:USB_DEVICE/App/usbd_desc.c **** 
 372:USB_DEVICE/App/usbd_desc.c **** /**
 373:USB_DEVICE/App/usbd_desc.c ****   * @brief  Create the serial number string descriptor
 374:USB_DEVICE/App/usbd_desc.c ****   * @param  None
 375:USB_DEVICE/App/usbd_desc.c ****   * @retval None
 376:USB_DEVICE/App/usbd_desc.c ****   */
 377:USB_DEVICE/App/usbd_desc.c **** static void Get_SerialNum(void)
 378:USB_DEVICE/App/usbd_desc.c **** {
 552              		.loc 1 378 1
 553              		.cfi_startproc
 554              		@ args = 0, pretend = 0, frame = 16
 555              		@ frame_needed = 1, uses_anonymous_args = 0
 556 0000 80B5     		push	{r7, lr}
 557              	.LCFI43:
 558              		.cfi_def_cfa_offset 8
 559              		.cfi_offset 7, -8
 560              		.cfi_offset 14, -4
 561 0002 84B0     		sub	sp, sp, #16
 562              	.LCFI44:
 563              		.cfi_def_cfa_offset 24
 564 0004 00AF     		add	r7, sp, #0
 565              	.LCFI45:
 566              		.cfi_def_cfa_register 7
 379:USB_DEVICE/App/usbd_desc.c ****   uint32_t deviceserial0;
 380:USB_DEVICE/App/usbd_desc.c ****   uint32_t deviceserial1;
 381:USB_DEVICE/App/usbd_desc.c ****   uint32_t deviceserial2;
 382:USB_DEVICE/App/usbd_desc.c **** 
 383:USB_DEVICE/App/usbd_desc.c ****   deviceserial0 = *(uint32_t *) DEVICE_ID1;
 567              		.loc 1 383 19
 568 0006 0F4B     		ldr	r3, .L42
 569              		.loc 1 383 17
 570 0008 1B68     		ldr	r3, [r3]
 571 000a FB60     		str	r3, [r7, #12]
 384:USB_DEVICE/App/usbd_desc.c ****   deviceserial1 = *(uint32_t *) DEVICE_ID2;
 572              		.loc 1 384 19
 573 000c 0E4B     		ldr	r3, .L42+4
 574              		.loc 1 384 17
 575 000e 1B68     		ldr	r3, [r3]
 576 0010 BB60     		str	r3, [r7, #8]
 385:USB_DEVICE/App/usbd_desc.c ****   deviceserial2 = *(uint32_t *) DEVICE_ID3;
 577              		.loc 1 385 19
 578 0012 0E4B     		ldr	r3, .L42+8
 579              		.loc 1 385 17
 580 0014 1B68     		ldr	r3, [r3]
 581 0016 7B60     		str	r3, [r7, #4]
 386:USB_DEVICE/App/usbd_desc.c **** 
 387:USB_DEVICE/App/usbd_desc.c ****   deviceserial0 += deviceserial2;
 582              		.loc 1 387 17
 583 0018 FA68     		ldr	r2, [r7, #12]
 584 001a 7B68     		ldr	r3, [r7, #4]
 585 001c 1344     		add	r3, r3, r2
ARM GAS  C:\Users\23671\AppData\Local\Temp\ccD13hhh.s 			page 18


 586 001e FB60     		str	r3, [r7, #12]
 388:USB_DEVICE/App/usbd_desc.c **** 
 389:USB_DEVICE/App/usbd_desc.c ****   if (deviceserial0 != 0)
 587              		.loc 1 389 6
 588 0020 FB68     		ldr	r3, [r7, #12]
 589 0022 002B     		cmp	r3, #0
 590 0024 09D0     		beq	.L41
 390:USB_DEVICE/App/usbd_desc.c ****   {
 391:USB_DEVICE/App/usbd_desc.c ****     IntToUnicode(deviceserial0, &USBD_StringSerial[2], 8);
 591              		.loc 1 391 5
 592 0026 0822     		movs	r2, #8
 593 0028 0949     		ldr	r1, .L42+12
 594 002a F868     		ldr	r0, [r7, #12]
 595 002c FFF7FEFF 		bl	IntToUnicode
 392:USB_DEVICE/App/usbd_desc.c ****     IntToUnicode(deviceserial1, &USBD_StringSerial[18], 4);
 596              		.loc 1 392 5
 597 0030 0422     		movs	r2, #4
 598 0032 0849     		ldr	r1, .L42+16
 599 0034 B868     		ldr	r0, [r7, #8]
 600 0036 FFF7FEFF 		bl	IntToUnicode
 601              	.L41:
 393:USB_DEVICE/App/usbd_desc.c ****   }
 394:USB_DEVICE/App/usbd_desc.c **** }
 602              		.loc 1 394 1
 603 003a 00BF     		nop
 604 003c 1037     		adds	r7, r7, #16
 605              	.LCFI46:
 606              		.cfi_def_cfa_offset 8
 607 003e BD46     		mov	sp, r7
 608              	.LCFI47:
 609              		.cfi_def_cfa_register 13
 610              		@ sp needed
 611 0040 80BD     		pop	{r7, pc}
 612              	.L43:
 613 0042 00BF     		.align	2
 614              	.L42:
 615 0044 00E8F11F 		.word	535947264
 616 0048 04E8F11F 		.word	535947268
 617 004c 08E8F11F 		.word	535947272
 618 0050 02000000 		.word	USBD_StringSerial+2
 619 0054 12000000 		.word	USBD_StringSerial+18
 620              		.cfi_endproc
 621              	.LFE156:
 623              		.section	.text.IntToUnicode,"ax",%progbits
 624              		.align	1
 625              		.syntax unified
 626              		.thumb
 627              		.thumb_func
 629              	IntToUnicode:
 630              	.LFB157:
 395:USB_DEVICE/App/usbd_desc.c **** 
 396:USB_DEVICE/App/usbd_desc.c **** /**
 397:USB_DEVICE/App/usbd_desc.c ****   * @brief  Convert Hex 32Bits value into char
 398:USB_DEVICE/App/usbd_desc.c ****   * @param  value: value to convert
 399:USB_DEVICE/App/usbd_desc.c ****   * @param  pbuf: pointer to the buffer
 400:USB_DEVICE/App/usbd_desc.c ****   * @param  len: buffer length
 401:USB_DEVICE/App/usbd_desc.c ****   * @retval None
ARM GAS  C:\Users\23671\AppData\Local\Temp\ccD13hhh.s 			page 19


 402:USB_DEVICE/App/usbd_desc.c ****   */
 403:USB_DEVICE/App/usbd_desc.c **** static void IntToUnicode(uint32_t value, uint8_t * pbuf, uint8_t len)
 404:USB_DEVICE/App/usbd_desc.c **** {
 631              		.loc 1 404 1
 632              		.cfi_startproc
 633              		@ args = 0, pretend = 0, frame = 24
 634              		@ frame_needed = 1, uses_anonymous_args = 0
 635              		@ link register save eliminated.
 636 0000 80B4     		push	{r7}
 637              	.LCFI48:
 638              		.cfi_def_cfa_offset 4
 639              		.cfi_offset 7, -4
 640 0002 87B0     		sub	sp, sp, #28
 641              	.LCFI49:
 642              		.cfi_def_cfa_offset 32
 643 0004 00AF     		add	r7, sp, #0
 644              	.LCFI50:
 645              		.cfi_def_cfa_register 7
 646 0006 F860     		str	r0, [r7, #12]
 647 0008 B960     		str	r1, [r7, #8]
 648 000a 1346     		mov	r3, r2
 649 000c FB71     		strb	r3, [r7, #7]
 405:USB_DEVICE/App/usbd_desc.c ****   uint8_t idx = 0;
 650              		.loc 1 405 11
 651 000e 0023     		movs	r3, #0
 652 0010 FB75     		strb	r3, [r7, #23]
 406:USB_DEVICE/App/usbd_desc.c **** 
 407:USB_DEVICE/App/usbd_desc.c ****   for (idx = 0; idx < len; idx++)
 653              		.loc 1 407 12
 654 0012 0023     		movs	r3, #0
 655 0014 FB75     		strb	r3, [r7, #23]
 656              		.loc 1 407 3
 657 0016 27E0     		b	.L45
 658              	.L48:
 408:USB_DEVICE/App/usbd_desc.c ****   {
 409:USB_DEVICE/App/usbd_desc.c ****     if (((value >> 28)) < 0xA)
 659              		.loc 1 409 17
 660 0018 FB68     		ldr	r3, [r7, #12]
 661 001a 1B0F     		lsrs	r3, r3, #28
 662              		.loc 1 409 8
 663 001c 092B     		cmp	r3, #9
 664 001e 0BD8     		bhi	.L46
 410:USB_DEVICE/App/usbd_desc.c ****     {
 411:USB_DEVICE/App/usbd_desc.c ****       pbuf[2 * idx] = (value >> 28) + '0';
 665              		.loc 1 411 30
 666 0020 FB68     		ldr	r3, [r7, #12]
 667 0022 1B0F     		lsrs	r3, r3, #28
 668              		.loc 1 411 37
 669 0024 DAB2     		uxtb	r2, r3
 670              		.loc 1 411 14
 671 0026 FB7D     		ldrb	r3, [r7, #23]	@ zero_extendqisi2
 672 0028 5B00     		lsls	r3, r3, #1
 673 002a 1946     		mov	r1, r3
 674              		.loc 1 411 11
 675 002c BB68     		ldr	r3, [r7, #8]
 676 002e 0B44     		add	r3, r3, r1
 677              		.loc 1 411 37
ARM GAS  C:\Users\23671\AppData\Local\Temp\ccD13hhh.s 			page 20


 678 0030 3032     		adds	r2, r2, #48
 679 0032 D2B2     		uxtb	r2, r2
 680              		.loc 1 411 21
 681 0034 1A70     		strb	r2, [r3]
 682 0036 0AE0     		b	.L47
 683              	.L46:
 412:USB_DEVICE/App/usbd_desc.c ****     }
 413:USB_DEVICE/App/usbd_desc.c ****     else
 414:USB_DEVICE/App/usbd_desc.c ****     {
 415:USB_DEVICE/App/usbd_desc.c ****       pbuf[2 * idx] = (value >> 28) + 'A' - 10;
 684              		.loc 1 415 30
 685 0038 FB68     		ldr	r3, [r7, #12]
 686 003a 1B0F     		lsrs	r3, r3, #28
 687              		.loc 1 415 43
 688 003c DAB2     		uxtb	r2, r3
 689              		.loc 1 415 14
 690 003e FB7D     		ldrb	r3, [r7, #23]	@ zero_extendqisi2
 691 0040 5B00     		lsls	r3, r3, #1
 692 0042 1946     		mov	r1, r3
 693              		.loc 1 415 11
 694 0044 BB68     		ldr	r3, [r7, #8]
 695 0046 0B44     		add	r3, r3, r1
 696              		.loc 1 415 43
 697 0048 3732     		adds	r2, r2, #55
 698 004a D2B2     		uxtb	r2, r2
 699              		.loc 1 415 21
 700 004c 1A70     		strb	r2, [r3]
 701              	.L47:
 416:USB_DEVICE/App/usbd_desc.c ****     }
 417:USB_DEVICE/App/usbd_desc.c **** 
 418:USB_DEVICE/App/usbd_desc.c ****     value = value << 4;
 702              		.loc 1 418 11
 703 004e FB68     		ldr	r3, [r7, #12]
 704 0050 1B01     		lsls	r3, r3, #4
 705 0052 FB60     		str	r3, [r7, #12]
 419:USB_DEVICE/App/usbd_desc.c **** 
 420:USB_DEVICE/App/usbd_desc.c ****     pbuf[2 * idx + 1] = 0;
 706              		.loc 1 420 12
 707 0054 FB7D     		ldrb	r3, [r7, #23]	@ zero_extendqisi2
 708 0056 5B00     		lsls	r3, r3, #1
 709              		.loc 1 420 9
 710 0058 0133     		adds	r3, r3, #1
 711 005a BA68     		ldr	r2, [r7, #8]
 712 005c 1344     		add	r3, r3, r2
 713              		.loc 1 420 23
 714 005e 0022     		movs	r2, #0
 715 0060 1A70     		strb	r2, [r3]
 407:USB_DEVICE/App/usbd_desc.c ****   {
 716              		.loc 1 407 31 discriminator 2
 717 0062 FB7D     		ldrb	r3, [r7, #23]	@ zero_extendqisi2
 718 0064 0133     		adds	r3, r3, #1
 719 0066 FB75     		strb	r3, [r7, #23]
 720              	.L45:
 407:USB_DEVICE/App/usbd_desc.c ****   {
 721              		.loc 1 407 21 discriminator 1
 722 0068 FA7D     		ldrb	r2, [r7, #23]	@ zero_extendqisi2
 723 006a FB79     		ldrb	r3, [r7, #7]	@ zero_extendqisi2
ARM GAS  C:\Users\23671\AppData\Local\Temp\ccD13hhh.s 			page 21


 724 006c 9A42     		cmp	r2, r3
 725 006e D3D3     		bcc	.L48
 421:USB_DEVICE/App/usbd_desc.c ****   }
 422:USB_DEVICE/App/usbd_desc.c **** }
 726              		.loc 1 422 1
 727 0070 00BF     		nop
 728 0072 00BF     		nop
 729 0074 1C37     		adds	r7, r7, #28
 730              	.LCFI51:
 731              		.cfi_def_cfa_offset 4
 732 0076 BD46     		mov	sp, r7
 733              	.LCFI52:
 734              		.cfi_def_cfa_register 13
 735              		@ sp needed
 736 0078 5DF8047B 		ldr	r7, [sp], #4
 737              	.LCFI53:
 738              		.cfi_restore 7
 739              		.cfi_def_cfa_offset 0
 740 007c 7047     		bx	lr
 741              		.cfi_endproc
 742              	.LFE157:
 744              		.text
 745              	.Letext0:
 746              		.file 2 "D:/MSYS2/mingw64/arm-none-eabi/include/machine/_default_types.h"
 747              		.file 3 "D:/MSYS2/mingw64/arm-none-eabi/include/sys/_stdint.h"
 748              		.file 4 "Middlewares/ST/STM32_USB_Device_Library/Core/Inc/usbd_def.h"
 749              		.file 5 "USB_DEVICE/App/usbd_desc.h"
 750              		.file 6 "Middlewares/ST/STM32_USB_Device_Library/Core/Inc/usbd_ctlreq.h"
ARM GAS  C:\Users\23671\AppData\Local\Temp\ccD13hhh.s 			page 22


DEFINED SYMBOLS
                            *ABS*:00000000 usbd_desc.c
C:\Users\23671\AppData\Local\Temp\ccD13hhh.s:24     .data.HS_Desc:00000000 HS_Desc
C:\Users\23671\AppData\Local\Temp\ccD13hhh.s:21     .data.HS_Desc:00000000 $d
C:\Users\23671\AppData\Local\Temp\ccD13hhh.s:77     .text.USBD_HS_DeviceDescriptor:00000000 USBD_HS_DeviceDescriptor
C:\Users\23671\AppData\Local\Temp\ccD13hhh.s:131    .text.USBD_HS_LangIDStrDescriptor:00000000 USBD_HS_LangIDStrDescriptor
C:\Users\23671\AppData\Local\Temp\ccD13hhh.s:257    .text.USBD_HS_ManufacturerStrDescriptor:00000000 USBD_HS_ManufacturerStrDescriptor
C:\Users\23671\AppData\Local\Temp\ccD13hhh.s:189    .text.USBD_HS_ProductStrDescriptor:00000000 USBD_HS_ProductStrDescriptor
C:\Users\23671\AppData\Local\Temp\ccD13hhh.s:309    .text.USBD_HS_SerialStrDescriptor:00000000 USBD_HS_SerialStrDescriptor
C:\Users\23671\AppData\Local\Temp\ccD13hhh.s:365    .text.USBD_HS_ConfigStrDescriptor:00000000 USBD_HS_ConfigStrDescriptor
C:\Users\23671\AppData\Local\Temp\ccD13hhh.s:433    .text.USBD_HS_InterfaceStrDescriptor:00000000 USBD_HS_InterfaceStrDescriptor
C:\Users\23671\AppData\Local\Temp\ccD13hhh.s:38     .data.USBD_HS_DeviceDesc:00000000 USBD_HS_DeviceDesc
C:\Users\23671\AppData\Local\Temp\ccD13hhh.s:35     .data.USBD_HS_DeviceDesc:00000000 $d
C:\Users\23671\AppData\Local\Temp\ccD13hhh.s:46     .data.USBD_HS_BOSDesc:00000000 USBD_HS_BOSDesc
C:\Users\23671\AppData\Local\Temp\ccD13hhh.s:43     .data.USBD_HS_BOSDesc:00000000 $d
C:\Users\23671\AppData\Local\Temp\ccD13hhh.s:53     .data.USBD_LangIDDesc:00000000 USBD_LangIDDesc
C:\Users\23671\AppData\Local\Temp\ccD13hhh.s:50     .data.USBD_LangIDDesc:00000000 $d
C:\Users\23671\AppData\Local\Temp\ccD13hhh.s:60     .bss.USBD_StrDesc:00000000 USBD_StrDesc
C:\Users\23671\AppData\Local\Temp\ccD13hhh.s:57     .bss.USBD_StrDesc:00000000 $d
C:\Users\23671\AppData\Local\Temp\ccD13hhh.s:67     .data.USBD_StringSerial:00000000 USBD_StringSerial
C:\Users\23671\AppData\Local\Temp\ccD13hhh.s:64     .data.USBD_StringSerial:00000000 $d
C:\Users\23671\AppData\Local\Temp\ccD13hhh.s:71     .text.USBD_HS_DeviceDescriptor:00000000 $t
C:\Users\23671\AppData\Local\Temp\ccD13hhh.s:120    .text.USBD_HS_DeviceDescriptor:00000020 $d
C:\Users\23671\AppData\Local\Temp\ccD13hhh.s:125    .text.USBD_HS_LangIDStrDescriptor:00000000 $t
C:\Users\23671\AppData\Local\Temp\ccD13hhh.s:174    .text.USBD_HS_LangIDStrDescriptor:00000020 $d
C:\Users\23671\AppData\Local\Temp\ccD13hhh.s:179    .rodata:00000000 $d
C:\Users\23671\AppData\Local\Temp\ccD13hhh.s:183    .text.USBD_HS_ProductStrDescriptor:00000000 $t
C:\Users\23671\AppData\Local\Temp\ccD13hhh.s:241    .text.USBD_HS_ProductStrDescriptor:00000034 $d
C:\Users\23671\AppData\Local\Temp\ccD13hhh.s:251    .text.USBD_HS_ManufacturerStrDescriptor:00000000 $t
C:\Users\23671\AppData\Local\Temp\ccD13hhh.s:297    .text.USBD_HS_ManufacturerStrDescriptor:00000020 $d
C:\Users\23671\AppData\Local\Temp\ccD13hhh.s:303    .text.USBD_HS_SerialStrDescriptor:00000000 $t
C:\Users\23671\AppData\Local\Temp\ccD13hhh.s:550    .text.Get_SerialNum:00000000 Get_SerialNum
C:\Users\23671\AppData\Local\Temp\ccD13hhh.s:350    .text.USBD_HS_SerialStrDescriptor:00000020 $d
C:\Users\23671\AppData\Local\Temp\ccD13hhh.s:359    .text.USBD_HS_ConfigStrDescriptor:00000000 $t
C:\Users\23671\AppData\Local\Temp\ccD13hhh.s:417    .text.USBD_HS_ConfigStrDescriptor:00000034 $d
C:\Users\23671\AppData\Local\Temp\ccD13hhh.s:427    .text.USBD_HS_InterfaceStrDescriptor:00000000 $t
C:\Users\23671\AppData\Local\Temp\ccD13hhh.s:485    .text.USBD_HS_InterfaceStrDescriptor:00000034 $d
C:\Users\23671\AppData\Local\Temp\ccD13hhh.s:491    .text.USBD_HS_USR_BOSDescriptor:00000000 $t
C:\Users\23671\AppData\Local\Temp\ccD13hhh.s:497    .text.USBD_HS_USR_BOSDescriptor:00000000 USBD_HS_USR_BOSDescriptor
C:\Users\23671\AppData\Local\Temp\ccD13hhh.s:540    .text.USBD_HS_USR_BOSDescriptor:00000020 $d
C:\Users\23671\AppData\Local\Temp\ccD13hhh.s:545    .text.Get_SerialNum:00000000 $t
C:\Users\23671\AppData\Local\Temp\ccD13hhh.s:629    .text.IntToUnicode:00000000 IntToUnicode
C:\Users\23671\AppData\Local\Temp\ccD13hhh.s:615    .text.Get_SerialNum:00000044 $d
C:\Users\23671\AppData\Local\Temp\ccD13hhh.s:624    .text.IntToUnicode:00000000 $t

UNDEFINED SYMBOLS
USBD_GetString
